2019-02-08 04:45:01,869 - INFO: model output path model/trained_model_mini/C3D
2019-02-08 04:45:02,730 - INFO: None
2019-02-08 04:45:02,730 - INFO: saving model in model/trained_model_mini/C3D/model.json
2019-02-08 04:45:02,731 - INFO: Iteration started
2019-02-08 04:45:13,192 - INFO: 20: loss : 6.7310075759887695
2019-02-08 04:45:17,278 - INFO: 40: loss : 5.347939491271973
2019-02-08 04:45:21,398 - INFO: 60: loss : 4.477941036224365
2019-02-08 04:45:25,523 - INFO: 80: loss : 3.911486864089966
2019-02-08 04:45:29,610 - INFO: 100: loss : 3.437727212905884
2019-02-08 04:45:33,709 - INFO: 120: loss : 3.0867669582366943
2019-02-08 04:45:37,804 - INFO: 140: loss : 2.890068292617798
2019-02-08 04:45:41,893 - INFO: 160: loss : 2.6176347732543945
2019-02-08 04:45:45,984 - INFO: 180: loss : 2.4478602409362793
2019-02-08 04:45:50,078 - INFO: 200: loss : 2.272603988647461
2019-02-08 04:45:54,157 - INFO: 220: loss : 2.087491750717163
2019-02-08 04:45:58,298 - INFO: 240: loss : 2.0492780208587646
2019-02-08 04:46:02,408 - INFO: 260: loss : 1.9480829238891602
2019-02-08 04:46:06,557 - INFO: 280: loss : 1.7973928451538086
2019-02-08 04:46:10,722 - INFO: 300: loss : 1.7158123254776
2019-02-08 04:46:14,854 - INFO: 320: loss : 1.7058517932891846
2019-02-08 04:46:18,999 - INFO: 340: loss : 1.5600700378417969
2019-02-08 04:46:23,130 - INFO: 360: loss : 1.5169044733047485
2019-02-08 04:46:27,267 - INFO: 380: loss : 1.454210638999939
2019-02-08 04:46:31,404 - INFO: 400: loss : 1.4282407760620117
2019-02-08 04:46:35,559 - INFO: 420: loss : 1.3624905347824097
2019-02-08 04:46:39,685 - INFO: 440: loss : 1.3819198608398438
2019-02-08 04:46:43,812 - INFO: 460: loss : 1.3499884605407715
2019-02-08 04:46:47,938 - INFO: 480: loss : 1.2658175230026245
2019-02-08 04:46:52,044 - INFO: 500: loss : 1.237263798713684
2019-02-08 04:46:56,163 - INFO: 520: loss : 1.165623426437378
2019-02-08 04:47:00,293 - INFO: 540: loss : 1.1335054636001587
2019-02-08 04:47:04,403 - INFO: 560: loss : 1.1519681215286255
2019-02-08 04:47:08,565 - INFO: 580: loss : 1.1262845993041992
2019-02-08 04:47:12,717 - INFO: 600: loss : 1.143355369567871
2019-02-08 04:47:16,857 - INFO: 620: loss : 1.0508874654769897
2019-02-08 04:47:20,956 - INFO: 640: loss : 1.1414121389389038
2019-02-08 04:47:25,009 - INFO: 660: loss : 1.0947184562683105
2019-02-08 04:47:29,122 - INFO: 680: loss : 1.10982346534729
2019-02-08 04:47:33,190 - INFO: 700: loss : 1.1544822454452515
2019-02-08 04:47:37,295 - INFO: 720: loss : 1.0564539432525635
2019-02-08 04:47:41,406 - INFO: 740: loss : 1.0516095161437988
2019-02-08 04:47:45,538 - INFO: 760: loss : 1.0240682363510132
2019-02-08 04:47:49,639 - INFO: 780: loss : 0.9339020252227783
2019-02-08 04:47:53,816 - INFO: 800: loss : 0.9875000715255737
2019-02-08 04:47:57,958 - INFO: 820: loss : 0.9727165699005127
2019-02-08 04:48:02,100 - INFO: 840: loss : 0.9880102872848511
2019-02-08 04:48:06,223 - INFO: 860: loss : 0.9670877456665039
2019-02-08 04:48:10,323 - INFO: 880: loss : 0.9260762333869934
2019-02-08 04:48:14,495 - INFO: 900: loss : 0.950325608253479
2019-02-08 04:48:18,652 - INFO: 920: loss : 0.9588021039962769
2019-02-08 04:48:22,806 - INFO: 940: loss : 0.9868806600570679
2019-02-08 04:48:26,970 - INFO: 960: loss : 0.9531583786010742
2019-02-08 04:48:31,067 - INFO: 980: loss : 0.904393196105957
2019-02-08 04:48:35,196 - INFO: 1000: loss : 0.9493244886398315
2019-02-08 04:48:39,371 - INFO: 1020: loss : 0.9040194153785706
2019-02-08 04:48:43,481 - INFO: 1040: loss : 0.9322981834411621
2019-02-08 04:48:47,613 - INFO: 1060: loss : 0.9139715433120728
2019-02-08 04:48:51,722 - INFO: 1080: loss : 0.861021876335144
2019-02-08 04:48:55,849 - INFO: 1100: loss : 0.9143699407577515
2019-02-08 04:48:59,943 - INFO: 1120: loss : 0.8586097359657288
2019-02-08 04:49:04,059 - INFO: 1140: loss : 0.8669512271881104
2019-02-08 04:49:08,099 - INFO: 1160: loss : 0.9619247913360596
2019-02-08 04:49:12,258 - INFO: 1180: loss : 0.9065743684768677
2019-02-08 04:49:16,394 - INFO: 1200: loss : 0.9175809621810913
2019-02-08 04:49:20,499 - INFO: 1220: loss : 0.8466105461120605
2019-02-08 04:49:24,678 - INFO: 1240: loss : 0.8456244468688965
2019-02-08 04:49:28,771 - INFO: 1260: loss : 0.8832558393478394
2019-02-08 04:49:32,889 - INFO: 1280: loss : 0.8629404902458191
2019-02-08 04:49:37,039 - INFO: 1300: loss : 0.8312898874282837
2019-02-08 04:49:41,190 - INFO: 1320: loss : 0.8298836350440979
2019-02-08 04:49:45,269 - INFO: 1340: loss : 0.8894925117492676
2019-02-08 04:49:49,383 - INFO: 1360: loss : 0.834955632686615
2019-02-08 04:49:53,517 - INFO: 1380: loss : 0.8408206105232239
2019-02-08 04:49:57,619 - INFO: 1400: loss : 0.8856408596038818
2019-02-08 04:50:01,749 - INFO: 1420: loss : 0.9255754947662354
2019-02-08 04:50:05,834 - INFO: 1440: loss : 0.8909801244735718
2019-02-08 04:50:09,923 - INFO: 1460: loss : 0.8622121810913086
2019-02-08 04:50:14,077 - INFO: 1480: loss : 0.8272098302841187
2019-02-08 04:50:18,147 - INFO: 1500: loss : 0.8356693387031555
2019-02-08 04:50:22,265 - INFO: 1520: loss : 0.8273286819458008
2019-02-08 04:50:26,419 - INFO: 1540: loss : 0.8061548471450806
2019-02-08 04:50:30,575 - INFO: 1560: loss : 0.8215962648391724
2019-02-08 04:50:34,677 - INFO: 1580: loss : 0.7850173711776733
2019-02-08 04:50:38,777 - INFO: 1600: loss : 0.7862433195114136
2019-02-08 04:50:42,931 - INFO: 1620: loss : 0.7868859767913818
2019-02-08 04:50:47,059 - INFO: 1640: loss : 0.771482527256012
2019-02-08 04:50:51,194 - INFO: 1660: loss : 0.8413896560668945
2019-02-08 04:50:55,286 - INFO: 1680: loss : 0.7911405563354492
2019-02-08 04:50:59,371 - INFO: 1700: loss : 0.8100361824035645
2019-02-08 04:51:03,551 - INFO: 1720: loss : 0.7813809514045715
2019-02-08 04:51:07,669 - INFO: 1740: loss : 0.75236976146698
2019-02-08 04:51:11,819 - INFO: 1760: loss : 0.7603605389595032
2019-02-08 04:51:15,954 - INFO: 1780: loss : 0.7620072364807129
2019-02-08 04:51:20,059 - INFO: 1800: loss : 0.8665409088134766
2019-02-08 04:51:24,205 - INFO: 1820: loss : 0.773979902267456
2019-02-08 04:51:28,341 - INFO: 1840: loss : 0.7658446431159973
2019-02-08 04:51:32,497 - INFO: 1860: loss : 0.7963582873344421
2019-02-08 04:51:36,645 - INFO: 1880: loss : 0.7308088541030884
2019-02-08 04:51:40,638 - INFO: 1900: loss : 0.8096920847892761
2019-02-08 04:51:44,760 - INFO: 1920: loss : 0.8244062066078186
2019-02-08 04:51:48,859 - INFO: 1940: loss : 0.7929561138153076
2019-02-08 04:51:52,916 - INFO: 1960: loss : 0.7890341877937317
2019-02-08 04:51:57,087 - INFO: 1980: loss : 0.8374831676483154
2019-02-08 04:52:01,232 - INFO: 2000: loss : 0.808169960975647
2019-02-08 04:52:05,414 - INFO: 2020: loss : 0.7510348558425903
2019-02-08 04:52:09,534 - INFO: 2040: loss : 0.7662953734397888
2019-02-08 04:52:13,694 - INFO: 2060: loss : 0.8148604035377502
2019-02-08 04:52:17,858 - INFO: 2080: loss : 0.7723388671875
2019-02-08 04:52:22,008 - INFO: 2100: loss : 0.8206942081451416
2019-02-08 04:52:26,117 - INFO: 2120: loss : 0.6896642446517944
2019-02-08 04:52:30,215 - INFO: 2140: loss : 0.7749507427215576
2019-02-08 04:52:34,332 - INFO: 2160: loss : 0.7190779447555542
2019-02-08 04:52:38,479 - INFO: 2180: loss : 0.7258996367454529
2019-02-08 04:52:42,618 - INFO: 2200: loss : 0.7246081829071045
2019-02-08 04:52:46,733 - INFO: 2220: loss : 0.750474750995636
2019-02-08 04:52:50,822 - INFO: 2240: loss : 0.807264506816864
2019-02-08 04:52:54,919 - INFO: 2260: loss : 0.7035790085792542
2019-02-08 04:52:59,071 - INFO: 2280: loss : 0.7789014577865601
2019-02-08 04:53:03,166 - INFO: 2300: loss : 0.8491713404655457
2019-02-08 04:53:07,300 - INFO: 2320: loss : 0.7184929847717285
2019-02-08 04:53:11,428 - INFO: 2340: loss : 0.817644476890564
2019-02-08 04:53:15,563 - INFO: 2360: loss : 0.7483888268470764
2019-02-08 04:53:19,706 - INFO: 2380: loss : 0.7554904222488403
2019-02-08 04:53:23,803 - INFO: 2400: loss : 0.7955284714698792
2019-02-08 04:53:27,917 - INFO: 2420: loss : 0.7767838835716248
2019-02-08 04:53:32,025 - INFO: 2440: loss : 0.7189123630523682
2019-02-08 04:53:36,173 - INFO: 2460: loss : 0.7897476553916931
2019-02-08 04:53:40,302 - INFO: 2480: loss : 0.7841227054595947
2019-02-08 04:53:44,439 - INFO: 2500: loss : 0.762802004814148
2019-02-08 04:53:48,586 - INFO: 2520: loss : 0.7805266380310059
2019-02-08 04:53:52,723 - INFO: 2540: loss : 0.7194017767906189
2019-02-08 04:53:56,860 - INFO: 2560: loss : 0.7192052602767944
2019-02-08 04:54:00,987 - INFO: 2580: loss : 0.7695198059082031
2019-02-08 04:54:05,125 - INFO: 2600: loss : 0.7473302483558655
2019-02-08 04:54:09,220 - INFO: 2620: loss : 0.7249412536621094
2019-02-08 04:54:13,372 - INFO: 2640: loss : 0.7546651363372803
2019-02-08 04:54:17,502 - INFO: 2660: loss : 0.7496075630187988
2019-02-08 04:54:21,666 - INFO: 2680: loss : 0.7701919674873352
2019-02-08 04:54:25,819 - INFO: 2700: loss : 0.7383205890655518
2019-02-08 04:54:29,980 - INFO: 2720: loss : 0.69045090675354
2019-02-08 04:54:34,133 - INFO: 2740: loss : 0.7198072671890259
2019-02-08 04:54:38,291 - INFO: 2760: loss : 0.7487067580223083
2019-02-08 04:54:42,386 - INFO: 2780: loss : 0.6835377216339111
2019-02-08 04:54:46,513 - INFO: 2800: loss : 0.7676175236701965
2019-02-08 04:54:50,625 - INFO: 2820: loss : 0.7521816492080688
2019-02-08 04:54:54,776 - INFO: 2840: loss : 0.7121626734733582
2019-02-08 04:54:58,914 - INFO: 2860: loss : 0.7775053977966309
2019-02-08 04:55:03,080 - INFO: 2880: loss : 0.7256643176078796
2019-02-08 04:55:07,141 - INFO: 2900: loss : 0.785713791847229
2019-02-08 04:55:11,185 - INFO: 2920: loss : 0.7818425893783569
2019-02-08 04:55:15,296 - INFO: 2940: loss : 0.7137343883514404
2019-02-08 04:55:19,423 - INFO: 2960: loss : 0.6920969486236572
2019-02-08 04:55:23,569 - INFO: 2980: loss : 0.722563624382019
2019-02-08 04:55:27,705 - INFO: 3000: loss : 0.7171633839607239
2019-02-08 04:55:31,915 - INFO: 3020: loss : 0.753187894821167
2019-02-08 04:55:36,055 - INFO: 3040: loss : 0.7912652492523193
2019-02-08 04:55:40,211 - INFO: 3060: loss : 0.757194995880127
2019-02-08 04:55:44,361 - INFO: 3080: loss : 0.7583590149879456
2019-02-08 04:55:48,511 - INFO: 3100: loss : 0.6036720871925354
2019-02-08 04:55:52,690 - INFO: 3120: loss : 0.6856746673583984
2019-02-08 04:55:56,871 - INFO: 3140: loss : 0.6867538690567017
2019-02-08 04:56:00,961 - INFO: 3160: loss : 0.7040438055992126
2019-02-08 04:56:05,124 - INFO: 3180: loss : 0.7159026861190796
2019-02-08 04:56:09,241 - INFO: 3200: loss : 0.7815114855766296
2019-02-08 04:56:13,389 - INFO: 3220: loss : 0.7558050155639648
2019-02-08 04:56:17,498 - INFO: 3240: loss : 0.6899015307426453
2019-02-08 04:56:21,625 - INFO: 3260: loss : 0.8183032274246216
2019-02-08 04:56:25,729 - INFO: 3280: loss : 0.6927433609962463
2019-02-08 04:56:29,865 - INFO: 3300: loss : 0.6359387636184692
2019-02-08 04:56:33,975 - INFO: 3320: loss : 0.655316174030304
2019-02-08 04:56:38,069 - INFO: 3340: loss : 0.7755200266838074
2019-02-08 04:56:42,220 - INFO: 3360: loss : 0.7079966068267822
2019-02-08 04:56:46,262 - INFO: 3380: loss : 0.7607629299163818
2019-02-08 04:56:50,395 - INFO: 3400: loss : 0.7180120944976807
2019-02-08 04:56:54,538 - INFO: 3420: loss : 0.7096338868141174
2019-02-08 04:56:58,712 - INFO: 3440: loss : 0.7371920943260193
2019-02-08 04:57:02,880 - INFO: 3460: loss : 0.7329566478729248
2019-02-08 04:57:06,992 - INFO: 3480: loss : 0.6341060400009155
2019-02-08 04:57:11,125 - INFO: 3500: loss : 0.7421704530715942
2019-02-08 04:57:15,197 - INFO: 3520: loss : 0.7119158506393433
2019-02-08 04:57:19,275 - INFO: 3540: loss : 0.7365725040435791
2019-02-08 04:57:23,396 - INFO: 3560: loss : 0.6917374134063721
2019-02-08 04:57:27,510 - INFO: 3580: loss : 0.6900081634521484
2019-02-08 04:57:31,630 - INFO: 3600: loss : 0.6786156892776489
2019-02-08 04:57:35,739 - INFO: 3620: loss : 0.695887565612793
2019-02-08 04:57:39,890 - INFO: 3640: loss : 0.6856086850166321
2019-02-08 04:57:44,016 - INFO: 3660: loss : 0.7079163193702698
2019-02-08 04:57:48,144 - INFO: 3680: loss : 0.6717333793640137
2019-02-08 04:57:52,257 - INFO: 3700: loss : 0.6867943406105042
2019-02-08 04:57:56,375 - INFO: 3720: loss : 0.7982746958732605
2019-02-08 04:58:00,481 - INFO: 3740: loss : 0.6727194786071777
2019-02-08 04:58:04,584 - INFO: 3760: loss : 0.7049776315689087
2019-02-08 04:58:08,669 - INFO: 3780: loss : 0.7068225145339966
2019-02-08 04:58:12,806 - INFO: 3800: loss : 0.7135698795318604
2019-02-08 04:58:16,919 - INFO: 3820: loss : 0.6858367919921875
2019-02-08 04:58:21,106 - INFO: 3840: loss : 0.6654385328292847
2019-02-08 04:58:25,247 - INFO: 3860: loss : 0.6316291093826294
2019-02-08 04:58:29,377 - INFO: 3880: loss : 0.7058209776878357
2019-02-08 04:58:33,522 - INFO: 3900: loss : 0.6612659692764282
2019-02-08 04:58:37,680 - INFO: 3920: loss : 0.7460296750068665
2019-02-08 04:58:41,816 - INFO: 3940: loss : 0.7406880855560303
2019-02-08 04:58:45,948 - INFO: 3960: loss : 0.7728163599967957
2019-02-08 04:58:50,059 - INFO: 3980: loss : 0.6302297115325928
2019-02-08 04:58:54,199 - INFO: 4000: loss : 0.7512271404266357
2019-02-08 04:58:58,350 - INFO: 4020: loss : 0.7873768210411072
2019-02-08 04:59:02,477 - INFO: 4040: loss : 0.705559253692627
2019-02-08 04:59:06,654 - INFO: 4060: loss : 0.8388766050338745
2019-02-08 04:59:10,780 - INFO: 4080: loss : 0.641383707523346
2019-02-08 04:59:14,922 - INFO: 4100: loss : 0.6822332143783569
2019-02-08 04:59:18,988 - INFO: 4120: loss : 0.766019880771637
2019-02-08 04:59:23,089 - INFO: 4140: loss : 0.7301128506660461
2019-02-08 04:59:27,233 - INFO: 4160: loss : 0.7130615711212158
2019-02-08 04:59:31,376 - INFO: 4180: loss : 0.740107536315918
2019-02-08 04:59:35,553 - INFO: 4200: loss : 0.7095885872840881
2019-02-08 04:59:39,669 - INFO: 4220: loss : 0.6861775517463684
2019-02-08 04:59:43,802 - INFO: 4240: loss : 0.7608741521835327
2019-02-08 04:59:47,933 - INFO: 4260: loss : 0.6785844564437866
2019-02-08 04:59:52,027 - INFO: 4280: loss : 0.6467980146408081
2019-02-08 04:59:56,209 - INFO: 4300: loss : 0.7189573049545288
2019-02-08 05:00:00,303 - INFO: 4320: loss : 0.7577024698257446
2019-02-08 05:00:04,474 - INFO: 4340: loss : 0.6315510869026184
2019-02-08 05:00:08,650 - INFO: 4360: loss : 0.6969708204269409
2019-02-08 05:00:12,773 - INFO: 4380: loss : 0.7251423597335815
2019-02-08 05:00:16,914 - INFO: 4400: loss : 0.7711827754974365
2019-02-08 05:00:21,051 - INFO: 4420: loss : 0.6407255530357361
2019-02-08 05:00:25,166 - INFO: 4440: loss : 0.664302408695221
2019-02-08 05:00:29,257 - INFO: 4460: loss : 0.6968288421630859
2019-02-08 05:00:33,384 - INFO: 4480: loss : 0.7544033527374268
2019-02-08 05:00:37,519 - INFO: 4500: loss : 0.7029833197593689
2019-02-08 05:00:41,622 - INFO: 4520: loss : 0.6943352222442627
2019-02-08 05:00:45,733 - INFO: 4540: loss : 0.7428590655326843
2019-02-08 05:00:49,859 - INFO: 4560: loss : 0.7017951607704163
2019-02-08 05:00:53,993 - INFO: 4580: loss : 0.6696158647537231
2019-02-08 05:00:58,126 - INFO: 4600: loss : 0.7341150045394897
2019-02-08 05:01:02,277 - INFO: 4620: loss : 0.6557965874671936
2019-02-08 05:01:06,423 - INFO: 4640: loss : 0.7187583446502686
2019-02-08 05:01:10,517 - INFO: 4660: loss : 0.7633591294288635
2019-02-08 05:01:14,650 - INFO: 4680: loss : 0.7336335182189941
2019-02-08 05:01:18,749 - INFO: 4700: loss : 0.7055898308753967
2019-02-08 05:01:22,842 - INFO: 4720: loss : 0.7177724838256836
2019-02-08 05:01:27,004 - INFO: 4740: loss : 0.7413255572319031
2019-02-08 05:01:31,120 - INFO: 4760: loss : 0.7620229721069336
2019-02-08 05:01:35,290 - INFO: 4780: loss : 0.6495323181152344
2019-02-08 05:01:39,437 - INFO: 4800: loss : 0.6699966788291931
2019-02-08 05:01:43,567 - INFO: 4820: loss : 0.7228106260299683
2019-02-08 05:01:47,679 - INFO: 4840: loss : 0.6836303472518921
2019-02-08 05:01:51,808 - INFO: 4860: loss : 0.7373485565185547
2019-02-08 05:01:55,890 - INFO: 4880: loss : 0.6250940561294556
2019-02-08 05:02:00,015 - INFO: 4900: loss : 0.7310187220573425
2019-02-08 05:02:04,155 - INFO: 4920: loss : 0.6757433414459229
2019-02-08 05:02:08,322 - INFO: 4940: loss : 0.7228178381919861
2019-02-08 05:02:12,471 - INFO: 4960: loss : 0.7031657695770264
2019-02-08 05:02:16,629 - INFO: 4980: loss : 0.7105401754379272
2019-02-08 05:02:20,801 - INFO: 5000: loss : 0.6771801710128784
2019-02-08 05:02:24,948 - INFO: 5020: loss : 0.782658576965332
2019-02-08 05:02:29,092 - INFO: 5040: loss : 0.6873151063919067
2019-02-08 05:02:33,227 - INFO: 5060: loss : 0.6628232002258301
2019-02-08 05:02:37,400 - INFO: 5080: loss : 0.6818077564239502
2019-02-08 05:02:41,535 - INFO: 5100: loss : 0.6938566565513611
2019-02-08 05:02:45,686 - INFO: 5120: loss : 0.6903130412101746
2019-02-08 05:02:49,838 - INFO: 5140: loss : 0.6591846346855164
2019-02-08 05:02:53,987 - INFO: 5160: loss : 0.7751744985580444
2019-02-08 05:02:58,123 - INFO: 5180: loss : 0.7107555866241455
2019-02-08 05:03:02,281 - INFO: 5200: loss : 0.6528502106666565
2019-02-08 05:03:06,423 - INFO: 5220: loss : 0.6392697691917419
2019-02-08 05:03:10,593 - INFO: 5240: loss : 0.6764288544654846
2019-02-08 05:03:14,734 - INFO: 5260: loss : 0.6761055588722229
2019-02-08 05:03:18,874 - INFO: 5280: loss : 0.6828551888465881
2019-02-08 05:03:23,006 - INFO: 5300: loss : 0.7253202199935913
2019-02-08 05:03:27,165 - INFO: 5320: loss : 0.578141987323761
2019-02-08 05:03:31,306 - INFO: 5340: loss : 0.6986972093582153
2019-02-08 05:03:35,488 - INFO: 5360: loss : 0.6757431030273438
2019-02-08 05:03:39,595 - INFO: 5380: loss : 0.6596023440361023
2019-02-08 05:03:43,769 - INFO: 5400: loss : 0.584800124168396
2019-02-08 05:03:47,905 - INFO: 5420: loss : 0.7085275650024414
2019-02-08 05:03:52,111 - INFO: 5440: loss : 0.6639366745948792
2019-02-08 05:03:56,218 - INFO: 5460: loss : 0.7325788736343384
2019-02-08 05:04:00,348 - INFO: 5480: loss : 0.7806305885314941
2019-02-08 05:04:04,531 - INFO: 5500: loss : 0.8041065335273743
2019-02-08 05:04:08,669 - INFO: 5520: loss : 0.750194787979126
2019-02-08 05:04:12,834 - INFO: 5540: loss : 0.6563372015953064
2019-02-08 05:04:16,970 - INFO: 5560: loss : 0.6729651689529419
2019-02-08 05:04:21,151 - INFO: 5580: loss : 0.7218958735466003
2019-02-08 05:04:25,311 - INFO: 5600: loss : 0.6460021734237671
2019-02-08 05:04:29,452 - INFO: 5620: loss : 0.7322440147399902
2019-02-08 05:04:33,607 - INFO: 5640: loss : 0.7187024354934692
2019-02-08 05:04:37,765 - INFO: 5660: loss : 0.6609450578689575
2019-02-08 05:04:41,907 - INFO: 5680: loss : 0.6743547916412354
2019-02-08 05:04:46,093 - INFO: 5700: loss : 0.7195104956626892
2019-02-08 05:04:50,239 - INFO: 5720: loss : 0.7159584164619446
2019-02-08 05:04:54,401 - INFO: 5740: loss : 0.6608638167381287
2019-02-08 05:04:58,562 - INFO: 5760: loss : 0.650349497795105
2019-02-08 05:05:02,721 - INFO: 5780: loss : 0.6983590126037598
2019-02-08 05:05:06,843 - INFO: 5800: loss : 0.6561208367347717
2019-02-08 05:05:10,989 - INFO: 5820: loss : 0.5644505023956299
2019-02-08 05:05:15,126 - INFO: 5840: loss : 0.7080966234207153
2019-02-08 05:05:19,205 - INFO: 5860: loss : 0.6422300934791565
2019-02-08 05:05:23,342 - INFO: 5880: loss : 0.6620999574661255
2019-02-08 05:05:27,504 - INFO: 5900: loss : 0.6443113088607788
2019-02-08 05:05:31,602 - INFO: 5920: loss : 0.6202215552330017
2019-02-08 05:05:35,758 - INFO: 5940: loss : 0.5869174003601074
2019-02-08 05:05:39,887 - INFO: 5960: loss : 0.6740548610687256
2019-02-08 05:05:44,055 - INFO: 5980: loss : 0.7179896235466003
2019-02-08 05:05:48,207 - INFO: 6000: loss : 0.584424614906311
2019-02-08 05:05:52,414 - INFO: 6020: loss : 0.5994284749031067
2019-02-08 05:05:56,535 - INFO: 6040: loss : 0.6622117161750793
2019-02-08 05:06:00,687 - INFO: 6060: loss : 0.6519066095352173
2019-02-08 05:06:04,851 - INFO: 6080: loss : 0.6868855357170105
2019-02-08 05:06:08,968 - INFO: 6100: loss : 0.626747727394104
2019-02-08 05:06:13,108 - INFO: 6120: loss : 0.7127207517623901
2019-02-08 05:06:17,253 - INFO: 6140: loss : 0.767769992351532
2019-02-08 05:06:21,331 - INFO: 6160: loss : 0.6611277461051941
2019-02-08 05:06:25,486 - INFO: 6180: loss : 0.6629359126091003
2019-02-08 05:06:29,631 - INFO: 6200: loss : 0.6314484477043152
2019-02-08 05:06:33,798 - INFO: 6220: loss : 0.7111780643463135
2019-02-08 05:06:37,959 - INFO: 6240: loss : 0.6905978918075562
2019-02-08 05:06:42,124 - INFO: 6260: loss : 0.6584686636924744
2019-02-08 05:06:46,192 - INFO: 6280: loss : 0.6958577632904053
2019-02-08 05:06:50,334 - INFO: 6300: loss : 0.6305585503578186
2019-02-08 05:06:54,470 - INFO: 6320: loss : 0.5756655931472778
2019-02-08 05:06:58,594 - INFO: 6340: loss : 0.7488692998886108
2019-02-08 05:07:02,785 - INFO: 6360: loss : 0.7120254039764404
2019-02-08 05:07:06,920 - INFO: 6380: loss : 0.6120777130126953
2019-02-08 05:07:11,084 - INFO: 6400: loss : 0.6051531434059143
2019-02-08 05:07:15,240 - INFO: 6420: loss : 0.6476167440414429
2019-02-08 05:07:19,357 - INFO: 6440: loss : 0.6561288833618164
2019-02-08 05:07:23,501 - INFO: 6460: loss : 0.7090522050857544
2019-02-08 05:07:27,655 - INFO: 6480: loss : 0.7107431888580322
2019-02-08 05:07:31,835 - INFO: 6500: loss : 0.8065350651741028
2019-02-08 05:07:35,976 - INFO: 6520: loss : 0.6665987372398376
2019-02-08 05:07:40,101 - INFO: 6540: loss : 0.6469276547431946
2019-02-08 05:07:44,128 - INFO: 6560: loss : 0.6657406091690063
2019-02-08 05:07:48,286 - INFO: 6580: loss : 0.7532456517219543
2019-02-08 05:07:52,394 - INFO: 6600: loss : 0.721823513507843
2019-02-08 05:07:56,533 - INFO: 6620: loss : 0.6039904952049255
2019-02-08 05:08:00,708 - INFO: 6640: loss : 0.6882261037826538
2019-02-08 05:08:04,846 - INFO: 6660: loss : 0.657181978225708
2019-02-08 05:08:08,936 - INFO: 6680: loss : 0.7227098345756531
2019-02-08 05:08:13,011 - INFO: 6700: loss : 0.6455778479576111
2019-02-08 05:08:17,103 - INFO: 6720: loss : 0.7460612058639526
2019-02-08 05:08:21,232 - INFO: 6740: loss : 0.6861072182655334
2019-02-08 05:08:25,350 - INFO: 6760: loss : 0.673272967338562
2019-02-08 05:08:29,500 - INFO: 6780: loss : 0.7639808058738708
2019-02-08 05:08:33,623 - INFO: 6800: loss : 0.709824800491333
2019-02-08 05:08:37,776 - INFO: 6820: loss : 0.7231283783912659
2019-02-08 05:08:41,958 - INFO: 6840: loss : 0.6383407711982727
2019-02-08 05:08:46,090 - INFO: 6860: loss : 0.6644184589385986
2019-02-08 05:08:50,235 - INFO: 6880: loss : 0.6959859132766724
2019-02-08 05:08:54,387 - INFO: 6900: loss : 0.6605861186981201
2019-02-08 05:08:58,491 - INFO: 6920: loss : 0.6188995838165283
2019-02-08 05:09:02,595 - INFO: 6940: loss : 0.7382156848907471
2019-02-08 05:09:06,729 - INFO: 6960: loss : 0.6256210803985596
2019-02-08 05:09:10,887 - INFO: 6980: loss : 0.6619230508804321
2019-02-08 05:09:15,028 - INFO: 7000: loss : 0.6129834651947021
2019-02-08 05:09:19,174 - INFO: 7020: loss : 0.637203574180603
2019-02-08 05:09:23,334 - INFO: 7040: loss : 0.625563383102417
2019-02-08 05:09:27,478 - INFO: 7060: loss : 0.7427377104759216
2019-02-08 05:09:31,655 - INFO: 7080: loss : 0.6906125545501709
2019-02-08 05:09:35,767 - INFO: 7100: loss : 0.6707218885421753
2019-02-08 05:09:39,917 - INFO: 7120: loss : 0.7001789212226868
2019-02-08 05:09:44,060 - INFO: 7140: loss : 0.7439034581184387
2019-02-08 05:09:48,179 - INFO: 7160: loss : 0.6463333964347839
2019-02-08 05:09:52,361 - INFO: 7180: loss : 0.6913055181503296
2019-02-08 05:09:56,498 - INFO: 7200: loss : 0.6948156356811523
2019-02-08 05:10:00,648 - INFO: 7220: loss : 0.6751499176025391
2019-02-08 05:10:04,744 - INFO: 7240: loss : 0.6407405138015747
2019-02-08 05:10:08,846 - INFO: 7260: loss : 0.7025843858718872
2019-02-08 05:10:12,980 - INFO: 7280: loss : 0.697324275970459
2019-02-08 05:10:17,100 - INFO: 7300: loss : 0.664726197719574
2019-02-08 05:10:21,196 - INFO: 7320: loss : 0.660411536693573
2019-02-08 05:10:25,345 - INFO: 7340: loss : 0.6906970739364624
2019-02-08 05:10:29,491 - INFO: 7360: loss : 0.6560221910476685
2019-02-08 05:10:33,620 - INFO: 7380: loss : 0.5596734881401062
2019-02-08 05:10:37,773 - INFO: 7400: loss : 0.6624517440795898
2019-02-08 05:10:41,922 - INFO: 7420: loss : 0.6893566250801086
2019-02-08 05:10:46,087 - INFO: 7440: loss : 0.7272384762763977
2019-02-08 05:10:50,221 - INFO: 7460: loss : 0.6569443941116333
2019-02-08 05:10:54,415 - INFO: 7480: loss : 0.649298906326294
2019-02-08 05:10:58,538 - INFO: 7500: loss : 0.6750777363777161
2019-02-08 05:11:02,704 - INFO: 7520: loss : 0.6742234826087952
2019-02-08 05:11:06,835 - INFO: 7540: loss : 0.7909533977508545
2019-02-08 05:11:10,994 - INFO: 7560: loss : 0.7046356201171875
2019-02-08 05:11:15,136 - INFO: 7580: loss : 0.6916363835334778
2019-02-08 05:11:19,304 - INFO: 7600: loss : 0.6472420692443848
2019-02-08 05:11:23,398 - INFO: 7620: loss : 0.7113000154495239
2019-02-08 05:11:27,565 - INFO: 7640: loss : 0.6563927531242371
2019-02-08 05:11:31,617 - INFO: 7660: loss : 0.6038011312484741
2019-02-08 05:11:35,745 - INFO: 7680: loss : 0.5947078466415405
2019-02-08 05:11:39,907 - INFO: 7700: loss : 0.5788488984107971
2019-02-08 05:11:44,057 - INFO: 7720: loss : 0.6897993087768555
2019-02-08 05:11:48,209 - INFO: 7740: loss : 0.6459240317344666
2019-02-08 05:11:52,375 - INFO: 7760: loss : 0.6015371680259705
2019-02-08 05:11:56,531 - INFO: 7780: loss : 0.6889694333076477
2019-02-08 05:12:00,662 - INFO: 7800: loss : 0.6495438814163208
2019-02-08 05:12:04,839 - INFO: 7820: loss : 0.6735881567001343
2019-02-08 05:12:09,010 - INFO: 7840: loss : 0.7202731370925903
2019-02-08 05:12:13,155 - INFO: 7860: loss : 0.6334527730941772
2019-02-08 05:12:17,306 - INFO: 7880: loss : 0.590082585811615
2019-02-08 05:12:21,492 - INFO: 7900: loss : 0.6740160584449768
2019-02-08 05:12:25,619 - INFO: 7920: loss : 0.7076061367988586
2019-02-08 05:12:29,743 - INFO: 7940: loss : 0.6095786690711975
2019-02-08 05:12:33,856 - INFO: 7960: loss : 0.5927073955535889
2019-02-08 05:12:37,982 - INFO: 7980: loss : 0.6837846040725708
2019-02-08 05:12:42,110 - INFO: 8000: loss : 0.6165099143981934
2019-02-08 05:12:46,296 - INFO: 8020: loss : 0.7017791271209717
2019-02-08 05:12:50,416 - INFO: 8040: loss : 0.6397579312324524
2019-02-08 05:12:54,580 - INFO: 8060: loss : 0.6596365571022034
2019-02-08 05:12:58,731 - INFO: 8080: loss : 0.5925432443618774
2019-02-08 05:13:02,905 - INFO: 8100: loss : 0.6783506870269775
2019-02-08 05:13:07,069 - INFO: 8120: loss : 0.6475030183792114
2019-02-08 05:13:11,216 - INFO: 8140: loss : 0.7492297291755676
2019-02-08 05:13:15,314 - INFO: 8160: loss : 0.727022647857666
2019-02-08 05:13:19,410 - INFO: 8180: loss : 0.7182921171188354
2019-02-08 05:13:23,531 - INFO: 8200: loss : 0.702614426612854
2019-02-08 05:13:27,644 - INFO: 8220: loss : 0.6844437122344971
2019-02-08 05:13:31,743 - INFO: 8240: loss : 0.6344723701477051
2019-02-08 05:13:35,869 - INFO: 8260: loss : 0.61004239320755
2019-02-08 05:13:40,008 - INFO: 8280: loss : 0.716339111328125
2019-02-08 05:13:44,041 - INFO: 8300: loss : 0.6294451355934143
2019-02-08 05:13:48,193 - INFO: 8320: loss : 0.7018705010414124
2019-02-08 05:13:52,190 - INFO: 8340: loss : 0.6895350813865662
2019-02-08 05:13:56,356 - INFO: 8360: loss : 0.635292112827301
2019-02-08 05:14:00,478 - INFO: 8380: loss : 0.5821793079376221
2019-02-08 05:14:04,602 - INFO: 8400: loss : 0.6789527535438538
2019-02-08 05:14:08,710 - INFO: 8420: loss : 0.6298421025276184
2019-02-08 05:14:12,775 - INFO: 8440: loss : 0.6291704773902893
2019-02-08 05:14:16,883 - INFO: 8460: loss : 0.650903046131134
2019-02-08 05:14:21,023 - INFO: 8480: loss : 0.6797612905502319
2019-02-08 05:14:25,103 - INFO: 8500: loss : 0.6217352151870728
2019-02-08 05:14:29,258 - INFO: 8520: loss : 0.6025906205177307
2019-02-08 05:14:33,414 - INFO: 8540: loss : 0.7193496227264404
2019-02-08 05:14:37,482 - INFO: 8560: loss : 0.6251237988471985
2019-02-08 05:14:41,656 - INFO: 8580: loss : 0.6637588739395142
2019-02-08 05:14:45,788 - INFO: 8600: loss : 0.6444024443626404
2019-02-08 05:14:49,924 - INFO: 8620: loss : 0.7640873789787292
2019-02-08 05:14:54,049 - INFO: 8640: loss : 0.6621576547622681
2019-02-08 05:14:58,193 - INFO: 8660: loss : 0.6846094727516174
2019-02-08 05:15:02,307 - INFO: 8680: loss : 0.6761562824249268
2019-02-08 05:15:06,425 - INFO: 8700: loss : 0.6395789384841919
2019-02-08 05:15:10,570 - INFO: 8720: loss : 0.6007627248764038
2019-02-08 05:15:14,671 - INFO: 8740: loss : 0.7199699878692627
2019-02-08 05:15:18,810 - INFO: 8760: loss : 0.6196683049201965
2019-02-08 05:15:22,965 - INFO: 8780: loss : 0.59433513879776
2019-02-08 05:15:27,109 - INFO: 8800: loss : 0.6468024253845215
2019-02-08 05:15:31,273 - INFO: 8820: loss : 0.7096608281135559
2019-02-08 05:15:35,373 - INFO: 8840: loss : 0.6074028015136719
2019-02-08 05:15:39,512 - INFO: 8860: loss : 0.6343236565589905
2019-02-08 05:15:43,668 - INFO: 8880: loss : 0.7125101089477539
2019-02-08 05:15:47,798 - INFO: 8900: loss : 0.6684516072273254
2019-02-08 05:15:51,940 - INFO: 8920: loss : 0.5814778208732605
2019-02-08 05:15:56,056 - INFO: 8940: loss : 0.5756082534790039
2019-02-08 05:16:00,165 - INFO: 8960: loss : 0.6389578580856323
2019-02-08 05:16:04,223 - INFO: 8980: loss : 0.7019484639167786
2019-02-08 05:16:08,346 - INFO: 9000: loss : 0.622683584690094
2019-02-08 05:16:12,538 - INFO: 9020: loss : 0.6937741637229919
2019-02-08 05:16:16,668 - INFO: 9040: loss : 0.6281386613845825
2019-02-08 05:16:20,844 - INFO: 9060: loss : 0.6877866387367249
2019-02-08 05:16:24,999 - INFO: 9080: loss : 0.6427545547485352
2019-02-08 05:16:29,142 - INFO: 9100: loss : 0.6415159106254578
2019-02-08 05:16:33,158 - INFO: 9120: loss : 0.6698741912841797
2019-02-08 05:16:37,124 - INFO: 9140: loss : 0.6903883218765259
2019-02-08 05:16:41,275 - INFO: 9160: loss : 0.6286927461624146
2019-02-08 05:16:45,448 - INFO: 9180: loss : 0.6853052973747253
2019-02-08 05:16:49,631 - INFO: 9200: loss : 0.6499913334846497
2019-02-08 05:16:53,804 - INFO: 9220: loss : 0.7179970145225525
2019-02-08 05:16:57,972 - INFO: 9240: loss : 0.5433617830276489
2019-02-08 05:17:02,125 - INFO: 9260: loss : 0.6034247279167175
2019-02-08 05:17:06,285 - INFO: 9280: loss : 0.6364462971687317
2019-02-08 05:17:10,368 - INFO: 9300: loss : 0.6663429737091064
2019-02-08 05:17:14,527 - INFO: 9320: loss : 0.6171761751174927
2019-02-08 05:17:18,654 - INFO: 9340: loss : 0.6284945607185364
2019-02-08 05:17:22,787 - INFO: 9360: loss : 0.747817873954773
2019-02-08 05:17:26,965 - INFO: 9380: loss : 0.6960857510566711
2019-02-08 05:17:31,114 - INFO: 9400: loss : 0.620941162109375
2019-02-08 05:17:35,284 - INFO: 9420: loss : 0.6878247261047363
2019-02-08 05:17:39,291 - INFO: 9440: loss : 0.689737856388092
2019-02-08 05:17:43,434 - INFO: 9460: loss : 0.6632481813430786
2019-02-08 05:17:47,585 - INFO: 9480: loss : 0.5877617597579956
2019-02-08 05:17:51,614 - INFO: 9500: loss : 0.639877438545227
2019-02-08 05:17:55,639 - INFO: 9520: loss : 0.6493293046951294
2019-02-08 05:17:59,834 - INFO: 9540: loss : 0.5944570302963257
2019-02-08 05:18:03,985 - INFO: 9560: loss : 0.6257343292236328
2019-02-08 05:18:08,105 - INFO: 9580: loss : 0.6183409690856934
2019-02-08 05:18:12,249 - INFO: 9600: loss : 0.7048689126968384
2019-02-08 05:18:16,388 - INFO: 9620: loss : 0.7028974294662476
2019-02-08 05:18:20,509 - INFO: 9640: loss : 0.6917086839675903
2019-02-08 05:18:24,640 - INFO: 9660: loss : 0.6210542917251587
2019-02-08 05:18:28,779 - INFO: 9680: loss : 0.6260614395141602
2019-02-08 05:18:32,915 - INFO: 9700: loss : 0.723286509513855
2019-02-08 05:18:37,052 - INFO: 9720: loss : 0.7537046074867249
2019-02-08 05:18:41,173 - INFO: 9740: loss : 0.6305643320083618
2019-02-08 05:18:45,337 - INFO: 9760: loss : 0.6455966234207153
2019-02-08 05:18:49,442 - INFO: 9780: loss : 0.6949968338012695
2019-02-08 05:18:53,552 - INFO: 9800: loss : 0.6131861209869385
2019-02-08 05:18:57,697 - INFO: 9820: loss : 0.6818555593490601
2019-02-08 05:19:01,808 - INFO: 9840: loss : 0.6222195625305176
2019-02-08 05:19:05,940 - INFO: 9860: loss : 0.6462869048118591
2019-02-08 05:19:10,099 - INFO: 9880: loss : 0.6675726771354675
2019-02-08 05:19:14,247 - INFO: 9900: loss : 0.6750504970550537
2019-02-08 05:19:18,404 - INFO: 9920: loss : 0.6724486351013184
2019-02-08 05:19:22,510 - INFO: 9940: loss : 0.615947425365448
2019-02-08 05:19:26,655 - INFO: 9960: loss : 0.6699555516242981
2019-02-08 05:19:30,850 - INFO: 9980: loss : 0.68256014585495
2019-02-08 05:19:34,984 - INFO: 10000: loss : 0.6902787685394287
2019-02-08 05:19:39,121 - INFO: 10020: loss : 0.7042432427406311
2019-02-08 05:19:43,163 - INFO: 10040: loss : 0.6538926362991333
2019-02-08 05:19:47,298 - INFO: 10060: loss : 0.6900491714477539
2019-02-08 05:19:51,434 - INFO: 10080: loss : 0.6821722984313965
2019-02-08 05:19:55,591 - INFO: 10100: loss : 0.7096420526504517
2019-02-08 05:19:59,736 - INFO: 10120: loss : 0.6472474932670593
2019-02-08 05:20:03,869 - INFO: 10140: loss : 0.6444878578186035
2019-02-08 05:20:07,984 - INFO: 10160: loss : 0.6555781364440918
2019-02-08 05:20:12,164 - INFO: 10180: loss : 0.6013058423995972
2019-02-08 05:20:16,240 - INFO: 10200: loss : 0.603351891040802
2019-02-08 05:20:20,382 - INFO: 10220: loss : 0.7020173072814941
2019-02-08 05:20:24,530 - INFO: 10240: loss : 0.594645082950592
2019-02-08 05:20:28,695 - INFO: 10260: loss : 0.592094361782074
2019-02-08 05:20:32,830 - INFO: 10280: loss : 0.6193953156471252
2019-02-08 05:20:36,992 - INFO: 10300: loss : 0.587486207485199
2019-02-08 05:20:41,125 - INFO: 10320: loss : 0.643599271774292
2019-02-08 05:20:45,257 - INFO: 10340: loss : 0.6839039325714111
2019-02-08 05:20:49,401 - INFO: 10360: loss : 0.6419066786766052
2019-02-08 05:20:53,553 - INFO: 10380: loss : 0.6480624079704285
2019-02-08 05:20:57,681 - INFO: 10400: loss : 0.6472501754760742
2019-02-08 05:21:01,854 - INFO: 10420: loss : 0.6401728391647339
2019-02-08 05:21:05,943 - INFO: 10440: loss : 0.6379466652870178
2019-02-08 05:21:10,095 - INFO: 10460: loss : 0.6235865354537964
2019-02-08 05:21:14,235 - INFO: 10480: loss : 0.6900609731674194
2019-02-08 05:21:18,391 - INFO: 10500: loss : 0.715924859046936
2019-02-08 05:21:22,539 - INFO: 10520: loss : 0.6643474698066711
2019-02-08 05:21:26,687 - INFO: 10540: loss : 0.6424533724784851
2019-02-08 05:21:30,812 - INFO: 10560: loss : 0.6232268810272217
2019-02-08 05:21:34,933 - INFO: 10580: loss : 0.6428525447845459
2019-02-08 05:21:39,073 - INFO: 10600: loss : 0.5962429642677307
2019-02-08 05:21:43,160 - INFO: 10620: loss : 0.6700905561447144
2019-02-08 05:21:47,279 - INFO: 10640: loss : 0.6857203245162964
2019-02-08 05:21:51,454 - INFO: 10660: loss : 0.6465511322021484
2019-02-08 05:21:55,632 - INFO: 10680: loss : 0.7633997201919556
2019-02-08 05:21:59,822 - INFO: 10700: loss : 0.6667400598526001
2019-02-08 05:22:03,998 - INFO: 10720: loss : 0.6485739946365356
2019-02-08 05:22:08,131 - INFO: 10740: loss : 0.6473512053489685
2019-02-08 05:22:12,271 - INFO: 10760: loss : 0.6842790842056274
2019-02-08 05:22:16,421 - INFO: 10780: loss : 0.712923526763916
2019-02-08 05:22:20,533 - INFO: 10800: loss : 0.6315432786941528
2019-02-08 05:22:24,656 - INFO: 10820: loss : 0.6270817518234253
2019-02-08 05:22:28,788 - INFO: 10840: loss : 0.6090111136436462
2019-02-08 05:22:32,948 - INFO: 10860: loss : 0.61053866147995
2019-02-08 05:22:37,084 - INFO: 10880: loss : 0.6622406244277954
2019-02-08 05:22:41,249 - INFO: 10900: loss : 0.6572300791740417
2019-02-08 05:22:45,395 - INFO: 10920: loss : 0.5852551460266113
2019-02-08 05:22:49,532 - INFO: 10940: loss : 0.6556046009063721
2019-02-08 05:22:53,680 - INFO: 10960: loss : 0.6370283961296082
2019-02-08 05:22:57,836 - INFO: 10980: loss : 0.6498623490333557
2019-02-08 05:23:01,976 - INFO: 11000: loss : 0.5892486572265625
2019-02-08 05:23:06,185 - INFO: 11020: loss : 0.6602857112884521
2019-02-08 05:23:10,372 - INFO: 11040: loss : 0.6913163661956787
2019-02-08 05:23:14,542 - INFO: 11060: loss : 0.6797763705253601
2019-02-08 05:23:18,699 - INFO: 11080: loss : 0.6418593525886536
2019-02-08 05:23:22,834 - INFO: 11100: loss : 0.6088111996650696
2019-02-08 05:23:26,972 - INFO: 11120: loss : 0.5330629348754883
2019-02-08 05:23:31,087 - INFO: 11140: loss : 0.6689612865447998
2019-02-08 05:23:35,158 - INFO: 11160: loss : 0.6311556100845337
2019-02-08 05:23:39,314 - INFO: 11180: loss : 0.7295441627502441
2019-02-08 05:23:43,443 - INFO: 11200: loss : 0.6185279488563538
2019-02-08 05:23:47,589 - INFO: 11220: loss : 0.6154682040214539
2019-02-08 05:23:51,757 - INFO: 11240: loss : 0.6322348117828369
2019-02-08 05:23:55,886 - INFO: 11260: loss : 0.6792794466018677
2019-02-08 05:24:00,059 - INFO: 11280: loss : 0.6849942207336426
2019-02-08 05:24:04,232 - INFO: 11300: loss : 0.6034165024757385
2019-02-08 05:24:08,385 - INFO: 11320: loss : 0.676796019077301
2019-02-08 05:24:12,535 - INFO: 11340: loss : 0.6621749997138977
2019-02-08 05:24:16,645 - INFO: 11360: loss : 0.6317455768585205
2019-02-08 05:24:20,829 - INFO: 11380: loss : 0.6233643889427185
2019-02-08 05:24:24,951 - INFO: 11400: loss : 0.7040230631828308
2019-02-08 05:24:29,103 - INFO: 11420: loss : 0.6487641334533691
2019-02-08 05:24:33,248 - INFO: 11440: loss : 0.633235514163971
2019-02-08 05:24:37,414 - INFO: 11460: loss : 0.6450405120849609
2019-02-08 05:24:41,540 - INFO: 11480: loss : 0.6360045671463013
2019-02-08 05:24:45,630 - INFO: 11500: loss : 0.6702911853790283
2019-02-08 05:24:49,834 - INFO: 11520: loss : 0.6572188138961792
2019-02-08 05:24:53,985 - INFO: 11540: loss : 0.6601497530937195
2019-02-08 05:24:58,139 - INFO: 11560: loss : 0.7271595001220703
2019-02-08 05:25:02,290 - INFO: 11580: loss : 0.6588866114616394
2019-02-08 05:25:06,410 - INFO: 11600: loss : 0.6712708473205566
2019-02-08 05:25:10,457 - INFO: 11620: loss : 0.6584458351135254
2019-02-08 05:25:14,626 - INFO: 11640: loss : 0.629618227481842
2019-02-08 05:25:18,785 - INFO: 11660: loss : 0.6744526028633118
2019-02-08 05:25:22,941 - INFO: 11680: loss : 0.653313934803009
2019-02-08 05:25:27,093 - INFO: 11700: loss : 0.658190131187439
2019-02-08 05:25:31,212 - INFO: 11720: loss : 0.6663354635238647
2019-02-08 05:25:35,333 - INFO: 11740: loss : 0.6235179305076599
2019-02-08 05:25:39,522 - INFO: 11760: loss : 0.6776903867721558
2019-02-08 05:25:43,699 - INFO: 11780: loss : 0.5993349552154541
2019-02-08 05:25:47,806 - INFO: 11800: loss : 0.6481914520263672
2019-02-08 05:25:51,773 - INFO: 11820: loss : 0.5914414525032043
2019-02-08 05:25:55,921 - INFO: 11840: loss : 0.5531492829322815
2019-02-08 05:26:00,052 - INFO: 11860: loss : 0.6404640674591064
2019-02-08 05:26:04,216 - INFO: 11880: loss : 0.5972267985343933
2019-02-08 05:26:08,345 - INFO: 11900: loss : 0.6713529825210571
2019-02-08 05:26:12,440 - INFO: 11920: loss : 0.6036144495010376
2019-02-08 05:26:16,587 - INFO: 11940: loss : 0.6044833660125732
2019-02-08 05:26:20,599 - INFO: 11960: loss : 0.6933481693267822
2019-02-08 05:26:24,743 - INFO: 11980: loss : 0.6828644275665283
2019-02-08 05:26:28,894 - INFO: 12000: loss : 0.6527212262153625
2019-02-08 05:26:33,085 - INFO: 12020: loss : 0.6789275407791138
2019-02-08 05:26:37,256 - INFO: 12040: loss : 0.6942831873893738
2019-02-08 05:26:41,372 - INFO: 12060: loss : 0.6082437634468079
2019-02-08 05:26:45,508 - INFO: 12080: loss : 0.6216848492622375
2019-02-08 05:26:49,681 - INFO: 12100: loss : 0.6018621921539307
2019-02-08 05:26:53,826 - INFO: 12120: loss : 0.6974153518676758
2019-02-08 05:26:57,994 - INFO: 12140: loss : 0.6794570684432983
2019-02-08 05:27:02,132 - INFO: 12160: loss : 0.6938028335571289
2019-02-08 05:27:06,284 - INFO: 12180: loss : 0.6087305545806885
2019-02-08 05:27:10,380 - INFO: 12200: loss : 0.6468356847763062
2019-02-08 05:27:14,409 - INFO: 12220: loss : 0.6678439378738403
2019-02-08 05:27:18,524 - INFO: 12240: loss : 0.6808212995529175
2019-02-08 05:27:22,627 - INFO: 12260: loss : 0.6818178296089172
2019-02-08 05:27:26,690 - INFO: 12280: loss : 0.6164922714233398
2019-02-08 05:27:30,854 - INFO: 12300: loss : 0.6218678951263428
2019-02-08 05:27:34,971 - INFO: 12320: loss : 0.628662109375
2019-02-08 05:27:39,117 - INFO: 12340: loss : 0.6366652846336365
2019-02-08 05:27:43,252 - INFO: 12360: loss : 0.5732911825180054
2019-02-08 05:27:47,411 - INFO: 12380: loss : 0.5517309904098511
2019-02-08 05:27:51,578 - INFO: 12400: loss : 0.6031313538551331
2019-02-08 05:27:55,726 - INFO: 12420: loss : 0.6436426639556885
2019-02-08 05:27:59,885 - INFO: 12440: loss : 0.6287965774536133
2019-02-08 05:28:04,016 - INFO: 12460: loss : 0.5904121994972229
2019-02-08 05:28:08,164 - INFO: 12480: loss : 0.6151165962219238
2019-02-08 05:28:12,324 - INFO: 12500: loss : 0.5721704959869385
2019-02-08 05:28:16,496 - INFO: 12520: loss : 0.584871232509613
2019-02-08 05:28:20,624 - INFO: 12540: loss : 0.6175570487976074
2019-02-08 05:28:24,773 - INFO: 12560: loss : 0.5733899474143982
2019-02-08 05:28:28,930 - INFO: 12580: loss : 0.6520863175392151
2019-02-08 05:28:33,114 - INFO: 12600: loss : 0.5924108028411865
2019-02-08 05:28:37,257 - INFO: 12620: loss : 0.5196893215179443
2019-02-08 05:28:41,330 - INFO: 12640: loss : 0.6578010320663452
2019-02-08 05:28:45,467 - INFO: 12660: loss : 0.6865083575248718
2019-02-08 05:28:49,624 - INFO: 12680: loss : 0.725166380405426
2019-02-08 05:28:53,742 - INFO: 12700: loss : 0.665152370929718
2019-02-08 05:28:57,891 - INFO: 12720: loss : 0.5979167819023132
2019-02-08 05:29:02,022 - INFO: 12740: loss : 0.6450459957122803
2019-02-08 05:29:06,164 - INFO: 12760: loss : 0.7049387693405151
2019-02-08 05:29:10,297 - INFO: 12780: loss : 0.669576108455658
2019-02-08 05:29:14,440 - INFO: 12800: loss : 0.6651602387428284
2019-02-08 05:29:18,528 - INFO: 12820: loss : 0.6473968029022217
2019-02-08 05:29:22,655 - INFO: 12840: loss : 0.7030867338180542
2019-02-08 05:29:26,782 - INFO: 12860: loss : 0.6294089555740356
2019-02-08 05:29:30,911 - INFO: 12880: loss : 0.6524038314819336
2019-02-08 05:29:35,104 - INFO: 12900: loss : 0.6362714767456055
2019-02-08 05:29:39,307 - INFO: 12920: loss : 0.5569151639938354
2019-02-08 05:29:43,462 - INFO: 12940: loss : 0.6774691343307495
2019-02-08 05:29:47,617 - INFO: 12960: loss : 0.713573694229126
2019-02-08 05:29:51,805 - INFO: 12980: loss : 0.6294804811477661
2019-02-08 05:29:55,994 - INFO: 13000: loss : 0.6341834664344788
2019-02-08 05:30:00,125 - INFO: 13020: loss : 0.6315721869468689
2019-02-08 05:30:04,283 - INFO: 13040: loss : 0.5867977738380432
2019-02-08 05:30:08,442 - INFO: 13060: loss : 0.6588108539581299
2019-02-08 05:30:12,616 - INFO: 13080: loss : 0.6694502830505371
2019-02-08 05:30:16,734 - INFO: 13100: loss : 0.65281742811203
2019-02-08 05:30:20,870 - INFO: 13120: loss : 0.6426562070846558
2019-02-08 05:30:25,010 - INFO: 13140: loss : 0.7078973054885864
2019-02-08 05:30:29,084 - INFO: 13160: loss : 0.6322668790817261
2019-02-08 05:30:33,087 - INFO: 13180: loss : 0.7546119689941406
2019-02-08 05:30:37,233 - INFO: 13200: loss : 0.7085216045379639
2019-02-08 05:30:41,397 - INFO: 13220: loss : 0.6202885508537292
2019-02-08 05:30:45,528 - INFO: 13240: loss : 0.5938467383384705
2019-02-08 05:30:49,621 - INFO: 13260: loss : 0.5658648610115051
2019-02-08 05:30:53,733 - INFO: 13280: loss : 0.6477574706077576
2019-02-08 05:30:57,861 - INFO: 13300: loss : 0.7222957611083984
2019-02-08 05:31:02,002 - INFO: 13320: loss : 0.666433572769165
2019-02-08 05:31:06,132 - INFO: 13340: loss : 0.5903819799423218
2019-02-08 05:31:10,303 - INFO: 13360: loss : 0.6844660639762878
2019-02-08 05:31:14,415 - INFO: 13380: loss : 0.6514033079147339
2019-02-08 05:31:18,558 - INFO: 13400: loss : 0.6086012721061707
2019-02-08 05:31:22,718 - INFO: 13420: loss : 0.6705963611602783
2019-02-08 05:31:26,911 - INFO: 13440: loss : 0.5915523767471313
2019-02-08 05:31:31,054 - INFO: 13460: loss : 0.5964753031730652
2019-02-08 05:31:35,153 - INFO: 13480: loss : 0.6133568286895752
2019-02-08 05:31:39,312 - INFO: 13500: loss : 0.6665980219841003
2019-02-08 05:31:43,467 - INFO: 13520: loss : 0.604212760925293
2019-02-08 05:31:47,628 - INFO: 13540: loss : 0.5828999876976013
2019-02-08 05:31:51,731 - INFO: 13560: loss : 0.5836703777313232
2019-02-08 05:31:55,868 - INFO: 13580: loss : 0.6772239804267883
2019-02-08 05:32:00,031 - INFO: 13600: loss : 0.6645954847335815
2019-02-08 05:32:04,182 - INFO: 13620: loss : 0.6418259143829346
2019-02-08 05:32:08,347 - INFO: 13640: loss : 0.6031913161277771
2019-02-08 05:32:12,444 - INFO: 13660: loss : 0.6344923973083496
2019-02-08 05:32:16,573 - INFO: 13680: loss : 0.6322856545448303
2019-02-08 05:32:20,746 - INFO: 13700: loss : 0.6600301861763
2019-02-08 05:32:24,824 - INFO: 13720: loss : 0.6386395692825317
2019-02-08 05:32:28,977 - INFO: 13740: loss : 0.609803318977356
2019-02-08 05:32:33,071 - INFO: 13760: loss : 0.5944998264312744
2019-02-08 05:32:37,258 - INFO: 13780: loss : 0.6315957307815552
2019-02-08 05:32:41,394 - INFO: 13800: loss : 0.6383623480796814
2019-02-08 05:32:45,566 - INFO: 13820: loss : 0.6230378150939941
2019-02-08 05:32:49,684 - INFO: 13840: loss : 0.6588866710662842
2019-02-08 05:32:53,837 - INFO: 13860: loss : 0.5840631723403931
2019-02-08 05:32:58,008 - INFO: 13880: loss : 0.5670843720436096
2019-02-08 05:33:02,133 - INFO: 13900: loss : 0.6432845592498779
2019-02-08 05:33:06,271 - INFO: 13920: loss : 0.6589089035987854
2019-02-08 05:33:10,421 - INFO: 13940: loss : 0.6566517949104309
2019-02-08 05:33:14,577 - INFO: 13960: loss : 0.7128322124481201
2019-02-08 05:33:18,767 - INFO: 13980: loss : 0.6559712886810303
2019-02-08 05:33:22,934 - INFO: 14000: loss : 0.648675799369812
2019-02-08 05:33:27,139 - INFO: 14020: loss : 0.6997998356819153
2019-02-08 05:33:31,235 - INFO: 14040: loss : 0.5923187732696533
2019-02-08 05:33:35,327 - INFO: 14060: loss : 0.6310997009277344
2019-02-08 05:33:39,380 - INFO: 14080: loss : 0.5776415467262268
2019-02-08 05:33:43,451 - INFO: 14100: loss : 0.5804495215415955
2019-02-08 05:33:47,599 - INFO: 14120: loss : 0.6339574456214905
2019-02-08 05:33:51,783 - INFO: 14140: loss : 0.5773150324821472
2019-02-08 05:33:55,958 - INFO: 14160: loss : 0.6516032218933105
2019-02-08 05:34:00,142 - INFO: 14180: loss : 0.6027020812034607
2019-02-08 05:34:04,325 - INFO: 14200: loss : 0.6300314664840698
2019-02-08 05:34:08,492 - INFO: 14220: loss : 0.6401806473731995
2019-02-08 05:34:12,613 - INFO: 14240: loss : 0.7044855356216431
2019-02-08 05:34:16,734 - INFO: 14260: loss : 0.6507300138473511
2019-02-08 05:34:20,882 - INFO: 14280: loss : 0.641353189945221
2019-02-08 05:34:24,969 - INFO: 14300: loss : 0.5700900554656982
2019-02-08 05:34:29,118 - INFO: 14320: loss : 0.615493893623352
2019-02-08 05:34:33,191 - INFO: 14340: loss : 0.5995392799377441
2019-02-08 05:34:37,277 - INFO: 14360: loss : 0.7180383205413818
2019-02-08 05:34:41,390 - INFO: 14380: loss : 0.6714209318161011
2019-02-08 05:34:45,494 - INFO: 14400: loss : 0.6933937072753906
2019-02-08 05:34:49,611 - INFO: 14420: loss : 0.6012558341026306
2019-02-08 05:34:53,700 - INFO: 14440: loss : 0.6610090136528015
2019-02-08 05:34:57,854 - INFO: 14460: loss : 0.6259709596633911
2019-02-08 05:35:01,982 - INFO: 14480: loss : 0.605942964553833
2019-02-08 05:35:06,119 - INFO: 14500: loss : 0.6355014443397522
2019-02-08 05:35:10,220 - INFO: 14520: loss : 0.6310027837753296
2019-02-08 05:35:14,308 - INFO: 14540: loss : 0.6633237600326538
2019-02-08 05:35:18,447 - INFO: 14560: loss : 0.5386611819267273
2019-02-08 05:35:22,608 - INFO: 14580: loss : 0.5845704078674316
2019-02-08 05:35:26,669 - INFO: 14600: loss : 0.5774599313735962
2019-02-08 05:35:30,724 - INFO: 14620: loss : 0.5911803245544434
2019-02-08 05:35:34,893 - INFO: 14640: loss : 0.5726124048233032
2019-02-08 05:35:38,995 - INFO: 14660: loss : 0.6289105415344238
2019-02-08 05:35:43,175 - INFO: 14680: loss : 0.5975564122200012
2019-02-08 05:35:47,353 - INFO: 14700: loss : 0.613976001739502
2019-02-08 05:35:51,464 - INFO: 14720: loss : 0.6623086333274841
2019-02-08 05:35:55,634 - INFO: 14740: loss : 0.6689209938049316
2019-02-08 05:35:59,756 - INFO: 14760: loss : 0.6900591254234314
2019-02-08 05:36:03,896 - INFO: 14780: loss : 0.6450804471969604
2019-02-08 05:36:08,087 - INFO: 14800: loss : 0.7064197063446045
2019-02-08 05:36:12,162 - INFO: 14820: loss : 0.5585849285125732
2019-02-08 05:36:16,180 - INFO: 14840: loss : 0.601215124130249
2019-02-08 05:36:20,311 - INFO: 14860: loss : 0.6446449160575867
2019-02-08 05:36:24,477 - INFO: 14880: loss : 0.6184128522872925
2019-02-08 05:36:28,598 - INFO: 14900: loss : 0.6456107497215271
2019-02-08 05:36:32,727 - INFO: 14920: loss : 0.6669154763221741
2019-02-08 05:36:36,882 - INFO: 14940: loss : 0.627806544303894
2019-02-08 05:36:41,017 - INFO: 14960: loss : 0.6370047330856323
2019-02-08 05:36:45,159 - INFO: 14980: loss : 0.6331478953361511
2019-02-08 05:36:49,302 - INFO: 15000: loss : 0.6532377600669861
2019-02-08 05:36:53,467 - INFO: 15020: loss : 0.6616041660308838
2019-02-08 05:36:57,683 - INFO: 15040: loss : 0.5784621834754944
2019-02-08 05:37:01,829 - INFO: 15060: loss : 0.6033654808998108
2019-02-08 05:37:05,997 - INFO: 15080: loss : 0.6365795731544495
2019-02-08 05:37:10,149 - INFO: 15100: loss : 0.616777777671814
2019-02-08 05:37:14,244 - INFO: 15120: loss : 0.627194344997406
2019-02-08 05:37:18,235 - INFO: 15140: loss : 0.5904920697212219
2019-02-08 05:37:22,392 - INFO: 15160: loss : 0.6122539043426514
2019-02-08 05:37:26,515 - INFO: 15180: loss : 0.6262823343276978
2019-02-08 05:37:30,637 - INFO: 15200: loss : 0.640903890132904
2019-02-08 05:37:34,787 - INFO: 15220: loss : 0.6821620464324951
2019-02-08 05:37:38,949 - INFO: 15240: loss : 0.6563035249710083
2019-02-08 05:37:43,077 - INFO: 15260: loss : 0.5187287330627441
2019-02-08 05:37:47,248 - INFO: 15280: loss : 0.6094024181365967
2019-02-08 05:37:51,306 - INFO: 15300: loss : 0.6336761713027954
2019-02-08 05:37:55,473 - INFO: 15320: loss : 0.624495804309845
2019-02-08 05:37:59,647 - INFO: 15340: loss : 0.6325508952140808
2019-02-08 05:38:03,765 - INFO: 15360: loss : 0.6787150502204895
2019-02-08 05:38:07,895 - INFO: 15380: loss : 0.6949607133865356
2019-02-08 05:38:12,060 - INFO: 15400: loss : 0.6241957545280457
2019-02-08 05:38:16,219 - INFO: 15420: loss : 0.600797176361084
2019-02-08 05:38:20,365 - INFO: 15440: loss : 0.5475375652313232
2019-02-08 05:38:24,507 - INFO: 15460: loss : 0.6088511943817139
2019-02-08 05:38:28,625 - INFO: 15480: loss : 0.6369874477386475
2019-02-08 05:38:32,722 - INFO: 15500: loss : 0.5600030422210693
2019-02-08 05:38:36,890 - INFO: 15520: loss : 0.6043564677238464
2019-02-08 05:38:41,014 - INFO: 15540: loss : 0.6261773705482483
2019-02-08 05:38:45,166 - INFO: 15560: loss : 0.6902204751968384
2019-02-08 05:38:49,312 - INFO: 15580: loss : 0.5769501328468323
2019-02-08 05:38:53,467 - INFO: 15600: loss : 0.6609575152397156
2019-02-08 05:38:57,598 - INFO: 15620: loss : 0.582073986530304
2019-02-08 05:39:01,707 - INFO: 15640: loss : 0.5642910599708557
2019-02-08 05:39:05,850 - INFO: 15660: loss : 0.6813732981681824
2019-02-08 05:39:09,995 - INFO: 15680: loss : 0.6610103249549866
2019-02-08 05:39:14,126 - INFO: 15700: loss : 0.5848703980445862
2019-02-08 05:39:18,259 - INFO: 15720: loss : 0.6691379547119141
2019-02-08 05:39:22,442 - INFO: 15740: loss : 0.6078062057495117
2019-02-08 05:39:26,562 - INFO: 15760: loss : 0.6256048679351807
2019-02-08 05:39:30,700 - INFO: 15780: loss : 0.5937606692314148
2019-02-08 05:39:34,869 - INFO: 15800: loss : 0.6779397130012512
2019-02-08 05:39:38,920 - INFO: 15820: loss : 0.6506675481796265
2019-02-08 05:39:42,934 - INFO: 15840: loss : 0.6478279232978821
2019-02-08 05:39:47,045 - INFO: 15860: loss : 0.6900168657302856
2019-02-08 05:39:51,171 - INFO: 15880: loss : 0.6205971837043762
2019-02-08 05:39:55,288 - INFO: 15900: loss : 0.5996848940849304
2019-02-08 05:39:59,444 - INFO: 15920: loss : 0.5656386613845825
2019-02-08 05:40:03,589 - INFO: 15940: loss : 0.6279357671737671
2019-02-08 05:40:07,761 - INFO: 15960: loss : 0.6778669357299805
2019-02-08 05:40:11,893 - INFO: 15980: loss : 0.5640976428985596
2019-02-08 05:40:16,068 - INFO: 16000: loss : 0.6076544523239136
2019-02-08 05:40:20,252 - INFO: 16020: loss : 0.6660546660423279
2019-02-08 05:40:24,418 - INFO: 16040: loss : 0.6485229730606079
2019-02-08 05:40:28,553 - INFO: 16060: loss : 0.5709680914878845
2019-02-08 05:40:32,712 - INFO: 16080: loss : 0.6244062185287476
2019-02-08 05:40:36,831 - INFO: 16100: loss : 0.6036480665206909
2019-02-08 05:40:41,005 - INFO: 16120: loss : 0.6161079406738281
2019-02-08 05:40:45,144 - INFO: 16140: loss : 0.6257051825523376
2019-02-08 05:40:49,316 - INFO: 16160: loss : 0.5504891276359558
2019-02-08 05:40:53,452 - INFO: 16180: loss : 0.5982505083084106
2019-02-08 05:40:57,606 - INFO: 16200: loss : 0.637819230556488
2019-02-08 05:41:01,764 - INFO: 16220: loss : 0.6409295201301575
2019-02-08 05:41:05,932 - INFO: 16240: loss : 0.6066073775291443
2019-02-08 05:41:10,084 - INFO: 16260: loss : 0.5780830979347229
2019-02-08 05:41:14,226 - INFO: 16280: loss : 0.6495058536529541
2019-02-08 05:41:18,378 - INFO: 16300: loss : 0.6219298839569092
2019-02-08 05:41:22,518 - INFO: 16320: loss : 0.6439919471740723
2019-02-08 05:41:26,660 - INFO: 16340: loss : 0.6676980257034302
2019-02-08 05:41:30,827 - INFO: 16360: loss : 0.6443055868148804
2019-02-08 05:41:34,973 - INFO: 16380: loss : 0.6133297681808472
2019-02-08 05:41:39,150 - INFO: 16400: loss : 0.6254100203514099
2019-02-08 05:41:43,287 - INFO: 16420: loss : 0.5522621870040894
2019-02-08 05:41:47,411 - INFO: 16440: loss : 0.6616224050521851
2019-02-08 05:41:51,567 - INFO: 16460: loss : 0.6417171955108643
2019-02-08 05:41:55,712 - INFO: 16480: loss : 0.58902508020401
2019-02-08 05:41:59,876 - INFO: 16500: loss : 0.6575742959976196
2019-02-08 05:42:04,062 - INFO: 16520: loss : 0.6435880661010742
2019-02-08 05:42:08,092 - INFO: 16540: loss : 0.6485885381698608
2019-02-08 05:42:12,162 - INFO: 16560: loss : 0.625049889087677
2019-02-08 05:42:16,323 - INFO: 16580: loss : 0.6612874865531921
2019-02-08 05:42:20,429 - INFO: 16600: loss : 0.5891899466514587
2019-02-08 05:42:24,585 - INFO: 16620: loss : 0.6502466201782227
2019-02-08 05:42:28,670 - INFO: 16640: loss : 0.640730619430542
2019-02-08 05:42:32,830 - INFO: 16660: loss : 0.5587666630744934
2019-02-08 05:42:36,961 - INFO: 16680: loss : 0.6232286095619202
2019-02-08 05:42:41,109 - INFO: 16700: loss : 0.5599786043167114
2019-02-08 05:42:45,278 - INFO: 16720: loss : 0.5819821953773499
2019-02-08 05:42:49,456 - INFO: 16740: loss : 0.641785740852356
2019-02-08 05:42:53,617 - INFO: 16760: loss : 0.6505529880523682
2019-02-08 05:42:57,693 - INFO: 16780: loss : 0.6665688753128052
2019-02-08 05:43:01,786 - INFO: 16800: loss : 0.6144982576370239
2019-02-08 05:43:05,931 - INFO: 16820: loss : 0.7234430909156799
2019-02-08 05:43:10,079 - INFO: 16840: loss : 0.51595139503479
2019-02-08 05:43:14,246 - INFO: 16860: loss : 0.651259183883667
2019-02-08 05:43:18,408 - INFO: 16880: loss : 0.5807958841323853
2019-02-08 05:43:22,570 - INFO: 16900: loss : 0.6289093494415283
2019-02-08 05:43:26,790 - INFO: 16920: loss : 0.5986970067024231
2019-02-08 05:43:30,953 - INFO: 16940: loss : 0.6512669920921326
2019-02-08 05:43:35,086 - INFO: 16960: loss : 0.6524535417556763
2019-02-08 05:43:39,220 - INFO: 16980: loss : 0.6466861367225647
2019-02-08 05:43:43,397 - INFO: 17000: loss : 0.6539770364761353
2019-02-08 05:43:47,597 - INFO: 17020: loss : 0.607324481010437
2019-02-08 05:43:51,747 - INFO: 17040: loss : 0.5909983515739441
2019-02-08 05:43:55,921 - INFO: 17060: loss : 0.6318774819374084
2019-02-08 05:44:00,077 - INFO: 17080: loss : 0.6101247668266296
2019-02-08 05:44:04,226 - INFO: 17100: loss : 0.6146032810211182
2019-02-08 05:44:08,381 - INFO: 17120: loss : 0.6509914994239807
2019-02-08 05:44:12,510 - INFO: 17140: loss : 0.6534769535064697
2019-02-08 05:44:16,626 - INFO: 17160: loss : 0.6517307758331299
2019-02-08 05:44:20,775 - INFO: 17180: loss : 0.6383252739906311
2019-02-08 05:44:24,904 - INFO: 17200: loss : 0.5933611989021301
2019-02-08 05:44:29,081 - INFO: 17220: loss : 0.6019040942192078
2019-02-08 05:44:33,245 - INFO: 17240: loss : 0.6082801818847656
2019-02-08 05:44:37,423 - INFO: 17260: loss : 0.6519007682800293
2019-02-08 05:44:41,579 - INFO: 17280: loss : 0.6550882458686829
2019-02-08 05:44:45,728 - INFO: 17300: loss : 0.5909168124198914
2019-02-08 05:44:49,843 - INFO: 17320: loss : 0.608462929725647
2019-02-08 05:44:53,949 - INFO: 17340: loss : 0.6111224293708801
2019-02-08 05:44:58,129 - INFO: 17360: loss : 0.5804835557937622
2019-02-08 05:45:02,281 - INFO: 17380: loss : 0.6349449157714844
2019-02-08 05:45:06,401 - INFO: 17400: loss : 0.5677424073219299
2019-02-08 05:45:10,497 - INFO: 17420: loss : 0.6649588346481323
2019-02-08 05:45:14,660 - INFO: 17440: loss : 0.640224277973175
2019-02-08 05:45:18,795 - INFO: 17460: loss : 0.6184362173080444
2019-02-08 05:45:22,922 - INFO: 17480: loss : 0.5856142640113831
2019-02-08 05:45:26,969 - INFO: 17500: loss : 0.6262483596801758
2019-02-08 05:45:31,163 - INFO: 17520: loss : 0.6034834980964661
2019-02-08 05:45:35,295 - INFO: 17540: loss : 0.6537700891494751
2019-02-08 05:45:39,411 - INFO: 17560: loss : 0.6455245018005371
2019-02-08 05:45:43,533 - INFO: 17580: loss : 0.6632855534553528
2019-02-08 05:45:47,684 - INFO: 17600: loss : 0.6492891311645508
2019-02-08 05:45:51,812 - INFO: 17620: loss : 0.6906421780586243
2019-02-08 05:45:55,958 - INFO: 17640: loss : 0.5938079357147217
2019-02-08 05:46:00,146 - INFO: 17660: loss : 0.6451435685157776
2019-02-08 05:46:04,337 - INFO: 17680: loss : 0.7026967406272888
2019-02-08 05:46:08,491 - INFO: 17700: loss : 0.6864091753959656
2019-02-08 05:46:12,653 - INFO: 17720: loss : 0.5889554023742676
2019-02-08 05:46:16,754 - INFO: 17740: loss : 0.5713105797767639
2019-02-08 05:46:20,880 - INFO: 17760: loss : 0.6202278137207031
2019-02-08 05:46:25,017 - INFO: 17780: loss : 0.6183441281318665
2019-02-08 05:46:29,154 - INFO: 17800: loss : 0.6270136833190918
2019-02-08 05:46:33,131 - INFO: 17820: loss : 0.612460732460022
2019-02-08 05:46:37,279 - INFO: 17840: loss : 0.5946308374404907
2019-02-08 05:46:41,439 - INFO: 17860: loss : 0.6752920746803284
2019-02-08 05:46:45,622 - INFO: 17880: loss : 0.634170413017273
2019-02-08 05:46:49,768 - INFO: 17900: loss : 0.6281802654266357
2019-02-08 05:46:53,927 - INFO: 17920: loss : 0.5508183240890503
2019-02-08 05:46:58,115 - INFO: 17940: loss : 0.570143461227417
2019-02-08 05:47:02,264 - INFO: 17960: loss : 0.616113543510437
2019-02-08 05:47:06,407 - INFO: 17980: loss : 0.653624415397644
2019-02-08 05:47:10,522 - INFO: 18000: loss : 0.6171863675117493
2019-02-08 05:47:14,719 - INFO: 18020: loss : 0.5692547559738159
2019-02-08 05:47:18,851 - INFO: 18040: loss : 0.6384941935539246
2019-02-08 05:47:23,004 - INFO: 18060: loss : 0.7483371496200562
2019-02-08 05:47:27,158 - INFO: 18080: loss : 0.5220931768417358
2019-02-08 05:47:31,305 - INFO: 18100: loss : 0.6349292397499084
2019-02-08 05:47:35,472 - INFO: 18120: loss : 0.6159295439720154
2019-02-08 05:47:39,620 - INFO: 18140: loss : 0.605246901512146
2019-02-08 05:47:43,714 - INFO: 18160: loss : 0.660854697227478
2019-02-08 05:47:47,863 - INFO: 18180: loss : 0.6507297158241272
2019-02-08 05:47:51,992 - INFO: 18200: loss : 0.645958662033081
2019-02-08 05:47:56,140 - INFO: 18220: loss : 0.7292429208755493
2019-02-08 05:48:00,281 - INFO: 18240: loss : 0.5801699161529541
2019-02-08 05:48:04,424 - INFO: 18260: loss : 0.5695668458938599
2019-02-08 05:48:08,560 - INFO: 18280: loss : 0.597694993019104
2019-02-08 05:48:12,687 - INFO: 18300: loss : 0.5882538557052612
2019-02-08 05:48:16,830 - INFO: 18320: loss : 0.6865391731262207
2019-02-08 05:48:21,000 - INFO: 18340: loss : 0.602994978427887
2019-02-08 05:48:25,165 - INFO: 18360: loss : 0.6929953098297119
2019-02-08 05:48:29,297 - INFO: 18380: loss : 0.6686739325523376
2019-02-08 05:48:33,480 - INFO: 18400: loss : 0.6808591485023499
2019-02-08 05:48:37,630 - INFO: 18420: loss : 0.6144618988037109
2019-02-08 05:48:41,779 - INFO: 18440: loss : 0.6487817764282227
2019-02-08 05:48:45,906 - INFO: 18460: loss : 0.5845263600349426
2019-02-08 05:48:50,040 - INFO: 18480: loss : 0.6233046650886536
2019-02-08 05:48:54,157 - INFO: 18500: loss : 0.5731605887413025
2019-02-08 05:48:58,335 - INFO: 18520: loss : 0.6799802780151367
2019-02-08 05:49:02,533 - INFO: 18540: loss : 0.586217999458313
2019-02-08 05:49:06,689 - INFO: 18560: loss : 0.6344892978668213
2019-02-08 05:49:10,800 - INFO: 18580: loss : 0.5993032455444336
2019-02-08 05:49:14,933 - INFO: 18600: loss : 0.6658651828765869
2019-02-08 05:49:19,090 - INFO: 18620: loss : 0.6537532210350037
2019-02-08 05:49:23,263 - INFO: 18640: loss : 0.5194610953330994
2019-02-08 05:49:27,378 - INFO: 18660: loss : 0.6116617321968079
2019-02-08 05:49:31,477 - INFO: 18680: loss : 0.6100478768348694
2019-02-08 05:49:35,562 - INFO: 18700: loss : 0.6641128659248352
2019-02-08 05:49:39,719 - INFO: 18720: loss : 0.583961546421051
2019-02-08 05:49:43,882 - INFO: 18740: loss : 0.6107134819030762
2019-02-08 05:49:48,011 - INFO: 18760: loss : 0.6182377934455872
2019-02-08 05:49:52,210 - INFO: 18780: loss : 0.6317926049232483
2019-02-08 05:49:56,417 - INFO: 18800: loss : 0.6329653859138489
2019-02-08 05:50:00,591 - INFO: 18820: loss : 0.6504439115524292
2019-02-08 05:50:04,751 - INFO: 18840: loss : 0.6221093535423279
2019-02-08 05:50:08,940 - INFO: 18860: loss : 0.6469982862472534
2019-02-08 05:50:13,079 - INFO: 18880: loss : 0.6009422540664673
2019-02-08 05:50:17,230 - INFO: 18900: loss : 0.6431515216827393
2019-02-08 05:50:21,351 - INFO: 18920: loss : 0.5783568620681763
2019-02-08 05:50:25,428 - INFO: 18940: loss : 0.6585113406181335
2019-02-08 05:50:29,521 - INFO: 18960: loss : 0.6230697631835938
2019-02-08 05:50:33,650 - INFO: 18980: loss : 0.564903199672699
2019-02-08 05:50:37,807 - INFO: 19000: loss : 0.656607985496521
2019-02-08 05:50:42,017 - INFO: 19020: loss : 0.5579050779342651
2019-02-08 05:50:46,169 - INFO: 19040: loss : 0.60935378074646
2019-02-08 05:50:50,344 - INFO: 19060: loss : 0.583209753036499
2019-02-08 05:50:54,499 - INFO: 19080: loss : 0.7139323949813843
2019-02-08 05:50:58,673 - INFO: 19100: loss : 0.6075826287269592
2019-02-08 05:51:02,869 - INFO: 19120: loss : 0.6578571796417236
2019-02-08 05:51:06,967 - INFO: 19140: loss : 0.647718608379364
2019-02-08 05:51:11,126 - INFO: 19160: loss : 0.5325257182121277
2019-02-08 05:51:15,262 - INFO: 19180: loss : 0.5957415103912354
2019-02-08 05:51:19,410 - INFO: 19200: loss : 0.6019300818443298
2019-02-08 05:51:23,485 - INFO: 19220: loss : 0.5919277667999268
2019-02-08 05:51:27,660 - INFO: 19240: loss : 0.6114885807037354
2019-02-08 05:51:31,812 - INFO: 19260: loss : 0.621432900428772
2019-02-08 05:51:35,977 - INFO: 19280: loss : 0.5805469155311584
2019-02-08 05:51:40,084 - INFO: 19300: loss : 0.5746896266937256
2019-02-08 05:51:44,237 - INFO: 19320: loss : 0.6353769302368164
2019-02-08 05:51:48,334 - INFO: 19340: loss : 0.6669248938560486
2019-02-08 05:51:52,479 - INFO: 19360: loss : 0.5939081311225891
2019-02-08 05:51:56,654 - INFO: 19380: loss : 0.6454050540924072
2019-02-08 05:52:00,834 - INFO: 19400: loss : 0.6129027605056763
2019-02-08 05:52:04,994 - INFO: 19420: loss : 0.6262028813362122
2019-02-08 05:52:09,152 - INFO: 19440: loss : 0.6092397570610046
2019-02-08 05:52:13,322 - INFO: 19460: loss : 0.6099222898483276
2019-02-08 05:52:17,502 - INFO: 19480: loss : 0.6428462266921997
2019-02-08 05:52:21,650 - INFO: 19500: loss : 0.5707370638847351
2019-02-08 05:52:25,760 - INFO: 19520: loss : 0.6409878134727478
2019-02-08 05:52:29,893 - INFO: 19540: loss : 0.6290199160575867
2019-02-08 05:52:34,034 - INFO: 19560: loss : 0.6464446783065796
2019-02-08 05:52:38,186 - INFO: 19580: loss : 0.621787428855896
2019-02-08 05:52:42,306 - INFO: 19600: loss : 0.6020255088806152
2019-02-08 05:52:46,450 - INFO: 19620: loss : 0.581846296787262
2019-02-08 05:52:50,584 - INFO: 19640: loss : 0.6295276284217834
2019-02-08 05:52:54,662 - INFO: 19660: loss : 0.5833417773246765
2019-02-08 05:52:58,852 - INFO: 19680: loss : 0.6574894785881042
2019-02-08 05:53:03,003 - INFO: 19700: loss : 0.6115998029708862
2019-02-08 05:53:07,158 - INFO: 19720: loss : 0.6584968566894531
2019-02-08 05:53:11,303 - INFO: 19740: loss : 0.6081799268722534
2019-02-08 05:53:15,456 - INFO: 19760: loss : 0.6271268129348755
2019-02-08 05:53:19,608 - INFO: 19780: loss : 0.6150851249694824
2019-02-08 05:53:23,711 - INFO: 19800: loss : 0.5573587417602539
2019-02-08 05:53:27,839 - INFO: 19820: loss : 0.589942991733551
2019-02-08 05:53:32,002 - INFO: 19840: loss : 0.6323629021644592
2019-02-08 05:53:36,186 - INFO: 19860: loss : 0.6567127108573914
2019-02-08 05:53:40,361 - INFO: 19880: loss : 0.590377926826477
2019-02-08 05:53:44,479 - INFO: 19900: loss : 0.6197278499603271
2019-02-08 05:53:48,639 - INFO: 19920: loss : 0.5827925205230713
2019-02-08 05:53:52,794 - INFO: 19940: loss : 0.6488162279129028
2019-02-08 05:53:56,990 - INFO: 19960: loss : 0.5806097984313965
2019-02-08 05:54:01,164 - INFO: 19980: loss : 0.6145239472389221
2019-02-08 05:54:05,313 - INFO: 20000: loss : 0.6077386736869812
