2019-02-02 20:08:59,139 - INFO: model output path model/trained_model_mini/C3D_attn
2019-02-02 20:08:59,300 - INFO: None
2019-02-02 20:08:59,300 - INFO: saving model in model/trained_model_mini/C3D_attn/model.json
2019-02-02 20:08:59,302 - INFO: Iteration started
2019-02-02 20:09:05,358 - INFO: 20: loss : 6.349819183349609
2019-02-02 20:09:09,017 - INFO: 40: loss : 4.965639114379883
2019-02-02 20:09:12,662 - INFO: 60: loss : 4.148802757263184
2019-02-02 20:09:16,362 - INFO: 80: loss : 3.570542573928833
2019-02-02 20:09:19,914 - INFO: 100: loss : 3.1171584129333496
2019-02-02 20:09:23,591 - INFO: 120: loss : 2.773479700088501
2019-02-02 20:09:27,169 - INFO: 140: loss : 2.509960412979126
2019-02-02 20:09:30,855 - INFO: 160: loss : 2.24916410446167
2019-02-02 20:09:34,487 - INFO: 180: loss : 2.1226351261138916
2019-02-02 20:09:38,196 - INFO: 200: loss : 1.935233473777771
2019-02-02 20:09:41,826 - INFO: 220: loss : 1.747634768486023
2019-02-02 20:09:45,470 - INFO: 240: loss : 1.6586248874664307
2019-02-02 20:09:49,169 - INFO: 260: loss : 1.5903760194778442
2019-02-02 20:09:52,835 - INFO: 280: loss : 1.4871065616607666
2019-02-02 20:09:56,582 - INFO: 300: loss : 1.421674132347107
2019-02-02 20:10:00,278 - INFO: 320: loss : 1.307828426361084
2019-02-02 20:10:03,995 - INFO: 340: loss : 1.3166364431381226
2019-02-02 20:10:07,701 - INFO: 360: loss : 1.2141414880752563
2019-02-02 20:10:11,431 - INFO: 380: loss : 1.148132562637329
2019-02-02 20:10:15,134 - INFO: 400: loss : 1.1302751302719116
2019-02-02 20:10:18,862 - INFO: 420: loss : 1.0755114555358887
2019-02-02 20:10:22,592 - INFO: 440: loss : 1.0298757553100586
2019-02-02 20:10:26,224 - INFO: 460: loss : 1.033923864364624
2019-02-02 20:10:29,988 - INFO: 480: loss : 1.0235869884490967
2019-02-02 20:10:33,625 - INFO: 500: loss : 0.913593590259552
2019-02-02 20:10:37,228 - INFO: 520: loss : 0.9689561128616333
2019-02-02 20:10:40,845 - INFO: 540: loss : 0.8987865447998047
2019-02-02 20:10:44,595 - INFO: 560: loss : 0.885241687297821
2019-02-02 20:10:48,356 - INFO: 580: loss : 0.8605337142944336
2019-02-02 20:10:52,103 - INFO: 600: loss : 0.8938685655593872
2019-02-02 20:10:55,780 - INFO: 620: loss : 0.7730258703231812
2019-02-02 20:10:59,423 - INFO: 640: loss : 0.8195877075195312
2019-02-02 20:11:03,106 - INFO: 660: loss : 0.7895984649658203
2019-02-02 20:11:06,746 - INFO: 680: loss : 0.8534106016159058
2019-02-02 20:11:10,473 - INFO: 700: loss : 0.8215816617012024
2019-02-02 20:11:14,178 - INFO: 720: loss : 0.7494825720787048
2019-02-02 20:11:17,795 - INFO: 740: loss : 0.7543118596076965
2019-02-02 20:11:21,423 - INFO: 760: loss : 0.6996917724609375
2019-02-02 20:11:25,126 - INFO: 780: loss : 0.684778094291687
2019-02-02 20:11:28,808 - INFO: 800: loss : 0.7015475630760193
2019-02-02 20:11:32,553 - INFO: 820: loss : 0.7025007009506226
2019-02-02 20:11:36,231 - INFO: 840: loss : 0.7155817747116089
2019-02-02 20:11:39,887 - INFO: 860: loss : 0.7150635123252869
2019-02-02 20:11:43,569 - INFO: 880: loss : 0.691016435623169
2019-02-02 20:11:47,260 - INFO: 900: loss : 0.6516515016555786
2019-02-02 20:11:50,961 - INFO: 920: loss : 0.6551110744476318
2019-02-02 20:11:54,720 - INFO: 940: loss : 0.647791862487793
2019-02-02 20:11:58,388 - INFO: 960: loss : 0.6885119676589966
2019-02-02 20:12:01,986 - INFO: 980: loss : 0.6667374968528748
2019-02-02 20:12:05,639 - INFO: 1000: loss : 0.611400842666626
2019-02-02 20:12:06,307 - INFO: 
Validation result
2019-02-02 20:12:06,307 - INFO:   AUC: 0.39005057996345655

2019-02-02 20:12:10,027 - INFO: 1020: loss : 0.6807242631912231
2019-02-02 20:12:13,775 - INFO: 1040: loss : 0.608512282371521
2019-02-02 20:12:17,538 - INFO: 1060: loss : 0.6157742738723755
2019-02-02 20:12:21,266 - INFO: 1080: loss : 0.6608831882476807
2019-02-02 20:12:24,899 - INFO: 1100: loss : 0.6643431782722473
2019-02-02 20:12:28,605 - INFO: 1120: loss : 0.6781657934188843
2019-02-02 20:12:32,327 - INFO: 1140: loss : 0.595781683921814
2019-02-02 20:12:35,936 - INFO: 1160: loss : 0.5925689339637756
2019-02-02 20:12:39,679 - INFO: 1180: loss : 0.6716890335083008
2019-02-02 20:12:43,386 - INFO: 1200: loss : 0.6076745390892029
2019-02-02 20:12:47,144 - INFO: 1220: loss : 0.5714151859283447
2019-02-02 20:12:50,900 - INFO: 1240: loss : 0.5812708139419556
2019-02-02 20:12:54,644 - INFO: 1260: loss : 0.5780192613601685
2019-02-02 20:12:58,396 - INFO: 1280: loss : 0.5801891088485718
2019-02-02 20:13:02,143 - INFO: 1300: loss : 0.5761189460754395
2019-02-02 20:13:05,881 - INFO: 1320: loss : 0.5735555291175842
2019-02-02 20:13:09,580 - INFO: 1340: loss : 0.6059907674789429
2019-02-02 20:13:13,303 - INFO: 1360: loss : 0.5897465944290161
2019-02-02 20:13:17,004 - INFO: 1380: loss : 0.6190415620803833
2019-02-02 20:13:20,642 - INFO: 1400: loss : 0.6521180272102356
2019-02-02 20:13:24,339 - INFO: 1420: loss : 0.5927414894104004
2019-02-02 20:13:28,002 - INFO: 1440: loss : 0.6051795482635498
2019-02-02 20:13:31,761 - INFO: 1460: loss : 0.6387844681739807
2019-02-02 20:13:35,515 - INFO: 1480: loss : 0.6167730689048767
2019-02-02 20:13:39,248 - INFO: 1500: loss : 0.5880885720252991
2019-02-02 20:13:42,971 - INFO: 1520: loss : 0.5514405369758606
2019-02-02 20:13:46,611 - INFO: 1540: loss : 0.5586462616920471
2019-02-02 20:13:50,351 - INFO: 1560: loss : 0.6066247224807739
2019-02-02 20:13:54,056 - INFO: 1580: loss : 0.5796758532524109
2019-02-02 20:13:57,798 - INFO: 1600: loss : 0.5629419684410095
2019-02-02 20:14:01,538 - INFO: 1620: loss : 0.5559896230697632
2019-02-02 20:14:05,238 - INFO: 1640: loss : 0.5346025228500366
2019-02-02 20:14:08,932 - INFO: 1660: loss : 0.5493865609169006
2019-02-02 20:14:12,749 - INFO: 1680: loss : 0.5789760947227478
2019-02-02 20:14:16,505 - INFO: 1700: loss : 0.5872566103935242
2019-02-02 20:14:20,221 - INFO: 1720: loss : 0.6046911478042603
2019-02-02 20:14:23,953 - INFO: 1740: loss : 0.5559747219085693
2019-02-02 20:14:27,625 - INFO: 1760: loss : 0.5567831993103027
2019-02-02 20:14:31,374 - INFO: 1780: loss : 0.5033624172210693
2019-02-02 20:14:35,144 - INFO: 1800: loss : 0.5529377460479736
2019-02-02 20:14:38,804 - INFO: 1820: loss : 0.5369831323623657
2019-02-02 20:14:42,457 - INFO: 1840: loss : 0.5290601253509521
2019-02-02 20:14:46,229 - INFO: 1860: loss : 0.5517991185188293
2019-02-02 20:14:49,978 - INFO: 1880: loss : 0.5589830875396729
2019-02-02 20:14:53,687 - INFO: 1900: loss : 0.5155583024024963
2019-02-02 20:14:57,294 - INFO: 1920: loss : 0.49571362137794495
2019-02-02 20:15:00,978 - INFO: 1940: loss : 0.6056122779846191
2019-02-02 20:15:04,687 - INFO: 1960: loss : 0.525321364402771
2019-02-02 20:15:08,416 - INFO: 1980: loss : 0.5580067038536072
2019-02-02 20:15:12,088 - INFO: 2000: loss : 0.5363371968269348
2019-02-02 20:15:12,718 - INFO: 
Validation result
2019-02-02 20:15:12,718 - INFO:   AUC: 0.3541336117130928

2019-02-02 20:15:16,442 - INFO: 2020: loss : 0.5226058959960938
2019-02-02 20:15:20,222 - INFO: 2040: loss : 0.5664836764335632
2019-02-02 20:15:23,893 - INFO: 2060: loss : 0.5299237370491028
2019-02-02 20:15:27,632 - INFO: 2080: loss : 0.5374420881271362
2019-02-02 20:15:31,398 - INFO: 2100: loss : 0.5344758033752441
2019-02-02 20:15:35,212 - INFO: 2120: loss : 0.5999889373779297
2019-02-02 20:15:39,019 - INFO: 2140: loss : 0.4898527264595032
2019-02-02 20:15:42,802 - INFO: 2160: loss : 0.5269579887390137
2019-02-02 20:15:46,600 - INFO: 2180: loss : 0.527254045009613
2019-02-02 20:15:50,369 - INFO: 2200: loss : 0.5468887686729431
2019-02-02 20:15:54,157 - INFO: 2220: loss : 0.5170493125915527
2019-02-02 20:15:57,882 - INFO: 2240: loss : 0.5062288045883179
2019-02-02 20:16:01,631 - INFO: 2260: loss : 0.5735295414924622
2019-02-02 20:16:05,397 - INFO: 2280: loss : 0.5457916259765625
2019-02-02 20:16:09,089 - INFO: 2300: loss : 0.5149310827255249
2019-02-02 20:16:12,847 - INFO: 2320: loss : 0.5382159352302551
2019-02-02 20:16:16,689 - INFO: 2340: loss : 0.5321136713027954
2019-02-02 20:16:20,545 - INFO: 2360: loss : 0.6680130362510681
2019-02-02 20:16:24,398 - INFO: 2380: loss : 0.496439129114151
2019-02-02 20:16:28,213 - INFO: 2400: loss : 0.5216192007064819
2019-02-02 20:16:32,067 - INFO: 2420: loss : 0.5261974334716797
2019-02-02 20:16:35,842 - INFO: 2440: loss : 0.5280865430831909
2019-02-02 20:16:39,605 - INFO: 2460: loss : 0.5072869062423706
2019-02-02 20:16:43,456 - INFO: 2480: loss : 0.5399487614631653
2019-02-02 20:16:47,161 - INFO: 2500: loss : 0.47611793875694275
2019-02-02 20:16:50,970 - INFO: 2520: loss : 0.5708602070808411
2019-02-02 20:16:54,829 - INFO: 2540: loss : 0.4819101095199585
2019-02-02 20:16:58,672 - INFO: 2560: loss : 0.5264831781387329
2019-02-02 20:17:02,529 - INFO: 2580: loss : 0.4839867949485779
2019-02-02 20:17:06,321 - INFO: 2600: loss : 0.47821491956710815
2019-02-02 20:17:10,034 - INFO: 2620: loss : 0.5734261870384216
2019-02-02 20:17:13,790 - INFO: 2640: loss : 0.4926489591598511
2019-02-02 20:17:17,572 - INFO: 2660: loss : 0.5624396800994873
2019-02-02 20:17:21,333 - INFO: 2680: loss : 0.567889928817749
2019-02-02 20:17:25,119 - INFO: 2700: loss : 0.4681755304336548
2019-02-02 20:17:28,869 - INFO: 2720: loss : 0.512354850769043
2019-02-02 20:17:32,632 - INFO: 2740: loss : 0.5517589449882507
2019-02-02 20:17:36,357 - INFO: 2760: loss : 0.5080169439315796
2019-02-02 20:17:40,171 - INFO: 2780: loss : 0.5109593868255615
2019-02-02 20:17:43,986 - INFO: 2800: loss : 0.547937273979187
2019-02-02 20:17:47,711 - INFO: 2820: loss : 0.49271664023399353
2019-02-02 20:17:51,426 - INFO: 2840: loss : 0.49415841698646545
2019-02-02 20:17:55,197 - INFO: 2860: loss : 0.600730299949646
2019-02-02 20:17:58,820 - INFO: 2880: loss : 0.49365660548210144
2019-02-02 20:18:02,542 - INFO: 2900: loss : 0.5452240109443665
2019-02-02 20:18:06,362 - INFO: 2920: loss : 0.44859445095062256
2019-02-02 20:18:10,128 - INFO: 2940: loss : 0.5798807144165039
2019-02-02 20:18:13,852 - INFO: 2960: loss : 0.5371636152267456
2019-02-02 20:18:17,531 - INFO: 2980: loss : 0.4901541471481323
2019-02-02 20:18:21,318 - INFO: 3000: loss : 0.49740922451019287
2019-02-02 20:18:21,776 - INFO: 
Validation result
2019-02-02 20:18:21,776 - INFO:   AUC: 0.4328470808794109

2019-02-02 20:18:25,573 - INFO: 3020: loss : 0.49457094073295593
