2019-01-30 13:40:05,822 - INFO: Namespace(c3d='true', gpus='0,1', iter=20000)
2019-01-30 13:41:02,166 - INFO: Namespace(c3d='true', gpus='0,1', iter=20000)
2019-01-30 13:41:02,371 - INFO: model created
2019-01-30 13:41:03,220 - INFO: Iteration started
2019-01-30 13:41:17,763 - INFO: 0: loss : 10.76678466796875
2019-01-30 13:41:37,606 - INFO: 20: loss : 6.6449503898620605
2019-01-30 13:41:47,507 - INFO: 40: loss : 5.3063507080078125
2019-01-30 13:41:54,568 - INFO: 60: loss : 4.45027494430542
2019-01-30 13:42:00,538 - INFO: 80: loss : 3.9080018997192383
2019-01-30 13:42:05,313 - INFO: 100: loss : 3.4738903045654297
2019-01-30 13:42:09,721 - INFO: 120: loss : 3.1425535678863525
2019-01-30 13:42:13,988 - INFO: 140: loss : 2.843622922897339
2019-01-30 13:42:18,287 - INFO: 160: loss : 2.683832883834839
2019-01-30 13:42:22,458 - INFO: 180: loss : 2.4355924129486084
2019-01-30 13:42:26,532 - INFO: 200: loss : 2.278665542602539
2019-01-30 13:42:30,733 - INFO: 220: loss : 2.2252769470214844
2019-01-30 13:42:34,834 - INFO: 240: loss : 1.973185658454895
2019-01-30 13:42:38,967 - INFO: 260: loss : 1.941806674003601
2019-01-30 13:42:43,090 - INFO: 280: loss : 1.9161227941513062
2019-01-30 13:42:47,227 - INFO: 300: loss : 1.7179303169250488
2019-01-30 13:42:51,343 - INFO: 320: loss : 1.6866974830627441
2019-01-30 13:42:55,497 - INFO: 340: loss : 1.659702181816101
2019-01-30 13:42:59,649 - INFO: 360: loss : 1.5969111919403076
2019-01-30 13:43:03,754 - INFO: 380: loss : 1.5737146139144897
2019-01-30 13:43:07,884 - INFO: 400: loss : 1.4709632396697998
2019-01-30 13:43:12,052 - INFO: 420: loss : 1.3992919921875
2019-01-30 13:43:16,176 - INFO: 440: loss : 1.4172998666763306
2019-01-30 13:43:20,266 - INFO: 460: loss : 1.4336252212524414
2019-01-30 13:43:24,425 - INFO: 480: loss : 1.388136625289917
2019-01-30 13:43:28,561 - INFO: 500: loss : 1.3908790349960327
2019-01-30 13:43:32,732 - INFO: 520: loss : 1.2931785583496094
2019-01-30 13:43:36,772 - INFO: 540: loss : 1.347747564315796
2019-01-30 13:43:40,900 - INFO: 560: loss : 1.2746844291687012
2019-01-30 13:43:45,037 - INFO: 580: loss : 1.2501683235168457
2019-01-30 13:43:49,136 - INFO: 600: loss : 1.2341573238372803
2019-01-30 13:43:53,250 - INFO: 620: loss : 1.1734753847122192
2019-01-30 13:43:57,348 - INFO: 640: loss : 1.2033588886260986
2019-01-30 13:44:01,448 - INFO: 660: loss : 1.1874737739562988
2019-01-30 13:44:05,588 - INFO: 680: loss : 1.1469645500183105
2019-01-30 13:44:09,747 - INFO: 700: loss : 1.119042158126831
2019-01-30 13:44:13,897 - INFO: 720: loss : 1.0850803852081299
2019-01-30 13:44:17,991 - INFO: 740: loss : 1.1208736896514893
2019-01-30 13:44:22,112 - INFO: 760: loss : 1.1216214895248413
2019-01-30 13:44:26,235 - INFO: 780: loss : 1.1140614748001099
2019-01-30 13:44:30,382 - INFO: 800: loss : 1.0736440420150757
2019-01-30 13:44:34,552 - INFO: 820: loss : 1.0853838920593262
2019-01-30 13:44:38,669 - INFO: 840: loss : 1.0380730628967285
2019-01-30 13:44:42,808 - INFO: 860: loss : 1.1181395053863525
2019-01-30 13:44:46,926 - INFO: 880: loss : 1.0671231746673584
2019-01-30 13:44:51,043 - INFO: 900: loss : 1.054021954536438
2019-01-30 13:44:55,183 - INFO: 920: loss : 1.089066743850708
2019-01-30 13:44:59,330 - INFO: 940: loss : 1.0655758380889893
2019-01-30 13:45:03,466 - INFO: 960: loss : 1.0561296939849854
2019-01-30 13:45:07,596 - INFO: 980: loss : 1.0298500061035156
2019-01-30 13:45:11,756 - INFO: 1000: loss : 1.0360971689224243
2019-01-30 13:45:15,954 - INFO: 1020: loss : 1.0125737190246582
2019-01-30 13:45:20,113 - INFO: 1040: loss : 0.992118239402771
2019-01-30 13:45:24,282 - INFO: 1060: loss : 0.9967212677001953
2019-01-30 13:45:28,398 - INFO: 1080: loss : 1.0137543678283691
2019-01-30 13:45:32,569 - INFO: 1100: loss : 1.0404114723205566
2019-01-30 13:45:36,642 - INFO: 1120: loss : 1.0303765535354614
2019-01-30 13:45:40,783 - INFO: 1140: loss : 0.9419617056846619
2019-01-30 13:45:44,934 - INFO: 1160: loss : 1.0387097597122192
2019-01-30 13:45:49,062 - INFO: 1180: loss : 0.9369411468505859
2019-01-30 13:45:53,185 - INFO: 1200: loss : 0.9623019695281982
2019-01-30 13:45:57,333 - INFO: 1220: loss : 0.9759159088134766
2019-01-30 13:46:01,491 - INFO: 1240: loss : 1.1013182401657104
2019-01-30 13:46:05,614 - INFO: 1260: loss : 0.9961475133895874
2019-01-30 13:46:09,751 - INFO: 1280: loss : 0.9585904479026794
2019-01-30 13:46:13,927 - INFO: 1300: loss : 0.968818187713623
2019-01-30 13:46:18,049 - INFO: 1320: loss : 0.908627450466156
2019-01-30 13:46:22,175 - INFO: 1340: loss : 0.8938437700271606
2019-01-30 13:46:26,322 - INFO: 1360: loss : 0.9300612211227417
2019-01-30 13:46:30,417 - INFO: 1380: loss : 0.9275408983230591
2019-01-30 13:46:34,537 - INFO: 1400: loss : 0.8902720808982849
2019-01-30 13:46:38,712 - INFO: 1420: loss : 0.9365428686141968
2019-01-30 13:46:42,871 - INFO: 1440: loss : 1.0182267427444458
2019-01-30 13:46:47,001 - INFO: 1460: loss : 0.9804698824882507
2019-01-30 13:46:51,174 - INFO: 1480: loss : 0.8635087013244629
2019-01-30 13:46:55,350 - INFO: 1500: loss : 0.9528963565826416
2019-01-30 13:46:59,490 - INFO: 1520: loss : 1.018675446510315
2019-01-30 13:47:03,630 - INFO: 1540: loss : 0.969551682472229
2019-01-30 13:47:07,797 - INFO: 1560: loss : 0.8504101037979126
2019-01-30 13:47:11,903 - INFO: 1580: loss : 0.9562129974365234
2019-01-30 13:47:16,011 - INFO: 1600: loss : 0.9693050384521484
2019-01-30 13:47:20,156 - INFO: 1620: loss : 0.9081037044525146
2019-01-30 13:47:24,284 - INFO: 1640: loss : 0.9496241807937622
2019-01-30 13:47:28,430 - INFO: 1660: loss : 0.8955260515213013
2019-01-30 13:47:32,553 - INFO: 1680: loss : 0.9770612716674805
2019-01-30 13:47:36,639 - INFO: 1700: loss : 0.8218290209770203
2019-01-30 13:47:40,748 - INFO: 1720: loss : 0.8958961963653564
2019-01-30 13:47:44,855 - INFO: 1740: loss : 0.9594308733940125
2019-01-30 13:47:48,954 - INFO: 1760: loss : 0.961529016494751
2019-01-30 13:47:53,065 - INFO: 1780: loss : 0.907503068447113
2019-01-30 13:47:57,198 - INFO: 1800: loss : 0.9134429693222046
2019-01-30 13:48:01,311 - INFO: 1820: loss : 0.8245431780815125
2019-01-30 13:48:05,468 - INFO: 1840: loss : 0.9180156588554382
2019-01-30 13:48:09,517 - INFO: 1860: loss : 0.9227659106254578
2019-01-30 13:48:13,636 - INFO: 1880: loss : 0.9187000393867493
2019-01-30 13:48:17,815 - INFO: 1900: loss : 0.8755506277084351
2019-01-30 13:48:21,982 - INFO: 1920: loss : 0.8355914354324341
2019-01-30 13:48:26,158 - INFO: 1940: loss : 0.9038474559783936
2019-01-30 13:48:30,303 - INFO: 1960: loss : 0.9022698402404785
2019-01-30 13:48:34,435 - INFO: 1980: loss : 0.9389728903770447
2019-01-30 13:48:38,611 - INFO: 2000: loss : 0.8602687120437622
2019-01-30 13:48:42,875 - INFO: 2020: loss : 0.8923547863960266
2019-01-30 13:48:47,026 - INFO: 2040: loss : 0.8114213943481445
2019-01-30 13:48:51,178 - INFO: 2060: loss : 0.8337997794151306
2019-01-30 13:48:55,273 - INFO: 2080: loss : 0.8561183214187622
2019-01-30 13:48:59,395 - INFO: 2100: loss : 0.8677948713302612
2019-01-30 13:49:03,528 - INFO: 2120: loss : 0.9220463037490845
2019-01-30 13:49:07,663 - INFO: 2140: loss : 0.8882789015769958
2019-01-30 13:49:11,787 - INFO: 2160: loss : 0.9366174936294556
2019-01-30 13:49:15,877 - INFO: 2180: loss : 0.9434706568717957
2019-01-30 13:49:19,959 - INFO: 2200: loss : 0.7972528338432312
2019-01-30 13:49:24,115 - INFO: 2220: loss : 0.8869811296463013
2019-01-30 13:49:28,222 - INFO: 2240: loss : 0.8995017409324646
2019-01-30 13:49:32,387 - INFO: 2260: loss : 0.9228247404098511
2019-01-30 13:49:36,541 - INFO: 2280: loss : 0.8525401949882507
2019-01-30 13:49:40,727 - INFO: 2300: loss : 0.8810223340988159
2019-01-30 13:49:44,874 - INFO: 2320: loss : 0.7967427968978882
2019-01-30 13:49:49,002 - INFO: 2340: loss : 0.8979411721229553
2019-01-30 13:49:53,178 - INFO: 2360: loss : 0.8898407816886902
2019-01-30 13:49:57,325 - INFO: 2380: loss : 0.906272292137146
2019-01-30 13:50:01,481 - INFO: 2400: loss : 0.7940325736999512
2019-01-30 13:50:05,625 - INFO: 2420: loss : 0.8470510840415955
2019-01-30 13:50:09,704 - INFO: 2440: loss : 0.8369441032409668
2019-01-30 13:50:13,881 - INFO: 2460: loss : 0.8765141367912292
2019-01-30 13:50:18,029 - INFO: 2480: loss : 0.9780452251434326
2019-01-30 13:50:22,054 - INFO: 2500: loss : 0.9355207085609436
2019-01-30 13:50:26,207 - INFO: 2520: loss : 0.9286446571350098
2019-01-30 13:50:30,338 - INFO: 2540: loss : 0.9737003445625305
2019-01-30 13:50:34,421 - INFO: 2560: loss : 0.8525768518447876
2019-01-30 13:50:38,543 - INFO: 2580: loss : 0.8944011926651001
2019-01-30 13:50:42,572 - INFO: 2600: loss : 0.9500517249107361
2019-01-30 13:50:46,703 - INFO: 2620: loss : 0.888280987739563
2019-01-30 13:50:50,833 - INFO: 2640: loss : 0.7983511090278625
2019-01-30 13:50:54,951 - INFO: 2660: loss : 0.8609973788261414
2019-01-30 13:50:59,112 - INFO: 2680: loss : 0.8046033382415771
2019-01-30 13:51:03,217 - INFO: 2700: loss : 0.7637133598327637
2019-01-30 13:51:07,343 - INFO: 2720: loss : 0.900385320186615
2019-01-30 13:51:11,450 - INFO: 2740: loss : 0.8078122138977051
2019-01-30 13:51:15,507 - INFO: 2760: loss : 0.8719407916069031
2019-01-30 13:51:19,646 - INFO: 2780: loss : 0.9318981766700745
2019-01-30 13:51:23,765 - INFO: 2800: loss : 0.8392969369888306
2019-01-30 13:51:27,925 - INFO: 2820: loss : 0.8754188418388367
2019-01-30 13:51:32,062 - INFO: 2840: loss : 0.89630526304245
2019-01-30 13:51:36,203 - INFO: 2860: loss : 0.7842692136764526
2019-01-30 13:51:40,312 - INFO: 2880: loss : 0.8490889072418213
2019-01-30 13:51:44,312 - INFO: 2900: loss : 0.8511730432510376
2019-01-30 13:51:48,429 - INFO: 2920: loss : 0.8992410898208618
2019-01-30 13:51:52,567 - INFO: 2940: loss : 0.7442421913146973
2019-01-30 13:51:56,709 - INFO: 2960: loss : 0.8290699124336243
2019-01-30 13:52:00,851 - INFO: 2980: loss : 0.9299032688140869
2019-01-30 13:52:04,992 - INFO: 3000: loss : 0.9280444383621216
2019-01-30 13:52:09,221 - INFO: 3020: loss : 0.9299859404563904
2019-01-30 13:52:13,333 - INFO: 3040: loss : 0.8771317005157471
2019-01-30 13:52:17,447 - INFO: 3060: loss : 0.8127954006195068
2019-01-30 13:52:21,584 - INFO: 3080: loss : 0.8905067443847656
2019-01-30 13:52:25,769 - INFO: 3100: loss : 0.8242882490158081
2019-01-30 13:52:29,912 - INFO: 3120: loss : 0.7172126173973083
2019-01-30 13:52:34,093 - INFO: 3140: loss : 0.857175350189209
2019-01-30 13:52:38,179 - INFO: 3160: loss : 0.9578405022621155
2019-01-30 13:52:42,290 - INFO: 3180: loss : 0.8552551865577698
2019-01-30 13:52:46,448 - INFO: 3200: loss : 0.7988387942314148
2019-01-30 13:52:50,592 - INFO: 3220: loss : 0.8629685044288635
2019-01-30 13:52:54,748 - INFO: 3240: loss : 0.8924912214279175
2019-01-30 13:52:58,897 - INFO: 3260: loss : 0.7993475794792175
2019-01-30 13:53:03,071 - INFO: 3280: loss : 0.929155707359314
2019-01-30 13:53:07,230 - INFO: 3300: loss : 0.8341156244277954
2019-01-30 13:53:11,355 - INFO: 3320: loss : 0.834445595741272
2019-01-30 13:53:15,463 - INFO: 3340: loss : 0.8599346876144409
2019-01-30 13:53:19,626 - INFO: 3360: loss : 0.7673807144165039
2019-01-30 13:53:23,765 - INFO: 3380: loss : 0.9014389514923096
2019-01-30 13:53:27,922 - INFO: 3400: loss : 0.8381925225257874
2019-01-30 13:53:32,018 - INFO: 3420: loss : 0.8949877023696899
2019-01-30 13:53:36,157 - INFO: 3440: loss : 0.863479495048523
2019-01-30 13:53:40,261 - INFO: 3460: loss : 0.8895553946495056
2019-01-30 13:53:44,418 - INFO: 3480: loss : 0.8390676975250244
2019-01-30 13:53:48,502 - INFO: 3500: loss : 0.852110743522644
2019-01-30 13:53:52,682 - INFO: 3520: loss : 0.8194006681442261
2019-01-30 13:53:56,859 - INFO: 3540: loss : 0.9236336946487427
2019-01-30 13:54:01,028 - INFO: 3560: loss : 0.8666455745697021
2019-01-30 13:54:05,176 - INFO: 3580: loss : 0.7813154458999634
2019-01-30 13:54:09,322 - INFO: 3600: loss : 0.9283972382545471
2019-01-30 13:54:13,411 - INFO: 3620: loss : 0.7962602972984314
2019-01-30 13:54:17,571 - INFO: 3640: loss : 0.8345503807067871
2019-01-30 13:54:21,728 - INFO: 3660: loss : 0.7822722792625427
2019-01-30 13:54:25,896 - INFO: 3680: loss : 0.8094673156738281
2019-01-30 13:54:30,053 - INFO: 3700: loss : 0.8587076663970947
2019-01-30 13:54:34,197 - INFO: 3720: loss : 0.8518800139427185
2019-01-30 13:54:38,356 - INFO: 3740: loss : 0.802148163318634
2019-01-30 13:54:42,457 - INFO: 3760: loss : 0.8186275362968445
2019-01-30 13:54:46,642 - INFO: 3780: loss : 0.8362162709236145
2019-01-30 13:54:50,827 - INFO: 3800: loss : 0.7790608406066895
2019-01-30 13:54:54,988 - INFO: 3820: loss : 0.7994840145111084
2019-01-30 13:54:59,114 - INFO: 3840: loss : 0.8304092884063721
2019-01-30 13:55:03,291 - INFO: 3860: loss : 0.8392593860626221
2019-01-30 13:55:07,470 - INFO: 3880: loss : 0.8967938423156738
2019-01-30 13:55:11,641 - INFO: 3900: loss : 0.7805302143096924
2019-01-30 13:55:15,793 - INFO: 3920: loss : 0.8154023289680481
2019-01-30 13:55:19,967 - INFO: 3940: loss : 0.8765479326248169
2019-01-30 13:55:24,092 - INFO: 3960: loss : 0.8761203289031982
2019-01-30 13:55:28,260 - INFO: 3980: loss : 0.8085492849349976
2019-01-30 13:55:32,386 - INFO: 4000: loss : 0.8563763499259949
2019-01-30 13:55:36,567 - INFO: 4020: loss : 0.7477986812591553
2019-01-30 13:55:40,746 - INFO: 4040: loss : 0.8470127582550049
2019-01-30 13:55:44,943 - INFO: 4060: loss : 0.753850519657135
2019-01-30 13:55:49,051 - INFO: 4080: loss : 0.8172726631164551
2019-01-30 13:55:53,225 - INFO: 4100: loss : 0.8263712525367737
2019-01-30 13:55:57,326 - INFO: 4120: loss : 0.9123396277427673
2019-01-30 13:56:01,449 - INFO: 4140: loss : 0.7726718187332153
2019-01-30 13:56:05,637 - INFO: 4160: loss : 0.8091723918914795
2019-01-30 13:56:09,763 - INFO: 4180: loss : 0.7481741905212402
2019-01-30 13:56:13,913 - INFO: 4200: loss : 0.805901825428009
2019-01-30 13:56:18,080 - INFO: 4220: loss : 0.8095738887786865
2019-01-30 13:56:22,248 - INFO: 4240: loss : 0.8205395340919495
2019-01-30 13:56:26,377 - INFO: 4260: loss : 0.8496649265289307
2019-01-30 13:56:30,521 - INFO: 4280: loss : 0.7216153144836426
2019-01-30 13:56:34,679 - INFO: 4300: loss : 0.8573670387268066
2019-01-30 13:56:38,825 - INFO: 4320: loss : 0.8775746822357178
2019-01-30 13:56:42,979 - INFO: 4340: loss : 0.7383089065551758
2019-01-30 13:56:47,101 - INFO: 4360: loss : 0.8005267381668091
2019-01-30 13:56:51,226 - INFO: 4380: loss : 0.7897940874099731
2019-01-30 13:56:55,364 - INFO: 4400: loss : 0.7954785823822021
2019-01-30 13:56:59,316 - INFO: 4420: loss : 0.7931639552116394
2019-01-30 13:57:03,461 - INFO: 4440: loss : 0.7193790674209595
2019-01-30 13:57:07,615 - INFO: 4460: loss : 0.7926391959190369
2019-01-30 13:57:11,796 - INFO: 4480: loss : 0.8497375249862671
2019-01-30 13:57:15,965 - INFO: 4500: loss : 0.8212096095085144
2019-01-30 13:57:20,098 - INFO: 4520: loss : 0.8343430161476135
2019-01-30 13:57:24,237 - INFO: 4540: loss : 0.7590210437774658
2019-01-30 13:57:28,412 - INFO: 4560: loss : 0.8924263715744019
2019-01-30 13:57:32,581 - INFO: 4580: loss : 0.8386907577514648
2019-01-30 13:57:36,702 - INFO: 4600: loss : 0.8173502087593079
2019-01-30 13:57:40,831 - INFO: 4620: loss : 0.812838077545166
2019-01-30 13:57:45,007 - INFO: 4640: loss : 0.9235264658927917
2019-01-30 13:57:49,178 - INFO: 4660: loss : 0.8512036800384521
2019-01-30 13:57:53,274 - INFO: 4680: loss : 0.9410353899002075
2019-01-30 13:57:57,289 - INFO: 4700: loss : 0.8171352744102478
2019-01-30 13:58:01,451 - INFO: 4720: loss : 0.8507407903671265
2019-01-30 13:58:05,620 - INFO: 4740: loss : 0.8515839576721191
2019-01-30 13:58:09,759 - INFO: 4760: loss : 0.8468422889709473
2019-01-30 13:58:13,883 - INFO: 4780: loss : 0.7756800055503845
2019-01-30 13:58:18,015 - INFO: 4800: loss : 0.8279498815536499
2019-01-30 13:58:22,154 - INFO: 4820: loss : 0.8160020709037781
2019-01-30 13:58:26,286 - INFO: 4840: loss : 0.8350962400436401
2019-01-30 13:58:30,472 - INFO: 4860: loss : 0.8017215728759766
2019-01-30 13:58:34,539 - INFO: 4880: loss : 0.8234827518463135
2019-01-30 13:58:38,648 - INFO: 4900: loss : 0.7489006519317627
2019-01-30 13:58:42,764 - INFO: 4920: loss : 0.8822669982910156
2019-01-30 13:58:46,833 - INFO: 4940: loss : 0.8500422835350037
2019-01-30 13:58:51,005 - INFO: 4960: loss : 0.7703651189804077
2019-01-30 13:58:55,173 - INFO: 4980: loss : 0.8691204786300659
2019-01-30 13:58:59,302 - INFO: 5000: loss : 0.8663905262947083
2019-01-30 13:59:03,511 - INFO: 5020: loss : 0.8020509481430054
2019-01-30 13:59:07,638 - INFO: 5040: loss : 0.8052880764007568
2019-01-30 13:59:11,737 - INFO: 5060: loss : 0.8270657062530518
2019-01-30 13:59:15,883 - INFO: 5080: loss : 0.7720790505409241
2019-01-30 13:59:19,997 - INFO: 5100: loss : 0.8138688206672668
2019-01-30 13:59:24,110 - INFO: 5120: loss : 0.8059847354888916
2019-01-30 13:59:28,233 - INFO: 5140: loss : 0.8506475687026978
2019-01-30 13:59:32,392 - INFO: 5160: loss : 0.7836540937423706
2019-01-30 13:59:36,570 - INFO: 5180: loss : 0.8124728202819824
2019-01-30 13:59:40,718 - INFO: 5200: loss : 0.8051101565361023
2019-01-30 13:59:44,853 - INFO: 5220: loss : 0.8284162282943726
2019-01-30 13:59:49,002 - INFO: 5240: loss : 0.8912359476089478
2019-01-30 13:59:53,194 - INFO: 5260: loss : 0.8339986801147461
2019-01-30 13:59:57,371 - INFO: 5280: loss : 0.8411174416542053
2019-01-30 14:00:01,515 - INFO: 5300: loss : 0.781844973564148
2019-01-30 14:00:05,669 - INFO: 5320: loss : 0.7085286974906921
2019-01-30 14:00:09,780 - INFO: 5340: loss : 0.6880596876144409
2019-01-30 14:00:13,947 - INFO: 5360: loss : 0.6868900060653687
2019-01-30 14:00:18,138 - INFO: 5380: loss : 0.8057339787483215
2019-01-30 14:00:22,293 - INFO: 5400: loss : 0.811608076095581
2019-01-30 14:00:26,436 - INFO: 5420: loss : 0.7693544626235962
2019-01-30 14:00:30,614 - INFO: 5440: loss : 0.862971305847168
2019-01-30 14:00:34,711 - INFO: 5460: loss : 0.7770280241966248
2019-01-30 14:00:38,866 - INFO: 5480: loss : 0.8034610152244568
2019-01-30 14:00:42,951 - INFO: 5500: loss : 0.8318798542022705
2019-01-30 14:00:47,085 - INFO: 5520: loss : 0.9062370657920837
2019-01-30 14:00:51,242 - INFO: 5540: loss : 0.8090258836746216
2019-01-30 14:00:55,426 - INFO: 5560: loss : 0.8500908017158508
2019-01-30 14:00:59,592 - INFO: 5580: loss : 0.7641857862472534
2019-01-30 14:01:03,754 - INFO: 5600: loss : 0.7496938109397888
2019-01-30 14:01:07,915 - INFO: 5620: loss : 0.7850555777549744
2019-01-30 14:01:12,068 - INFO: 5640: loss : 0.8189029097557068
2019-01-30 14:01:16,226 - INFO: 5660: loss : 0.8684514760971069
2019-01-30 14:01:20,341 - INFO: 5680: loss : 0.8076346516609192
2019-01-30 14:01:24,440 - INFO: 5700: loss : 0.8282912969589233
2019-01-30 14:01:28,561 - INFO: 5720: loss : 0.7644358277320862
2019-01-30 14:01:32,734 - INFO: 5740: loss : 0.7516171932220459
2019-01-30 14:01:36,884 - INFO: 5760: loss : 0.7651839852333069
2019-01-30 14:01:41,032 - INFO: 5780: loss : 0.7477235794067383
2019-01-30 14:01:45,181 - INFO: 5800: loss : 0.797168493270874
2019-01-30 14:01:49,289 - INFO: 5820: loss : 0.7870632410049438
2019-01-30 14:01:53,456 - INFO: 5840: loss : 0.838526725769043
2019-01-30 14:01:57,599 - INFO: 5860: loss : 0.8217108845710754
2019-01-30 14:02:01,736 - INFO: 5880: loss : 0.7585718631744385
2019-01-30 14:02:05,888 - INFO: 5900: loss : 0.7738528251647949
2019-01-30 14:02:10,089 - INFO: 5920: loss : 0.7828344106674194
2019-01-30 14:02:14,268 - INFO: 5940: loss : 0.768807053565979
2019-01-30 14:02:18,380 - INFO: 5960: loss : 0.8286487460136414
2019-01-30 14:02:22,549 - INFO: 5980: loss : 0.782366156578064
2019-01-30 14:02:26,703 - INFO: 6000: loss : 0.7369505167007446
2019-01-30 14:02:30,908 - INFO: 6020: loss : 0.7945505380630493
2019-01-30 14:02:35,006 - INFO: 6040: loss : 0.7916473746299744
2019-01-30 14:02:39,151 - INFO: 6060: loss : 0.8086708784103394
2019-01-30 14:02:43,308 - INFO: 6080: loss : 0.8655581474304199
2019-01-30 14:02:47,472 - INFO: 6100: loss : 0.7845748066902161
2019-01-30 14:02:51,576 - INFO: 6120: loss : 0.749502420425415
2019-01-30 14:02:55,574 - INFO: 6140: loss : 0.7754273414611816
2019-01-30 14:02:59,756 - INFO: 6160: loss : 0.8041747808456421
2019-01-30 14:03:03,888 - INFO: 6180: loss : 0.848214328289032
2019-01-30 14:03:08,009 - INFO: 6200: loss : 0.7350037693977356
2019-01-30 14:03:12,136 - INFO: 6220: loss : 0.8157921433448792
2019-01-30 14:03:16,278 - INFO: 6240: loss : 0.7105189561843872
2019-01-30 14:03:20,398 - INFO: 6260: loss : 0.7704644799232483
2019-01-30 14:03:24,536 - INFO: 6280: loss : 0.8318606019020081
2019-01-30 14:03:28,700 - INFO: 6300: loss : 0.8668649196624756
2019-01-30 14:03:32,818 - INFO: 6320: loss : 0.8196012377738953
2019-01-30 14:03:36,994 - INFO: 6340: loss : 0.8371319770812988
2019-01-30 14:03:41,154 - INFO: 6360: loss : 0.768949568271637
2019-01-30 14:03:45,315 - INFO: 6380: loss : 0.8055294752120972
2019-01-30 14:03:49,462 - INFO: 6400: loss : 0.7978203296661377
2019-01-30 14:03:53,609 - INFO: 6420: loss : 0.7845558524131775
2019-01-30 14:03:57,738 - INFO: 6440: loss : 0.7852031588554382
2019-01-30 14:04:01,877 - INFO: 6460: loss : 0.8831480741500854
2019-01-30 14:04:06,022 - INFO: 6480: loss : 0.838183581829071
2019-01-30 14:04:10,168 - INFO: 6500: loss : 0.8461819887161255
2019-01-30 14:04:14,287 - INFO: 6520: loss : 0.8660672307014465
2019-01-30 14:04:18,412 - INFO: 6540: loss : 0.8346301317214966
2019-01-30 14:04:22,578 - INFO: 6560: loss : 0.7913512587547302
2019-01-30 14:04:26,728 - INFO: 6580: loss : 0.8845416903495789
2019-01-30 14:04:30,911 - INFO: 6600: loss : 0.7771534323692322
2019-01-30 14:04:35,096 - INFO: 6620: loss : 0.7933940291404724
2019-01-30 14:04:39,258 - INFO: 6640: loss : 0.8131047487258911
2019-01-30 14:04:43,417 - INFO: 6660: loss : 0.7136741876602173
2019-01-30 14:04:47,545 - INFO: 6680: loss : 0.7541171312332153
2019-01-30 14:04:51,682 - INFO: 6700: loss : 0.8279324173927307
2019-01-30 14:04:55,776 - INFO: 6720: loss : 0.7136859893798828
2019-01-30 14:04:59,901 - INFO: 6740: loss : 0.6998679041862488
2019-01-30 14:05:04,039 - INFO: 6760: loss : 0.8482657074928284
2019-01-30 14:05:08,136 - INFO: 6780: loss : 0.7754300236701965
2019-01-30 14:05:12,295 - INFO: 6800: loss : 0.7434672117233276
2019-01-30 14:05:16,440 - INFO: 6820: loss : 0.7602961659431458
2019-01-30 14:05:20,572 - INFO: 6840: loss : 0.8341752290725708
2019-01-30 14:05:24,752 - INFO: 6860: loss : 0.715873658657074
2019-01-30 14:05:28,892 - INFO: 6880: loss : 0.7794119119644165
2019-01-30 14:05:33,071 - INFO: 6900: loss : 0.8011622428894043
2019-01-30 14:05:37,200 - INFO: 6920: loss : 0.7339591979980469
2019-01-30 14:05:41,318 - INFO: 6940: loss : 0.7189968228340149
2019-01-30 14:05:45,476 - INFO: 6960: loss : 0.7979843616485596
2019-01-30 14:05:49,641 - INFO: 6980: loss : 0.738100528717041
2019-01-30 14:05:53,805 - INFO: 7000: loss : 0.734442949295044
2019-01-30 14:05:58,012 - INFO: 7020: loss : 0.7490488886833191
2019-01-30 14:06:02,150 - INFO: 7040: loss : 0.7880637049674988
2019-01-30 14:06:06,285 - INFO: 7060: loss : 0.8022964000701904
2019-01-30 14:06:10,426 - INFO: 7080: loss : 0.8002515435218811
2019-01-30 14:06:14,574 - INFO: 7100: loss : 0.7737246155738831
2019-01-30 14:06:18,680 - INFO: 7120: loss : 0.9190037250518799
2019-01-30 14:06:22,883 - INFO: 7140: loss : 0.7746992707252502
2019-01-30 14:06:27,065 - INFO: 7160: loss : 0.8500956892967224
2019-01-30 14:06:31,150 - INFO: 7180: loss : 0.7765113711357117
2019-01-30 14:06:35,302 - INFO: 7200: loss : 0.7166798710823059
2019-01-30 14:06:39,439 - INFO: 7220: loss : 0.7497541308403015
2019-01-30 14:06:43,595 - INFO: 7240: loss : 0.7199041247367859
2019-01-30 14:06:47,764 - INFO: 7260: loss : 0.8415458798408508
2019-01-30 14:06:51,923 - INFO: 7280: loss : 0.8492748737335205
2019-01-30 14:06:56,071 - INFO: 7300: loss : 0.83661949634552
2019-01-30 14:07:00,203 - INFO: 7320: loss : 0.7038099765777588
2019-01-30 14:07:04,262 - INFO: 7340: loss : 0.7806243896484375
2019-01-30 14:07:08,399 - INFO: 7360: loss : 0.7617967128753662
2019-01-30 14:07:12,564 - INFO: 7380: loss : 0.7931106686592102
2019-01-30 14:07:16,702 - INFO: 7400: loss : 0.8441373109817505
2019-01-30 14:07:20,816 - INFO: 7420: loss : 0.7920244932174683
2019-01-30 14:07:24,922 - INFO: 7440: loss : 0.6668537855148315
2019-01-30 14:07:29,054 - INFO: 7460: loss : 0.7429154515266418
2019-01-30 14:07:33,087 - INFO: 7480: loss : 0.7459403276443481
2019-01-30 14:07:37,265 - INFO: 7500: loss : 0.7681689262390137
2019-01-30 14:07:41,413 - INFO: 7520: loss : 0.8587854504585266
2019-01-30 14:07:45,558 - INFO: 7540: loss : 0.8455237150192261
2019-01-30 14:07:49,739 - INFO: 7560: loss : 0.711534857749939
2019-01-30 14:07:53,921 - INFO: 7580: loss : 0.8165181279182434
2019-01-30 14:07:58,080 - INFO: 7600: loss : 0.8029754161834717
2019-01-30 14:08:02,238 - INFO: 7620: loss : 0.7698453664779663
2019-01-30 14:08:06,427 - INFO: 7640: loss : 0.6901246309280396
2019-01-30 14:08:10,569 - INFO: 7660: loss : 0.809725284576416
2019-01-30 14:08:14,761 - INFO: 7680: loss : 0.8483548164367676
2019-01-30 14:08:18,860 - INFO: 7700: loss : 0.8222408294677734
2019-01-30 14:08:22,985 - INFO: 7720: loss : 0.7880779504776001
2019-01-30 14:08:27,117 - INFO: 7740: loss : 0.8268895745277405
2019-01-30 14:08:31,269 - INFO: 7760: loss : 0.7430144548416138
2019-01-30 14:08:35,469 - INFO: 7780: loss : 0.759609043598175
2019-01-30 14:08:39,620 - INFO: 7800: loss : 0.8105099201202393
2019-01-30 14:08:43,774 - INFO: 7820: loss : 0.7389833927154541
2019-01-30 14:08:47,894 - INFO: 7840: loss : 0.9243369698524475
2019-01-30 14:08:52,080 - INFO: 7860: loss : 0.8229374289512634
2019-01-30 14:08:56,199 - INFO: 7880: loss : 0.7374832034111023
2019-01-30 14:09:00,383 - INFO: 7900: loss : 0.7879437804222107
2019-01-30 14:09:04,515 - INFO: 7920: loss : 0.7639816999435425
2019-01-30 14:09:08,635 - INFO: 7940: loss : 0.7678398489952087
2019-01-30 14:09:12,810 - INFO: 7960: loss : 0.7722985148429871
2019-01-30 14:09:16,980 - INFO: 7980: loss : 0.8050119280815125
2019-01-30 14:09:21,116 - INFO: 8000: loss : 0.805377721786499
2019-01-30 14:09:25,308 - INFO: 8020: loss : 0.7227857112884521
2019-01-30 14:09:29,438 - INFO: 8040: loss : 0.6821635961532593
2019-01-30 14:09:33,585 - INFO: 8060: loss : 0.7578458189964294
2019-01-30 14:09:37,723 - INFO: 8080: loss : 0.7983280420303345
2019-01-30 14:09:41,859 - INFO: 8100: loss : 0.7942903637886047
2019-01-30 14:09:46,032 - INFO: 8120: loss : 0.7420251369476318
2019-01-30 14:09:50,175 - INFO: 8140: loss : 0.7870705127716064
2019-01-30 14:09:54,336 - INFO: 8160: loss : 0.8426743745803833
2019-01-30 14:09:58,482 - INFO: 8180: loss : 0.8882323503494263
2019-01-30 14:10:02,556 - INFO: 8200: loss : 0.6861398220062256
2019-01-30 14:10:06,718 - INFO: 8220: loss : 0.8951129913330078
2019-01-30 14:10:10,909 - INFO: 8240: loss : 0.7827324271202087
2019-01-30 14:10:15,094 - INFO: 8260: loss : 0.7805072069168091
2019-01-30 14:10:19,249 - INFO: 8280: loss : 0.8061927556991577
2019-01-30 14:10:23,430 - INFO: 8300: loss : 0.7821854948997498
2019-01-30 14:10:27,576 - INFO: 8320: loss : 0.7600917220115662
2019-01-30 14:10:31,749 - INFO: 8340: loss : 0.6957388520240784
2019-01-30 14:10:35,901 - INFO: 8360: loss : 0.7189544439315796
2019-01-30 14:10:40,043 - INFO: 8380: loss : 0.815915048122406
2019-01-30 14:10:44,166 - INFO: 8400: loss : 0.7746759057044983
2019-01-30 14:10:48,306 - INFO: 8420: loss : 0.8621964454650879
2019-01-30 14:10:52,502 - INFO: 8440: loss : 0.714409351348877
2019-01-30 14:10:56,636 - INFO: 8460: loss : 0.7737247347831726
2019-01-30 14:11:00,818 - INFO: 8480: loss : 0.7043133974075317
2019-01-30 14:11:04,967 - INFO: 8500: loss : 0.8924813866615295
2019-01-30 14:11:09,156 - INFO: 8520: loss : 0.774458110332489
2019-01-30 14:11:13,281 - INFO: 8540: loss : 0.8797723054885864
2019-01-30 14:11:17,428 - INFO: 8560: loss : 0.7378536462783813
2019-01-30 14:11:21,583 - INFO: 8580: loss : 0.6975522637367249
2019-01-30 14:11:25,751 - INFO: 8600: loss : 0.7769002914428711
2019-01-30 14:11:29,931 - INFO: 8620: loss : 0.9177441596984863
2019-01-30 14:11:34,098 - INFO: 8640: loss : 0.8720476031303406
2019-01-30 14:11:38,274 - INFO: 8660: loss : 0.8184782266616821
2019-01-30 14:11:42,416 - INFO: 8680: loss : 0.7416297793388367
2019-01-30 14:11:46,564 - INFO: 8700: loss : 0.7972046732902527
2019-01-30 14:11:50,734 - INFO: 8720: loss : 0.7354087233543396
2019-01-30 14:11:54,906 - INFO: 8740: loss : 0.793433666229248
2019-01-30 14:11:59,079 - INFO: 8760: loss : 0.7557021379470825
2019-01-30 14:12:03,200 - INFO: 8780: loss : 0.8607861399650574
2019-01-30 14:12:07,294 - INFO: 8800: loss : 0.6878787875175476
2019-01-30 14:12:11,378 - INFO: 8820: loss : 0.7828998565673828
2019-01-30 14:12:15,542 - INFO: 8840: loss : 0.7573525309562683
2019-01-30 14:12:19,704 - INFO: 8860: loss : 0.8304712772369385
2019-01-30 14:12:23,844 - INFO: 8880: loss : 0.7594002485275269
2019-01-30 14:12:27,987 - INFO: 8900: loss : 0.8558124303817749
2019-01-30 14:12:32,158 - INFO: 8920: loss : 0.8280680179595947
2019-01-30 14:12:36,276 - INFO: 8940: loss : 0.7609091401100159
2019-01-30 14:12:40,448 - INFO: 8960: loss : 0.7448790073394775
2019-01-30 14:12:44,590 - INFO: 8980: loss : 0.82193922996521
2019-01-30 14:12:48,673 - INFO: 9000: loss : 0.7391461133956909
2019-01-30 14:12:52,806 - INFO: 9020: loss : 0.772614598274231
2019-01-30 14:12:56,998 - INFO: 9040: loss : 0.7527520656585693
2019-01-30 14:13:01,161 - INFO: 9060: loss : 0.8801524639129639
2019-01-30 14:13:05,322 - INFO: 9080: loss : 0.827385425567627
2019-01-30 14:13:09,480 - INFO: 9100: loss : 0.8375896215438843
2019-01-30 14:13:13,648 - INFO: 9120: loss : 0.8041553497314453
2019-01-30 14:13:17,804 - INFO: 9140: loss : 0.754173755645752
2019-01-30 14:13:21,957 - INFO: 9160: loss : 0.7870225310325623
2019-01-30 14:13:26,078 - INFO: 9180: loss : 0.7122283577919006
2019-01-30 14:13:30,250 - INFO: 9200: loss : 0.7360997796058655
2019-01-30 14:13:34,387 - INFO: 9220: loss : 0.8131377696990967
2019-01-30 14:13:38,422 - INFO: 9240: loss : 0.8161051273345947
2019-01-30 14:13:42,570 - INFO: 9260: loss : 0.7653164863586426
2019-01-30 14:13:46,729 - INFO: 9280: loss : 0.8294222950935364
2019-01-30 14:13:50,877 - INFO: 9300: loss : 0.798187792301178
2019-01-30 14:13:54,989 - INFO: 9320: loss : 0.7954484224319458
2019-01-30 14:13:59,138 - INFO: 9340: loss : 0.7454010248184204
2019-01-30 14:14:03,261 - INFO: 9360: loss : 0.7976721525192261
2019-01-30 14:14:07,444 - INFO: 9380: loss : 0.8375931978225708
2019-01-30 14:14:11,580 - INFO: 9400: loss : 0.7312328219413757
2019-01-30 14:14:15,727 - INFO: 9420: loss : 0.7596684694290161
2019-01-30 14:14:19,933 - INFO: 9440: loss : 0.8783979415893555
2019-01-30 14:14:24,100 - INFO: 9460: loss : 0.78363037109375
2019-01-30 14:14:28,238 - INFO: 9480: loss : 0.6800769567489624
2019-01-30 14:14:32,388 - INFO: 9500: loss : 0.7915298938751221
2019-01-30 14:14:36,580 - INFO: 9520: loss : 0.8628621697425842
2019-01-30 14:14:40,737 - INFO: 9540: loss : 0.77391517162323
2019-01-30 14:14:44,933 - INFO: 9560: loss : 0.74894779920578
2019-01-30 14:14:49,061 - INFO: 9580: loss : 0.7801881432533264
2019-01-30 14:14:53,214 - INFO: 9600: loss : 0.6687238812446594
2019-01-30 14:14:57,376 - INFO: 9620: loss : 0.834901750087738
2019-01-30 14:15:01,442 - INFO: 9640: loss : 0.7870109677314758
2019-01-30 14:15:05,633 - INFO: 9660: loss : 0.7629398107528687
2019-01-30 14:15:09,814 - INFO: 9680: loss : 0.8096204996109009
2019-01-30 14:15:13,977 - INFO: 9700: loss : 0.7481688857078552
2019-01-30 14:15:18,178 - INFO: 9720: loss : 0.697258710861206
2019-01-30 14:15:22,345 - INFO: 9740: loss : 0.7462419271469116
2019-01-30 14:15:26,466 - INFO: 9760: loss : 0.7360687255859375
2019-01-30 14:15:30,509 - INFO: 9780: loss : 0.7072510719299316
2019-01-30 14:15:34,688 - INFO: 9800: loss : 0.7254868745803833
2019-01-30 14:15:38,826 - INFO: 9820: loss : 0.7437552809715271
2019-01-30 14:15:42,980 - INFO: 9840: loss : 0.7343543767929077
2019-01-30 14:15:47,090 - INFO: 9860: loss : 0.8315854668617249
2019-01-30 14:15:51,254 - INFO: 9880: loss : 0.7055122256278992
2019-01-30 14:15:55,385 - INFO: 9900: loss : 0.8601603507995605
2019-01-30 14:15:59,565 - INFO: 9920: loss : 0.7246612906455994
2019-01-30 14:16:03,742 - INFO: 9940: loss : 0.8401599526405334
2019-01-30 14:16:07,919 - INFO: 9960: loss : 0.8325638771057129
2019-01-30 14:16:12,063 - INFO: 9980: loss : 0.7583710551261902
2019-01-30 14:16:16,196 - INFO: 10000: loss : 0.8544396162033081
2019-01-30 14:16:20,433 - INFO: 10020: loss : 0.6950339078903198
2019-01-30 14:16:24,578 - INFO: 10040: loss : 0.7215567231178284
2019-01-30 14:16:28,752 - INFO: 10060: loss : 0.8140344619750977
2019-01-30 14:16:32,897 - INFO: 10080: loss : 0.7978605628013611
2019-01-30 14:16:37,052 - INFO: 10100: loss : 0.7136781811714172
2019-01-30 14:16:41,225 - INFO: 10120: loss : 0.8142716288566589
2019-01-30 14:16:45,369 - INFO: 10140: loss : 0.7894457578659058
2019-01-30 14:16:49,466 - INFO: 10160: loss : 0.6673210263252258
2019-01-30 14:16:53,582 - INFO: 10180: loss : 0.6875903010368347
2019-01-30 14:16:57,699 - INFO: 10200: loss : 0.8474676609039307
2019-01-30 14:17:01,865 - INFO: 10220: loss : 0.8296642303466797
2019-01-30 14:17:06,004 - INFO: 10240: loss : 0.842485785484314
2019-01-30 14:17:10,195 - INFO: 10260: loss : 0.8600544333457947
2019-01-30 14:17:14,333 - INFO: 10280: loss : 0.6566113233566284
2019-01-30 14:17:18,515 - INFO: 10300: loss : 0.7939640879631042
2019-01-30 14:17:22,633 - INFO: 10320: loss : 0.7722246646881104
2019-01-30 14:17:26,794 - INFO: 10340: loss : 0.882621169090271
2019-01-30 14:17:30,992 - INFO: 10360: loss : 0.807865560054779
2019-01-30 14:17:35,129 - INFO: 10380: loss : 0.8847475051879883
2019-01-30 14:17:39,264 - INFO: 10400: loss : 0.823872447013855
2019-01-30 14:17:43,384 - INFO: 10420: loss : 0.8357237577438354
2019-01-30 14:17:47,524 - INFO: 10440: loss : 0.7013448476791382
2019-01-30 14:17:51,644 - INFO: 10460: loss : 0.7810907959938049
2019-01-30 14:17:55,796 - INFO: 10480: loss : 0.8253366351127625
2019-01-30 14:17:59,955 - INFO: 10500: loss : 0.8073112368583679
2019-01-30 14:18:04,114 - INFO: 10520: loss : 0.747259795665741
2019-01-30 14:18:08,252 - INFO: 10540: loss : 0.7906556725502014
2019-01-30 14:18:12,396 - INFO: 10560: loss : 0.7761064171791077
2019-01-30 14:18:16,603 - INFO: 10580: loss : 0.7160282135009766
2019-01-30 14:18:20,753 - INFO: 10600: loss : 0.8016476631164551
2019-01-30 14:18:24,872 - INFO: 10620: loss : 0.7259067296981812
2019-01-30 14:18:29,013 - INFO: 10640: loss : 0.748285174369812
2019-01-30 14:18:33,105 - INFO: 10660: loss : 0.8274087905883789
2019-01-30 14:18:37,160 - INFO: 10680: loss : 0.7496283650398254
2019-01-30 14:18:41,321 - INFO: 10700: loss : 0.8027611970901489
2019-01-30 14:18:45,469 - INFO: 10720: loss : 0.7906315326690674
2019-01-30 14:18:49,631 - INFO: 10740: loss : 0.7211180329322815
2019-01-30 14:18:53,802 - INFO: 10760: loss : 0.7263033390045166
2019-01-30 14:18:57,899 - INFO: 10780: loss : 0.7162277698516846
2019-01-30 14:19:02,022 - INFO: 10800: loss : 0.6745992302894592
2019-01-30 14:19:06,117 - INFO: 10820: loss : 0.702236533164978
2019-01-30 14:19:10,272 - INFO: 10840: loss : 0.803584098815918
2019-01-30 14:19:14,411 - INFO: 10860: loss : 0.8072645664215088
2019-01-30 14:19:18,560 - INFO: 10880: loss : 0.692872941493988
2019-01-30 14:19:22,670 - INFO: 10900: loss : 0.7409401535987854
2019-01-30 14:19:26,798 - INFO: 10920: loss : 0.7421430349349976
2019-01-30 14:19:30,962 - INFO: 10940: loss : 0.6801720261573792
2019-01-30 14:19:35,109 - INFO: 10960: loss : 0.7327104806900024
2019-01-30 14:19:39,293 - INFO: 10980: loss : 0.6614460945129395
2019-01-30 14:19:43,375 - INFO: 11000: loss : 0.7855973243713379
2019-01-30 14:19:47,549 - INFO: 11020: loss : 0.7426097989082336
2019-01-30 14:19:51,724 - INFO: 11040: loss : 0.7251837849617004
2019-01-30 14:19:55,882 - INFO: 11060: loss : 0.7158106565475464
2019-01-30 14:20:00,045 - INFO: 11080: loss : 0.7833719253540039
2019-01-30 14:20:04,195 - INFO: 11100: loss : 0.7781984210014343
2019-01-30 14:20:08,342 - INFO: 11120: loss : 0.7375330328941345
2019-01-30 14:20:12,472 - INFO: 11140: loss : 0.7639818787574768
2019-01-30 14:20:16,521 - INFO: 11160: loss : 0.6843701601028442
2019-01-30 14:20:20,633 - INFO: 11180: loss : 0.887313187122345
2019-01-30 14:20:24,693 - INFO: 11200: loss : 0.675258219242096
2019-01-30 14:20:28,773 - INFO: 11220: loss : 0.7356669902801514
2019-01-30 14:20:32,905 - INFO: 11240: loss : 0.7443462014198303
2019-01-30 14:20:37,059 - INFO: 11260: loss : 0.8301118016242981
2019-01-30 14:20:41,199 - INFO: 11280: loss : 0.7709693908691406
2019-01-30 14:20:45,323 - INFO: 11300: loss : 0.8285208940505981
2019-01-30 14:20:49,473 - INFO: 11320: loss : 0.7055017352104187
2019-01-30 14:20:53,616 - INFO: 11340: loss : 0.7680513858795166
2019-01-30 14:20:57,752 - INFO: 11360: loss : 0.7195323705673218
2019-01-30 14:21:01,902 - INFO: 11380: loss : 0.7478063106536865
2019-01-30 14:21:06,064 - INFO: 11400: loss : 0.7421604990959167
2019-01-30 14:21:10,167 - INFO: 11420: loss : 0.7505980134010315
2019-01-30 14:21:14,345 - INFO: 11440: loss : 0.7404152154922485
2019-01-30 14:21:18,533 - INFO: 11460: loss : 0.799251914024353
2019-01-30 14:21:22,715 - INFO: 11480: loss : 0.7506462335586548
2019-01-30 14:21:26,876 - INFO: 11500: loss : 0.700425922870636
2019-01-30 14:21:31,013 - INFO: 11520: loss : 0.7521565556526184
2019-01-30 14:21:35,188 - INFO: 11540: loss : 0.8694741129875183
2019-01-30 14:21:39,328 - INFO: 11560: loss : 0.6620744466781616
2019-01-30 14:21:43,476 - INFO: 11580: loss : 0.8316594362258911
2019-01-30 14:21:47,593 - INFO: 11600: loss : 0.7825562357902527
2019-01-30 14:21:51,699 - INFO: 11620: loss : 0.6925138831138611
2019-01-30 14:21:55,802 - INFO: 11640: loss : 0.7446572780609131
2019-01-30 14:21:59,971 - INFO: 11660: loss : 0.7629388570785522
2019-01-30 14:22:04,072 - INFO: 11680: loss : 0.8527394533157349
2019-01-30 14:22:08,270 - INFO: 11700: loss : 0.7995317578315735
2019-01-30 14:22:12,435 - INFO: 11720: loss : 0.7953162789344788
2019-01-30 14:22:16,596 - INFO: 11740: loss : 0.7730538845062256
2019-01-30 14:22:20,713 - INFO: 11760: loss : 0.7341457009315491
2019-01-30 14:22:24,847 - INFO: 11780: loss : 0.8845751881599426
2019-01-30 14:22:28,933 - INFO: 11800: loss : 0.7825301289558411
2019-01-30 14:22:33,097 - INFO: 11820: loss : 0.7753125429153442
2019-01-30 14:22:37,219 - INFO: 11840: loss : 0.7865807414054871
2019-01-30 14:22:41,282 - INFO: 11860: loss : 0.7373048663139343
2019-01-30 14:22:45,325 - INFO: 11880: loss : 0.8508423566818237
2019-01-30 14:22:49,464 - INFO: 11900: loss : 0.6974287629127502
2019-01-30 14:22:53,572 - INFO: 11920: loss : 0.7070597410202026
2019-01-30 14:22:57,685 - INFO: 11940: loss : 0.8665945529937744
2019-01-30 14:23:01,842 - INFO: 11960: loss : 0.8147745728492737
2019-01-30 14:23:06,001 - INFO: 11980: loss : 0.8188477754592896
2019-01-30 14:23:10,114 - INFO: 12000: loss : 0.7581230401992798
2019-01-30 14:23:14,295 - INFO: 12020: loss : 0.7734576463699341
2019-01-30 14:23:18,389 - INFO: 12040: loss : 0.7690253257751465
2019-01-30 14:23:22,540 - INFO: 12060: loss : 0.7145633101463318
2019-01-30 14:23:26,717 - INFO: 12080: loss : 0.862917959690094
2019-01-30 14:23:30,869 - INFO: 12100: loss : 0.8498049378395081
2019-01-30 14:23:34,980 - INFO: 12120: loss : 0.7897605299949646
2019-01-30 14:23:39,128 - INFO: 12140: loss : 0.8438751101493835
2019-01-30 14:23:43,233 - INFO: 12160: loss : 0.8158448338508606
2019-01-30 14:23:47,381 - INFO: 12180: loss : 0.7324271202087402
2019-01-30 14:23:51,541 - INFO: 12200: loss : 0.7906854748725891
2019-01-30 14:23:55,588 - INFO: 12220: loss : 0.6434805393218994
2019-01-30 14:23:59,682 - INFO: 12240: loss : 0.7715767025947571
2019-01-30 14:24:03,845 - INFO: 12260: loss : 0.7589030265808105
2019-01-30 14:24:08,013 - INFO: 12280: loss : 0.7973964214324951
2019-01-30 14:24:12,145 - INFO: 12300: loss : 0.8469733595848083
2019-01-30 14:24:16,308 - INFO: 12320: loss : 0.7442430257797241
2019-01-30 14:24:20,477 - INFO: 12340: loss : 0.8018690347671509
2019-01-30 14:24:24,635 - INFO: 12360: loss : 0.8154686689376831
2019-01-30 14:24:28,772 - INFO: 12380: loss : 0.8480622172355652
2019-01-30 14:24:32,942 - INFO: 12400: loss : 0.7626619935035706
2019-01-30 14:24:37,075 - INFO: 12420: loss : 0.7345395088195801
2019-01-30 14:24:41,149 - INFO: 12440: loss : 0.6834037899971008
2019-01-30 14:24:45,294 - INFO: 12460: loss : 0.7219481468200684
2019-01-30 14:24:49,452 - INFO: 12480: loss : 0.729137122631073
2019-01-30 14:24:53,578 - INFO: 12500: loss : 0.7779876589775085
2019-01-30 14:24:57,697 - INFO: 12520: loss : 0.7313746809959412
2019-01-30 14:25:01,857 - INFO: 12540: loss : 0.7086293697357178
2019-01-30 14:25:05,990 - INFO: 12560: loss : 0.6958778500556946
2019-01-30 14:25:10,153 - INFO: 12580: loss : 0.7532778978347778
2019-01-30 14:25:14,353 - INFO: 12600: loss : 0.7451799511909485
2019-01-30 14:25:18,512 - INFO: 12620: loss : 0.795719563961029
2019-01-30 14:25:22,658 - INFO: 12640: loss : 0.7665894031524658
2019-01-30 14:25:26,808 - INFO: 12660: loss : 0.7442976832389832
2019-01-30 14:25:30,946 - INFO: 12680: loss : 0.8151315450668335
2019-01-30 14:25:35,075 - INFO: 12700: loss : 0.7907067537307739
2019-01-30 14:25:39,258 - INFO: 12720: loss : 0.7158064246177673
2019-01-30 14:25:43,386 - INFO: 12740: loss : 0.7561065554618835
2019-01-30 14:25:47,528 - INFO: 12760: loss : 0.6675572395324707
2019-01-30 14:25:51,714 - INFO: 12780: loss : 0.7390421032905579
2019-01-30 14:25:55,869 - INFO: 12800: loss : 0.7779786586761475
2019-01-30 14:26:00,040 - INFO: 12820: loss : 0.8944116830825806
2019-01-30 14:26:04,195 - INFO: 12840: loss : 0.7358546257019043
2019-01-30 14:26:08,354 - INFO: 12860: loss : 0.7911912798881531
2019-01-30 14:26:12,527 - INFO: 12880: loss : 0.69585120677948
2019-01-30 14:26:16,681 - INFO: 12900: loss : 0.7617689967155457
2019-01-30 14:26:20,803 - INFO: 12920: loss : 0.8281283378601074
2019-01-30 14:26:24,992 - INFO: 12940: loss : 0.7102028727531433
2019-01-30 14:26:29,189 - INFO: 12960: loss : 0.7475382685661316
2019-01-30 14:26:33,327 - INFO: 12980: loss : 0.8321148157119751
2019-01-30 14:26:37,465 - INFO: 13000: loss : 0.6742298007011414
2019-01-30 14:26:41,640 - INFO: 13020: loss : 0.7625463008880615
2019-01-30 14:26:45,785 - INFO: 13040: loss : 0.7942566275596619
2019-01-30 14:26:49,893 - INFO: 13060: loss : 0.7936076521873474
2019-01-30 14:26:54,036 - INFO: 13080: loss : 0.7972355484962463
2019-01-30 14:26:58,199 - INFO: 13100: loss : 0.7595986723899841
2019-01-30 14:27:02,407 - INFO: 13120: loss : 0.736410915851593
2019-01-30 14:27:06,585 - INFO: 13140: loss : 0.7485121488571167
2019-01-30 14:27:10,766 - INFO: 13160: loss : 0.7903470396995544
2019-01-30 14:27:14,921 - INFO: 13180: loss : 0.7687783241271973
2019-01-30 14:27:18,941 - INFO: 13200: loss : 0.692486047744751
2019-01-30 14:27:23,104 - INFO: 13220: loss : 0.7988840341567993
2019-01-30 14:27:27,258 - INFO: 13240: loss : 0.764308750629425
2019-01-30 14:27:31,428 - INFO: 13260: loss : 0.7697544693946838
2019-01-30 14:27:35,569 - INFO: 13280: loss : 0.7981047630310059
2019-01-30 14:27:39,744 - INFO: 13300: loss : 0.6065037250518799
2019-01-30 14:27:43,926 - INFO: 13320: loss : 0.7687139511108398
2019-01-30 14:27:48,045 - INFO: 13340: loss : 0.6938207745552063
2019-01-30 14:27:52,193 - INFO: 13360: loss : 0.7784422636032104
2019-01-30 14:27:56,364 - INFO: 13380: loss : 0.7749360799789429
2019-01-30 14:28:00,457 - INFO: 13400: loss : 0.6858033537864685
2019-01-30 14:28:04,567 - INFO: 13420: loss : 0.7400704622268677
2019-01-30 14:28:08,732 - INFO: 13440: loss : 0.7852058410644531
2019-01-30 14:28:12,921 - INFO: 13460: loss : 0.7599993348121643
2019-01-30 14:28:17,118 - INFO: 13480: loss : 0.6814097166061401
2019-01-30 14:28:21,268 - INFO: 13500: loss : 0.686852216720581
2019-01-30 14:28:25,434 - INFO: 13520: loss : 0.6355364322662354
2019-01-30 14:28:29,597 - INFO: 13540: loss : 0.8889651894569397
2019-01-30 14:28:33,763 - INFO: 13560: loss : 0.7095437049865723
2019-01-30 14:28:37,903 - INFO: 13580: loss : 0.6541653871536255
2019-01-30 14:28:42,072 - INFO: 13600: loss : 0.6477870941162109
2019-01-30 14:28:46,229 - INFO: 13620: loss : 0.7162876725196838
2019-01-30 14:28:50,403 - INFO: 13640: loss : 0.804985761642456
2019-01-30 14:28:54,555 - INFO: 13660: loss : 0.7468570470809937
2019-01-30 14:28:58,672 - INFO: 13680: loss : 0.7342817783355713
2019-01-30 14:29:02,860 - INFO: 13700: loss : 0.7952235341072083
2019-01-30 14:29:07,011 - INFO: 13720: loss : 0.7291663289070129
2019-01-30 14:29:11,193 - INFO: 13740: loss : 0.7026129364967346
2019-01-30 14:29:15,334 - INFO: 13760: loss : 0.8084166646003723
2019-01-30 14:29:19,479 - INFO: 13780: loss : 0.7687463164329529
2019-01-30 14:29:23,660 - INFO: 13800: loss : 0.7989786863327026
2019-01-30 14:29:27,804 - INFO: 13820: loss : 0.7130607962608337
2019-01-30 14:29:31,992 - INFO: 13840: loss : 0.6793073415756226
2019-01-30 14:29:36,117 - INFO: 13860: loss : 0.785515546798706
2019-01-30 14:29:40,221 - INFO: 13880: loss : 0.6372682452201843
2019-01-30 14:29:44,314 - INFO: 13900: loss : 0.934992253780365
2019-01-30 14:29:48,480 - INFO: 13920: loss : 0.743207573890686
2019-01-30 14:29:52,637 - INFO: 13940: loss : 0.7580040097236633
2019-01-30 14:29:56,771 - INFO: 13960: loss : 0.7284894585609436
2019-01-30 14:30:00,943 - INFO: 13980: loss : 0.7785181999206543
2019-01-30 14:30:05,048 - INFO: 14000: loss : 0.789764404296875
2019-01-30 14:30:09,243 - INFO: 14020: loss : 0.7125616073608398
2019-01-30 14:30:13,380 - INFO: 14040: loss : 0.6794388294219971
2019-01-30 14:30:17,415 - INFO: 14060: loss : 0.6999248266220093
2019-01-30 14:30:21,561 - INFO: 14080: loss : 0.8446978330612183
2019-01-30 14:30:25,726 - INFO: 14100: loss : 0.8535958528518677
2019-01-30 14:30:29,871 - INFO: 14120: loss : 0.8644694089889526
2019-01-30 14:30:34,011 - INFO: 14140: loss : 0.7494823932647705
2019-01-30 14:30:38,125 - INFO: 14160: loss : 0.7787708044052124
2019-01-30 14:30:42,139 - INFO: 14180: loss : 0.6228025555610657
2019-01-30 14:30:46,299 - INFO: 14200: loss : 0.7814759016036987
2019-01-30 14:30:50,485 - INFO: 14220: loss : 0.7323148846626282
2019-01-30 14:30:54,681 - INFO: 14240: loss : 0.7534528970718384
2019-01-30 14:30:58,812 - INFO: 14260: loss : 0.800665557384491
2019-01-30 14:31:02,990 - INFO: 14280: loss : 0.8965902328491211
2019-01-30 14:31:07,166 - INFO: 14300: loss : 0.7103611826896667
2019-01-30 14:31:11,279 - INFO: 14320: loss : 0.692497730255127
2019-01-30 14:31:15,428 - INFO: 14340: loss : 0.6519812941551208
2019-01-30 14:31:19,539 - INFO: 14360: loss : 0.8270021677017212
2019-01-30 14:31:23,656 - INFO: 14380: loss : 0.7607687711715698
2019-01-30 14:31:27,799 - INFO: 14400: loss : 0.7570759057998657
2019-01-30 14:31:31,930 - INFO: 14420: loss : 0.8361307978630066
2019-01-30 14:31:36,077 - INFO: 14440: loss : 0.7831954956054688
2019-01-30 14:31:40,196 - INFO: 14460: loss : 0.836448609828949
2019-01-30 14:31:44,343 - INFO: 14480: loss : 0.7796356678009033
2019-01-30 14:31:48,475 - INFO: 14500: loss : 0.7695180773735046
2019-01-30 14:31:52,597 - INFO: 14520: loss : 0.8117073774337769
2019-01-30 14:31:56,743 - INFO: 14540: loss : 0.7482632398605347
2019-01-30 14:32:00,888 - INFO: 14560: loss : 0.7458865642547607
2019-01-30 14:32:05,017 - INFO: 14580: loss : 0.8101310729980469
2019-01-30 14:32:09,199 - INFO: 14600: loss : 0.7695844173431396
2019-01-30 14:32:13,330 - INFO: 14620: loss : 0.7096195220947266
2019-01-30 14:32:17,446 - INFO: 14640: loss : 0.7520187497138977
2019-01-30 14:32:21,568 - INFO: 14660: loss : 0.8261759281158447
2019-01-30 14:32:25,700 - INFO: 14680: loss : 0.829059362411499
2019-01-30 14:32:29,833 - INFO: 14700: loss : 0.8318137526512146
2019-01-30 14:32:33,995 - INFO: 14720: loss : 0.7509025931358337
2019-01-30 14:32:38,178 - INFO: 14740: loss : 0.6402981877326965
2019-01-30 14:32:42,414 - INFO: 14760: loss : 0.8356845378875732
2019-01-30 14:32:46,623 - INFO: 14780: loss : 0.6915653347969055
2019-01-30 14:32:50,888 - INFO: 14800: loss : 0.7287700772285461
2019-01-30 14:32:55,103 - INFO: 14820: loss : 0.7464456558227539
2019-01-30 14:32:59,254 - INFO: 14840: loss : 0.8284796476364136
2019-01-30 14:33:03,426 - INFO: 14860: loss : 0.8568434119224548
2019-01-30 14:33:07,616 - INFO: 14880: loss : 0.8326303958892822
2019-01-30 14:33:11,770 - INFO: 14900: loss : 0.7482423782348633
2019-01-30 14:33:15,926 - INFO: 14920: loss : 0.7429117560386658
2019-01-30 14:33:20,117 - INFO: 14940: loss : 0.8713209629058838
2019-01-30 14:33:24,312 - INFO: 14960: loss : 0.7135293483734131
2019-01-30 14:33:28,453 - INFO: 14980: loss : 0.8315823078155518
2019-01-30 14:33:32,581 - INFO: 15000: loss : 0.7529405951499939
2019-01-30 14:33:36,759 - INFO: 15020: loss : 0.7885438203811646
2019-01-30 14:33:40,939 - INFO: 15040: loss : 0.8637707233428955
2019-01-30 14:33:45,092 - INFO: 15060: loss : 0.7100727558135986
2019-01-30 14:33:49,238 - INFO: 15080: loss : 0.860350489616394
2019-01-30 14:33:53,343 - INFO: 15100: loss : 0.7563530206680298
2019-01-30 14:33:57,506 - INFO: 15120: loss : 0.7071490287780762
2019-01-30 14:34:01,667 - INFO: 15140: loss : 0.7062911987304688
2019-01-30 14:34:05,804 - INFO: 15160: loss : 0.7539204359054565
2019-01-30 14:34:09,956 - INFO: 15180: loss : 0.8807628750801086
2019-01-30 14:34:14,092 - INFO: 15200: loss : 0.7188610434532166
2019-01-30 14:34:18,263 - INFO: 15220: loss : 0.777053952217102
2019-01-30 14:34:22,395 - INFO: 15240: loss : 0.7174822092056274
2019-01-30 14:34:26,534 - INFO: 15260: loss : 0.7812635898590088
2019-01-30 14:34:30,690 - INFO: 15280: loss : 0.679566502571106
2019-01-30 14:34:34,861 - INFO: 15300: loss : 0.7796695828437805
2019-01-30 14:34:39,014 - INFO: 15320: loss : 0.8183697462081909
2019-01-30 14:34:43,150 - INFO: 15340: loss : 0.7534393668174744
2019-01-30 14:34:47,300 - INFO: 15360: loss : 0.6875009536743164
2019-01-30 14:34:51,475 - INFO: 15380: loss : 0.9423305988311768
2019-01-30 14:34:55,669 - INFO: 15400: loss : 0.7669337391853333
2019-01-30 14:34:59,796 - INFO: 15420: loss : 0.738548994064331
2019-01-30 14:35:03,937 - INFO: 15440: loss : 0.8203227519989014
2019-01-30 14:35:08,107 - INFO: 15460: loss : 0.7065709233283997
2019-01-30 14:35:12,246 - INFO: 15480: loss : 0.6671593189239502
2019-01-30 14:35:16,372 - INFO: 15500: loss : 0.7672399282455444
2019-01-30 14:35:20,534 - INFO: 15520: loss : 0.7332776188850403
2019-01-30 14:35:24,712 - INFO: 15540: loss : 0.8353728652000427
2019-01-30 14:35:28,848 - INFO: 15560: loss : 0.736911416053772
2019-01-30 14:35:32,978 - INFO: 15580: loss : 0.8518473505973816
2019-01-30 14:35:37,124 - INFO: 15600: loss : 0.6953153610229492
2019-01-30 14:35:41,258 - INFO: 15620: loss : 0.7362349629402161
2019-01-30 14:35:45,392 - INFO: 15640: loss : 0.7674131989479065
2019-01-30 14:35:49,545 - INFO: 15660: loss : 0.7764853835105896
2019-01-30 14:35:53,743 - INFO: 15680: loss : 0.6962774991989136
2019-01-30 14:35:57,890 - INFO: 15700: loss : 0.781985342502594
2019-01-30 14:36:02,075 - INFO: 15720: loss : 0.8178342580795288
2019-01-30 14:36:06,226 - INFO: 15740: loss : 0.7843378782272339
2019-01-30 14:36:10,419 - INFO: 15760: loss : 0.9321610927581787
2019-01-30 14:36:14,574 - INFO: 15780: loss : 0.7296111583709717
2019-01-30 14:36:18,725 - INFO: 15800: loss : 0.7661722302436829
2019-01-30 14:36:22,896 - INFO: 15820: loss : 0.6849363446235657
2019-01-30 14:36:27,049 - INFO: 15840: loss : 0.8072160482406616
2019-01-30 14:36:31,216 - INFO: 15860: loss : 0.7201260924339294
2019-01-30 14:36:35,386 - INFO: 15880: loss : 0.7913235425949097
2019-01-30 14:36:39,492 - INFO: 15900: loss : 0.7834991812705994
2019-01-30 14:36:43,668 - INFO: 15920: loss : 0.7900188565254211
2019-01-30 14:36:47,836 - INFO: 15940: loss : 0.8290167450904846
2019-01-30 14:36:52,001 - INFO: 15960: loss : 0.7359543442726135
2019-01-30 14:36:56,170 - INFO: 15980: loss : 0.7344999313354492
2019-01-30 14:37:00,334 - INFO: 16000: loss : 0.8203588128089905
2019-01-30 14:37:04,565 - INFO: 16020: loss : 0.7781640887260437
2019-01-30 14:37:08,731 - INFO: 16040: loss : 0.7479181885719299
2019-01-30 14:37:12,896 - INFO: 16060: loss : 0.712306797504425
2019-01-30 14:37:17,048 - INFO: 16080: loss : 0.7220025658607483
2019-01-30 14:37:21,168 - INFO: 16100: loss : 0.7623019218444824
2019-01-30 14:37:25,316 - INFO: 16120: loss : 0.8041577339172363
2019-01-30 14:37:29,503 - INFO: 16140: loss : 0.818504273891449
2019-01-30 14:37:33,520 - INFO: 16160: loss : 0.6307179927825928
2019-01-30 14:37:37,666 - INFO: 16180: loss : 0.7530492544174194
2019-01-30 14:37:41,813 - INFO: 16200: loss : 0.7618349194526672
2019-01-30 14:37:45,938 - INFO: 16220: loss : 0.788480281829834
2019-01-30 14:37:50,123 - INFO: 16240: loss : 0.739237368106842
2019-01-30 14:37:54,266 - INFO: 16260: loss : 0.732850193977356
2019-01-30 14:37:58,447 - INFO: 16280: loss : 0.7169874906539917
2019-01-30 14:38:02,588 - INFO: 16300: loss : 0.9313921928405762
2019-01-30 14:38:06,796 - INFO: 16320: loss : 0.7429804801940918
2019-01-30 14:38:10,980 - INFO: 16340: loss : 0.8427165746688843
2019-01-30 14:38:15,127 - INFO: 16360: loss : 0.7251119613647461
2019-01-30 14:38:19,340 - INFO: 16380: loss : 0.7210566401481628
2019-01-30 14:38:23,555 - INFO: 16400: loss : 0.8624534010887146
2019-01-30 14:38:27,759 - INFO: 16420: loss : 0.6911221146583557
2019-01-30 14:38:31,900 - INFO: 16440: loss : 0.7532407641410828
2019-01-30 14:38:36,085 - INFO: 16460: loss : 0.7764296531677246
2019-01-30 14:38:40,242 - INFO: 16480: loss : 0.7772130370140076
2019-01-30 14:38:44,419 - INFO: 16500: loss : 0.7916952967643738
2019-01-30 14:38:48,613 - INFO: 16520: loss : 0.6793606281280518
2019-01-30 14:38:52,738 - INFO: 16540: loss : 0.6769917607307434
2019-01-30 14:38:56,844 - INFO: 16560: loss : 0.7447879314422607
2019-01-30 14:39:01,024 - INFO: 16580: loss : 0.729292631149292
2019-01-30 14:39:05,213 - INFO: 16600: loss : 0.8018980622291565
2019-01-30 14:39:09,404 - INFO: 16620: loss : 0.7502443790435791
2019-01-30 14:39:13,560 - INFO: 16640: loss : 0.7271756529808044
2019-01-30 14:39:17,717 - INFO: 16660: loss : 0.8534696102142334
2019-01-30 14:39:21,845 - INFO: 16680: loss : 0.7171652317047119
2019-01-30 14:39:25,850 - INFO: 16700: loss : 0.7485449910163879
2019-01-30 14:39:30,097 - INFO: 16720: loss : 0.785335123538971
2019-01-30 14:39:34,360 - INFO: 16740: loss : 0.7257868051528931
2019-01-30 14:39:38,582 - INFO: 16760: loss : 0.6993691921234131
2019-01-30 14:39:42,825 - INFO: 16780: loss : 0.8829632997512817
2019-01-30 14:39:47,009 - INFO: 16800: loss : 0.77214515209198
2019-01-30 14:39:51,155 - INFO: 16820: loss : 0.6878965497016907
2019-01-30 14:39:55,338 - INFO: 16840: loss : 0.7217388153076172
2019-01-30 14:39:59,485 - INFO: 16860: loss : 0.8291330337524414
2019-01-30 14:40:03,660 - INFO: 16880: loss : 0.7913314700126648
2019-01-30 14:40:07,819 - INFO: 16900: loss : 0.7111039161682129
2019-01-30 14:40:11,988 - INFO: 16920: loss : 0.7896090149879456
2019-01-30 14:40:16,164 - INFO: 16940: loss : 0.6446632742881775
2019-01-30 14:40:20,269 - INFO: 16960: loss : 0.7630497813224792
2019-01-30 14:40:24,363 - INFO: 16980: loss : 0.8208259344100952
2019-01-30 14:40:28,506 - INFO: 17000: loss : 0.6953738927841187
2019-01-30 14:40:32,731 - INFO: 17020: loss : 0.815769612789154
2019-01-30 14:40:36,893 - INFO: 17040: loss : 0.8260060548782349
2019-01-30 14:40:41,051 - INFO: 17060: loss : 0.6687899231910706
2019-01-30 14:40:45,206 - INFO: 17080: loss : 0.6732827425003052
2019-01-30 14:40:49,365 - INFO: 17100: loss : 0.8000435829162598
2019-01-30 14:40:53,528 - INFO: 17120: loss : 0.7642508745193481
2019-01-30 14:40:57,617 - INFO: 17140: loss : 0.7480859160423279
2019-01-30 14:41:01,760 - INFO: 17160: loss : 0.849417507648468
2019-01-30 14:41:05,924 - INFO: 17180: loss : 0.7882311940193176
2019-01-30 14:41:10,079 - INFO: 17200: loss : 0.8180602192878723
2019-01-30 14:41:14,229 - INFO: 17220: loss : 0.8420881628990173
2019-01-30 14:41:18,388 - INFO: 17240: loss : 0.8075137138366699
2019-01-30 14:41:22,520 - INFO: 17260: loss : 0.6608737111091614
2019-01-30 14:41:26,585 - INFO: 17280: loss : 0.7375003099441528
2019-01-30 14:41:30,729 - INFO: 17300: loss : 0.6935148239135742
2019-01-30 14:41:34,885 - INFO: 17320: loss : 0.7130365371704102
2019-01-30 14:41:39,041 - INFO: 17340: loss : 0.7017099261283875
2019-01-30 14:41:43,215 - INFO: 17360: loss : 0.6416553258895874
2019-01-30 14:41:47,337 - INFO: 17380: loss : 0.8236088156700134
2019-01-30 14:41:51,499 - INFO: 17400: loss : 0.7346531748771667
2019-01-30 14:41:55,600 - INFO: 17420: loss : 0.716295599937439
2019-01-30 14:41:59,769 - INFO: 17440: loss : 0.8010302186012268
2019-01-30 14:42:03,917 - INFO: 17460: loss : 0.7191520929336548
2019-01-30 14:42:07,955 - INFO: 17480: loss : 0.6986199617385864
2019-01-30 14:42:12,120 - INFO: 17500: loss : 0.7295143604278564
2019-01-30 14:42:16,328 - INFO: 17520: loss : 0.8037770986557007
2019-01-30 14:42:20,480 - INFO: 17540: loss : 0.7508942484855652
2019-01-30 14:42:24,639 - INFO: 17560: loss : 0.7621256113052368
2019-01-30 14:42:28,809 - INFO: 17580: loss : 0.7088331580162048
2019-01-30 14:42:32,897 - INFO: 17600: loss : 0.8523834347724915
2019-01-30 14:42:37,070 - INFO: 17620: loss : 0.6590186357498169
2019-01-30 14:42:41,257 - INFO: 17640: loss : 0.7275583744049072
2019-01-30 14:42:45,408 - INFO: 17660: loss : 0.7114474177360535
2019-01-30 14:42:49,570 - INFO: 17680: loss : 0.8142836689949036
2019-01-30 14:42:53,711 - INFO: 17700: loss : 0.7665157914161682
2019-01-30 14:42:57,874 - INFO: 17720: loss : 0.7315676808357239
2019-01-30 14:43:02,031 - INFO: 17740: loss : 0.7497267723083496
2019-01-30 14:43:06,196 - INFO: 17760: loss : 0.7673625349998474
2019-01-30 14:43:10,352 - INFO: 17780: loss : 0.8250170350074768
2019-01-30 14:43:14,482 - INFO: 17800: loss : 0.793589174747467
2019-01-30 14:43:18,628 - INFO: 17820: loss : 0.8514263033866882
2019-01-30 14:43:22,772 - INFO: 17840: loss : 0.7911811470985413
2019-01-30 14:43:26,946 - INFO: 17860: loss : 0.7583454251289368
2019-01-30 14:43:31,024 - INFO: 17880: loss : 0.6642546057701111
2019-01-30 14:43:35,147 - INFO: 17900: loss : 0.7634791731834412
2019-01-30 14:43:39,322 - INFO: 17920: loss : 0.678178071975708
2019-01-30 14:43:43,511 - INFO: 17940: loss : 0.6815919876098633
2019-01-30 14:43:47,649 - INFO: 17960: loss : 0.7031016945838928
2019-01-30 14:43:51,836 - INFO: 17980: loss : 0.8729180097579956
2019-01-30 14:43:55,986 - INFO: 18000: loss : 0.7841238975524902
2019-01-30 14:44:00,091 - INFO: 18020: loss : 0.8629539012908936
2019-01-30 14:44:04,240 - INFO: 18040: loss : 0.8535321354866028
2019-01-30 14:44:08,249 - INFO: 18060: loss : 0.652524471282959
2019-01-30 14:44:12,437 - INFO: 18080: loss : 0.7425095438957214
2019-01-30 14:44:16,535 - INFO: 18100: loss : 0.70560622215271
2019-01-30 14:44:20,660 - INFO: 18120: loss : 0.7771831750869751
2019-01-30 14:44:24,806 - INFO: 18140: loss : 0.7084769606590271
2019-01-30 14:44:29,000 - INFO: 18160: loss : 0.8769326210021973
2019-01-30 14:44:33,205 - INFO: 18180: loss : 0.8037768006324768
2019-01-30 14:44:37,329 - INFO: 18200: loss : 0.7986656427383423
2019-01-30 14:44:41,509 - INFO: 18220: loss : 0.725005567073822
2019-01-30 14:44:45,613 - INFO: 18240: loss : 0.7123422622680664
2019-01-30 14:44:49,767 - INFO: 18260: loss : 0.7012543678283691
2019-01-30 14:44:53,893 - INFO: 18280: loss : 0.7788612842559814
2019-01-30 14:44:58,085 - INFO: 18300: loss : 0.6875641345977783
2019-01-30 14:45:02,283 - INFO: 18320: loss : 0.6944500803947449
2019-01-30 14:45:06,455 - INFO: 18340: loss : 0.7916696667671204
2019-01-30 14:45:10,615 - INFO: 18360: loss : 0.7079272270202637
2019-01-30 14:45:14,748 - INFO: 18380: loss : 0.7806220054626465
2019-01-30 14:45:18,916 - INFO: 18400: loss : 0.775894045829773
2019-01-30 14:45:23,070 - INFO: 18420: loss : 0.8113776445388794
2019-01-30 14:45:27,225 - INFO: 18440: loss : 0.653197169303894
2019-01-30 14:45:31,273 - INFO: 18460: loss : 0.8108013272285461
2019-01-30 14:45:35,427 - INFO: 18480: loss : 0.6642853021621704
2019-01-30 14:45:39,598 - INFO: 18500: loss : 0.6855037212371826
2019-01-30 14:45:43,739 - INFO: 18520: loss : 0.7172820568084717
2019-01-30 14:45:47,844 - INFO: 18540: loss : 0.9311838746070862
2019-01-30 14:45:52,003 - INFO: 18560: loss : 0.7543681263923645
2019-01-30 14:45:56,102 - INFO: 18580: loss : 0.6893978714942932
2019-01-30 14:46:00,263 - INFO: 18600: loss : 0.6631787419319153
2019-01-30 14:46:04,407 - INFO: 18620: loss : 0.6258628368377686
2019-01-30 14:46:08,623 - INFO: 18640: loss : 0.7295619249343872
2019-01-30 14:46:12,760 - INFO: 18660: loss : 0.8202359080314636
2019-01-30 14:46:16,949 - INFO: 18680: loss : 0.7044693827629089
2019-01-30 14:46:21,141 - INFO: 18700: loss : 0.7375433444976807
2019-01-30 14:46:25,307 - INFO: 18720: loss : 0.7352458238601685
2019-01-30 14:46:29,479 - INFO: 18740: loss : 0.7407342195510864
2019-01-30 14:46:33,629 - INFO: 18760: loss : 0.8246827125549316
2019-01-30 14:46:37,796 - INFO: 18780: loss : 0.6703714728355408
2019-01-30 14:46:41,890 - INFO: 18800: loss : 0.7408272624015808
2019-01-30 14:46:46,040 - INFO: 18820: loss : 0.6843702793121338
2019-01-30 14:46:50,215 - INFO: 18840: loss : 0.814606785774231
2019-01-30 14:46:54,348 - INFO: 18860: loss : 0.713866114616394
2019-01-30 14:46:58,441 - INFO: 18880: loss : 0.7634115815162659
2019-01-30 14:47:02,639 - INFO: 18900: loss : 0.6484009623527527
2019-01-30 14:47:06,791 - INFO: 18920: loss : 0.7522917985916138
2019-01-30 14:47:10,920 - INFO: 18940: loss : 0.6896365284919739
2019-01-30 14:47:15,044 - INFO: 18960: loss : 0.6743603944778442
2019-01-30 14:47:19,179 - INFO: 18980: loss : 0.7670207023620605
2019-01-30 14:47:23,382 - INFO: 19000: loss : 0.80830979347229
2019-01-30 14:47:27,535 - INFO: 19020: loss : 0.6891838908195496
2019-01-30 14:47:31,663 - INFO: 19040: loss : 0.7142429351806641
2019-01-30 14:47:35,803 - INFO: 19060: loss : 0.7385421395301819
2019-01-30 14:47:39,936 - INFO: 19080: loss : 0.8687785863876343
2019-01-30 14:47:44,124 - INFO: 19100: loss : 0.7886088490486145
2019-01-30 14:47:48,323 - INFO: 19120: loss : 0.7142930030822754
2019-01-30 14:47:52,488 - INFO: 19140: loss : 0.6787161827087402
2019-01-30 14:47:56,641 - INFO: 19160: loss : 0.7514497637748718
2019-01-30 14:48:00,785 - INFO: 19180: loss : 0.6981330513954163
2019-01-30 14:48:04,950 - INFO: 19200: loss : 0.6563684940338135
2019-01-30 14:48:09,106 - INFO: 19220: loss : 0.808657705783844
2019-01-30 14:48:13,268 - INFO: 19240: loss : 0.7772727012634277
2019-01-30 14:48:17,447 - INFO: 19260: loss : 0.7505751848220825
2019-01-30 14:48:21,623 - INFO: 19280: loss : 0.7761370539665222
2019-01-30 14:48:25,779 - INFO: 19300: loss : 0.7840607762336731
2019-01-30 14:48:29,962 - INFO: 19320: loss : 0.7871613502502441
2019-01-30 14:48:34,146 - INFO: 19340: loss : 0.8545955419540405
2019-01-30 14:48:38,284 - INFO: 19360: loss : 0.7733581066131592
2019-01-30 14:48:42,438 - INFO: 19380: loss : 0.7301158905029297
2019-01-30 14:48:46,680 - INFO: 19400: loss : 0.7691352367401123
2019-01-30 14:48:50,887 - INFO: 19420: loss : 0.788771390914917
2019-01-30 14:48:55,049 - INFO: 19440: loss : 0.8561739921569824
2019-01-30 14:48:59,215 - INFO: 19460: loss : 0.7983443737030029
2019-01-30 14:49:03,383 - INFO: 19480: loss : 0.8032647967338562
2019-01-30 14:49:07,491 - INFO: 19500: loss : 0.7885133028030396
2019-01-30 14:49:11,593 - INFO: 19520: loss : 0.734048068523407
2019-01-30 14:49:15,742 - INFO: 19540: loss : 0.7496166825294495
2019-01-30 14:49:19,878 - INFO: 19560: loss : 0.7938783168792725
2019-01-30 14:49:24,033 - INFO: 19580: loss : 0.7642291784286499
2019-01-30 14:49:28,096 - INFO: 19600: loss : 0.7411460876464844
2019-01-30 14:49:32,106 - INFO: 19620: loss : 0.6760482788085938
2019-01-30 14:49:36,245 - INFO: 19640: loss : 0.7596507668495178
2019-01-30 14:49:40,426 - INFO: 19660: loss : 0.6784543991088867
2019-01-30 14:49:44,582 - INFO: 19680: loss : 0.74448162317276
2019-01-30 14:49:48,729 - INFO: 19700: loss : 0.6972894072532654
2019-01-30 14:49:52,884 - INFO: 19720: loss : 0.7005465626716614
2019-01-30 14:49:57,046 - INFO: 19740: loss : 0.8035714030265808
2019-01-30 14:50:01,219 - INFO: 19760: loss : 0.6710488200187683
2019-01-30 14:50:05,408 - INFO: 19780: loss : 0.7184647917747498
2019-01-30 14:50:09,566 - INFO: 19800: loss : 0.7364060878753662
2019-01-30 14:50:13,750 - INFO: 19820: loss : 0.8178396224975586
2019-01-30 14:50:17,841 - INFO: 19840: loss : 0.7485793828964233
2019-01-30 14:50:22,033 - INFO: 19860: loss : 0.8348144292831421
2019-01-30 14:50:26,106 - INFO: 19880: loss : 0.7396864295005798
2019-01-30 14:50:30,277 - INFO: 19900: loss : 0.7070053815841675
2019-01-30 14:50:34,503 - INFO: 19920: loss : 0.7031305432319641
2019-01-30 14:50:38,682 - INFO: 19940: loss : 0.7006929516792297
2019-01-30 14:50:42,841 - INFO: 19960: loss : 0.7266139388084412
2019-01-30 14:50:47,059 - INFO: 19980: loss : 0.713887095451355
