2019-02-07 16:17:43,591 - INFO: model output path model/trained_model_mini/tcn
2019-02-07 16:21:24,229 - INFO: model output path model/trained_model_mini/tcn
2019-02-07 16:23:00,472 - INFO: model output path model/trained_model_mini/tcn
2019-02-07 16:26:29,962 - INFO: model output path model/trained_model_mini/tcn
2019-02-07 16:26:32,337 - INFO: None
2019-02-07 16:26:32,338 - INFO: saving model in model/trained_model_mini/tcn/model.json
2019-02-07 16:26:32,406 - INFO: Iteration started
2019-02-07 16:28:00,165 - INFO: model output path model/trained_model_mini/tcn
2019-02-07 16:28:02,084 - INFO: None
2019-02-07 16:28:02,084 - INFO: saving model in model/trained_model_mini/tcn/model.json
2019-02-07 16:28:02,091 - INFO: Iteration started
2019-02-07 16:31:07,374 - INFO: model output path model/trained_model_mini/tcn
2019-02-07 16:31:09,347 - INFO: None
2019-02-07 16:31:09,347 - INFO: saving model in model/trained_model_mini/tcn/model.json
2019-02-07 16:31:09,355 - INFO: Iteration started
2019-02-07 16:31:26,310 - INFO: 20: loss : 1.0520175695419312
2019-02-07 16:31:31,034 - INFO: 40: loss : 1.0730701684951782
2019-02-07 16:31:35,779 - INFO: 60: loss : 1.1081405878067017
2019-02-07 16:31:40,497 - INFO: 80: loss : 1.089621901512146
2019-02-07 16:31:45,201 - INFO: 100: loss : 1.0500303506851196
2019-02-07 16:31:49,968 - INFO: 120: loss : 0.9292420148849487
2019-02-07 16:31:54,696 - INFO: 140: loss : 0.9242268204689026
2019-02-07 16:31:59,476 - INFO: 160: loss : 1.0489616394042969
2019-02-07 16:32:04,212 - INFO: 180: loss : 0.948773205280304
2019-02-07 16:32:08,953 - INFO: 200: loss : 0.920136034488678
2019-02-07 16:32:13,732 - INFO: 220: loss : 1.0343912839889526
2019-02-07 16:32:18,488 - INFO: 240: loss : 1.007728934288025
2019-02-07 16:32:23,276 - INFO: 260: loss : 1.0223172903060913
2019-02-07 16:32:28,133 - INFO: 280: loss : 1.063906192779541
2019-02-07 16:32:32,913 - INFO: 300: loss : 1.0885565280914307
2019-02-07 16:32:37,662 - INFO: 320: loss : 1.0692907571792603
2019-02-07 16:32:42,473 - INFO: 340: loss : 0.990563154220581
2019-02-07 16:32:47,273 - INFO: 360: loss : 0.9966537952423096
2019-02-07 16:32:52,035 - INFO: 380: loss : 1.0568211078643799
2019-02-07 16:32:56,731 - INFO: 400: loss : 0.7722548246383667
2019-02-07 16:33:01,475 - INFO: 420: loss : 0.6237019300460815
2019-02-07 16:33:06,271 - INFO: 440: loss : 0.6247938871383667
2019-02-07 16:33:11,030 - INFO: 460: loss : 0.9658467769622803
2019-02-07 16:33:15,787 - INFO: 480: loss : 0.7482775449752808
2019-02-07 16:33:20,526 - INFO: 500: loss : 0.674019992351532
2019-02-07 16:33:25,262 - INFO: 520: loss : 0.6045857667922974
2019-02-07 16:33:30,044 - INFO: 540: loss : 0.6699954271316528
2019-02-07 16:33:34,832 - INFO: 560: loss : 0.7212114334106445
2019-02-07 16:33:39,585 - INFO: 580: loss : 0.5305981040000916
2019-02-07 16:33:44,311 - INFO: 600: loss : 0.5777506232261658
2019-02-07 16:33:49,022 - INFO: 620: loss : 0.6575399041175842
2019-02-07 16:33:53,771 - INFO: 640: loss : 0.679733395576477
2019-02-07 16:33:58,529 - INFO: 660: loss : 0.5666630864143372
2019-02-07 16:34:03,302 - INFO: 680: loss : 0.5411644577980042
2019-02-07 16:34:08,079 - INFO: 700: loss : 0.7497866153717041
2019-02-07 16:34:12,819 - INFO: 720: loss : 0.7438186407089233
2019-02-07 16:34:17,600 - INFO: 740: loss : 0.7085670232772827
2019-02-07 16:34:22,349 - INFO: 760: loss : 0.7584892511367798
2019-02-07 16:34:27,115 - INFO: 780: loss : 0.6050650477409363
2019-02-07 16:34:31,861 - INFO: 800: loss : 0.5704354643821716
2019-02-07 16:34:36,641 - INFO: 820: loss : 0.5449589490890503
2019-02-07 16:34:41,426 - INFO: 840: loss : 0.682526171207428
2019-02-07 16:34:46,164 - INFO: 860: loss : 0.6122157573699951
2019-02-07 16:34:50,991 - INFO: 880: loss : 0.5297918319702148
2019-02-07 16:34:55,810 - INFO: 900: loss : 0.6465148329734802
2019-02-07 16:35:00,647 - INFO: 920: loss : 0.5040507912635803
2019-02-07 16:35:05,398 - INFO: 940: loss : 0.628818154335022
2019-02-07 16:35:10,162 - INFO: 960: loss : 0.6993008852005005
2019-02-07 16:35:14,975 - INFO: 980: loss : 0.7067220211029053
2019-02-07 16:35:19,790 - INFO: 1000: loss : 0.5344762802124023
2019-02-07 16:35:27,252 - INFO: 1020: loss : 0.4681243300437927
2019-02-07 16:35:32,045 - INFO: 1040: loss : 0.6380655765533447
2019-02-07 16:35:36,844 - INFO: 1060: loss : 0.7315472960472107
2019-02-07 16:35:41,659 - INFO: 1080: loss : 0.6439676284790039
2019-02-07 16:35:46,505 - INFO: 1100: loss : 0.5106820464134216
2019-02-07 16:35:51,360 - INFO: 1120: loss : 0.5675525069236755
2019-02-07 16:35:56,190 - INFO: 1140: loss : 0.6061371564865112
2019-02-07 16:36:00,992 - INFO: 1160: loss : 0.676624059677124
2019-02-07 16:36:05,807 - INFO: 1180: loss : 0.715067982673645
2019-02-07 16:36:10,588 - INFO: 1200: loss : 0.788977861404419
2019-02-07 16:36:15,393 - INFO: 1220: loss : 0.6437918543815613
2019-02-07 16:36:20,186 - INFO: 1240: loss : 0.772955596446991
2019-02-07 16:36:24,985 - INFO: 1260: loss : 0.5289776921272278
2019-02-07 16:36:29,744 - INFO: 1280: loss : 0.5258111357688904
2019-02-07 16:36:34,561 - INFO: 1300: loss : 0.4676899313926697
2019-02-07 16:36:39,315 - INFO: 1320: loss : 0.5695465803146362
2019-02-07 16:36:44,089 - INFO: 1340: loss : 0.5926686525344849
2019-02-07 16:36:48,934 - INFO: 1360: loss : 0.6345871686935425
2019-02-07 16:36:53,713 - INFO: 1380: loss : 0.5487143993377686
2019-02-07 16:36:58,477 - INFO: 1400: loss : 0.6078694462776184
2019-02-07 16:37:03,217 - INFO: 1420: loss : 0.5853270292282104
2019-02-07 16:37:07,999 - INFO: 1440: loss : 0.5035123229026794
2019-02-07 16:37:12,769 - INFO: 1460: loss : 0.5671185255050659
2019-02-07 16:37:17,561 - INFO: 1480: loss : 0.47052571177482605
2019-02-07 16:37:22,344 - INFO: 1500: loss : 0.39231598377227783
2019-02-07 16:37:27,138 - INFO: 1520: loss : 0.5814141035079956
2019-02-07 16:37:31,912 - INFO: 1540: loss : 0.6386085748672485
2019-02-07 16:37:36,690 - INFO: 1560: loss : 0.6490549445152283
2019-02-07 16:37:41,480 - INFO: 1580: loss : 0.605642557144165
2019-02-07 16:37:46,271 - INFO: 1600: loss : 0.6380388736724854
2019-02-07 16:37:51,110 - INFO: 1620: loss : 0.456425279378891
2019-02-07 16:37:55,863 - INFO: 1640: loss : 0.46516507863998413
2019-02-07 16:38:00,722 - INFO: 1660: loss : 0.5968621373176575
2019-02-07 16:38:05,517 - INFO: 1680: loss : 0.7330509424209595
2019-02-07 16:38:10,323 - INFO: 1700: loss : 0.6080358028411865
2019-02-07 16:38:15,118 - INFO: 1720: loss : 0.5938180088996887
2019-02-07 16:38:19,886 - INFO: 1740: loss : 0.5645759701728821
2019-02-07 16:38:24,655 - INFO: 1760: loss : 0.76197749376297
2019-02-07 16:38:29,430 - INFO: 1780: loss : 0.7541711330413818
2019-02-07 16:38:34,138 - INFO: 1800: loss : 0.7042484879493713
2019-02-07 16:38:38,904 - INFO: 1820: loss : 0.6297636032104492
2019-02-07 16:38:43,657 - INFO: 1840: loss : 0.6203900575637817
2019-02-07 16:38:48,450 - INFO: 1860: loss : 0.5461495518684387
2019-02-07 16:38:53,221 - INFO: 1880: loss : 0.6805241703987122
2019-02-07 16:38:58,019 - INFO: 1900: loss : 0.595219612121582
2019-02-07 16:39:02,832 - INFO: 1920: loss : 0.5072764754295349
2019-02-07 16:39:07,640 - INFO: 1940: loss : 0.5689260959625244
2019-02-07 16:39:12,464 - INFO: 1960: loss : 0.7439778447151184
2019-02-07 16:39:17,240 - INFO: 1980: loss : 0.5942553281784058
2019-02-07 16:39:22,020 - INFO: 2000: loss : 0.6522223353385925
2019-02-07 16:39:26,979 - INFO: 2020: loss : 0.6008101105690002
2019-02-07 16:39:31,776 - INFO: 2040: loss : 0.5214079022407532
2019-02-07 16:39:36,592 - INFO: 2060: loss : 0.6763316988945007
2019-02-07 16:39:41,487 - INFO: 2080: loss : 0.4510491192340851
2019-02-07 16:39:46,383 - INFO: 2100: loss : 0.6567552089691162
2019-02-07 16:39:51,231 - INFO: 2120: loss : 0.35178035497665405
2019-02-07 16:39:56,070 - INFO: 2140: loss : 0.6044129133224487
2019-02-07 16:40:00,852 - INFO: 2160: loss : 0.5033440589904785
2019-02-07 16:40:05,670 - INFO: 2180: loss : 0.5916299819946289
2019-02-07 16:40:10,477 - INFO: 2200: loss : 0.4911036491394043
2019-02-07 16:40:15,274 - INFO: 2220: loss : 0.64959716796875
2019-02-07 16:40:20,059 - INFO: 2240: loss : 0.5806109309196472
2019-02-07 16:40:24,958 - INFO: 2260: loss : 0.5132540464401245
2019-02-07 16:40:29,717 - INFO: 2280: loss : 0.5250744819641113
2019-02-07 16:40:34,516 - INFO: 2300: loss : 0.7133263945579529
2019-02-07 16:40:39,315 - INFO: 2320: loss : 0.4559827744960785
2019-02-07 16:40:44,139 - INFO: 2340: loss : 0.6672543287277222
2019-02-07 16:40:48,904 - INFO: 2360: loss : 0.4085649251937866
2019-02-07 16:40:53,717 - INFO: 2380: loss : 0.7128580808639526
2019-02-07 16:40:58,560 - INFO: 2400: loss : 0.5921392440795898
2019-02-07 16:41:03,404 - INFO: 2420: loss : 0.5372201204299927
2019-02-07 16:41:08,258 - INFO: 2440: loss : 0.5768226385116577
2019-02-07 16:41:13,070 - INFO: 2460: loss : 0.6732995510101318
2019-02-07 16:41:17,862 - INFO: 2480: loss : 0.5821380615234375
2019-02-07 16:41:22,667 - INFO: 2500: loss : 0.4631279706954956
2019-02-07 16:41:27,423 - INFO: 2520: loss : 0.6221306920051575
2019-02-07 16:41:32,260 - INFO: 2540: loss : 0.7034712433815002
2019-02-07 16:41:37,059 - INFO: 2560: loss : 0.46698129177093506
2019-02-07 16:41:41,833 - INFO: 2580: loss : 0.47713959217071533
2019-02-07 16:41:46,584 - INFO: 2600: loss : 0.5306576490402222
2019-02-07 16:41:51,406 - INFO: 2620: loss : 0.5034425854682922
2019-02-07 16:41:56,281 - INFO: 2640: loss : 0.5967559814453125
2019-02-07 16:42:01,193 - INFO: 2660: loss : 0.57398921251297
2019-02-07 16:42:06,021 - INFO: 2680: loss : 0.6637588739395142
2019-02-07 16:42:10,794 - INFO: 2700: loss : 0.6220076084136963
2019-02-07 16:42:15,625 - INFO: 2720: loss : 0.586760938167572
2019-02-07 16:42:20,448 - INFO: 2740: loss : 0.5278770327568054
2019-02-07 16:42:25,302 - INFO: 2760: loss : 0.4237261414527893
2019-02-07 16:42:30,118 - INFO: 2780: loss : 0.5503812432289124
2019-02-07 16:42:34,935 - INFO: 2800: loss : 0.5352875590324402
2019-02-07 16:42:39,862 - INFO: 2820: loss : 0.5268969535827637
2019-02-07 16:42:44,802 - INFO: 2840: loss : 0.5984715819358826
2019-02-07 16:42:49,593 - INFO: 2860: loss : 0.5639772415161133
2019-02-07 16:42:54,365 - INFO: 2880: loss : 0.5253257155418396
2019-02-07 16:42:59,171 - INFO: 2900: loss : 0.5106956958770752
2019-02-07 16:43:03,956 - INFO: 2920: loss : 0.3474493622779846
2019-02-07 16:43:08,737 - INFO: 2940: loss : 0.43802258372306824
2019-02-07 16:43:13,538 - INFO: 2960: loss : 0.37755292654037476
2019-02-07 16:43:18,356 - INFO: 2980: loss : 0.4874682128429413
2019-02-07 16:43:23,150 - INFO: 3000: loss : 0.48491472005844116
2019-02-07 16:43:28,071 - INFO: 3020: loss : 0.477049320936203
2019-02-07 16:43:32,840 - INFO: 3040: loss : 0.42652633786201477
2019-02-07 16:43:37,675 - INFO: 3060: loss : 0.46420586109161377
2019-02-07 16:43:42,481 - INFO: 3080: loss : 0.5169340968132019
2019-02-07 16:43:47,341 - INFO: 3100: loss : 0.49789416790008545
2019-02-07 16:43:52,214 - INFO: 3120: loss : 0.5847032070159912
2019-02-07 16:43:57,079 - INFO: 3140: loss : 0.48106732964515686
2019-02-07 16:44:01,950 - INFO: 3160: loss : 0.35773956775665283
2019-02-07 16:44:06,782 - INFO: 3180: loss : 0.32984787225723267
2019-02-07 16:44:11,670 - INFO: 3200: loss : 0.44280102849006653
2019-02-07 16:44:16,559 - INFO: 3220: loss : 0.5229689478874207
2019-02-07 16:44:21,469 - INFO: 3240: loss : 0.4044436812400818
2019-02-07 16:44:26,346 - INFO: 3260: loss : 0.3294268846511841
2019-02-07 16:44:31,183 - INFO: 3280: loss : 0.40974757075309753
2019-02-07 16:44:36,024 - INFO: 3300: loss : 0.49426478147506714
2019-02-07 16:44:40,914 - INFO: 3320: loss : 0.497749000787735
2019-02-07 16:44:45,778 - INFO: 3340: loss : 0.32373520731925964
2019-02-07 16:44:50,631 - INFO: 3360: loss : 0.4029883146286011
2019-02-07 16:44:55,466 - INFO: 3380: loss : 0.4573306441307068
2019-02-07 16:45:00,330 - INFO: 3400: loss : 0.374948114156723
2019-02-07 16:45:05,154 - INFO: 3420: loss : 0.5060344934463501
2019-02-07 16:45:10,020 - INFO: 3440: loss : 0.3878479599952698
2019-02-07 16:45:14,879 - INFO: 3460: loss : 0.3875066637992859
2019-02-07 16:45:19,720 - INFO: 3480: loss : 0.44612640142440796
2019-02-07 16:45:24,575 - INFO: 3500: loss : 0.3404780626296997
2019-02-07 16:45:29,400 - INFO: 3520: loss : 0.3304649293422699
2019-02-07 16:45:34,230 - INFO: 3540: loss : 0.35593923926353455
2019-02-07 16:45:39,120 - INFO: 3560: loss : 0.2864052355289459
2019-02-07 16:45:43,979 - INFO: 3580: loss : 0.4457763433456421
2019-02-07 16:45:48,802 - INFO: 3600: loss : 0.40681344270706177
2019-02-07 16:45:53,668 - INFO: 3620: loss : 0.4835658669471741
2019-02-07 16:45:58,515 - INFO: 3640: loss : 0.3419348895549774
2019-02-07 16:46:03,369 - INFO: 3660: loss : 0.2975360155105591
2019-02-07 16:46:08,186 - INFO: 3680: loss : 0.3581644296646118
2019-02-07 16:46:12,973 - INFO: 3700: loss : 0.27950069308280945
2019-02-07 16:46:17,781 - INFO: 3720: loss : 0.30668696761131287
2019-02-07 16:46:22,669 - INFO: 3740: loss : 0.39674389362335205
2019-02-07 16:46:27,549 - INFO: 3760: loss : 0.42205139994621277
2019-02-07 16:46:32,398 - INFO: 3780: loss : 0.46993547677993774
2019-02-07 16:46:37,227 - INFO: 3800: loss : 0.28335702419281006
2019-02-07 16:46:42,017 - INFO: 3820: loss : 0.3805009126663208
2019-02-07 16:46:46,799 - INFO: 3840: loss : 0.3433278501033783
2019-02-07 16:46:51,593 - INFO: 3860: loss : 0.30341532826423645
2019-02-07 16:46:56,424 - INFO: 3880: loss : 0.32138791680336
2019-02-07 16:47:01,208 - INFO: 3900: loss : 0.4721067547798157
2019-02-07 16:47:05,953 - INFO: 3920: loss : 0.34048399329185486
2019-02-07 16:47:10,744 - INFO: 3940: loss : 0.3802715837955475
2019-02-07 16:47:15,549 - INFO: 3960: loss : 0.4248940646648407
2019-02-07 16:47:20,335 - INFO: 3980: loss : 0.379942387342453
2019-02-07 16:47:25,122 - INFO: 4000: loss : 0.38828524947166443
2019-02-07 16:47:30,047 - INFO: 4020: loss : 0.3210921883583069
2019-02-07 16:47:34,831 - INFO: 4040: loss : 0.3523378074169159
2019-02-07 16:47:39,550 - INFO: 4060: loss : 0.3731490969657898
2019-02-07 16:47:44,321 - INFO: 4080: loss : 0.36193057894706726
2019-02-07 16:47:49,117 - INFO: 4100: loss : 0.4299485385417938
2019-02-07 16:47:53,921 - INFO: 4120: loss : 0.3075196444988251
2019-02-07 16:47:58,732 - INFO: 4140: loss : 0.34896427392959595
2019-02-07 16:48:03,531 - INFO: 4160: loss : 0.2536875307559967
2019-02-07 16:48:08,330 - INFO: 4180: loss : 0.37358468770980835
2019-02-07 16:48:13,156 - INFO: 4200: loss : 0.31330591440200806
2019-02-07 16:48:17,955 - INFO: 4220: loss : 0.23428060114383698
2019-02-07 16:48:22,759 - INFO: 4240: loss : 0.3508444130420685
2019-02-07 16:48:27,567 - INFO: 4260: loss : 0.38014671206474304
2019-02-07 16:48:32,380 - INFO: 4280: loss : 0.45441028475761414
2019-02-07 16:48:37,225 - INFO: 4300: loss : 0.32242706418037415
2019-02-07 16:48:42,072 - INFO: 4320: loss : 0.3239237070083618
2019-02-07 16:48:46,924 - INFO: 4340: loss : 0.34595876932144165
2019-02-07 16:48:51,776 - INFO: 4360: loss : 0.22725242376327515
2019-02-07 16:48:56,637 - INFO: 4380: loss : 0.23512808978557587
2019-02-07 16:49:01,472 - INFO: 4400: loss : 0.3007981479167938
2019-02-07 16:49:06,295 - INFO: 4420: loss : 0.23997993767261505
2019-02-07 16:49:11,108 - INFO: 4440: loss : 0.48213469982147217
2019-02-07 16:49:15,980 - INFO: 4460: loss : 0.3599154055118561
2019-02-07 16:49:20,797 - INFO: 4480: loss : 0.2510998845100403
2019-02-07 16:49:25,620 - INFO: 4500: loss : 0.3280464708805084
2019-02-07 16:49:30,442 - INFO: 4520: loss : 0.34537091851234436
2019-02-07 16:49:35,323 - INFO: 4540: loss : 0.32410958409309387
2019-02-07 16:49:40,248 - INFO: 4560: loss : 0.3723513185977936
2019-02-07 16:49:45,155 - INFO: 4580: loss : 0.43434396386146545
2019-02-07 16:49:49,950 - INFO: 4600: loss : 0.2835036814212799
2019-02-07 16:49:54,729 - INFO: 4620: loss : 0.3416900038719177
2019-02-07 16:49:59,505 - INFO: 4640: loss : 0.34317195415496826
2019-02-07 16:50:04,301 - INFO: 4660: loss : 0.2453678697347641
2019-02-07 16:50:09,106 - INFO: 4680: loss : 0.2507500946521759
2019-02-07 16:50:13,862 - INFO: 4700: loss : 0.3821346163749695
2019-02-07 16:50:18,669 - INFO: 4720: loss : 0.3099006116390228
2019-02-07 16:50:23,497 - INFO: 4740: loss : 0.2819975018501282
2019-02-07 16:50:28,303 - INFO: 4760: loss : 0.3459056615829468
2019-02-07 16:50:33,092 - INFO: 4780: loss : 0.4693247377872467
2019-02-07 16:50:37,888 - INFO: 4800: loss : 0.32398638129234314
2019-02-07 16:50:42,677 - INFO: 4820: loss : 0.3626578748226166
2019-02-07 16:50:47,539 - INFO: 4840: loss : 0.23266646265983582
2019-02-07 16:50:52,381 - INFO: 4860: loss : 0.5343049168586731
2019-02-07 16:50:57,267 - INFO: 4880: loss : 0.29142311215400696
2019-02-07 16:51:02,089 - INFO: 4900: loss : 0.33225059509277344
2019-02-07 16:51:06,930 - INFO: 4920: loss : 0.2651824653148651
2019-02-07 16:51:11,721 - INFO: 4940: loss : 0.2535131573677063
2019-02-07 16:51:16,571 - INFO: 4960: loss : 0.24043849110603333
2019-02-07 16:51:21,415 - INFO: 4980: loss : 0.35182684659957886
2019-02-07 16:51:26,238 - INFO: 5000: loss : 0.19166678190231323
2019-02-07 16:51:31,151 - INFO: 5020: loss : 0.27377256751060486
2019-02-07 16:51:35,955 - INFO: 5040: loss : 0.22016501426696777
2019-02-07 16:51:40,721 - INFO: 5060: loss : 0.23631693422794342
2019-02-07 16:51:45,510 - INFO: 5080: loss : 0.2710246741771698
2019-02-07 16:51:50,332 - INFO: 5100: loss : 0.2352672517299652
2019-02-07 16:51:55,136 - INFO: 5120: loss : 0.3090129494667053
2019-02-07 16:51:59,996 - INFO: 5140: loss : 0.3961719572544098
2019-02-07 16:52:04,857 - INFO: 5160: loss : 0.3969429135322571
2019-02-07 16:52:09,651 - INFO: 5180: loss : 0.3536834418773651
2019-02-07 16:52:14,521 - INFO: 5200: loss : 0.4342179596424103
2019-02-07 16:52:19,332 - INFO: 5220: loss : 0.248483344912529
2019-02-07 16:52:24,176 - INFO: 5240: loss : 0.23552431166172028
2019-02-07 16:52:28,994 - INFO: 5260: loss : 0.29135841131210327
2019-02-07 16:52:33,806 - INFO: 5280: loss : 0.3706607222557068
2019-02-07 16:52:38,679 - INFO: 5300: loss : 0.1736508309841156
2019-02-07 16:52:43,514 - INFO: 5320: loss : 0.2632467746734619
2019-02-07 16:52:48,378 - INFO: 5340: loss : 0.20782941579818726
2019-02-07 16:52:53,192 - INFO: 5360: loss : 0.25572437047958374
2019-02-07 16:52:58,054 - INFO: 5380: loss : 0.30396750569343567
2019-02-07 16:53:02,973 - INFO: 5400: loss : 0.2983171343803406
2019-02-07 16:53:07,845 - INFO: 5420: loss : 0.26312050223350525
2019-02-07 16:53:12,684 - INFO: 5440: loss : 0.42372024059295654
2019-02-07 16:53:17,502 - INFO: 5460: loss : 0.18234112858772278
2019-02-07 16:53:22,343 - INFO: 5480: loss : 0.26839950680732727
2019-02-07 16:53:27,158 - INFO: 5500: loss : 0.28008243441581726
2019-02-07 16:53:31,986 - INFO: 5520: loss : 0.26309534907341003
2019-02-07 16:53:36,794 - INFO: 5540: loss : 0.4154868423938751
2019-02-07 16:53:41,610 - INFO: 5560: loss : 0.33816206455230713
2019-02-07 16:53:46,434 - INFO: 5580: loss : 0.42394936084747314
2019-02-07 16:53:51,267 - INFO: 5600: loss : 0.21646204590797424
2019-02-07 16:53:56,082 - INFO: 5620: loss : 0.23753772675991058
2019-02-07 16:54:00,961 - INFO: 5640: loss : 0.23095491528511047
2019-02-07 16:54:05,813 - INFO: 5660: loss : 0.2931077182292938
2019-02-07 16:54:10,634 - INFO: 5680: loss : 0.14937475323677063
2019-02-07 16:54:15,413 - INFO: 5700: loss : 0.2614227533340454
2019-02-07 16:54:20,131 - INFO: 5720: loss : 0.2838180661201477
2019-02-07 16:54:24,781 - INFO: 5740: loss : 0.21932858228683472
2019-02-07 16:54:29,532 - INFO: 5760: loss : 0.19458116590976715
2019-02-07 16:54:34,353 - INFO: 5780: loss : 0.20757365226745605
2019-02-07 16:54:39,164 - INFO: 5800: loss : 0.3378795087337494
2019-02-07 16:54:43,966 - INFO: 5820: loss : 0.35243743658065796
2019-02-07 16:54:48,747 - INFO: 5840: loss : 0.25552329421043396
2019-02-07 16:54:53,555 - INFO: 5860: loss : 0.34642040729522705
2019-02-07 16:54:58,330 - INFO: 5880: loss : 0.27450618147850037
2019-02-07 16:55:03,148 - INFO: 5900: loss : 0.28004369139671326
2019-02-07 16:55:07,950 - INFO: 5920: loss : 0.3159700632095337
2019-02-07 16:55:12,750 - INFO: 5940: loss : 0.27336910367012024
2019-02-07 16:55:17,518 - INFO: 5960: loss : 0.2733265161514282
2019-02-07 16:55:22,282 - INFO: 5980: loss : 0.33550354838371277
2019-02-07 16:55:27,071 - INFO: 6000: loss : 0.3195768892765045
2019-02-07 16:55:31,993 - INFO: 6020: loss : 0.2506972849369049
2019-02-07 16:55:36,818 - INFO: 6040: loss : 0.2969668209552765
2019-02-07 16:55:41,606 - INFO: 6060: loss : 0.35217076539993286
2019-02-07 16:55:46,393 - INFO: 6080: loss : 0.3248867988586426
2019-02-07 16:55:51,200 - INFO: 6100: loss : 0.3314068615436554
2019-02-07 16:55:56,002 - INFO: 6120: loss : 0.14967307448387146
2019-02-07 16:56:00,840 - INFO: 6140: loss : 0.3949071764945984
2019-02-07 16:56:05,679 - INFO: 6160: loss : 0.2284243106842041
2019-02-07 16:56:10,502 - INFO: 6180: loss : 0.2620643675327301
2019-02-07 16:56:15,297 - INFO: 6200: loss : 0.3600543439388275
2019-02-07 16:56:20,153 - INFO: 6220: loss : 0.25583863258361816
2019-02-07 16:56:24,953 - INFO: 6240: loss : 0.33926481008529663
2019-02-07 16:56:29,833 - INFO: 6260: loss : 0.33353713154792786
2019-02-07 16:56:34,658 - INFO: 6280: loss : 0.2502523362636566
2019-02-07 16:56:39,444 - INFO: 6300: loss : 0.24671818315982819
2019-02-07 16:56:44,155 - INFO: 6320: loss : 0.2811938226222992
2019-02-07 16:56:48,944 - INFO: 6340: loss : 0.27149254083633423
2019-02-07 16:56:53,741 - INFO: 6360: loss : 0.39248257875442505
2019-02-07 16:56:58,554 - INFO: 6380: loss : 0.3383801281452179
2019-02-07 16:57:03,388 - INFO: 6400: loss : 0.2724907696247101
2019-02-07 16:57:08,193 - INFO: 6420: loss : 0.17241652309894562
2019-02-07 16:57:13,082 - INFO: 6440: loss : 0.32094186544418335
2019-02-07 16:57:17,843 - INFO: 6460: loss : 0.23723338544368744
2019-02-07 16:57:22,688 - INFO: 6480: loss : 0.2417507767677307
2019-02-07 16:57:27,558 - INFO: 6500: loss : 0.16104307770729065
2019-02-07 16:57:32,472 - INFO: 6520: loss : 0.2484930157661438
2019-02-07 16:57:37,352 - INFO: 6540: loss : 0.1953505575656891
2019-02-07 16:57:42,196 - INFO: 6560: loss : 0.49148285388946533
2019-02-07 16:57:47,022 - INFO: 6580: loss : 0.2582322657108307
2019-02-07 16:57:51,838 - INFO: 6600: loss : 0.32770219445228577
2019-02-07 16:57:56,642 - INFO: 6620: loss : 0.25356343388557434
2019-02-07 16:58:01,448 - INFO: 6640: loss : 0.3082110583782196
2019-02-07 16:58:06,335 - INFO: 6660: loss : 0.21838964521884918
2019-02-07 16:58:11,211 - INFO: 6680: loss : 0.2530069351196289
2019-02-07 16:58:16,015 - INFO: 6700: loss : 0.24701274931430817
2019-02-07 16:58:20,841 - INFO: 6720: loss : 0.2767142355442047
2019-02-07 16:58:25,683 - INFO: 6740: loss : 0.32738712430000305
2019-02-07 16:58:30,556 - INFO: 6760: loss : 0.2274160087108612
2019-02-07 16:58:35,376 - INFO: 6780: loss : 0.28531068563461304
2019-02-07 16:58:40,228 - INFO: 6800: loss : 0.27318379282951355
2019-02-07 16:58:45,019 - INFO: 6820: loss : 0.2770717740058899
2019-02-07 16:58:49,739 - INFO: 6840: loss : 0.3551611602306366
2019-02-07 16:58:54,539 - INFO: 6860: loss : 0.3053628206253052
2019-02-07 16:58:59,366 - INFO: 6880: loss : 0.1951306015253067
2019-02-07 16:59:04,057 - INFO: 6900: loss : 0.2664624750614166
2019-02-07 16:59:08,851 - INFO: 6920: loss : 0.30964815616607666
2019-02-07 16:59:13,610 - INFO: 6940: loss : 0.2602595090866089
2019-02-07 16:59:18,390 - INFO: 6960: loss : 0.3345683813095093
2019-02-07 16:59:23,164 - INFO: 6980: loss : 0.2656232714653015
2019-02-07 16:59:27,928 - INFO: 7000: loss : 0.1969113051891327
2019-02-07 16:59:32,820 - INFO: 7020: loss : 0.28782182931900024
2019-02-07 16:59:37,569 - INFO: 7040: loss : 0.17982345819473267
2019-02-07 16:59:42,325 - INFO: 7060: loss : 0.29187309741973877
2019-02-07 16:59:47,109 - INFO: 7080: loss : 0.313055157661438
2019-02-07 16:59:51,883 - INFO: 7100: loss : 0.184883251786232
2019-02-07 16:59:56,624 - INFO: 7120: loss : 0.3767237365245819
2019-02-07 17:00:01,439 - INFO: 7140: loss : 0.2426072508096695
2019-02-07 17:00:06,252 - INFO: 7160: loss : 0.27732911705970764
2019-02-07 17:00:11,068 - INFO: 7180: loss : 0.2387368381023407
2019-02-07 17:00:15,835 - INFO: 7200: loss : 0.21660080552101135
2019-02-07 17:00:20,637 - INFO: 7220: loss : 0.3957303762435913
2019-02-07 17:00:25,428 - INFO: 7240: loss : 0.2136186957359314
2019-02-07 17:00:30,225 - INFO: 7260: loss : 0.25181254744529724
2019-02-07 17:00:35,047 - INFO: 7280: loss : 0.29153183102607727
2019-02-07 17:00:39,833 - INFO: 7300: loss : 0.3105441927909851
2019-02-07 17:00:44,593 - INFO: 7320: loss : 0.13631035387516022
2019-02-07 17:00:49,401 - INFO: 7340: loss : 0.286862850189209
2019-02-07 17:00:54,204 - INFO: 7360: loss : 0.41696128249168396
2019-02-07 17:00:58,977 - INFO: 7380: loss : 0.201400026679039
2019-02-07 17:01:03,780 - INFO: 7400: loss : 0.2901615500450134
2019-02-07 17:01:08,541 - INFO: 7420: loss : 0.3244520425796509
2019-02-07 17:01:13,261 - INFO: 7440: loss : 0.27661171555519104
2019-02-07 17:01:18,023 - INFO: 7460: loss : 0.27282950282096863
2019-02-07 17:01:22,801 - INFO: 7480: loss : 0.2806878685951233
2019-02-07 17:01:27,582 - INFO: 7500: loss : 0.1741100698709488
2019-02-07 17:01:32,398 - INFO: 7520: loss : 0.4066832959651947
2019-02-07 17:01:37,154 - INFO: 7540: loss : 0.3043605089187622
2019-02-07 17:01:41,901 - INFO: 7560: loss : 0.1858406960964203
2019-02-07 17:01:46,646 - INFO: 7580: loss : 0.196696937084198
2019-02-07 17:01:51,424 - INFO: 7600: loss : 0.4013267457485199
2019-02-07 17:01:56,229 - INFO: 7620: loss : 0.365914911031723
2019-02-07 17:02:01,030 - INFO: 7640: loss : 0.32195937633514404
2019-02-07 17:02:05,799 - INFO: 7660: loss : 0.19103217124938965
2019-02-07 17:02:10,568 - INFO: 7680: loss : 0.2331503927707672
2019-02-07 17:02:15,325 - INFO: 7700: loss : 0.2048662006855011
2019-02-07 17:02:20,069 - INFO: 7720: loss : 0.2874838411808014
2019-02-07 17:02:24,826 - INFO: 7740: loss : 0.24677832424640656
2019-02-07 17:02:29,583 - INFO: 7760: loss : 0.3268122971057892
2019-02-07 17:02:34,325 - INFO: 7780: loss : 0.1962927132844925
2019-02-07 17:02:39,094 - INFO: 7800: loss : 0.227134570479393
2019-02-07 17:02:43,856 - INFO: 7820: loss : 0.3563946485519409
2019-02-07 17:02:48,623 - INFO: 7840: loss : 0.33384615182876587
2019-02-07 17:02:53,386 - INFO: 7860: loss : 0.29923465847969055
2019-02-07 17:02:58,113 - INFO: 7880: loss : 0.23884323239326477
2019-02-07 17:03:02,870 - INFO: 7900: loss : 0.23169057071208954
2019-02-07 17:03:07,681 - INFO: 7920: loss : 0.15877549350261688
2019-02-07 17:03:12,490 - INFO: 7940: loss : 0.353890061378479
2019-02-07 17:03:17,253 - INFO: 7960: loss : 0.31658631563186646
2019-02-07 17:03:21,992 - INFO: 7980: loss : 0.23523861169815063
2019-02-07 17:03:26,752 - INFO: 8000: loss : 0.242217555642128
2019-02-07 17:03:31,617 - INFO: 8020: loss : 0.3039904832839966
2019-02-07 17:03:36,348 - INFO: 8040: loss : 0.22453898191452026
2019-02-07 17:03:41,118 - INFO: 8060: loss : 0.3083861172199249
2019-02-07 17:03:45,921 - INFO: 8080: loss : 0.25243595242500305
2019-02-07 17:03:50,669 - INFO: 8100: loss : 0.26098841428756714
2019-02-07 17:03:55,416 - INFO: 8120: loss : 0.2509431540966034
2019-02-07 17:04:00,218 - INFO: 8140: loss : 0.19587863981723785
2019-02-07 17:04:04,970 - INFO: 8160: loss : 0.18225008249282837
2019-02-07 17:04:09,723 - INFO: 8180: loss : 0.22180277109146118
2019-02-07 17:04:14,456 - INFO: 8200: loss : 0.319560170173645
2019-02-07 17:04:19,159 - INFO: 8220: loss : 0.36045899987220764
2019-02-07 17:04:23,880 - INFO: 8240: loss : 0.26575639843940735
2019-02-07 17:04:28,628 - INFO: 8260: loss : 0.21016699075698853
2019-02-07 17:04:33,410 - INFO: 8280: loss : 0.2310851365327835
2019-02-07 17:04:38,147 - INFO: 8300: loss : 0.2321951687335968
2019-02-07 17:04:42,898 - INFO: 8320: loss : 0.19750533998012543
2019-02-07 17:04:47,659 - INFO: 8340: loss : 0.19979126751422882
2019-02-07 17:04:52,409 - INFO: 8360: loss : 0.2666902244091034
2019-02-07 17:04:57,135 - INFO: 8380: loss : 0.2890399396419525
2019-02-07 17:05:01,928 - INFO: 8400: loss : 0.2889160215854645
2019-02-07 17:05:06,669 - INFO: 8420: loss : 0.21239379048347473
2019-02-07 17:05:11,426 - INFO: 8440: loss : 0.21459293365478516
2019-02-07 17:05:16,181 - INFO: 8460: loss : 0.26337024569511414
2019-02-07 17:05:20,978 - INFO: 8480: loss : 0.2058475762605667
2019-02-07 17:05:25,761 - INFO: 8500: loss : 0.2228003442287445
2019-02-07 17:05:30,534 - INFO: 8520: loss : 0.2492062896490097
2019-02-07 17:05:35,363 - INFO: 8540: loss : 0.2563152313232422
2019-02-07 17:05:40,104 - INFO: 8560: loss : 0.2900025546550751
2019-02-07 17:05:44,868 - INFO: 8580: loss : 0.20661261677742004
2019-02-07 17:05:49,609 - INFO: 8600: loss : 0.2520124912261963
2019-02-07 17:05:54,293 - INFO: 8620: loss : 0.2607120871543884
2019-02-07 17:05:59,045 - INFO: 8640: loss : 0.2615087926387787
2019-02-07 17:06:03,828 - INFO: 8660: loss : 0.2057214081287384
2019-02-07 17:06:08,603 - INFO: 8680: loss : 0.26727381348609924
2019-02-07 17:06:13,376 - INFO: 8700: loss : 0.28175368905067444
2019-02-07 17:06:18,157 - INFO: 8720: loss : 0.1627664864063263
2019-02-07 17:06:22,936 - INFO: 8740: loss : 0.2134963870048523
2019-02-07 17:06:27,682 - INFO: 8760: loss : 0.22225745022296906
2019-02-07 17:06:32,476 - INFO: 8780: loss : 0.24546922743320465
2019-02-07 17:06:37,228 - INFO: 8800: loss : 0.22537946701049805
2019-02-07 17:06:41,964 - INFO: 8820: loss : 0.23829129338264465
2019-02-07 17:06:46,699 - INFO: 8840: loss : 0.2795872092247009
2019-02-07 17:06:51,473 - INFO: 8860: loss : 0.23576286435127258
2019-02-07 17:06:56,261 - INFO: 8880: loss : 0.14279410243034363
2019-02-07 17:07:00,984 - INFO: 8900: loss : 0.2969870865345001
2019-02-07 17:07:05,718 - INFO: 8920: loss : 0.26614099740982056
2019-02-07 17:07:10,468 - INFO: 8940: loss : 0.25923436880111694
2019-02-07 17:07:15,243 - INFO: 8960: loss : 0.2694474160671234
2019-02-07 17:07:19,968 - INFO: 8980: loss : 0.268684059381485
2019-02-07 17:07:24,728 - INFO: 9000: loss : 0.269858181476593
2019-02-07 17:07:29,602 - INFO: 9020: loss : 0.17214781045913696
2019-02-07 17:07:34,340 - INFO: 9040: loss : 0.21632489562034607
2019-02-07 17:07:39,098 - INFO: 9060: loss : 0.2988055646419525
2019-02-07 17:07:43,845 - INFO: 9080: loss : 0.20587733387947083
2019-02-07 17:07:48,624 - INFO: 9100: loss : 0.19039566814899445
2019-02-07 17:07:53,338 - INFO: 9120: loss : 0.24585989117622375
2019-02-07 17:07:58,096 - INFO: 9140: loss : 0.18578100204467773
2019-02-07 17:08:02,843 - INFO: 9160: loss : 0.32880789041519165
2019-02-07 17:08:07,590 - INFO: 9180: loss : 0.23930597305297852
2019-02-07 17:08:12,367 - INFO: 9200: loss : 0.2402287870645523
2019-02-07 17:08:17,116 - INFO: 9220: loss : 0.1946498602628708
2019-02-07 17:08:21,919 - INFO: 9240: loss : 0.24648155272006989
2019-02-07 17:08:26,667 - INFO: 9260: loss : 0.4783470928668976
2019-02-07 17:08:31,436 - INFO: 9280: loss : 0.12518203258514404
2019-02-07 17:08:36,211 - INFO: 9300: loss : 0.16709783673286438
2019-02-07 17:08:40,965 - INFO: 9320: loss : 0.1513487845659256
2019-02-07 17:08:45,713 - INFO: 9340: loss : 0.25842076539993286
2019-02-07 17:08:50,510 - INFO: 9360: loss : 0.21311280131340027
2019-02-07 17:08:55,259 - INFO: 9380: loss : 0.4599933326244354
2019-02-07 17:09:00,041 - INFO: 9400: loss : 0.2632475793361664
2019-02-07 17:09:04,792 - INFO: 9420: loss : 0.270304411649704
2019-02-07 17:09:09,581 - INFO: 9440: loss : 0.21857884526252747
2019-02-07 17:09:14,344 - INFO: 9460: loss : 0.28173717856407166
2019-02-07 17:09:19,077 - INFO: 9480: loss : 0.16378697752952576
2019-02-07 17:09:23,818 - INFO: 9500: loss : 0.1892140656709671
2019-02-07 17:09:28,533 - INFO: 9520: loss : 0.25096961855888367
2019-02-07 17:09:33,282 - INFO: 9540: loss : 0.1794808954000473
2019-02-07 17:09:38,060 - INFO: 9560: loss : 0.14510506391525269
2019-02-07 17:09:42,777 - INFO: 9580: loss : 0.19166503846645355
2019-02-07 17:09:47,497 - INFO: 9600: loss : 0.131735697388649
2019-02-07 17:09:52,264 - INFO: 9620: loss : 0.28354594111442566
2019-02-07 17:09:56,999 - INFO: 9640: loss : 0.17579202353954315
2019-02-07 17:10:01,725 - INFO: 9660: loss : 0.18487848341464996
2019-02-07 17:10:06,440 - INFO: 9680: loss : 0.4194827675819397
2019-02-07 17:10:11,205 - INFO: 9700: loss : 0.23911826312541962
2019-02-07 17:10:15,933 - INFO: 9720: loss : 0.2118074893951416
2019-02-07 17:10:20,714 - INFO: 9740: loss : 0.21665893495082855
2019-02-07 17:10:25,450 - INFO: 9760: loss : 0.1381930410861969
2019-02-07 17:10:30,255 - INFO: 9780: loss : 0.21313972771167755
2019-02-07 17:10:35,028 - INFO: 9800: loss : 0.20295420289039612
2019-02-07 17:10:39,820 - INFO: 9820: loss : 0.18546165525913239
2019-02-07 17:10:44,559 - INFO: 9840: loss : 0.12765592336654663
2019-02-07 17:10:49,285 - INFO: 9860: loss : 0.14174459874629974
2019-02-07 17:10:53,991 - INFO: 9880: loss : 0.1860538125038147
2019-02-07 17:10:58,742 - INFO: 9900: loss : 0.2802514433860779
2019-02-07 17:11:03,486 - INFO: 9920: loss : 0.2623966336250305
2019-02-07 17:11:08,277 - INFO: 9940: loss : 0.2514227330684662
2019-02-07 17:11:13,101 - INFO: 9960: loss : 0.2839614748954773
2019-02-07 17:11:17,839 - INFO: 9980: loss : 0.239994615316391
2019-02-07 17:11:22,617 - INFO: 10000: loss : 0.18512795865535736
2019-02-07 17:11:27,494 - INFO: 10020: loss : 0.2600080966949463
2019-02-07 17:11:32,267 - INFO: 10040: loss : 0.1869470477104187
2019-02-07 17:11:36,952 - INFO: 10060: loss : 0.18850156664848328
2019-02-07 17:11:41,668 - INFO: 10080: loss : 0.2776497006416321
2019-02-07 17:11:46,369 - INFO: 10100: loss : 0.106772780418396
2019-02-07 17:11:51,096 - INFO: 10120: loss : 0.2148544043302536
2019-02-07 17:11:55,813 - INFO: 10140: loss : 0.22776946425437927
2019-02-07 17:12:00,481 - INFO: 10160: loss : 0.20467549562454224
2019-02-07 17:12:05,239 - INFO: 10180: loss : 0.2693653404712677
2019-02-07 17:12:10,015 - INFO: 10200: loss : 0.21998454630374908
2019-02-07 17:12:14,782 - INFO: 10220: loss : 0.16797706484794617
2019-02-07 17:12:19,505 - INFO: 10240: loss : 0.2489946335554123
2019-02-07 17:12:24,244 - INFO: 10260: loss : 0.18393166363239288
2019-02-07 17:12:28,996 - INFO: 10280: loss : 0.29163357615470886
2019-02-07 17:12:33,728 - INFO: 10300: loss : 0.17024612426757812
2019-02-07 17:12:38,488 - INFO: 10320: loss : 0.20781932771205902
2019-02-07 17:12:43,232 - INFO: 10340: loss : 0.1846926510334015
2019-02-07 17:12:47,938 - INFO: 10360: loss : 0.164174422621727
2019-02-07 17:12:52,727 - INFO: 10380: loss : 0.20968960225582123
2019-02-07 17:12:57,501 - INFO: 10400: loss : 0.26191115379333496
2019-02-07 17:13:02,227 - INFO: 10420: loss : 0.28940680623054504
2019-02-07 17:13:07,009 - INFO: 10440: loss : 0.3160874545574188
2019-02-07 17:13:11,781 - INFO: 10460: loss : 0.35802146792411804
2019-02-07 17:13:16,528 - INFO: 10480: loss : 0.20792201161384583
2019-02-07 17:13:21,266 - INFO: 10500: loss : 0.16971880197525024
2019-02-07 17:13:26,002 - INFO: 10520: loss : 0.26398152112960815
2019-02-07 17:13:30,717 - INFO: 10540: loss : 0.2025955319404602
2019-02-07 17:13:35,465 - INFO: 10560: loss : 0.29592451453208923
2019-02-07 17:13:40,202 - INFO: 10580: loss : 0.21637463569641113
2019-02-07 17:13:44,782 - INFO: 10600: loss : 0.23336540162563324
2019-02-07 17:13:49,542 - INFO: 10620: loss : 0.2842412292957306
2019-02-07 17:13:54,328 - INFO: 10640: loss : 0.24897053837776184
2019-02-07 17:13:59,123 - INFO: 10660: loss : 0.2497805953025818
2019-02-07 17:14:03,919 - INFO: 10680: loss : 0.1747712790966034
2019-02-07 17:14:08,566 - INFO: 10700: loss : 0.18655158579349518
2019-02-07 17:14:13,328 - INFO: 10720: loss : 0.21032658219337463
2019-02-07 17:14:18,118 - INFO: 10740: loss : 0.11688954383134842
2019-02-07 17:14:22,879 - INFO: 10760: loss : 0.20425057411193848
2019-02-07 17:14:27,656 - INFO: 10780: loss : 0.28743743896484375
2019-02-07 17:14:32,428 - INFO: 10800: loss : 0.26347097754478455
2019-02-07 17:14:37,189 - INFO: 10820: loss : 0.18507307767868042
2019-02-07 17:14:41,932 - INFO: 10840: loss : 0.2974490821361542
2019-02-07 17:14:46,663 - INFO: 10860: loss : 0.10327479243278503
2019-02-07 17:14:51,453 - INFO: 10880: loss : 0.21457600593566895
2019-02-07 17:14:56,105 - INFO: 10900: loss : 0.3067919909954071
2019-02-07 17:15:00,843 - INFO: 10920: loss : 0.19445417821407318
2019-02-07 17:15:05,581 - INFO: 10940: loss : 0.3987426161766052
2019-02-07 17:15:10,339 - INFO: 10960: loss : 0.26366981863975525
2019-02-07 17:15:15,123 - INFO: 10980: loss : 0.2549060881137848
2019-02-07 17:15:19,878 - INFO: 11000: loss : 0.19988960027694702
2019-02-07 17:15:24,762 - INFO: 11020: loss : 0.2688298523426056
2019-02-07 17:15:29,509 - INFO: 11040: loss : 0.05439864099025726
2019-02-07 17:15:34,265 - INFO: 11060: loss : 0.2578466832637787
2019-02-07 17:15:39,015 - INFO: 11080: loss : 0.1578332781791687
2019-02-07 17:15:43,754 - INFO: 11100: loss : 0.2602507174015045
2019-02-07 17:15:48,481 - INFO: 11120: loss : 0.31795889139175415
2019-02-07 17:15:53,136 - INFO: 11140: loss : 0.2983706295490265
2019-02-07 17:15:57,896 - INFO: 11160: loss : 0.22681356966495514
2019-02-07 17:16:02,634 - INFO: 11180: loss : 0.20340245962142944
2019-02-07 17:16:07,392 - INFO: 11200: loss : 0.18623368442058563
2019-02-07 17:16:12,165 - INFO: 11220: loss : 0.20085763931274414
2019-02-07 17:16:16,891 - INFO: 11240: loss : 0.14701496064662933
2019-02-07 17:16:21,648 - INFO: 11260: loss : 0.3892187774181366
2019-02-07 17:16:26,415 - INFO: 11280: loss : 0.271573543548584
2019-02-07 17:16:31,176 - INFO: 11300: loss : 0.26084208488464355
2019-02-07 17:16:35,862 - INFO: 11320: loss : 0.29550203680992126
2019-02-07 17:16:40,653 - INFO: 11340: loss : 0.26763397455215454
2019-02-07 17:16:45,427 - INFO: 11360: loss : 0.2736019492149353
2019-02-07 17:16:50,225 - INFO: 11380: loss : 0.2300419807434082
2019-02-07 17:16:54,966 - INFO: 11400: loss : 0.3036361038684845
2019-02-07 17:16:59,737 - INFO: 11420: loss : 0.22994908690452576
2019-02-07 17:17:04,417 - INFO: 11440: loss : 0.2040698081254959
2019-02-07 17:17:09,166 - INFO: 11460: loss : 0.31241029500961304
2019-02-07 17:17:13,934 - INFO: 11480: loss : 0.20348984003067017
2019-02-07 17:17:18,645 - INFO: 11500: loss : 0.25880175828933716
2019-02-07 17:17:23,423 - INFO: 11520: loss : 0.13673128187656403
2019-02-07 17:17:28,166 - INFO: 11540: loss : 0.26635223627090454
2019-02-07 17:17:32,918 - INFO: 11560: loss : 0.2176055610179901
2019-02-07 17:17:37,709 - INFO: 11580: loss : 0.21242111921310425
2019-02-07 17:17:42,495 - INFO: 11600: loss : 0.2108030617237091
2019-02-07 17:17:47,205 - INFO: 11620: loss : 0.25567954778671265
2019-02-07 17:17:51,890 - INFO: 11640: loss : 0.2175709754228592
2019-02-07 17:17:56,582 - INFO: 11660: loss : 0.2649776339530945
2019-02-07 17:18:01,360 - INFO: 11680: loss : 0.12177228927612305
2019-02-07 17:18:06,133 - INFO: 11700: loss : 0.2785950303077698
2019-02-07 17:18:10,895 - INFO: 11720: loss : 0.3037337064743042
2019-02-07 17:18:15,641 - INFO: 11740: loss : 0.10505994409322739
2019-02-07 17:18:20,300 - INFO: 11760: loss : 0.24046547710895538
2019-02-07 17:18:25,032 - INFO: 11780: loss : 0.25791439414024353
2019-02-07 17:18:29,814 - INFO: 11800: loss : 0.23226642608642578
2019-02-07 17:18:34,558 - INFO: 11820: loss : 0.28360825777053833
2019-02-07 17:18:39,326 - INFO: 11840: loss : 0.24151788651943207
2019-02-07 17:18:43,974 - INFO: 11860: loss : 0.25789856910705566
2019-02-07 17:18:48,725 - INFO: 11880: loss : 0.15180134773254395
2019-02-07 17:18:53,420 - INFO: 11900: loss : 0.3177960216999054
2019-02-07 17:18:58,178 - INFO: 11920: loss : 0.16332334280014038
2019-02-07 17:19:02,971 - INFO: 11940: loss : 0.22209098935127258
2019-02-07 17:19:07,748 - INFO: 11960: loss : 0.2615818679332733
2019-02-07 17:19:12,505 - INFO: 11980: loss : 0.2890201508998871
2019-02-07 17:19:17,253 - INFO: 12000: loss : 0.18079806864261627
2019-02-07 17:19:22,167 - INFO: 12020: loss : 0.18754956126213074
2019-02-07 17:19:26,956 - INFO: 12040: loss : 0.18688684701919556
2019-02-07 17:19:31,740 - INFO: 12060: loss : 0.23346289992332458
2019-02-07 17:19:36,513 - INFO: 12080: loss : 0.22105666995048523
2019-02-07 17:19:41,273 - INFO: 12100: loss : 0.2183961272239685
2019-02-07 17:19:46,057 - INFO: 12120: loss : 0.2606779634952545
2019-02-07 17:19:50,780 - INFO: 12140: loss : 0.16059304773807526
2019-02-07 17:19:55,536 - INFO: 12160: loss : 0.20293600857257843
2019-02-07 17:20:00,266 - INFO: 12180: loss : 0.2186109721660614
2019-02-07 17:20:05,010 - INFO: 12200: loss : 0.23305678367614746
2019-02-07 17:20:09,767 - INFO: 12220: loss : 0.22662146389484406
2019-02-07 17:20:14,527 - INFO: 12240: loss : 0.2296268492937088
2019-02-07 17:20:19,291 - INFO: 12260: loss : 0.24469894170761108
2019-02-07 17:20:24,062 - INFO: 12280: loss : 0.17504143714904785
2019-02-07 17:20:28,806 - INFO: 12300: loss : 0.25255197286605835
2019-02-07 17:20:33,475 - INFO: 12320: loss : 0.1902039796113968
2019-02-07 17:20:38,224 - INFO: 12340: loss : 0.12903201580047607
2019-02-07 17:20:42,962 - INFO: 12360: loss : 0.2344333529472351
2019-02-07 17:20:47,733 - INFO: 12380: loss : 0.4090941250324249
2019-02-07 17:20:52,470 - INFO: 12400: loss : 0.14725878834724426
2019-02-07 17:20:57,217 - INFO: 12420: loss : 0.3400195837020874
2019-02-07 17:21:02,017 - INFO: 12440: loss : 0.2992369830608368
2019-02-07 17:21:06,766 - INFO: 12460: loss : 0.17386004328727722
2019-02-07 17:21:11,532 - INFO: 12480: loss : 0.1726776510477066
2019-02-07 17:21:16,308 - INFO: 12500: loss : 0.3182782530784607
2019-02-07 17:21:21,073 - INFO: 12520: loss : 0.2734062969684601
2019-02-07 17:21:25,840 - INFO: 12540: loss : 0.1831466406583786
2019-02-07 17:21:30,605 - INFO: 12560: loss : 0.23203039169311523
2019-02-07 17:21:35,350 - INFO: 12580: loss : 0.2458871454000473
2019-02-07 17:21:40,112 - INFO: 12600: loss : 0.2843490540981293
2019-02-07 17:21:44,872 - INFO: 12620: loss : 0.18192549049854279
2019-02-07 17:21:49,597 - INFO: 12640: loss : 0.2125401794910431
2019-02-07 17:21:54,366 - INFO: 12660: loss : 0.3126481771469116
2019-02-07 17:21:59,107 - INFO: 12680: loss : 0.1636650264263153
2019-02-07 17:22:03,901 - INFO: 12700: loss : 0.19825366139411926
2019-02-07 17:22:08,678 - INFO: 12720: loss : 0.3055969178676605
2019-02-07 17:22:13,450 - INFO: 12740: loss : 0.16517560184001923
2019-02-07 17:22:18,221 - INFO: 12760: loss : 0.21052861213684082
2019-02-07 17:22:22,977 - INFO: 12780: loss : 0.25256529450416565
2019-02-07 17:22:27,710 - INFO: 12800: loss : 0.17819544672966003
2019-02-07 17:22:32,373 - INFO: 12820: loss : 0.3760583996772766
2019-02-07 17:22:37,099 - INFO: 12840: loss : 0.2686246335506439
2019-02-07 17:22:41,837 - INFO: 12860: loss : 0.25613918900489807
2019-02-07 17:22:46,550 - INFO: 12880: loss : 0.14254453778266907
2019-02-07 17:22:51,305 - INFO: 12900: loss : 0.27483949065208435
2019-02-07 17:22:56,054 - INFO: 12920: loss : 0.3057318329811096
2019-02-07 17:23:00,760 - INFO: 12940: loss : 0.13573065400123596
2019-02-07 17:23:05,542 - INFO: 12960: loss : 0.16400045156478882
2019-02-07 17:23:10,309 - INFO: 12980: loss : 0.1466418206691742
2019-02-07 17:23:15,032 - INFO: 13000: loss : 0.20387424528598785
2019-02-07 17:23:19,883 - INFO: 13020: loss : 0.19212576746940613
2019-02-07 17:23:24,638 - INFO: 13040: loss : 0.17549322545528412
2019-02-07 17:23:29,416 - INFO: 13060: loss : 0.2717339098453522
2019-02-07 17:23:34,156 - INFO: 13080: loss : 0.12343454360961914
2019-02-07 17:23:38,866 - INFO: 13100: loss : 0.25030839443206787
2019-02-07 17:23:43,620 - INFO: 13120: loss : 0.19664335250854492
2019-02-07 17:23:48,404 - INFO: 13140: loss : 0.18778373301029205
2019-02-07 17:23:53,189 - INFO: 13160: loss : 0.21767030656337738
2019-02-07 17:23:58,003 - INFO: 13180: loss : 0.35414350032806396
2019-02-07 17:24:02,761 - INFO: 13200: loss : 0.18082913756370544
2019-02-07 17:24:07,551 - INFO: 13220: loss : 0.20780181884765625
2019-02-07 17:24:12,315 - INFO: 13240: loss : 0.15381309390068054
2019-02-07 17:24:17,092 - INFO: 13260: loss : 0.30955618619918823
2019-02-07 17:24:21,922 - INFO: 13280: loss : 0.2029418796300888
2019-02-07 17:24:26,700 - INFO: 13300: loss : 0.23145794868469238
2019-02-07 17:24:31,475 - INFO: 13320: loss : 0.2248501479625702
2019-02-07 17:24:36,225 - INFO: 13340: loss : 0.2118665724992752
2019-02-07 17:24:40,985 - INFO: 13360: loss : 0.23493963479995728
2019-02-07 17:24:45,752 - INFO: 13380: loss : 0.26897749304771423
2019-02-07 17:24:50,523 - INFO: 13400: loss : 0.23689351975917816
2019-02-07 17:24:55,287 - INFO: 13420: loss : 0.17022457718849182
2019-02-07 17:25:00,046 - INFO: 13440: loss : 0.24925170838832855
2019-02-07 17:25:04,785 - INFO: 13460: loss : 0.1272701770067215
2019-02-07 17:25:09,514 - INFO: 13480: loss : 0.2742396891117096
2019-02-07 17:25:14,274 - INFO: 13500: loss : 0.21368888020515442
2019-02-07 17:25:19,059 - INFO: 13520: loss : 0.21594937145709991
2019-02-07 17:25:23,847 - INFO: 13540: loss : 0.1569717675447464
2019-02-07 17:25:28,635 - INFO: 13560: loss : 0.1813192218542099
2019-02-07 17:25:33,413 - INFO: 13580: loss : 0.13619612157344818
2019-02-07 17:25:38,148 - INFO: 13600: loss : 0.2272074967622757
2019-02-07 17:25:42,876 - INFO: 13620: loss : 0.28798893094062805
2019-02-07 17:25:47,584 - INFO: 13640: loss : 0.17011626064777374
2019-02-07 17:25:52,364 - INFO: 13660: loss : 0.15121927857398987
2019-02-07 17:25:57,121 - INFO: 13680: loss : 0.30552324652671814
2019-02-07 17:26:01,904 - INFO: 13700: loss : 0.1914665251970291
2019-02-07 17:26:06,680 - INFO: 13720: loss : 0.19807495176792145
2019-02-07 17:26:11,460 - INFO: 13740: loss : 0.18306384980678558
2019-02-07 17:26:16,213 - INFO: 13760: loss : 0.3395514488220215
2019-02-07 17:26:20,962 - INFO: 13780: loss : 0.26248055696487427
2019-02-07 17:26:25,757 - INFO: 13800: loss : 0.36762717366218567
2019-02-07 17:26:30,552 - INFO: 13820: loss : 0.1579621583223343
2019-02-07 17:26:35,351 - INFO: 13840: loss : 0.25833404064178467
2019-02-07 17:26:40,128 - INFO: 13860: loss : 0.2683528661727905
2019-02-07 17:26:44,913 - INFO: 13880: loss : 0.1449444741010666
2019-02-07 17:26:49,697 - INFO: 13900: loss : 0.13806883990764618
2019-02-07 17:26:54,482 - INFO: 13920: loss : 0.23813554644584656
2019-02-07 17:26:59,272 - INFO: 13940: loss : 0.18372416496276855
2019-02-07 17:27:04,135 - INFO: 13960: loss : 0.16967731714248657
2019-02-07 17:27:08,940 - INFO: 13980: loss : 0.33583492040634155
2019-02-07 17:27:13,641 - INFO: 14000: loss : 0.14785096049308777
2019-02-07 17:27:18,542 - INFO: 14020: loss : 0.15981990098953247
2019-02-07 17:27:23,260 - INFO: 14040: loss : 0.22839422523975372
2019-02-07 17:27:28,029 - INFO: 14060: loss : 0.23108576238155365
2019-02-07 17:27:32,782 - INFO: 14080: loss : 0.2654590606689453
2019-02-07 17:27:37,526 - INFO: 14100: loss : 0.25051525235176086
2019-02-07 17:27:42,261 - INFO: 14120: loss : 0.25511249899864197
2019-02-07 17:27:46,979 - INFO: 14140: loss : 0.15864554047584534
2019-02-07 17:27:51,630 - INFO: 14160: loss : 0.21664047241210938
2019-02-07 17:27:56,356 - INFO: 14180: loss : 0.1443268209695816
2019-02-07 17:28:01,077 - INFO: 14200: loss : 0.22011663019657135
2019-02-07 17:28:05,795 - INFO: 14220: loss : 0.25227296352386475
2019-02-07 17:28:10,359 - INFO: 14240: loss : 0.19654801487922668
2019-02-07 17:28:15,095 - INFO: 14260: loss : 0.2171473503112793
2019-02-07 17:28:19,847 - INFO: 14280: loss : 0.2864978015422821
2019-02-07 17:28:24,601 - INFO: 14300: loss : 0.11412425339221954
2019-02-07 17:28:29,343 - INFO: 14320: loss : 0.262950599193573
2019-02-07 17:28:34,039 - INFO: 14340: loss : 0.28276264667510986
2019-02-07 17:28:38,782 - INFO: 14360: loss : 0.22563205659389496
2019-02-07 17:28:43,520 - INFO: 14380: loss : 0.2074512541294098
2019-02-07 17:28:48,291 - INFO: 14400: loss : 0.22349384427070618
2019-02-07 17:28:53,004 - INFO: 14420: loss : 0.2017611861228943
2019-02-07 17:28:57,758 - INFO: 14440: loss : 0.20131373405456543
2019-02-07 17:29:02,482 - INFO: 14460: loss : 0.13244850933551788
2019-02-07 17:29:07,260 - INFO: 14480: loss : 0.22706669569015503
2019-02-07 17:29:12,030 - INFO: 14500: loss : 0.15803483128547668
2019-02-07 17:29:16,728 - INFO: 14520: loss : 0.2894800305366516
2019-02-07 17:29:21,509 - INFO: 14540: loss : 0.22652216255664825
2019-02-07 17:29:26,288 - INFO: 14560: loss : 0.23103712499141693
2019-02-07 17:29:31,066 - INFO: 14580: loss : 0.1455347239971161
2019-02-07 17:29:35,862 - INFO: 14600: loss : 0.16760681569576263
2019-02-07 17:29:40,617 - INFO: 14620: loss : 0.18725092709064484
2019-02-07 17:29:45,373 - INFO: 14640: loss : 0.1829405128955841
2019-02-07 17:29:50,156 - INFO: 14660: loss : 0.12277062982320786
2019-02-07 17:29:54,893 - INFO: 14680: loss : 0.1826690286397934
2019-02-07 17:29:59,625 - INFO: 14700: loss : 0.22867202758789062
2019-02-07 17:30:04,372 - INFO: 14720: loss : 0.18287459015846252
2019-02-07 17:30:09,131 - INFO: 14740: loss : 0.21586720645427704
2019-02-07 17:30:13,843 - INFO: 14760: loss : 0.13194876909255981
2019-02-07 17:30:18,619 - INFO: 14780: loss : 0.24846093356609344
2019-02-07 17:30:23,360 - INFO: 14800: loss : 0.24418483674526215
2019-02-07 17:30:28,155 - INFO: 14820: loss : 0.2397395521402359
2019-02-07 17:30:32,894 - INFO: 14840: loss : 0.1622816026210785
2019-02-07 17:30:37,643 - INFO: 14860: loss : 0.1295701116323471
2019-02-07 17:30:42,393 - INFO: 14880: loss : 0.25431010127067566
2019-02-07 17:30:47,114 - INFO: 14900: loss : 0.23430363833904266
2019-02-07 17:30:51,832 - INFO: 14920: loss : 0.1541607677936554
2019-02-07 17:30:56,572 - INFO: 14940: loss : 0.20601211488246918
2019-02-07 17:31:01,315 - INFO: 14960: loss : 0.3436069190502167
2019-02-07 17:31:06,026 - INFO: 14980: loss : 0.260888010263443
2019-02-07 17:31:10,801 - INFO: 15000: loss : 0.24450406432151794
2019-02-07 17:31:15,696 - INFO: 15020: loss : 0.09076846390962601
2019-02-07 17:31:20,465 - INFO: 15040: loss : 0.2181897759437561
2019-02-07 17:31:25,175 - INFO: 15060: loss : 0.23217010498046875
2019-02-07 17:31:29,909 - INFO: 15080: loss : 0.24687999486923218
2019-02-07 17:31:34,641 - INFO: 15100: loss : 0.3101358115673065
2019-02-07 17:31:39,356 - INFO: 15120: loss : 0.195488840341568
2019-02-07 17:31:44,072 - INFO: 15140: loss : 0.17661350965499878
2019-02-07 17:31:48,821 - INFO: 15160: loss : 0.1310124546289444
2019-02-07 17:31:53,590 - INFO: 15180: loss : 0.27168723940849304
2019-02-07 17:31:58,344 - INFO: 15200: loss : 0.30592817068099976
2019-02-07 17:32:03,110 - INFO: 15220: loss : 0.20142123103141785
2019-02-07 17:32:07,833 - INFO: 15240: loss : 0.23087771236896515
2019-02-07 17:32:12,585 - INFO: 15260: loss : 0.1399827003479004
2019-02-07 17:32:17,352 - INFO: 15280: loss : 0.23524315655231476
2019-02-07 17:32:22,121 - INFO: 15300: loss : 0.1681816130876541
2019-02-07 17:32:26,886 - INFO: 15320: loss : 0.22128048539161682
2019-02-07 17:32:31,660 - INFO: 15340: loss : 0.23510678112506866
2019-02-07 17:32:36,387 - INFO: 15360: loss : 0.3026983141899109
2019-02-07 17:32:41,086 - INFO: 15380: loss : 0.09544326364994049
2019-02-07 17:32:45,867 - INFO: 15400: loss : 0.25884774327278137
2019-02-07 17:32:50,635 - INFO: 15420: loss : 0.220403254032135
2019-02-07 17:32:55,439 - INFO: 15440: loss : 0.3370676636695862
2019-02-07 17:33:00,207 - INFO: 15460: loss : 0.17715570330619812
2019-02-07 17:33:04,956 - INFO: 15480: loss : 0.2181096076965332
2019-02-07 17:33:09,700 - INFO: 15500: loss : 0.19343258440494537
2019-02-07 17:33:14,438 - INFO: 15520: loss : 0.1678517907857895
2019-02-07 17:33:19,171 - INFO: 15540: loss : 0.12131326645612717
2019-02-07 17:33:23,955 - INFO: 15560: loss : 0.25604376196861267
2019-02-07 17:33:28,575 - INFO: 15580: loss : 0.1695779412984848
2019-02-07 17:33:33,325 - INFO: 15600: loss : 0.18122650682926178
2019-02-07 17:33:38,085 - INFO: 15620: loss : 0.21192750334739685
2019-02-07 17:33:42,747 - INFO: 15640: loss : 0.2275424301624298
2019-02-07 17:33:47,521 - INFO: 15660: loss : 0.21337486803531647
2019-02-07 17:33:52,284 - INFO: 15680: loss : 0.20452997088432312
2019-02-07 17:33:57,016 - INFO: 15700: loss : 0.21986089646816254
2019-02-07 17:34:01,802 - INFO: 15720: loss : 0.18029874563217163
2019-02-07 17:34:06,590 - INFO: 15740: loss : 0.13088352978229523
2019-02-07 17:34:11,342 - INFO: 15760: loss : 0.22091896831989288
2019-02-07 17:34:16,091 - INFO: 15780: loss : 0.11521841585636139
2019-02-07 17:34:20,851 - INFO: 15800: loss : 0.23759129643440247
2019-02-07 17:34:25,624 - INFO: 15820: loss : 0.32929959893226624
2019-02-07 17:34:30,411 - INFO: 15840: loss : 0.2564276158809662
2019-02-07 17:34:35,174 - INFO: 15860: loss : 0.16238050162792206
2019-02-07 17:34:39,947 - INFO: 15880: loss : 0.1617611199617386
2019-02-07 17:34:44,727 - INFO: 15900: loss : 0.33761247992515564
2019-02-07 17:34:49,466 - INFO: 15920: loss : 0.15076494216918945
2019-02-07 17:34:54,213 - INFO: 15940: loss : 0.26717275381088257
2019-02-07 17:34:58,906 - INFO: 15960: loss : 0.22051255404949188
2019-02-07 17:35:03,455 - INFO: 15980: loss : 0.20921996235847473
2019-02-07 17:35:08,207 - INFO: 16000: loss : 0.15829509496688843
2019-02-07 17:35:13,069 - INFO: 16020: loss : 0.2697620689868927
2019-02-07 17:35:17,837 - INFO: 16040: loss : 0.19661970436573029
2019-02-07 17:35:22,577 - INFO: 16060: loss : 0.15165358781814575
2019-02-07 17:35:27,331 - INFO: 16080: loss : 0.18231739103794098
2019-02-07 17:35:32,092 - INFO: 16100: loss : 0.20088596642017365
2019-02-07 17:35:36,832 - INFO: 16120: loss : 0.1904909610748291
2019-02-07 17:35:41,651 - INFO: 16140: loss : 0.1698511689901352
2019-02-07 17:35:46,426 - INFO: 16160: loss : 0.1392224133014679
2019-02-07 17:35:51,168 - INFO: 16180: loss : 0.17285820841789246
2019-02-07 17:35:55,917 - INFO: 16200: loss : 0.15945914387702942
2019-02-07 17:36:00,668 - INFO: 16220: loss : 0.24487192928791046
2019-02-07 17:36:05,418 - INFO: 16240: loss : 0.23161762952804565
2019-02-07 17:36:10,140 - INFO: 16260: loss : 0.11265342682600021
2019-02-07 17:36:14,913 - INFO: 16280: loss : 0.21448945999145508
2019-02-07 17:36:19,648 - INFO: 16300: loss : 0.09944425523281097
2019-02-07 17:36:24,421 - INFO: 16320: loss : 0.20538407564163208
2019-02-07 17:36:29,172 - INFO: 16340: loss : 0.2150246649980545
2019-02-07 17:36:33,963 - INFO: 16360: loss : 0.19201482832431793
2019-02-07 17:36:38,705 - INFO: 16380: loss : 0.18188555538654327
2019-02-07 17:36:43,482 - INFO: 16400: loss : 0.23607087135314941
2019-02-07 17:36:48,219 - INFO: 16420: loss : 0.1813061386346817
2019-02-07 17:36:52,973 - INFO: 16440: loss : 0.19327034056186676
2019-02-07 17:36:57,735 - INFO: 16460: loss : 0.2957916855812073
2019-02-07 17:37:02,325 - INFO: 16480: loss : 0.14908044040203094
2019-02-07 17:37:07,109 - INFO: 16500: loss : 0.11999796330928802
2019-02-07 17:37:11,764 - INFO: 16520: loss : 0.14096590876579285
2019-02-07 17:37:16,531 - INFO: 16540: loss : 0.15890654921531677
2019-02-07 17:37:21,291 - INFO: 16560: loss : 0.2969570457935333
2019-02-07 17:37:26,073 - INFO: 16580: loss : 0.24666287004947662
2019-02-07 17:37:30,824 - INFO: 16600: loss : 0.24360418319702148
2019-02-07 17:37:35,587 - INFO: 16620: loss : 0.15937191247940063
2019-02-07 17:37:40,351 - INFO: 16640: loss : 0.20951588451862335
2019-02-07 17:37:45,100 - INFO: 16660: loss : 0.2626354992389679
2019-02-07 17:37:49,852 - INFO: 16680: loss : 0.26164793968200684
2019-02-07 17:37:54,642 - INFO: 16700: loss : 0.12781736254692078
2019-02-07 17:37:59,375 - INFO: 16720: loss : 0.2718982994556427
2019-02-07 17:38:04,137 - INFO: 16740: loss : 0.23155881464481354
2019-02-07 17:38:08,907 - INFO: 16760: loss : 0.2078857421875
2019-02-07 17:38:13,624 - INFO: 16780: loss : 0.21550121903419495
2019-02-07 17:38:18,386 - INFO: 16800: loss : 0.11371330916881561
2019-02-07 17:38:23,178 - INFO: 16820: loss : 0.16551844775676727
2019-02-07 17:38:27,960 - INFO: 16840: loss : 0.16939020156860352
2019-02-07 17:38:32,706 - INFO: 16860: loss : 0.19335000216960907
2019-02-07 17:38:37,472 - INFO: 16880: loss : 0.14509671926498413
2019-02-07 17:38:42,223 - INFO: 16900: loss : 0.2630985379219055
2019-02-07 17:38:46,974 - INFO: 16920: loss : 0.2960282564163208
2019-02-07 17:38:51,721 - INFO: 16940: loss : 0.19801028072834015
2019-02-07 17:38:56,472 - INFO: 16960: loss : 0.20977972447872162
2019-02-07 17:39:01,219 - INFO: 16980: loss : 0.19347193837165833
2019-02-07 17:39:05,970 - INFO: 17000: loss : 0.199651300907135
2019-02-07 17:39:10,810 - INFO: 17020: loss : 0.19056135416030884
2019-02-07 17:39:15,574 - INFO: 17040: loss : 0.22910171747207642
2019-02-07 17:39:20,314 - INFO: 17060: loss : 0.15650911629199982
2019-02-07 17:39:25,072 - INFO: 17080: loss : 0.15929235517978668
2019-02-07 17:39:29,871 - INFO: 17100: loss : 0.1472906470298767
2019-02-07 17:39:34,628 - INFO: 17120: loss : 0.2769826352596283
2019-02-07 17:39:39,356 - INFO: 17140: loss : 0.19348058104515076
2019-02-07 17:39:44,127 - INFO: 17160: loss : 0.2505131959915161
2019-02-07 17:39:48,848 - INFO: 17180: loss : 0.16403596103191376
2019-02-07 17:39:53,577 - INFO: 17200: loss : 0.17369811236858368
2019-02-07 17:39:58,278 - INFO: 17220: loss : 0.17517906427383423
2019-02-07 17:40:03,025 - INFO: 17240: loss : 0.33178332448005676
2019-02-07 17:40:07,808 - INFO: 17260: loss : 0.2068425863981247
2019-02-07 17:40:12,578 - INFO: 17280: loss : 0.16218137741088867
2019-02-07 17:40:17,361 - INFO: 17300: loss : 0.2896675169467926
2019-02-07 17:40:22,100 - INFO: 17320: loss : 0.2040519416332245
2019-02-07 17:40:26,810 - INFO: 17340: loss : 0.3184100389480591
2019-02-07 17:40:31,618 - INFO: 17360: loss : 0.14473368227481842
2019-02-07 17:40:36,388 - INFO: 17380: loss : 0.21261557936668396
2019-02-07 17:40:41,173 - INFO: 17400: loss : 0.24191556870937347
2019-02-07 17:40:45,936 - INFO: 17420: loss : 0.2106088250875473
2019-02-07 17:40:50,642 - INFO: 17440: loss : 0.14711812138557434
2019-02-07 17:40:55,376 - INFO: 17460: loss : 0.21190287172794342
2019-02-07 17:41:00,101 - INFO: 17480: loss : 0.14971759915351868
2019-02-07 17:41:04,852 - INFO: 17500: loss : 0.18722228705883026
2019-02-07 17:41:09,592 - INFO: 17520: loss : 0.123041532933712
2019-02-07 17:41:14,345 - INFO: 17540: loss : 0.15035513043403625
2019-02-07 17:41:19,061 - INFO: 17560: loss : 0.19537121057510376
2019-02-07 17:41:23,722 - INFO: 17580: loss : 0.1450231373310089
2019-02-07 17:41:28,479 - INFO: 17600: loss : 0.2377600073814392
2019-02-07 17:41:33,220 - INFO: 17620: loss : 0.2109951376914978
2019-02-07 17:41:37,981 - INFO: 17640: loss : 0.1872524917125702
2019-02-07 17:41:42,773 - INFO: 17660: loss : 0.1517663300037384
2019-02-07 17:41:47,487 - INFO: 17680: loss : 0.18857257068157196
2019-02-07 17:41:52,248 - INFO: 17700: loss : 0.23521502315998077
2019-02-07 17:41:57,013 - INFO: 17720: loss : 0.14375942945480347
2019-02-07 17:42:01,599 - INFO: 17740: loss : 0.1631467044353485
2019-02-07 17:42:06,237 - INFO: 17760: loss : 0.28016766905784607
2019-02-07 17:42:10,987 - INFO: 17780: loss : 0.20722872018814087
2019-02-07 17:42:15,731 - INFO: 17800: loss : 0.12956921756267548
2019-02-07 17:42:20,460 - INFO: 17820: loss : 0.2524336874485016
2019-02-07 17:42:25,192 - INFO: 17840: loss : 0.20824140310287476
2019-02-07 17:42:29,914 - INFO: 17860: loss : 0.14941121637821198
2019-02-07 17:42:34,674 - INFO: 17880: loss : 0.1855233758687973
2019-02-07 17:42:39,402 - INFO: 17900: loss : 0.1583682894706726
2019-02-07 17:42:44,125 - INFO: 17920: loss : 0.18453581631183624
2019-02-07 17:42:48,888 - INFO: 17940: loss : 0.3347165286540985
2019-02-07 17:42:53,597 - INFO: 17960: loss : 0.18696832656860352
2019-02-07 17:42:58,322 - INFO: 17980: loss : 0.23907043039798737
2019-02-07 17:43:03,084 - INFO: 18000: loss : 0.23695781826972961
2019-02-07 17:43:07,979 - INFO: 18020: loss : 0.21441403031349182
2019-02-07 17:43:12,734 - INFO: 18040: loss : 0.19548530876636505
2019-02-07 17:43:17,419 - INFO: 18060: loss : 0.12347213178873062
2019-02-07 17:43:22,097 - INFO: 18080: loss : 0.20444974303245544
2019-02-07 17:43:26,828 - INFO: 18100: loss : 0.18622228503227234
2019-02-07 17:43:31,530 - INFO: 18120: loss : 0.10223397612571716
2019-02-07 17:43:36,312 - INFO: 18140: loss : 0.22449758648872375
2019-02-07 17:43:41,053 - INFO: 18160: loss : 0.1688939481973648
2019-02-07 17:43:45,751 - INFO: 18180: loss : 0.20693857967853546
2019-02-07 17:43:50,494 - INFO: 18200: loss : 0.15134556591510773
2019-02-07 17:43:55,224 - INFO: 18220: loss : 0.16171225905418396
2019-02-07 17:43:59,969 - INFO: 18240: loss : 0.280013769865036
2019-02-07 17:44:04,635 - INFO: 18260: loss : 0.300427109003067
2019-02-07 17:44:09,352 - INFO: 18280: loss : 0.24468201398849487
2019-02-07 17:44:14,119 - INFO: 18300: loss : 0.1710696518421173
2019-02-07 17:44:18,879 - INFO: 18320: loss : 0.17766298353672028
2019-02-07 17:44:23,601 - INFO: 18340: loss : 0.20573733747005463
2019-02-07 17:44:28,327 - INFO: 18360: loss : 0.27259132266044617
2019-02-07 17:44:33,037 - INFO: 18380: loss : 0.18357454240322113
2019-02-07 17:44:37,786 - INFO: 18400: loss : 0.14954811334609985
2019-02-07 17:44:42,529 - INFO: 18420: loss : 0.16668248176574707
2019-02-07 17:44:47,297 - INFO: 18440: loss : 0.19216789305210114
2019-02-07 17:44:52,018 - INFO: 18460: loss : 0.1936742663383484
2019-02-07 17:44:56,772 - INFO: 18480: loss : 0.330907940864563
2019-02-07 17:45:01,526 - INFO: 18500: loss : 0.32970815896987915
2019-02-07 17:45:06,276 - INFO: 18520: loss : 0.3133615553379059
2019-02-07 17:45:10,997 - INFO: 18540: loss : 0.17718441784381866
2019-02-07 17:45:15,756 - INFO: 18560: loss : 0.2339448630809784
2019-02-07 17:45:20,528 - INFO: 18580: loss : 0.2705385088920593
2019-02-07 17:45:25,263 - INFO: 18600: loss : 0.1377270668745041
2019-02-07 17:45:30,032 - INFO: 18620: loss : 0.2512010931968689
2019-02-07 17:45:34,797 - INFO: 18640: loss : 0.1987295001745224
2019-02-07 17:45:39,572 - INFO: 18660: loss : 0.21298781037330627
2019-02-07 17:45:44,314 - INFO: 18680: loss : 0.1907011866569519
2019-02-07 17:45:49,066 - INFO: 18700: loss : 0.1902550309896469
2019-02-07 17:45:53,791 - INFO: 18720: loss : 0.15539376437664032
2019-02-07 17:45:58,534 - INFO: 18740: loss : 0.1555977165699005
2019-02-07 17:46:03,264 - INFO: 18760: loss : 0.2613474130630493
2019-02-07 17:46:08,012 - INFO: 18780: loss : 0.23309537768363953
2019-02-07 17:46:12,764 - INFO: 18800: loss : 0.19393500685691833
2019-02-07 17:46:17,496 - INFO: 18820: loss : 0.2640836536884308
2019-02-07 17:46:22,290 - INFO: 18840: loss : 0.14900559186935425
2019-02-07 17:46:27,064 - INFO: 18860: loss : 0.169409841299057
2019-02-07 17:46:31,821 - INFO: 18880: loss : 0.19523197412490845
2019-02-07 17:46:36,564 - INFO: 18900: loss : 0.16784988343715668
2019-02-07 17:46:41,320 - INFO: 18920: loss : 0.18918463587760925
2019-02-07 17:46:46,033 - INFO: 18940: loss : 0.10857127606868744
2019-02-07 17:46:50,701 - INFO: 18960: loss : 0.18537728488445282
2019-02-07 17:46:55,417 - INFO: 18980: loss : 0.21642178297042847
2019-02-07 17:47:00,170 - INFO: 19000: loss : 0.17458896338939667
2019-02-07 17:47:05,024 - INFO: 19020: loss : 0.1616210639476776
2019-02-07 17:47:09,767 - INFO: 19040: loss : 0.31324538588523865
2019-02-07 17:47:14,537 - INFO: 19060: loss : 0.1411864161491394
2019-02-07 17:47:19,285 - INFO: 19080: loss : 0.2439870536327362
2019-02-07 17:47:24,031 - INFO: 19100: loss : 0.18341459333896637
2019-02-07 17:47:28,793 - INFO: 19120: loss : 0.19456124305725098
2019-02-07 17:47:33,527 - INFO: 19140: loss : 0.14693981409072876
2019-02-07 17:47:38,275 - INFO: 19160: loss : 0.2566240727901459
2019-02-07 17:47:43,017 - INFO: 19180: loss : 0.2936457395553589
2019-02-07 17:47:47,735 - INFO: 19200: loss : 0.14928489923477173
2019-02-07 17:47:52,513 - INFO: 19220: loss : 0.21108561754226685
2019-02-07 17:47:57,276 - INFO: 19240: loss : 0.18384689092636108
2019-02-07 17:48:01,999 - INFO: 19260: loss : 0.15438461303710938
2019-02-07 17:48:06,785 - INFO: 19280: loss : 0.19310474395751953
2019-02-07 17:48:11,546 - INFO: 19300: loss : 0.19103139638900757
2019-02-07 17:48:16,287 - INFO: 19320: loss : 0.18754740059375763
2019-02-07 17:48:21,023 - INFO: 19340: loss : 0.18099430203437805
2019-02-07 17:48:25,770 - INFO: 19360: loss : 0.07848314940929413
2019-02-07 17:48:30,545 - INFO: 19380: loss : 0.1727248877286911
2019-02-07 17:48:35,308 - INFO: 19400: loss : 0.1592702865600586
2019-02-07 17:48:40,022 - INFO: 19420: loss : 0.24292774498462677
2019-02-07 17:48:44,829 - INFO: 19440: loss : 0.09093628078699112
2019-02-07 17:48:49,566 - INFO: 19460: loss : 0.20369809865951538
2019-02-07 17:48:54,271 - INFO: 19480: loss : 0.11840580403804779
2019-02-07 17:48:59,029 - INFO: 19500: loss : 0.2312668412923813
2019-02-07 17:49:03,801 - INFO: 19520: loss : 0.16418679058551788
2019-02-07 17:49:08,554 - INFO: 19540: loss : 0.13144394755363464
2019-02-07 17:49:13,246 - INFO: 19560: loss : 0.1732516586780548
2019-02-07 17:49:17,979 - INFO: 19580: loss : 0.2057003676891327
2019-02-07 17:49:22,740 - INFO: 19600: loss : 0.11176662147045135
2019-02-07 17:49:27,504 - INFO: 19620: loss : 0.27313676476478577
2019-02-07 17:49:32,244 - INFO: 19640: loss : 0.1486702263355255
2019-02-07 17:49:36,988 - INFO: 19660: loss : 0.21993567049503326
2019-02-07 17:49:41,621 - INFO: 19680: loss : 0.23762299120426178
2019-02-07 17:49:46,357 - INFO: 19700: loss : 0.20037920773029327
2019-02-07 17:49:51,114 - INFO: 19720: loss : 0.10473620146512985
2019-02-07 17:49:55,859 - INFO: 19740: loss : 0.19408074021339417
2019-02-07 17:50:00,582 - INFO: 19760: loss : 0.11323991417884827
2019-02-07 17:50:05,317 - INFO: 19780: loss : 0.10849935561418533
2019-02-07 17:50:10,034 - INFO: 19800: loss : 0.1361815333366394
2019-02-07 17:50:14,777 - INFO: 19820: loss : 0.18418239057064056
2019-02-07 17:50:19,516 - INFO: 19840: loss : 0.2215673178434372
2019-02-07 17:50:24,325 - INFO: 19860: loss : 0.1367950141429901
2019-02-07 17:50:29,098 - INFO: 19880: loss : 0.21282914280891418
2019-02-07 17:50:33,844 - INFO: 19900: loss : 0.21077372133731842
2019-02-07 17:50:38,611 - INFO: 19920: loss : 0.1454361528158188
2019-02-07 17:50:43,329 - INFO: 19940: loss : 0.14620426297187805
2019-02-07 17:50:48,094 - INFO: 19960: loss : 0.1584865301847458
2019-02-07 17:50:52,844 - INFO: 19980: loss : 0.2707843780517578
2019-02-07 17:50:57,532 - INFO: 20000: loss : 0.161408931016922
