2019-02-06 14:08:40,094 - INFO: model output path model/trained_model_mini/C3D
2019-02-06 14:08:40,969 - INFO: None
2019-02-06 14:08:40,969 - INFO: saving model in model/trained_model_mini/C3D/model.json
2019-02-06 14:08:40,970 - INFO: Iteration started
2019-02-06 14:13:11,221 - INFO: model output path model/trained_model_mini/C3D
2019-02-06 14:13:12,109 - INFO: None
2019-02-06 14:13:12,109 - INFO: saving model in model/trained_model_mini/C3D/model.json
2019-02-06 14:13:12,110 - INFO: Iteration started
2019-02-06 14:13:32,639 - INFO: 20: loss : 6.735535621643066
2019-02-06 14:13:38,185 - INFO: 40: loss : 5.369536399841309
2019-02-06 14:13:42,407 - INFO: 60: loss : 4.488409519195557
2019-02-06 14:13:46,486 - INFO: 80: loss : 3.9283132553100586
2019-02-06 14:13:50,589 - INFO: 100: loss : 3.4647223949432373
2019-02-06 14:13:54,650 - INFO: 120: loss : 3.1227848529815674
2019-02-06 14:13:58,778 - INFO: 140: loss : 2.908439874649048
2019-02-06 14:14:02,893 - INFO: 160: loss : 2.622915744781494
2019-02-06 14:14:06,992 - INFO: 180: loss : 2.4234657287597656
2019-02-06 14:14:11,089 - INFO: 200: loss : 2.33286190032959
2019-02-06 14:14:15,218 - INFO: 220: loss : 2.1981403827667236
2019-02-06 14:14:19,304 - INFO: 240: loss : 2.0406653881073
2019-02-06 14:14:23,401 - INFO: 260: loss : 1.9524681568145752
2019-02-06 14:14:27,487 - INFO: 280: loss : 1.8129863739013672
2019-02-06 14:14:31,617 - INFO: 300: loss : 1.7673759460449219
2019-02-06 14:14:35,757 - INFO: 320: loss : 1.7166863679885864
2019-02-06 14:14:39,884 - INFO: 340: loss : 1.632423996925354
2019-02-06 14:14:43,993 - INFO: 360: loss : 1.5070854425430298
2019-02-06 14:14:48,062 - INFO: 380: loss : 1.4740439653396606
2019-02-06 14:14:52,207 - INFO: 400: loss : 1.439723253250122
2019-02-06 14:14:56,344 - INFO: 420: loss : 1.3734893798828125
2019-02-06 14:15:00,489 - INFO: 440: loss : 1.356499195098877
2019-02-06 14:15:04,611 - INFO: 460: loss : 1.4004007577896118
2019-02-06 14:15:08,710 - INFO: 480: loss : 1.3001409769058228
2019-02-06 14:15:12,768 - INFO: 500: loss : 1.2532787322998047
2019-02-06 14:15:16,817 - INFO: 520: loss : 1.254477858543396
2019-02-06 14:15:20,916 - INFO: 540: loss : 1.2501220703125
2019-02-06 14:15:25,079 - INFO: 560: loss : 1.2343922853469849
2019-02-06 14:15:29,196 - INFO: 580: loss : 1.1725876331329346
2019-02-06 14:15:33,336 - INFO: 600: loss : 1.1695059537887573
2019-02-06 14:15:37,439 - INFO: 620: loss : 1.1175174713134766
2019-02-06 14:15:41,500 - INFO: 640: loss : 1.1610617637634277
2019-02-06 14:15:45,623 - INFO: 660: loss : 1.0666379928588867
2019-02-06 14:15:49,786 - INFO: 680: loss : 1.108208179473877
2019-02-06 14:15:53,916 - INFO: 700: loss : 1.0691773891448975
2019-02-06 14:15:58,073 - INFO: 720: loss : 1.0617899894714355
2019-02-06 14:16:02,175 - INFO: 740: loss : 1.0807034969329834
2019-02-06 14:16:06,263 - INFO: 760: loss : 1.1103521585464478
2019-02-06 14:16:10,368 - INFO: 780: loss : 0.9981002807617188
2019-02-06 14:16:14,507 - INFO: 800: loss : 0.9752697348594666
2019-02-06 14:16:18,623 - INFO: 820: loss : 1.0508395433425903
2019-02-06 14:16:22,781 - INFO: 840: loss : 1.009490966796875
2019-02-06 14:16:26,927 - INFO: 860: loss : 1.0279791355133057
2019-02-06 14:16:31,050 - INFO: 880: loss : 0.955569863319397
2019-02-06 14:16:35,170 - INFO: 900: loss : 1.0413072109222412
2019-02-06 14:16:39,305 - INFO: 920: loss : 1.041132926940918
2019-02-06 14:16:43,436 - INFO: 940: loss : 0.9859080910682678
2019-02-06 14:16:47,559 - INFO: 960: loss : 1.0051758289337158
2019-02-06 14:16:51,652 - INFO: 980: loss : 1.030950665473938
2019-02-06 14:16:55,727 - INFO: 1000: loss : 0.9837434887886047
2019-02-06 14:54:08,536 - INFO: model output path model/trained_model_mini/C3D
2019-02-06 14:54:33,880 - INFO: model output path model/trained_model_mini/C3D
2019-02-06 14:54:51,036 - INFO: model output path model/trained_model_mini/C3D
2019-02-06 14:54:51,934 - INFO: None
2019-02-06 14:54:51,934 - INFO: saving model in model/trained_model_mini/C3D/model.json
2019-02-06 14:54:51,935 - INFO: Iteration started
2019-02-06 14:55:02,232 - INFO: 20: loss : 6.70371150970459
2019-02-06 14:55:06,359 - INFO: 40: loss : 5.319265842437744
2019-02-06 14:55:10,504 - INFO: 60: loss : 4.5067548751831055
2019-02-06 14:55:14,649 - INFO: 80: loss : 3.8735780715942383
2019-02-06 14:55:18,773 - INFO: 100: loss : 3.470649003982544
2019-02-06 14:55:22,889 - INFO: 120: loss : 3.0648345947265625
2019-02-06 14:55:26,996 - INFO: 140: loss : 2.8335752487182617
2019-02-06 14:55:31,138 - INFO: 160: loss : 2.6331005096435547
2019-02-06 14:55:35,229 - INFO: 180: loss : 2.400726795196533
2019-02-06 14:55:39,281 - INFO: 200: loss : 2.284153938293457
2019-02-06 14:55:43,302 - INFO: 220: loss : 2.131830930709839
2019-02-06 14:55:47,428 - INFO: 240: loss : 1.9568085670471191
2019-02-06 14:55:51,497 - INFO: 260: loss : 1.8834534883499146
2019-02-06 14:55:55,578 - INFO: 280: loss : 1.8175313472747803
2019-02-06 14:55:59,695 - INFO: 300: loss : 1.7216076850891113
2019-02-06 14:56:03,824 - INFO: 320: loss : 1.6565892696380615
2019-02-06 14:56:07,962 - INFO: 340: loss : 1.6259799003601074
2019-02-06 14:56:12,125 - INFO: 360: loss : 1.5598602294921875
2019-02-06 14:56:16,268 - INFO: 380: loss : 1.4946608543395996
2019-02-06 14:56:20,405 - INFO: 400: loss : 1.4442815780639648
2019-02-06 14:56:24,498 - INFO: 420: loss : 1.347379207611084
2019-02-06 14:56:28,664 - INFO: 440: loss : 1.3832646608352661
2019-02-06 14:56:32,831 - INFO: 460: loss : 1.299046516418457
2019-02-06 14:56:36,977 - INFO: 480: loss : 1.2487668991088867
2019-02-06 14:56:41,068 - INFO: 500: loss : 1.3070015907287598
2019-02-06 14:56:45,204 - INFO: 520: loss : 1.194610595703125
2019-02-06 14:56:49,360 - INFO: 540: loss : 1.2356986999511719
2019-02-06 14:56:53,503 - INFO: 560: loss : 1.2049713134765625
2019-02-06 14:56:57,653 - INFO: 580: loss : 1.1954039335250854
2019-02-06 14:57:01,807 - INFO: 600: loss : 1.1456637382507324
2019-02-06 14:57:05,939 - INFO: 620: loss : 1.1457486152648926
2019-02-06 14:57:10,106 - INFO: 640: loss : 1.1340134143829346
2019-02-06 14:57:14,249 - INFO: 660: loss : 1.0925647020339966
2019-02-06 14:57:18,396 - INFO: 680: loss : 1.0938307046890259
2019-02-06 14:57:22,557 - INFO: 700: loss : 1.0686445236206055
2019-02-06 14:57:26,687 - INFO: 720: loss : 1.0894731283187866
2019-02-06 14:57:30,845 - INFO: 740: loss : 1.0761663913726807
2019-02-06 14:57:35,028 - INFO: 760: loss : 1.0820754766464233
2019-02-06 14:57:39,150 - INFO: 780: loss : 0.9656399488449097
2019-02-06 14:57:43,317 - INFO: 800: loss : 1.0453243255615234
2019-02-06 14:57:47,459 - INFO: 820: loss : 1.0000780820846558
2019-02-06 14:57:51,568 - INFO: 840: loss : 1.028838038444519
2019-02-06 14:57:55,606 - INFO: 860: loss : 1.0383552312850952
2019-02-06 14:57:59,696 - INFO: 880: loss : 1.0364673137664795
2019-02-06 14:58:03,842 - INFO: 900: loss : 0.9947229623794556
2019-02-06 14:58:07,955 - INFO: 920: loss : 1.022282361984253
2019-02-06 14:58:12,089 - INFO: 940: loss : 1.0834370851516724
2019-02-06 14:58:16,233 - INFO: 960: loss : 1.0511082410812378
2019-02-06 14:58:20,406 - INFO: 980: loss : 1.005935788154602
2019-02-06 14:58:24,511 - INFO: 1000: loss : 0.9578872919082642
2019-02-06 14:58:28,788 - INFO: 1020: loss : 0.894121527671814
2019-02-06 14:58:32,928 - INFO: 1040: loss : 0.9631884694099426
2019-02-06 14:58:37,059 - INFO: 1060: loss : 0.9257864952087402
2019-02-06 14:58:41,163 - INFO: 1080: loss : 0.9403351545333862
2019-02-06 14:58:45,216 - INFO: 1100: loss : 0.9546932578086853
2019-02-06 14:58:49,327 - INFO: 1120: loss : 0.96755051612854
2019-02-06 14:58:53,457 - INFO: 1140: loss : 0.9402334690093994
2019-02-06 14:58:57,508 - INFO: 1160: loss : 0.9327178001403809
2019-02-06 14:59:01,657 - INFO: 1180: loss : 0.9158223867416382
2019-02-06 14:59:05,795 - INFO: 1200: loss : 0.8602142333984375
2019-02-06 14:59:09,957 - INFO: 1220: loss : 0.9481916427612305
2019-02-06 14:59:14,078 - INFO: 1240: loss : 0.9418643712997437
2019-02-06 14:59:18,243 - INFO: 1260: loss : 0.9336284399032593
2019-02-06 14:59:22,448 - INFO: 1280: loss : 0.9056804180145264
2019-02-06 14:59:26,587 - INFO: 1300: loss : 0.9798634052276611
2019-02-06 14:59:30,725 - INFO: 1320: loss : 0.865760326385498
2019-02-06 14:59:34,801 - INFO: 1340: loss : 0.904738187789917
2019-02-06 14:59:38,860 - INFO: 1360: loss : 0.8966946005821228
2019-02-06 14:59:42,964 - INFO: 1380: loss : 0.8880729079246521
2019-02-06 14:59:47,082 - INFO: 1400: loss : 0.8577225804328918
2019-02-06 14:59:51,182 - INFO: 1420: loss : 0.9337636828422546
2019-02-06 14:59:55,333 - INFO: 1440: loss : 0.8431406617164612
2019-02-06 14:59:59,444 - INFO: 1460: loss : 0.8013411164283752
2019-02-06 15:00:03,580 - INFO: 1480: loss : 0.868489146232605
2019-02-06 15:00:07,762 - INFO: 1500: loss : 0.8157125115394592
2019-02-06 15:00:11,869 - INFO: 1520: loss : 0.8116973042488098
2019-02-06 15:00:16,033 - INFO: 1540: loss : 0.8899873495101929
2019-02-06 15:00:20,198 - INFO: 1560: loss : 0.8401468992233276
2019-02-06 15:00:24,314 - INFO: 1580: loss : 0.8258451223373413
2019-02-06 15:00:28,485 - INFO: 1600: loss : 0.919913649559021
2019-02-06 15:00:32,628 - INFO: 1620: loss : 0.8493107557296753
2019-02-06 15:00:36,774 - INFO: 1640: loss : 0.852283239364624
2019-02-06 15:00:40,811 - INFO: 1660: loss : 0.8893055319786072
2019-02-06 15:00:44,991 - INFO: 1680: loss : 0.9258666038513184
2019-02-06 15:00:49,159 - INFO: 1700: loss : 0.7995426654815674
2019-02-06 15:00:53,314 - INFO: 1720: loss : 0.8526331186294556
2019-02-06 15:00:57,405 - INFO: 1740: loss : 0.8673802614212036
2019-02-06 15:01:01,537 - INFO: 1760: loss : 0.838361918926239
2019-02-06 15:01:05,486 - INFO: 1780: loss : 0.8225532174110413
2019-02-06 15:01:09,628 - INFO: 1800: loss : 0.8625818490982056
2019-02-06 15:01:13,801 - INFO: 1820: loss : 0.8097825646400452
2019-02-06 15:01:17,944 - INFO: 1840: loss : 0.8888874053955078
2019-02-06 15:01:21,903 - INFO: 1860: loss : 0.8717206120491028
2019-02-06 15:01:25,934 - INFO: 1880: loss : 0.8619974851608276
2019-02-06 15:01:30,055 - INFO: 1900: loss : 0.8181424140930176
2019-02-06 15:01:34,154 - INFO: 1920: loss : 0.8550060987472534
2019-02-06 15:01:38,286 - INFO: 1940: loss : 0.8491719961166382
2019-02-06 15:01:42,420 - INFO: 1960: loss : 0.7776702642440796
2019-02-06 15:01:46,512 - INFO: 1980: loss : 0.8602415323257446
2019-02-06 15:01:50,638 - INFO: 2000: loss : 0.8315145969390869
2019-02-06 15:01:54,728 - INFO: 2020: loss : 0.8350529670715332
2019-02-06 15:01:58,834 - INFO: 2040: loss : 0.8694014549255371
2019-02-06 15:02:02,984 - INFO: 2060: loss : 0.8538615703582764
2019-02-06 15:02:07,162 - INFO: 2080: loss : 0.8080307245254517
2019-02-06 15:02:11,362 - INFO: 2100: loss : 0.7969524264335632
2019-02-06 15:02:15,610 - INFO: 2120: loss : 0.8349093198776245
2019-02-06 15:02:19,748 - INFO: 2140: loss : 0.7916484475135803
2019-02-06 15:02:23,914 - INFO: 2160: loss : 0.8971659541130066
2019-02-06 15:02:28,067 - INFO: 2180: loss : 0.7746562957763672
2019-02-06 15:02:32,247 - INFO: 2200: loss : 0.7686843872070312
2019-02-06 15:02:36,424 - INFO: 2220: loss : 0.8296546936035156
2019-02-06 15:02:40,626 - INFO: 2240: loss : 0.84441077709198
2019-02-06 15:02:44,780 - INFO: 2260: loss : 0.7432239651679993
2019-02-06 15:02:48,834 - INFO: 2280: loss : 0.8158777952194214
2019-02-06 15:02:52,926 - INFO: 2300: loss : 0.8724040389060974
2019-02-06 15:02:57,109 - INFO: 2320: loss : 0.880082905292511
2019-02-06 15:03:01,287 - INFO: 2340: loss : 0.8280783891677856
2019-02-06 15:03:05,496 - INFO: 2360: loss : 0.83795166015625
2019-02-06 15:03:09,667 - INFO: 2380: loss : 0.7604446411132812
2019-02-06 15:03:13,865 - INFO: 2400: loss : 0.8240752816200256
2019-02-06 15:03:18,055 - INFO: 2420: loss : 0.8103468418121338
2019-02-06 15:03:22,258 - INFO: 2440: loss : 0.8098399043083191
2019-02-06 15:03:26,443 - INFO: 2460: loss : 0.7746432423591614
2019-02-06 15:03:30,619 - INFO: 2480: loss : 0.7562100291252136
2019-02-06 15:03:34,782 - INFO: 2500: loss : 0.7477577328681946
2019-02-06 15:03:38,796 - INFO: 2520: loss : 0.8837207555770874
2019-02-06 15:03:42,950 - INFO: 2540: loss : 0.8372750282287598
2019-02-06 15:03:47,113 - INFO: 2560: loss : 0.7313722968101501
2019-02-06 15:03:51,266 - INFO: 2580: loss : 0.7783862352371216
2019-02-06 15:03:55,427 - INFO: 2600: loss : 0.7694195508956909
2019-02-06 15:03:59,590 - INFO: 2620: loss : 0.8552435636520386
2019-02-06 15:04:03,749 - INFO: 2640: loss : 0.8213386535644531
2019-02-06 15:04:07,914 - INFO: 2660: loss : 0.8736969828605652
2019-02-06 15:04:12,068 - INFO: 2680: loss : 0.7930927276611328
2019-02-06 15:04:16,219 - INFO: 2700: loss : 0.8440359234809875
2019-02-06 15:04:20,374 - INFO: 2720: loss : 0.8182436227798462
2019-02-06 15:04:24,514 - INFO: 2740: loss : 0.8362331390380859
2019-02-06 15:04:28,674 - INFO: 2760: loss : 0.7327488660812378
2019-02-06 15:04:32,846 - INFO: 2780: loss : 0.7738664150238037
2019-02-06 15:04:37,058 - INFO: 2800: loss : 0.7694465517997742
2019-02-06 15:04:41,239 - INFO: 2820: loss : 0.7871007919311523
2019-02-06 15:04:45,426 - INFO: 2840: loss : 0.7773646116256714
2019-02-06 15:04:49,603 - INFO: 2860: loss : 0.7817075252532959
2019-02-06 15:04:53,725 - INFO: 2880: loss : 0.8179407119750977
2019-02-06 15:04:57,950 - INFO: 2900: loss : 0.7778977751731873
2019-02-06 15:05:02,123 - INFO: 2920: loss : 0.7798522114753723
2019-02-06 15:05:06,280 - INFO: 2940: loss : 0.7801551222801208
2019-02-06 15:05:10,463 - INFO: 2960: loss : 0.8159557580947876
2019-02-06 15:05:14,604 - INFO: 2980: loss : 0.7584948539733887
2019-02-06 15:05:18,781 - INFO: 3000: loss : 0.8202909827232361
2019-02-06 15:05:22,975 - INFO: 3020: loss : 0.7343885898590088
2019-02-06 15:05:27,117 - INFO: 3040: loss : 0.7910696268081665
2019-02-06 15:05:31,323 - INFO: 3060: loss : 0.8359150886535645
2019-02-06 15:05:35,553 - INFO: 3080: loss : 0.8270899057388306
2019-02-06 15:05:39,810 - INFO: 3100: loss : 0.8241659998893738
2019-02-06 15:05:44,121 - INFO: 3120: loss : 0.719824492931366
2019-02-06 15:05:48,274 - INFO: 3140: loss : 0.7900683879852295
2019-02-06 15:05:52,495 - INFO: 3160: loss : 0.8107117414474487
2019-02-06 15:05:56,666 - INFO: 3180: loss : 0.7848738431930542
2019-02-06 15:06:00,980 - INFO: 3200: loss : 0.7884998321533203
2019-02-06 15:06:05,161 - INFO: 3220: loss : 0.9178370237350464
2019-02-06 15:06:09,354 - INFO: 3240: loss : 0.7286531925201416
2019-02-06 15:06:13,538 - INFO: 3260: loss : 0.771759033203125
2019-02-06 15:06:17,852 - INFO: 3280: loss : 0.8132122159004211
2019-02-06 15:06:22,200 - INFO: 3300: loss : 0.8254411816596985
2019-02-06 15:06:26,502 - INFO: 3320: loss : 0.7754988074302673
2019-02-06 15:06:30,754 - INFO: 3340: loss : 0.8392783403396606
2019-02-06 15:06:34,918 - INFO: 3360: loss : 0.8136551380157471
2019-02-06 15:06:38,982 - INFO: 3380: loss : 0.6804190874099731
2019-02-06 15:06:43,138 - INFO: 3400: loss : 0.6942628622055054
2019-02-06 15:06:47,305 - INFO: 3420: loss : 0.7775298357009888
2019-02-06 15:06:51,510 - INFO: 3440: loss : 0.8282246589660645
2019-02-06 15:06:55,661 - INFO: 3460: loss : 0.7580121755599976
2019-02-06 15:06:59,774 - INFO: 3480: loss : 0.756406307220459
2019-02-06 15:07:03,976 - INFO: 3500: loss : 0.7833356857299805
2019-02-06 15:07:08,117 - INFO: 3520: loss : 0.7836881279945374
2019-02-06 15:07:12,329 - INFO: 3540: loss : 0.7543236613273621
2019-02-06 15:07:16,622 - INFO: 3560: loss : 0.795565664768219
2019-02-06 15:07:20,791 - INFO: 3580: loss : 0.7931340932846069
2019-02-06 15:07:24,944 - INFO: 3600: loss : 0.808355450630188
2019-02-06 15:07:29,187 - INFO: 3620: loss : 0.7231668829917908
2019-02-06 15:07:33,439 - INFO: 3640: loss : 0.7735764384269714
2019-02-06 15:07:37,703 - INFO: 3660: loss : 0.7924941182136536
2019-02-06 15:07:41,954 - INFO: 3680: loss : 0.8419642448425293
2019-02-06 15:07:46,186 - INFO: 3700: loss : 0.8180113434791565
2019-02-06 15:07:50,382 - INFO: 3720: loss : 0.7213777303695679
2019-02-06 15:07:54,643 - INFO: 3740: loss : 0.7747858166694641
2019-02-06 15:07:58,855 - INFO: 3760: loss : 0.837048351764679
2019-02-06 15:08:03,058 - INFO: 3780: loss : 0.7882036566734314
2019-02-06 15:08:07,237 - INFO: 3800: loss : 0.7661791443824768
2019-02-06 15:08:11,498 - INFO: 3820: loss : 0.7308247089385986
2019-02-06 15:08:15,684 - INFO: 3840: loss : 0.7452903389930725
2019-02-06 15:08:19,880 - INFO: 3860: loss : 0.7714788913726807
2019-02-06 15:08:24,147 - INFO: 3880: loss : 0.7365477085113525
2019-02-06 15:08:28,435 - INFO: 3900: loss : 0.7917811870574951
2019-02-06 15:08:32,790 - INFO: 3920: loss : 0.7882181406021118
2019-02-06 15:08:37,089 - INFO: 3940: loss : 0.7656937837600708
2019-02-06 15:08:41,404 - INFO: 3960: loss : 0.8473003506660461
2019-02-06 15:08:45,630 - INFO: 3980: loss : 0.7936660051345825
2019-02-06 15:08:49,856 - INFO: 4000: loss : 0.709894597530365
2019-02-06 15:08:54,110 - INFO: 4020: loss : 0.7966392040252686
2019-02-06 15:08:58,326 - INFO: 4040: loss : 0.8534480333328247
2019-02-06 15:09:02,551 - INFO: 4060: loss : 0.7652203440666199
2019-02-06 15:09:06,750 - INFO: 4080: loss : 0.7263770699501038
2019-02-06 15:09:10,953 - INFO: 4100: loss : 0.7690809965133667
2019-02-06 15:09:15,139 - INFO: 4120: loss : 0.7791144847869873
2019-02-06 15:09:19,381 - INFO: 4140: loss : 0.8217008113861084
2019-02-06 15:09:23,570 - INFO: 4160: loss : 0.7287542819976807
2019-02-06 15:09:27,804 - INFO: 4180: loss : 0.7391952276229858
2019-02-06 15:09:32,029 - INFO: 4200: loss : 0.815048098564148
2019-02-06 15:09:36,226 - INFO: 4220: loss : 0.7676472663879395
2019-02-06 15:09:40,466 - INFO: 4240: loss : 0.7400482296943665
2019-02-06 15:09:44,684 - INFO: 4260: loss : 0.8114984035491943
2019-02-06 15:09:48,894 - INFO: 4280: loss : 0.7338201999664307
2019-02-06 15:09:53,087 - INFO: 4300: loss : 0.8164269924163818
2019-02-06 15:09:57,302 - INFO: 4320: loss : 0.7236003875732422
2019-02-06 15:10:01,520 - INFO: 4340: loss : 0.7511218190193176
2019-02-06 15:10:05,718 - INFO: 4360: loss : 0.7360553741455078
2019-02-06 15:10:09,933 - INFO: 4380: loss : 0.7147051095962524
2019-02-06 15:10:14,170 - INFO: 4400: loss : 0.7147271037101746
2019-02-06 15:10:18,334 - INFO: 4420: loss : 0.7273212671279907
2019-02-06 15:10:22,535 - INFO: 4440: loss : 0.6819233298301697
2019-02-06 15:10:26,754 - INFO: 4460: loss : 0.8261747360229492
2019-02-06 15:10:30,973 - INFO: 4480: loss : 0.7819977402687073
2019-02-06 15:10:35,206 - INFO: 4500: loss : 0.7675237059593201
2019-02-06 15:10:39,438 - INFO: 4520: loss : 0.7448075413703918
2019-02-06 15:10:43,694 - INFO: 4540: loss : 0.7778085470199585
2019-02-06 15:10:48,061 - INFO: 4560: loss : 0.8014216423034668
2019-02-06 15:10:52,316 - INFO: 4580: loss : 0.7937130331993103
2019-02-06 15:10:56,557 - INFO: 4600: loss : 0.8068864345550537
2019-02-06 15:11:00,703 - INFO: 4620: loss : 0.734826922416687
2019-02-06 15:11:04,830 - INFO: 4640: loss : 0.7704513669013977
2019-02-06 15:11:09,015 - INFO: 4660: loss : 0.6957775354385376
2019-02-06 15:11:13,194 - INFO: 4680: loss : 0.7812927961349487
2019-02-06 15:11:17,374 - INFO: 4700: loss : 0.7673551440238953
2019-02-06 15:11:21,503 - INFO: 4720: loss : 0.7151026725769043
2019-02-06 15:11:25,642 - INFO: 4740: loss : 0.7502884268760681
2019-02-06 15:11:29,617 - INFO: 4760: loss : 0.7008165121078491
2019-02-06 15:11:33,691 - INFO: 4780: loss : 0.8113997578620911
2019-02-06 15:11:37,827 - INFO: 4800: loss : 0.7402043342590332
2019-02-06 15:11:42,040 - INFO: 4820: loss : 0.7173623442649841
2019-02-06 15:11:46,192 - INFO: 4840: loss : 0.7220073938369751
2019-02-06 15:11:50,357 - INFO: 4860: loss : 0.7047216892242432
2019-02-06 15:11:54,385 - INFO: 4880: loss : 0.7939198017120361
2019-02-06 15:11:58,578 - INFO: 4900: loss : 0.7250600457191467
2019-02-06 15:12:02,776 - INFO: 4920: loss : 0.699334442615509
2019-02-06 15:12:06,950 - INFO: 4940: loss : 0.7588105797767639
2019-02-06 15:12:11,144 - INFO: 4960: loss : 0.6851578950881958
2019-02-06 15:12:15,315 - INFO: 4980: loss : 0.7585430145263672
2019-02-06 15:12:19,512 - INFO: 5000: loss : 0.7065787315368652
2019-02-06 15:12:23,749 - INFO: 5020: loss : 0.7956098318099976
2019-02-06 15:12:27,971 - INFO: 5040: loss : 0.7754492163658142
2019-02-06 15:12:32,118 - INFO: 5060: loss : 0.9115514755249023
2019-02-06 15:12:36,233 - INFO: 5080: loss : 0.6826174259185791
2019-02-06 15:12:40,418 - INFO: 5100: loss : 0.6974579095840454
2019-02-06 15:12:44,597 - INFO: 5120: loss : 0.777877688407898
2019-02-06 15:12:48,780 - INFO: 5140: loss : 0.6766993999481201
2019-02-06 15:12:52,966 - INFO: 5160: loss : 0.7299177646636963
2019-02-06 15:12:57,154 - INFO: 5180: loss : 0.7750962972640991
2019-02-06 15:13:01,338 - INFO: 5200: loss : 0.7946990132331848
2019-02-06 15:13:05,540 - INFO: 5220: loss : 0.780325174331665
2019-02-06 15:13:09,703 - INFO: 5240: loss : 0.7289524078369141
2019-02-06 15:13:13,856 - INFO: 5260: loss : 0.7271404266357422
2019-02-06 15:13:18,014 - INFO: 5280: loss : 0.6833681464195251
2019-02-06 15:13:22,096 - INFO: 5300: loss : 0.8055898547172546
2019-02-06 15:13:26,298 - INFO: 5320: loss : 0.6845062375068665
2019-02-06 15:13:30,470 - INFO: 5340: loss : 0.725851833820343
2019-02-06 15:13:34,651 - INFO: 5360: loss : 0.8576975464820862
2019-02-06 15:13:38,864 - INFO: 5380: loss : 0.7682433128356934
2019-02-06 15:13:42,984 - INFO: 5400: loss : 0.7663209438323975
2019-02-06 15:13:47,170 - INFO: 5420: loss : 0.7104225754737854
2019-02-06 15:13:51,375 - INFO: 5440: loss : 0.7084200382232666
2019-02-06 15:13:55,564 - INFO: 5460: loss : 0.7160577774047852
2019-02-06 15:13:59,730 - INFO: 5480: loss : 0.7116497755050659
2019-02-06 15:14:03,813 - INFO: 5500: loss : 0.7478975653648376
2019-02-06 15:14:07,922 - INFO: 5520: loss : 0.8021558523178101
2019-02-06 15:14:12,113 - INFO: 5540: loss : 0.6536173224449158
2019-02-06 15:14:16,259 - INFO: 5560: loss : 0.6650390625
2019-02-06 15:14:20,437 - INFO: 5580: loss : 0.716549277305603
2019-02-06 15:14:24,639 - INFO: 5600: loss : 0.6582814455032349
2019-02-06 15:14:28,844 - INFO: 5620: loss : 0.7731994986534119
2019-02-06 15:14:33,019 - INFO: 5640: loss : 0.70816570520401
2019-02-06 15:14:37,198 - INFO: 5660: loss : 0.7799443006515503
2019-02-06 15:14:41,332 - INFO: 5680: loss : 0.753957211971283
2019-02-06 15:14:45,477 - INFO: 5700: loss : 0.7198664546012878
2019-02-06 15:14:49,652 - INFO: 5720: loss : 0.6463707685470581
2019-02-06 15:14:53,808 - INFO: 5740: loss : 0.7353352904319763
2019-02-06 15:14:58,003 - INFO: 5760: loss : 0.6857870817184448
2019-02-06 15:15:02,188 - INFO: 5780: loss : 0.6781748533248901
2019-02-06 15:15:06,337 - INFO: 5800: loss : 0.7481889724731445
2019-02-06 15:15:10,515 - INFO: 5820: loss : 0.6567756533622742
2019-02-06 15:15:14,725 - INFO: 5840: loss : 0.7406317591667175
2019-02-06 15:15:18,914 - INFO: 5860: loss : 0.7867754697799683
2019-02-06 15:15:23,098 - INFO: 5880: loss : 0.7566696405410767
2019-02-06 15:15:27,269 - INFO: 5900: loss : 0.689339816570282
2019-02-06 15:15:31,430 - INFO: 5920: loss : 0.7571567893028259
2019-02-06 15:15:35,576 - INFO: 5940: loss : 0.7828847765922546
2019-02-06 15:15:39,747 - INFO: 5960: loss : 0.7312442064285278
2019-02-06 15:15:43,919 - INFO: 5980: loss : 0.7259789705276489
2019-02-06 15:15:48,082 - INFO: 6000: loss : 0.7048037648200989
2019-02-06 15:15:52,337 - INFO: 6020: loss : 0.7453770041465759
2019-02-06 15:15:56,541 - INFO: 6040: loss : 0.6749723553657532
2019-02-06 15:16:00,725 - INFO: 6060: loss : 0.8277992606163025
2019-02-06 15:16:04,902 - INFO: 6080: loss : 0.8275242447853088
2019-02-06 15:16:09,112 - INFO: 6100: loss : 0.6587589979171753
2019-02-06 15:16:13,319 - INFO: 6120: loss : 0.8072136044502258
2019-02-06 15:16:17,448 - INFO: 6140: loss : 0.70888352394104
2019-02-06 15:16:21,658 - INFO: 6160: loss : 0.7293207049369812
2019-02-06 15:16:25,824 - INFO: 6180: loss : 0.7621600031852722
2019-02-06 15:16:30,019 - INFO: 6200: loss : 0.6454845070838928
2019-02-06 15:16:34,218 - INFO: 6220: loss : 0.7183372378349304
2019-02-06 15:16:38,409 - INFO: 6240: loss : 0.88956618309021
2019-02-06 15:16:42,608 - INFO: 6260: loss : 0.6663349866867065
2019-02-06 15:16:46,814 - INFO: 6280: loss : 0.6285871267318726
2019-02-06 15:16:51,018 - INFO: 6300: loss : 0.7476027607917786
2019-02-06 15:16:55,201 - INFO: 6320: loss : 0.6967273354530334
2019-02-06 15:16:59,380 - INFO: 6340: loss : 0.7074285745620728
2019-02-06 15:17:03,516 - INFO: 6360: loss : 0.8203177452087402
2019-02-06 15:17:07,699 - INFO: 6380: loss : 0.8071507811546326
2019-02-06 15:17:11,862 - INFO: 6400: loss : 0.7349991202354431
2019-02-06 15:17:16,000 - INFO: 6420: loss : 0.7022421360015869
2019-02-06 15:17:20,130 - INFO: 6440: loss : 0.7156955003738403
2019-02-06 15:17:24,312 - INFO: 6460: loss : 0.8783969879150391
2019-02-06 15:17:28,507 - INFO: 6480: loss : 0.715783953666687
2019-02-06 15:17:32,651 - INFO: 6500: loss : 0.8005443811416626
2019-02-06 15:17:36,837 - INFO: 6520: loss : 0.6668711304664612
2019-02-06 15:17:41,006 - INFO: 6540: loss : 0.7255120277404785
2019-02-06 15:17:45,179 - INFO: 6560: loss : 0.7127242088317871
2019-02-06 15:17:49,339 - INFO: 6580: loss : 0.7938172221183777
2019-02-06 15:17:53,535 - INFO: 6600: loss : 0.7142741084098816
2019-02-06 15:17:57,737 - INFO: 6620: loss : 0.7043625116348267
2019-02-06 15:18:01,927 - INFO: 6640: loss : 0.8258414268493652
2019-02-06 15:18:06,125 - INFO: 6660: loss : 0.7162168025970459
2019-02-06 15:18:10,313 - INFO: 6680: loss : 0.6937131881713867
2019-02-06 15:18:14,486 - INFO: 6700: loss : 0.7401114106178284
2019-02-06 15:18:18,696 - INFO: 6720: loss : 0.7096178531646729
2019-02-06 15:18:22,909 - INFO: 6740: loss : 0.5980279445648193
2019-02-06 15:18:27,074 - INFO: 6760: loss : 0.8171479105949402
2019-02-06 15:18:31,192 - INFO: 6780: loss : 0.6597729921340942
2019-02-06 15:18:35,335 - INFO: 6800: loss : 0.7205712795257568
2019-02-06 15:18:39,516 - INFO: 6820: loss : 0.7197996377944946
2019-02-06 15:18:43,703 - INFO: 6840: loss : 0.7509481310844421
2019-02-06 15:18:47,882 - INFO: 6860: loss : 0.7433080673217773
2019-02-06 15:18:52,029 - INFO: 6880: loss : 0.7180489301681519
2019-02-06 15:18:56,161 - INFO: 6900: loss : 0.723125159740448
2019-02-06 15:19:00,352 - INFO: 6920: loss : 0.6852163672447205
2019-02-06 15:19:04,471 - INFO: 6940: loss : 0.7152290344238281
2019-02-06 15:19:08,654 - INFO: 6960: loss : 0.7378609776496887
2019-02-06 15:19:12,814 - INFO: 6980: loss : 0.7120509147644043
2019-02-06 15:19:16,982 - INFO: 7000: loss : 0.7032371163368225
2019-02-06 15:19:21,194 - INFO: 7020: loss : 0.7457194924354553
2019-02-06 15:19:25,329 - INFO: 7040: loss : 0.7489457130432129
2019-02-06 15:19:29,540 - INFO: 7060: loss : 0.6306952238082886
2019-02-06 15:19:33,724 - INFO: 7080: loss : 0.6913130879402161
2019-02-06 15:19:37,921 - INFO: 7100: loss : 0.6318188905715942
2019-02-06 15:19:42,106 - INFO: 7120: loss : 0.6744474768638611
2019-02-06 15:19:46,277 - INFO: 7140: loss : 0.7219338417053223
2019-02-06 15:19:50,405 - INFO: 7160: loss : 0.7019174695014954
2019-02-06 15:19:54,588 - INFO: 7180: loss : 0.6669780015945435
2019-02-06 15:19:58,762 - INFO: 7200: loss : 0.8330718278884888
2019-02-06 15:20:02,976 - INFO: 7220: loss : 0.7776168584823608
2019-02-06 15:20:07,125 - INFO: 7240: loss : 0.7737176418304443
2019-02-06 15:20:11,269 - INFO: 7260: loss : 0.7398601174354553
2019-02-06 15:20:15,442 - INFO: 7280: loss : 0.6881029009819031
2019-02-06 15:20:19,611 - INFO: 7300: loss : 0.6499376893043518
2019-02-06 15:20:23,793 - INFO: 7320: loss : 0.7150757312774658
2019-02-06 15:20:27,978 - INFO: 7340: loss : 0.7551828026771545
2019-02-06 15:20:32,165 - INFO: 7360: loss : 0.8334342241287231
2019-02-06 15:20:36,338 - INFO: 7380: loss : 0.7623241543769836
2019-02-06 15:20:40,550 - INFO: 7400: loss : 0.6642643809318542
2019-02-06 15:20:44,738 - INFO: 7420: loss : 0.6682209968566895
2019-02-06 15:20:48,956 - INFO: 7440: loss : 0.7004961371421814
2019-02-06 15:20:53,144 - INFO: 7460: loss : 0.632859468460083
2019-02-06 15:20:57,323 - INFO: 7480: loss : 0.7910029888153076
2019-02-06 15:21:01,524 - INFO: 7500: loss : 0.7921046018600464
2019-02-06 15:21:05,724 - INFO: 7520: loss : 0.7007878422737122
2019-02-06 15:21:09,932 - INFO: 7540: loss : 0.7416796684265137
2019-02-06 15:21:14,119 - INFO: 7560: loss : 0.8027825951576233
2019-02-06 15:21:18,290 - INFO: 7580: loss : 0.7223808169364929
2019-02-06 15:21:22,426 - INFO: 7600: loss : 0.7106942534446716
2019-02-06 15:21:26,615 - INFO: 7620: loss : 0.6958398818969727
2019-02-06 15:21:30,806 - INFO: 7640: loss : 0.7031366229057312
2019-02-06 15:21:35,007 - INFO: 7660: loss : 0.8097095489501953
2019-02-06 15:21:39,195 - INFO: 7680: loss : 0.7903733849525452
2019-02-06 15:21:43,444 - INFO: 7700: loss : 0.8258879780769348
2019-02-06 15:21:47,624 - INFO: 7720: loss : 0.6469007730484009
2019-02-06 15:21:51,815 - INFO: 7740: loss : 0.6874789595603943
2019-02-06 15:21:56,001 - INFO: 7760: loss : 0.6564025282859802
2019-02-06 15:22:00,140 - INFO: 7780: loss : 0.6959607601165771
2019-02-06 15:22:04,311 - INFO: 7800: loss : 0.6940135359764099
2019-02-06 15:22:08,446 - INFO: 7820: loss : 0.658029317855835
2019-02-06 15:22:12,593 - INFO: 7840: loss : 0.6534753441810608
2019-02-06 15:22:16,719 - INFO: 7860: loss : 0.7474188208580017
2019-02-06 15:22:20,902 - INFO: 7880: loss : 0.6410504579544067
2019-02-06 15:22:25,088 - INFO: 7900: loss : 0.7349509000778198
2019-02-06 15:22:29,205 - INFO: 7920: loss : 0.7653581500053406
2019-02-06 15:22:33,374 - INFO: 7940: loss : 0.7414562702178955
2019-02-06 15:22:37,542 - INFO: 7960: loss : 0.7541284561157227
2019-02-06 15:22:41,648 - INFO: 7980: loss : 0.7760611176490784
2019-02-06 15:22:45,830 - INFO: 8000: loss : 0.7131938338279724
2019-02-06 15:22:49,955 - INFO: 8020: loss : 0.6888905167579651
2019-02-06 15:22:54,008 - INFO: 8040: loss : 0.7147334218025208
2019-02-06 15:22:58,173 - INFO: 8060: loss : 0.7274613976478577
2019-02-06 15:23:02,373 - INFO: 8080: loss : 0.7530550360679626
2019-02-06 15:23:06,497 - INFO: 8100: loss : 0.724523663520813
2019-02-06 15:23:10,672 - INFO: 8120: loss : 0.6936273574829102
2019-02-06 15:23:14,835 - INFO: 8140: loss : 0.7714429497718811
2019-02-06 15:23:19,017 - INFO: 8160: loss : 0.7644414305686951
2019-02-06 15:23:23,162 - INFO: 8180: loss : 0.7773458361625671
2019-02-06 15:23:27,251 - INFO: 8200: loss : 0.8144679069519043
2019-02-06 15:23:31,388 - INFO: 8220: loss : 0.674500048160553
2019-02-06 15:23:35,504 - INFO: 8240: loss : 0.7689286470413208
2019-02-06 15:23:39,665 - INFO: 8260: loss : 0.68165123462677
2019-02-06 15:23:43,848 - INFO: 8280: loss : 0.6866313219070435
2019-02-06 15:23:47,992 - INFO: 8300: loss : 0.7610501050949097
2019-02-06 15:23:52,129 - INFO: 8320: loss : 0.730125904083252
2019-02-06 15:23:56,283 - INFO: 8340: loss : 0.6644218564033508
2019-02-06 15:24:00,462 - INFO: 8360: loss : 0.6867159605026245
2019-02-06 15:24:04,619 - INFO: 8380: loss : 0.6950225234031677
2019-02-06 15:24:08,743 - INFO: 8400: loss : 0.7804195284843445
2019-02-06 15:24:12,871 - INFO: 8420: loss : 0.6502805352210999
2019-02-06 15:24:17,013 - INFO: 8440: loss : 0.73972487449646
2019-02-06 15:24:21,175 - INFO: 8460: loss : 0.6935902833938599
2019-02-06 15:24:25,339 - INFO: 8480: loss : 0.7123648524284363
2019-02-06 15:24:29,515 - INFO: 8500: loss : 0.671030580997467
2019-02-06 15:24:33,659 - INFO: 8520: loss : 0.6588500142097473
2019-02-06 15:24:37,798 - INFO: 8540: loss : 0.7017719745635986
2019-02-06 15:24:41,996 - INFO: 8560: loss : 0.7021247744560242
2019-02-06 15:24:46,145 - INFO: 8580: loss : 0.7176160216331482
2019-02-06 15:24:50,304 - INFO: 8600: loss : 0.7986193895339966
2019-02-06 15:24:54,450 - INFO: 8620: loss : 0.6514434218406677
2019-02-06 15:24:58,597 - INFO: 8640: loss : 0.7838444709777832
2019-02-06 15:25:02,760 - INFO: 8660: loss : 0.7269536852836609
2019-02-06 15:25:06,959 - INFO: 8680: loss : 0.8685264587402344
2019-02-06 15:25:11,110 - INFO: 8700: loss : 0.6728833913803101
2019-02-06 15:25:15,282 - INFO: 8720: loss : 0.8179302215576172
2019-02-06 15:25:19,445 - INFO: 8740: loss : 0.6920338273048401
2019-02-06 15:25:23,664 - INFO: 8760: loss : 0.7596164345741272
2019-02-06 15:25:27,839 - INFO: 8780: loss : 0.7240310907363892
2019-02-06 15:25:32,011 - INFO: 8800: loss : 0.7107964754104614
2019-02-06 15:25:36,142 - INFO: 8820: loss : 0.7085978388786316
2019-02-06 15:25:40,160 - INFO: 8840: loss : 0.7578955292701721
2019-02-06 15:25:44,323 - INFO: 8860: loss : 0.7189691066741943
2019-02-06 15:25:48,518 - INFO: 8880: loss : 0.6755577325820923
2019-02-06 15:25:52,671 - INFO: 8900: loss : 0.6841188669204712
2019-02-06 15:25:56,850 - INFO: 8920: loss : 0.7008554339408875
2019-02-06 15:26:00,980 - INFO: 8940: loss : 0.7335931062698364
2019-02-06 15:26:05,176 - INFO: 8960: loss : 0.8039807081222534
2019-02-06 15:26:09,353 - INFO: 8980: loss : 0.7184975743293762
2019-02-06 15:26:13,513 - INFO: 9000: loss : 0.7483435869216919
2019-02-06 15:26:17,664 - INFO: 9020: loss : 0.7092621326446533
2019-02-06 15:26:21,802 - INFO: 9040: loss : 0.7504143714904785
2019-02-06 15:26:25,994 - INFO: 9060: loss : 0.7218433618545532
2019-02-06 15:26:30,178 - INFO: 9080: loss : 0.7172626852989197
2019-02-06 15:26:34,310 - INFO: 9100: loss : 0.7406998872756958
2019-02-06 15:26:38,488 - INFO: 9120: loss : 0.7217509150505066
2019-02-06 15:26:42,610 - INFO: 9140: loss : 0.6892746090888977
2019-02-06 15:26:46,762 - INFO: 9160: loss : 0.6868098378181458
2019-02-06 15:26:50,902 - INFO: 9180: loss : 0.6699023842811584
2019-02-06 15:26:55,080 - INFO: 9200: loss : 0.6859900951385498
2019-02-06 15:26:59,220 - INFO: 9220: loss : 0.7814292311668396
2019-02-06 15:27:03,399 - INFO: 9240: loss : 0.7133703231811523
2019-02-06 15:27:07,593 - INFO: 9260: loss : 0.669619083404541
2019-02-06 15:27:11,772 - INFO: 9280: loss : 0.6980010867118835
2019-02-06 15:27:15,946 - INFO: 9300: loss : 0.6713655591011047
2019-02-06 15:27:20,119 - INFO: 9320: loss : 0.6800830960273743
2019-02-06 15:27:24,305 - INFO: 9340: loss : 0.601544976234436
2019-02-06 15:27:28,521 - INFO: 9360: loss : 0.6063026785850525
2019-02-06 15:27:32,699 - INFO: 9380: loss : 0.7315813302993774
2019-02-06 15:27:36,874 - INFO: 9400: loss : 0.6792169213294983
2019-02-06 15:27:41,075 - INFO: 9420: loss : 0.6371915340423584
2019-02-06 15:27:45,252 - INFO: 9440: loss : 0.7518891096115112
2019-02-06 15:27:49,394 - INFO: 9460: loss : 0.761566162109375
2019-02-06 15:27:53,608 - INFO: 9480: loss : 0.6219257116317749
2019-02-06 15:27:57,757 - INFO: 9500: loss : 0.6783560514450073
2019-02-06 15:28:01,931 - INFO: 9520: loss : 0.7363563179969788
2019-02-06 15:28:06,129 - INFO: 9540: loss : 0.6729967594146729
2019-02-06 15:28:10,324 - INFO: 9560: loss : 0.7178072929382324
2019-02-06 15:28:14,521 - INFO: 9580: loss : 0.651747465133667
2019-02-06 15:28:18,675 - INFO: 9600: loss : 0.6685873866081238
2019-02-06 15:28:22,836 - INFO: 9620: loss : 0.70414137840271
2019-02-06 15:28:26,967 - INFO: 9640: loss : 0.7395598292350769
2019-02-06 15:28:31,058 - INFO: 9660: loss : 0.7666258215904236
2019-02-06 15:28:35,106 - INFO: 9680: loss : 0.7139537930488586
2019-02-06 15:28:39,241 - INFO: 9700: loss : 0.6927922964096069
2019-02-06 15:28:43,408 - INFO: 9720: loss : 0.723861038684845
2019-02-06 15:28:47,559 - INFO: 9740: loss : 0.7021629810333252
2019-02-06 15:28:51,707 - INFO: 9760: loss : 0.6385082006454468
2019-02-06 15:28:55,890 - INFO: 9780: loss : 0.7505456805229187
2019-02-06 15:29:00,050 - INFO: 9800: loss : 0.7394466400146484
2019-02-06 15:29:04,230 - INFO: 9820: loss : 0.7019519209861755
2019-02-06 15:29:08,411 - INFO: 9840: loss : 0.7230172753334045
2019-02-06 15:29:12,575 - INFO: 9860: loss : 0.6931215524673462
2019-02-06 15:29:16,743 - INFO: 9880: loss : 0.7592373490333557
2019-02-06 15:29:20,903 - INFO: 9900: loss : 0.7217341065406799
2019-02-06 15:29:25,070 - INFO: 9920: loss : 0.7049468755722046
2019-02-06 15:29:29,141 - INFO: 9940: loss : 0.7121993899345398
2019-02-06 15:29:33,317 - INFO: 9960: loss : 0.6694956421852112
2019-02-06 15:29:37,508 - INFO: 9980: loss : 0.6040476560592651
2019-02-06 15:29:41,690 - INFO: 10000: loss : 0.6654265522956848
2019-02-06 15:29:45,869 - INFO: 10020: loss : 0.6964444518089294
2019-02-06 15:29:50,005 - INFO: 10040: loss : 0.6488781571388245
2019-02-06 15:29:54,050 - INFO: 10060: loss : 0.7341828346252441
2019-02-06 15:29:58,179 - INFO: 10080: loss : 0.7826146483421326
2019-02-06 15:30:02,359 - INFO: 10100: loss : 0.7548874020576477
2019-02-06 15:30:06,512 - INFO: 10120: loss : 0.6829406023025513
2019-02-06 15:30:10,687 - INFO: 10140: loss : 0.7124080657958984
2019-02-06 15:30:14,863 - INFO: 10160: loss : 0.7208734154701233
2019-02-06 15:30:19,070 - INFO: 10180: loss : 0.6578385829925537
2019-02-06 15:30:23,262 - INFO: 10200: loss : 0.7298598289489746
2019-02-06 15:30:27,414 - INFO: 10220: loss : 0.6424193382263184
2019-02-06 15:30:31,612 - INFO: 10240: loss : 0.6455883383750916
2019-02-06 15:30:35,794 - INFO: 10260: loss : 0.7078666687011719
2019-02-06 15:30:40,003 - INFO: 10280: loss : 0.7161751985549927
2019-02-06 15:30:44,174 - INFO: 10300: loss : 0.7350714802742004
2019-02-06 15:30:48,343 - INFO: 10320: loss : 0.6489814519882202
2019-02-06 15:30:52,474 - INFO: 10340: loss : 0.6339586973190308
2019-02-06 15:30:56,664 - INFO: 10360: loss : 0.7295297384262085
2019-02-06 15:31:00,815 - INFO: 10380: loss : 0.7453197240829468
2019-02-06 15:31:04,997 - INFO: 10400: loss : 0.7253667116165161
2019-02-06 15:31:09,145 - INFO: 10420: loss : 0.6666189432144165
2019-02-06 15:31:13,322 - INFO: 10440: loss : 0.6677572131156921
2019-02-06 15:31:17,497 - INFO: 10460: loss : 0.6902206540107727
2019-02-06 15:31:21,678 - INFO: 10480: loss : 0.7442283630371094
2019-02-06 15:31:25,860 - INFO: 10500: loss : 0.7736107110977173
2019-02-06 15:31:30,014 - INFO: 10520: loss : 0.720743715763092
2019-02-06 15:31:34,149 - INFO: 10540: loss : 0.6388925313949585
2019-02-06 15:31:38,314 - INFO: 10560: loss : 0.6628809571266174
2019-02-06 15:31:42,462 - INFO: 10580: loss : 0.5971481204032898
2019-02-06 15:31:46,624 - INFO: 10600: loss : 0.7274450063705444
2019-02-06 15:31:50,789 - INFO: 10620: loss : 0.6100438833236694
2019-02-06 15:31:54,863 - INFO: 10640: loss : 0.6025235652923584
2019-02-06 15:31:59,030 - INFO: 10660: loss : 0.6873686909675598
2019-02-06 15:32:03,210 - INFO: 10680: loss : 0.7183209657669067
2019-02-06 15:32:07,349 - INFO: 10700: loss : 0.6653437614440918
2019-02-06 15:32:11,486 - INFO: 10720: loss : 0.6199005246162415
2019-02-06 15:32:15,664 - INFO: 10740: loss : 0.7517113089561462
2019-02-06 15:32:19,841 - INFO: 10760: loss : 0.7174052596092224
2019-02-06 15:32:23,971 - INFO: 10780: loss : 0.678859293460846
2019-02-06 15:32:28,165 - INFO: 10800: loss : 0.6663191318511963
2019-02-06 15:32:32,319 - INFO: 10820: loss : 0.6935862898826599
2019-02-06 15:32:36,501 - INFO: 10840: loss : 0.6799923181533813
2019-02-06 15:32:40,690 - INFO: 10860: loss : 0.7534829378128052
2019-02-06 15:32:44,877 - INFO: 10880: loss : 0.6839292049407959
2019-02-06 15:32:49,058 - INFO: 10900: loss : 0.6995095014572144
2019-02-06 15:32:53,167 - INFO: 10920: loss : 0.7903727293014526
2019-02-06 15:32:57,328 - INFO: 10940: loss : 0.6769634485244751
2019-02-06 15:33:01,570 - INFO: 10960: loss : 0.8729283809661865
2019-02-06 15:33:05,732 - INFO: 10980: loss : 0.6838645935058594
2019-02-06 15:33:09,864 - INFO: 11000: loss : 0.7069177627563477
2019-02-06 15:33:14,094 - INFO: 11020: loss : 0.7068185806274414
2019-02-06 15:33:18,275 - INFO: 11040: loss : 0.6485970616340637
2019-02-06 15:33:22,380 - INFO: 11060: loss : 0.6430736780166626
2019-02-06 15:33:26,534 - INFO: 11080: loss : 0.6516939401626587
2019-02-06 15:33:30,702 - INFO: 11100: loss : 0.7235143780708313
2019-02-06 15:33:34,876 - INFO: 11120: loss : 0.680507481098175
2019-02-06 15:33:39,068 - INFO: 11140: loss : 0.7327491044998169
2019-02-06 15:33:43,240 - INFO: 11160: loss : 0.7650943994522095
2019-02-06 15:33:47,447 - INFO: 11180: loss : 0.6553471684455872
2019-02-06 15:33:51,629 - INFO: 11200: loss : 0.7723920941352844
2019-02-06 15:33:55,831 - INFO: 11220: loss : 0.7239555716514587
2019-02-06 15:34:00,055 - INFO: 11240: loss : 0.6437279582023621
2019-02-06 15:34:04,272 - INFO: 11260: loss : 0.6865397691726685
2019-02-06 15:34:08,426 - INFO: 11280: loss : 0.6892004013061523
2019-02-06 15:34:12,582 - INFO: 11300: loss : 0.6671968102455139
2019-02-06 15:34:16,771 - INFO: 11320: loss : 0.6392303705215454
2019-02-06 15:34:20,919 - INFO: 11340: loss : 0.6788850426673889
2019-02-06 15:34:25,062 - INFO: 11360: loss : 0.7961881756782532
2019-02-06 15:34:29,213 - INFO: 11380: loss : 0.6484842896461487
2019-02-06 15:34:33,396 - INFO: 11400: loss : 0.7379332184791565
2019-02-06 15:34:37,563 - INFO: 11420: loss : 0.6935570240020752
2019-02-06 15:34:41,721 - INFO: 11440: loss : 0.7294560670852661
2019-02-06 15:34:45,909 - INFO: 11460: loss : 0.7000292539596558
2019-02-06 15:34:50,038 - INFO: 11480: loss : 0.7186660766601562
2019-02-06 15:34:54,208 - INFO: 11500: loss : 0.7908691167831421
2019-02-06 15:34:58,399 - INFO: 11520: loss : 0.6221141219139099
2019-02-06 15:35:02,588 - INFO: 11540: loss : 0.7531793117523193
2019-02-06 15:35:06,767 - INFO: 11560: loss : 0.6165315508842468
2019-02-06 15:35:10,934 - INFO: 11580: loss : 0.6922246813774109
2019-02-06 15:35:15,135 - INFO: 11600: loss : 0.6638977527618408
2019-02-06 15:35:19,277 - INFO: 11620: loss : 0.6330498456954956
2019-02-06 15:35:23,488 - INFO: 11640: loss : 0.7547694444656372
2019-02-06 15:35:27,706 - INFO: 11660: loss : 0.7584412097930908
2019-02-06 15:35:31,866 - INFO: 11680: loss : 0.8105369210243225
2019-02-06 15:35:36,061 - INFO: 11700: loss : 0.7957294583320618
2019-02-06 15:35:40,294 - INFO: 11720: loss : 0.8276765942573547
2019-02-06 15:35:44,446 - INFO: 11740: loss : 0.7213759422302246
2019-02-06 15:35:48,602 - INFO: 11760: loss : 0.6785482168197632
2019-02-06 15:35:52,807 - INFO: 11780: loss : 0.6781296730041504
2019-02-06 15:35:57,015 - INFO: 11800: loss : 0.6422426700592041
2019-02-06 15:36:01,196 - INFO: 11820: loss : 0.6742175817489624
2019-02-06 15:36:05,378 - INFO: 11840: loss : 0.721103310585022
2019-02-06 15:36:09,537 - INFO: 11860: loss : 0.7043682932853699
2019-02-06 15:36:13,689 - INFO: 11880: loss : 0.6341519951820374
2019-02-06 15:36:17,848 - INFO: 11900: loss : 0.716606080532074
2019-02-06 15:36:22,012 - INFO: 11920: loss : 0.7144948244094849
2019-02-06 15:36:26,213 - INFO: 11940: loss : 0.7221795320510864
2019-02-06 15:36:30,399 - INFO: 11960: loss : 0.7410964369773865
2019-02-06 15:36:34,532 - INFO: 11980: loss : 0.6049290299415588
2019-02-06 15:36:38,714 - INFO: 12000: loss : 0.6206269264221191
2019-02-06 15:36:42,910 - INFO: 12020: loss : 0.687996506690979
2019-02-06 15:36:47,099 - INFO: 12040: loss : 0.7281635999679565
2019-02-06 15:36:51,294 - INFO: 12060: loss : 0.6806739568710327
2019-02-06 15:36:55,489 - INFO: 12080: loss : 0.6714856624603271
2019-02-06 15:36:59,659 - INFO: 12100: loss : 0.6977569460868835
2019-02-06 15:37:03,840 - INFO: 12120: loss : 0.7505000829696655
2019-02-06 15:37:08,022 - INFO: 12140: loss : 0.7894738912582397
2019-02-06 15:37:12,175 - INFO: 12160: loss : 0.6633080244064331
2019-02-06 15:37:16,350 - INFO: 12180: loss : 0.7003876566886902
2019-02-06 15:37:20,539 - INFO: 12200: loss : 0.6983617544174194
2019-02-06 15:37:24,716 - INFO: 12220: loss : 0.6361634731292725
2019-02-06 15:37:28,881 - INFO: 12240: loss : 0.727009654045105
2019-02-06 15:37:33,082 - INFO: 12260: loss : 0.7102930545806885
2019-02-06 15:37:37,284 - INFO: 12280: loss : 0.6832753419876099
2019-02-06 15:37:41,469 - INFO: 12300: loss : 0.61775141954422
2019-02-06 15:37:45,621 - INFO: 12320: loss : 0.7336608171463013
2019-02-06 15:37:49,762 - INFO: 12340: loss : 0.5838084816932678
2019-02-06 15:37:53,908 - INFO: 12360: loss : 0.7522202730178833
2019-02-06 15:37:58,082 - INFO: 12380: loss : 0.6241737604141235
2019-02-06 15:38:02,268 - INFO: 12400: loss : 0.703006386756897
2019-02-06 15:38:06,424 - INFO: 12420: loss : 0.752254843711853
2019-02-06 15:38:10,613 - INFO: 12440: loss : 0.7592231035232544
2019-02-06 15:38:14,764 - INFO: 12460: loss : 0.7251977324485779
2019-02-06 15:38:18,927 - INFO: 12480: loss : 0.6476313471794128
2019-02-06 15:38:23,178 - INFO: 12500: loss : 0.6615915894508362
2019-02-06 15:38:27,382 - INFO: 12520: loss : 0.6664682626724243
2019-02-06 15:38:31,565 - INFO: 12540: loss : 0.6673824191093445
2019-02-06 15:38:35,675 - INFO: 12560: loss : 0.6349565982818604
2019-02-06 15:38:39,812 - INFO: 12580: loss : 0.6450181603431702
2019-02-06 15:38:43,864 - INFO: 12600: loss : 0.7239457368850708
2019-02-06 15:38:48,029 - INFO: 12620: loss : 0.6993512511253357
2019-02-06 15:38:52,187 - INFO: 12640: loss : 0.6805225610733032
2019-02-06 15:38:56,366 - INFO: 12660: loss : 0.7382606863975525
2019-02-06 15:39:00,536 - INFO: 12680: loss : 0.6188712120056152
2019-02-06 15:39:04,755 - INFO: 12700: loss : 0.6757440567016602
2019-02-06 15:39:08,943 - INFO: 12720: loss : 0.6541056632995605
2019-02-06 15:39:13,127 - INFO: 12740: loss : 0.6312811374664307
2019-02-06 15:39:17,275 - INFO: 12760: loss : 0.7042335867881775
2019-02-06 15:39:21,431 - INFO: 12780: loss : 0.6690081357955933
2019-02-06 15:39:25,586 - INFO: 12800: loss : 0.7313666343688965
2019-02-06 15:39:29,719 - INFO: 12820: loss : 0.6945263147354126
2019-02-06 15:39:33,912 - INFO: 12840: loss : 0.6134663820266724
2019-02-06 15:39:38,118 - INFO: 12860: loss : 0.6295868158340454
2019-02-06 15:39:42,316 - INFO: 12880: loss : 0.7471558451652527
2019-02-06 15:39:46,502 - INFO: 12900: loss : 0.697013258934021
2019-02-06 15:39:50,690 - INFO: 12920: loss : 0.7613152861595154
2019-02-06 15:39:54,884 - INFO: 12940: loss : 0.6562251448631287
2019-02-06 15:39:59,098 - INFO: 12960: loss : 0.7294415831565857
2019-02-06 15:40:03,230 - INFO: 12980: loss : 0.7114822864532471
2019-02-06 15:40:07,413 - INFO: 13000: loss : 0.6149656176567078
2019-02-06 15:40:11,619 - INFO: 13020: loss : 0.72011798620224
2019-02-06 15:40:15,748 - INFO: 13040: loss : 0.643035352230072
2019-02-06 15:40:19,944 - INFO: 13060: loss : 0.7955710887908936
2019-02-06 15:40:24,155 - INFO: 13080: loss : 0.7153075933456421
2019-02-06 15:40:28,328 - INFO: 13100: loss : 0.630433201789856
2019-02-06 15:40:32,493 - INFO: 13120: loss : 0.6870664954185486
2019-02-06 15:40:36,690 - INFO: 13140: loss : 0.8237452507019043
2019-02-06 15:40:40,890 - INFO: 13160: loss : 0.8160795569419861
2019-02-06 15:40:45,089 - INFO: 13180: loss : 0.7246032953262329
2019-02-06 15:40:49,306 - INFO: 13200: loss : 0.7248338460922241
2019-02-06 15:40:53,482 - INFO: 13220: loss : 0.7253559231758118
2019-02-06 15:40:57,686 - INFO: 13240: loss : 0.6955191493034363
2019-02-06 15:41:01,885 - INFO: 13260: loss : 0.7500742077827454
2019-02-06 15:41:05,977 - INFO: 13280: loss : 0.6197957992553711
2019-02-06 15:41:10,073 - INFO: 13300: loss : 0.703708291053772
2019-02-06 15:41:14,190 - INFO: 13320: loss : 0.6521214842796326
2019-02-06 15:41:18,376 - INFO: 13340: loss : 0.7309422492980957
2019-02-06 15:41:22,555 - INFO: 13360: loss : 0.6777399778366089
2019-02-06 15:41:26,686 - INFO: 13380: loss : 0.6394202709197998
2019-02-06 15:41:30,829 - INFO: 13400: loss : 0.7424131631851196
2019-02-06 15:41:34,999 - INFO: 13420: loss : 0.7753790616989136
2019-02-06 15:41:39,179 - INFO: 13440: loss : 0.7075175642967224
2019-02-06 15:41:43,349 - INFO: 13460: loss : 0.7374107241630554
2019-02-06 15:41:47,501 - INFO: 13480: loss : 0.653761088848114
2019-02-06 15:41:51,705 - INFO: 13500: loss : 0.6342363357543945
2019-02-06 15:41:55,872 - INFO: 13520: loss : 0.7235682010650635
2019-02-06 15:42:00,014 - INFO: 13540: loss : 0.7037886381149292
2019-02-06 15:42:04,137 - INFO: 13560: loss : 0.7623550891876221
2019-02-06 15:42:08,314 - INFO: 13580: loss : 0.6731182336807251
2019-02-06 15:42:12,490 - INFO: 13600: loss : 0.658502995967865
2019-02-06 15:42:16,650 - INFO: 13620: loss : 0.7884769439697266
2019-02-06 15:42:20,806 - INFO: 13640: loss : 0.6260269284248352
2019-02-06 15:42:24,968 - INFO: 13660: loss : 0.575015664100647
2019-02-06 15:42:29,179 - INFO: 13680: loss : 0.8004365563392639
2019-02-06 15:42:33,365 - INFO: 13700: loss : 0.6373707056045532
2019-02-06 15:42:37,565 - INFO: 13720: loss : 0.6242550015449524
2019-02-06 15:42:41,739 - INFO: 13740: loss : 0.7034093737602234
2019-02-06 15:42:45,930 - INFO: 13760: loss : 0.668826699256897
2019-02-06 15:42:50,130 - INFO: 13780: loss : 0.7349318265914917
2019-02-06 15:42:54,342 - INFO: 13800: loss : 0.6647016406059265
2019-02-06 15:42:58,492 - INFO: 13820: loss : 0.6608957052230835
2019-02-06 15:43:02,670 - INFO: 13840: loss : 0.6787446141242981
2019-02-06 15:43:06,840 - INFO: 13860: loss : 0.6629822850227356
2019-02-06 15:43:11,039 - INFO: 13880: loss : 0.6651276350021362
2019-02-06 15:43:15,218 - INFO: 13900: loss : 0.7050483226776123
2019-02-06 15:43:19,389 - INFO: 13920: loss : 0.7133011221885681
2019-02-06 15:43:23,574 - INFO: 13940: loss : 0.6499139070510864
2019-02-06 15:43:27,818 - INFO: 13960: loss : 0.6826791167259216
2019-02-06 15:43:31,987 - INFO: 13980: loss : 0.6199815273284912
2019-02-06 15:43:36,161 - INFO: 14000: loss : 0.6720148324966431
2019-02-06 15:43:40,385 - INFO: 14020: loss : 0.6626079082489014
2019-02-06 15:43:44,600 - INFO: 14040: loss : 0.7127618193626404
2019-02-06 15:43:48,779 - INFO: 14060: loss : 0.679989218711853
2019-02-06 15:43:52,951 - INFO: 14080: loss : 0.6856660842895508
2019-02-06 15:43:57,123 - INFO: 14100: loss : 0.6295042634010315
2019-02-06 15:44:01,298 - INFO: 14120: loss : 0.6633331179618835
2019-02-06 15:44:05,468 - INFO: 14140: loss : 0.6938756108283997
2019-02-06 15:44:09,621 - INFO: 14160: loss : 0.7174922227859497
2019-02-06 15:44:13,772 - INFO: 14180: loss : 0.6462924480438232
2019-02-06 15:44:17,921 - INFO: 14200: loss : 0.6947208642959595
2019-02-06 15:44:22,117 - INFO: 14220: loss : 0.7071419358253479
2019-02-06 15:44:26,247 - INFO: 14240: loss : 0.7125198841094971
2019-02-06 15:44:30,395 - INFO: 14260: loss : 0.6243010759353638
2019-02-06 15:44:34,584 - INFO: 14280: loss : 0.6708353161811829
2019-02-06 15:44:38,729 - INFO: 14300: loss : 0.6717450618743896
2019-02-06 15:44:42,841 - INFO: 14320: loss : 0.6635748744010925
2019-02-06 15:44:47,035 - INFO: 14340: loss : 0.7098424434661865
2019-02-06 15:44:51,196 - INFO: 14360: loss : 0.6963930726051331
2019-02-06 15:44:55,371 - INFO: 14380: loss : 0.5728482007980347
2019-02-06 15:44:59,560 - INFO: 14400: loss : 0.7008176445960999
2019-02-06 15:45:03,728 - INFO: 14420: loss : 0.6853871941566467
2019-02-06 15:45:07,896 - INFO: 14440: loss : 0.6359871029853821
2019-02-06 15:45:12,045 - INFO: 14460: loss : 0.7104031443595886
2019-02-06 15:45:16,209 - INFO: 14480: loss : 0.6183177828788757
2019-02-06 15:45:20,350 - INFO: 14500: loss : 0.6561802625656128
2019-02-06 15:45:24,523 - INFO: 14520: loss : 0.7160842418670654
2019-02-06 15:45:28,695 - INFO: 14540: loss : 0.6983335614204407
2019-02-06 15:45:32,852 - INFO: 14560: loss : 0.6740689873695374
2019-02-06 15:45:37,034 - INFO: 14580: loss : 0.6626952886581421
2019-02-06 15:45:41,197 - INFO: 14600: loss : 0.7252772450447083
2019-02-06 15:45:45,389 - INFO: 14620: loss : 0.6116212606430054
2019-02-06 15:45:49,528 - INFO: 14640: loss : 0.7565863132476807
2019-02-06 15:45:53,707 - INFO: 14660: loss : 0.7232965230941772
2019-02-06 15:45:57,846 - INFO: 14680: loss : 0.7209303975105286
2019-02-06 15:46:02,053 - INFO: 14700: loss : 0.7287221550941467
2019-02-06 15:46:06,122 - INFO: 14720: loss : 0.6893874406814575
2019-02-06 15:46:10,289 - INFO: 14740: loss : 0.7011519074440002
2019-02-06 15:46:14,473 - INFO: 14760: loss : 0.7630950808525085
2019-02-06 15:46:18,630 - INFO: 14780: loss : 0.7206712365150452
2019-02-06 15:46:22,753 - INFO: 14800: loss : 0.7195838093757629
2019-02-06 15:46:26,889 - INFO: 14820: loss : 0.6065364480018616
2019-02-06 15:46:31,059 - INFO: 14840: loss : 0.6451880931854248
2019-02-06 15:46:35,230 - INFO: 14860: loss : 0.6629587411880493
2019-02-06 15:46:39,399 - INFO: 14880: loss : 0.6887829899787903
2019-02-06 15:46:43,575 - INFO: 14900: loss : 0.6363427639007568
2019-02-06 15:46:47,709 - INFO: 14920: loss : 0.6750750541687012
2019-02-06 15:46:51,881 - INFO: 14940: loss : 0.7162840366363525
2019-02-06 15:46:56,060 - INFO: 14960: loss : 0.6905714273452759
2019-02-06 15:47:00,209 - INFO: 14980: loss : 0.7367616295814514
2019-02-06 15:47:04,229 - INFO: 15000: loss : 0.7246672511100769
2019-02-06 15:47:08,445 - INFO: 15020: loss : 0.7242629528045654
2019-02-06 15:47:12,519 - INFO: 15040: loss : 0.6811979413032532
2019-02-06 15:47:16,730 - INFO: 15060: loss : 0.7489189505577087
2019-02-06 15:47:20,888 - INFO: 15080: loss : 0.6878010630607605
2019-02-06 15:47:25,074 - INFO: 15100: loss : 0.7307288646697998
2019-02-06 15:47:29,265 - INFO: 15120: loss : 0.6395575404167175
2019-02-06 15:47:33,486 - INFO: 15140: loss : 0.6435884237289429
2019-02-06 15:47:37,665 - INFO: 15160: loss : 0.6757283806800842
2019-02-06 15:47:41,803 - INFO: 15180: loss : 0.6889371871948242
2019-02-06 15:47:45,990 - INFO: 15200: loss : 0.6277086734771729
2019-02-06 15:47:50,010 - INFO: 15220: loss : 0.7160404920578003
2019-02-06 15:47:54,117 - INFO: 15240: loss : 0.6315305829048157
2019-02-06 15:47:58,309 - INFO: 15260: loss : 0.6689082384109497
2019-02-06 15:48:02,515 - INFO: 15280: loss : 0.6927392482757568
2019-02-06 15:48:06,679 - INFO: 15300: loss : 0.6596250534057617
2019-02-06 15:48:10,840 - INFO: 15320: loss : 0.7665616273880005
2019-02-06 15:48:15,001 - INFO: 15340: loss : 0.6839740872383118
2019-02-06 15:48:19,187 - INFO: 15360: loss : 0.6654768586158752
2019-02-06 15:48:23,328 - INFO: 15380: loss : 0.6933674812316895
2019-02-06 15:48:27,476 - INFO: 15400: loss : 0.7157192230224609
2019-02-06 15:48:31,654 - INFO: 15420: loss : 0.6095613241195679
2019-02-06 15:48:35,812 - INFO: 15440: loss : 0.7075161933898926
2019-02-06 15:48:40,004 - INFO: 15460: loss : 0.7026231288909912
2019-02-06 15:48:44,149 - INFO: 15480: loss : 0.6963416337966919
2019-02-06 15:48:48,354 - INFO: 15500: loss : 0.722769021987915
2019-02-06 15:48:52,567 - INFO: 15520: loss : 0.6389420032501221
2019-02-06 15:48:56,859 - INFO: 15540: loss : 0.6305317282676697
2019-02-06 15:49:01,172 - INFO: 15560: loss : 0.6768928170204163
2019-02-06 15:49:05,385 - INFO: 15580: loss : 0.6451348066329956
2019-02-06 15:49:09,586 - INFO: 15600: loss : 0.7363977432250977
2019-02-06 15:49:13,824 - INFO: 15620: loss : 0.6281614899635315
2019-02-06 15:49:18,058 - INFO: 15640: loss : 0.7580642700195312
2019-02-06 15:49:22,320 - INFO: 15660: loss : 0.6846612691879272
2019-02-06 15:49:26,464 - INFO: 15680: loss : 0.7170529365539551
2019-02-06 15:49:30,671 - INFO: 15700: loss : 0.6705013513565063
2019-02-06 15:49:34,853 - INFO: 15720: loss : 0.7437760829925537
2019-02-06 15:49:39,047 - INFO: 15740: loss : 0.6426126956939697
2019-02-06 15:49:43,249 - INFO: 15760: loss : 0.6460288763046265
2019-02-06 15:49:47,429 - INFO: 15780: loss : 0.6553386449813843
2019-02-06 15:49:51,485 - INFO: 15800: loss : 0.7059189677238464
2019-02-06 15:49:55,636 - INFO: 15820: loss : 0.766701340675354
2019-02-06 15:49:59,796 - INFO: 15840: loss : 0.5571773052215576
2019-02-06 15:50:04,032 - INFO: 15860: loss : 0.7446261048316956
2019-02-06 15:50:08,253 - INFO: 15880: loss : 0.7204821109771729
2019-02-06 15:50:12,472 - INFO: 15900: loss : 0.705723226070404
2019-02-06 15:50:16,674 - INFO: 15920: loss : 0.658740758895874
2019-02-06 15:50:20,855 - INFO: 15940: loss : 0.6704937815666199
2019-02-06 15:50:25,099 - INFO: 15960: loss : 0.7384665012359619
2019-02-06 15:50:29,379 - INFO: 15980: loss : 0.629553496837616
2019-02-06 15:50:33,681 - INFO: 16000: loss : 0.6886063814163208
2019-02-06 15:50:38,019 - INFO: 16020: loss : 0.7278175950050354
2019-02-06 15:50:42,253 - INFO: 16040: loss : 0.6921398639678955
2019-02-06 15:50:46,454 - INFO: 16060: loss : 0.6651257276535034
2019-02-06 15:50:50,731 - INFO: 16080: loss : 0.6420029997825623
2019-02-06 15:50:55,044 - INFO: 16100: loss : 0.7502433657646179
2019-02-06 15:50:59,238 - INFO: 16120: loss : 0.6443203091621399
2019-02-06 15:51:03,466 - INFO: 16140: loss : 0.589016318321228
2019-02-06 15:51:07,614 - INFO: 16160: loss : 0.6579627394676208
2019-02-06 15:51:11,779 - INFO: 16180: loss : 0.6144633293151855
2019-02-06 15:51:15,947 - INFO: 16200: loss : 0.6375972032546997
2019-02-06 15:51:20,113 - INFO: 16220: loss : 0.7689664363861084
2019-02-06 15:51:24,279 - INFO: 16240: loss : 0.6888872385025024
2019-02-06 15:51:28,440 - INFO: 16260: loss : 0.6391800045967102
2019-02-06 15:51:32,607 - INFO: 16280: loss : 0.6702706813812256
2019-02-06 15:51:36,786 - INFO: 16300: loss : 0.642166018486023
2019-02-06 15:51:40,963 - INFO: 16320: loss : 0.68170166015625
2019-02-06 15:51:45,137 - INFO: 16340: loss : 0.6919516324996948
2019-02-06 15:51:49,385 - INFO: 16360: loss : 0.6548099517822266
2019-02-06 15:51:53,643 - INFO: 16380: loss : 0.5940741896629333
2019-02-06 15:51:57,850 - INFO: 16400: loss : 0.6788433194160461
2019-02-06 15:52:02,113 - INFO: 16420: loss : 0.707313060760498
2019-02-06 15:52:06,308 - INFO: 16440: loss : 0.6262662410736084
2019-02-06 15:52:10,525 - INFO: 16460: loss : 0.7987568378448486
2019-02-06 15:52:14,707 - INFO: 16480: loss : 0.6411821842193604
2019-02-06 15:52:18,849 - INFO: 16500: loss : 0.6343418955802917
2019-02-06 15:52:23,015 - INFO: 16520: loss : 0.6007480621337891
2019-02-06 15:52:27,193 - INFO: 16540: loss : 0.7099419832229614
2019-02-06 15:52:31,378 - INFO: 16560: loss : 0.8150128722190857
2019-02-06 15:52:35,529 - INFO: 16580: loss : 0.6549893617630005
2019-02-06 15:52:39,699 - INFO: 16600: loss : 0.7140233516693115
2019-02-06 15:52:43,843 - INFO: 16620: loss : 0.6875764727592468
2019-02-06 15:52:48,005 - INFO: 16640: loss : 0.7190170288085938
2019-02-06 15:52:52,178 - INFO: 16660: loss : 0.7283879518508911
2019-02-06 15:52:56,339 - INFO: 16680: loss : 0.690720796585083
2019-02-06 15:53:00,484 - INFO: 16700: loss : 0.6466366052627563
2019-02-06 15:53:04,634 - INFO: 16720: loss : 0.7848907113075256
2019-02-06 15:53:08,820 - INFO: 16740: loss : 0.5855814218521118
2019-02-06 15:53:13,026 - INFO: 16760: loss : 0.6838116645812988
2019-02-06 15:53:17,264 - INFO: 16780: loss : 0.6000771522521973
2019-02-06 15:53:21,485 - INFO: 16800: loss : 0.5798337459564209
2019-02-06 15:53:25,735 - INFO: 16820: loss : 0.6846018433570862
2019-02-06 15:53:29,872 - INFO: 16840: loss : 0.6641677618026733
2019-02-06 15:53:34,031 - INFO: 16860: loss : 0.6237713098526001
2019-02-06 15:53:38,198 - INFO: 16880: loss : 0.7160966396331787
2019-02-06 15:53:42,380 - INFO: 16900: loss : 0.620067298412323
2019-02-06 15:53:46,589 - INFO: 16920: loss : 0.6539040207862854
2019-02-06 15:53:50,767 - INFO: 16940: loss : 0.6138733625411987
2019-02-06 15:53:54,907 - INFO: 16960: loss : 0.6112611293792725
2019-02-06 15:53:59,066 - INFO: 16980: loss : 0.6354198455810547
2019-02-06 15:54:03,263 - INFO: 17000: loss : 0.5954709053039551
2019-02-06 15:54:07,520 - INFO: 17020: loss : 0.6914456486701965
2019-02-06 15:54:11,703 - INFO: 17040: loss : 0.6984513401985168
2019-02-06 15:54:15,881 - INFO: 17060: loss : 0.657041609287262
2019-02-06 15:54:20,091 - INFO: 17080: loss : 0.7460421919822693
2019-02-06 15:54:24,321 - INFO: 17100: loss : 0.6498023271560669
2019-02-06 15:54:28,522 - INFO: 17120: loss : 0.6650957465171814
2019-02-06 15:54:32,659 - INFO: 17140: loss : 0.7987920045852661
2019-02-06 15:54:36,804 - INFO: 17160: loss : 0.680494487285614
2019-02-06 15:54:41,130 - INFO: 17180: loss : 0.6517606973648071
2019-02-06 15:54:45,370 - INFO: 17200: loss : 0.6449642181396484
2019-02-06 15:54:49,665 - INFO: 17220: loss : 0.780017614364624
2019-02-06 15:54:54,155 - INFO: 17240: loss : 0.6718774437904358
2019-02-06 15:54:58,493 - INFO: 17260: loss : 0.6242902278900146
2019-02-06 15:55:02,752 - INFO: 17280: loss : 0.7137047648429871
2019-02-06 15:55:07,057 - INFO: 17300: loss : 0.7110371589660645
2019-02-06 15:55:11,392 - INFO: 17320: loss : 0.6728796362876892
2019-02-06 15:55:15,653 - INFO: 17340: loss : 0.695453405380249
2019-02-06 15:55:19,891 - INFO: 17360: loss : 0.6577565670013428
2019-02-06 15:55:24,136 - INFO: 17380: loss : 0.7196598052978516
2019-02-06 15:55:28,325 - INFO: 17400: loss : 0.6625292301177979
2019-02-06 15:55:32,523 - INFO: 17420: loss : 0.688959002494812
2019-02-06 15:55:36,686 - INFO: 17440: loss : 0.7178800702095032
2019-02-06 15:55:40,966 - INFO: 17460: loss : 0.6818058490753174
2019-02-06 15:55:45,190 - INFO: 17480: loss : 0.6575717329978943
2019-02-06 15:55:49,396 - INFO: 17500: loss : 0.7316118478775024
2019-02-06 15:55:53,598 - INFO: 17520: loss : 0.659816563129425
2019-02-06 15:55:57,927 - INFO: 17540: loss : 0.6755717992782593
2019-02-06 15:56:02,200 - INFO: 17560: loss : 0.7570542693138123
2019-02-06 15:56:06,380 - INFO: 17580: loss : 0.665962815284729
2019-02-06 15:56:10,645 - INFO: 17600: loss : 0.7385839223861694
2019-02-06 15:56:14,932 - INFO: 17620: loss : 0.6512451171875
2019-02-06 15:56:19,197 - INFO: 17640: loss : 0.670852541923523
2019-02-06 15:56:23,490 - INFO: 17660: loss : 0.6969599723815918
2019-02-06 15:56:27,648 - INFO: 17680: loss : 0.6026395559310913
2019-02-06 15:56:31,856 - INFO: 17700: loss : 0.6637648940086365
2019-02-06 15:56:36,076 - INFO: 17720: loss : 0.6702284216880798
2019-02-06 15:56:40,295 - INFO: 17740: loss : 0.6661061644554138
2019-02-06 15:56:44,462 - INFO: 17760: loss : 0.7435330748558044
2019-02-06 15:56:48,683 - INFO: 17780: loss : 0.6289546489715576
2019-02-06 15:56:52,910 - INFO: 17800: loss : 0.6947595477104187
2019-02-06 15:56:57,118 - INFO: 17820: loss : 0.6003539562225342
2019-02-06 15:57:01,334 - INFO: 17840: loss : 0.6644982695579529
2019-02-06 15:57:05,540 - INFO: 17860: loss : 0.6829953193664551
2019-02-06 15:57:09,783 - INFO: 17880: loss : 0.7121800184249878
2019-02-06 15:57:14,046 - INFO: 17900: loss : 0.6780480146408081
2019-02-06 15:57:18,236 - INFO: 17920: loss : 0.7424228191375732
2019-02-06 15:57:22,450 - INFO: 17940: loss : 0.6235411763191223
2019-02-06 15:57:26,647 - INFO: 17960: loss : 0.64353346824646
2019-02-06 15:57:30,880 - INFO: 17980: loss : 0.6927213668823242
2019-02-06 15:57:35,109 - INFO: 18000: loss : 0.6568335294723511
2019-02-06 15:57:39,356 - INFO: 18020: loss : 0.6977964639663696
2019-02-06 15:57:43,543 - INFO: 18040: loss : 0.6786508560180664
2019-02-06 15:57:47,709 - INFO: 18060: loss : 0.7447803616523743
2019-02-06 15:57:51,957 - INFO: 18080: loss : 0.726809561252594
2019-02-06 15:57:56,206 - INFO: 18100: loss : 0.6161466836929321
2019-02-06 15:58:00,420 - INFO: 18120: loss : 0.6645392775535583
2019-02-06 15:58:04,686 - INFO: 18140: loss : 0.6545702815055847
2019-02-06 15:58:08,894 - INFO: 18160: loss : 0.6979308724403381
2019-02-06 15:58:13,117 - INFO: 18180: loss : 0.6461257934570312
2019-02-06 15:58:17,339 - INFO: 18200: loss : 0.7042251825332642
2019-02-06 15:58:21,533 - INFO: 18220: loss : 0.6361016631126404
2019-02-06 15:58:25,729 - INFO: 18240: loss : 0.66752028465271
2019-02-06 15:58:29,978 - INFO: 18260: loss : 0.6386077404022217
2019-02-06 15:58:34,192 - INFO: 18280: loss : 0.5874879360198975
2019-02-06 15:58:38,401 - INFO: 18300: loss : 0.6688414216041565
2019-02-06 15:58:42,604 - INFO: 18320: loss : 0.6425359845161438
2019-02-06 15:58:46,754 - INFO: 18340: loss : 0.6687285900115967
2019-02-06 15:58:50,953 - INFO: 18360: loss : 0.6837480068206787
2019-02-06 15:58:55,155 - INFO: 18380: loss : 0.6815910339355469
2019-02-06 15:58:59,337 - INFO: 18400: loss : 0.6081187725067139
2019-02-06 15:59:03,558 - INFO: 18420: loss : 0.7150010466575623
2019-02-06 15:59:07,771 - INFO: 18440: loss : 0.5965654850006104
2019-02-06 15:59:12,133 - INFO: 18460: loss : 0.605851948261261
2019-02-06 15:59:16,382 - INFO: 18480: loss : 0.7400216460227966
2019-02-06 15:59:20,686 - INFO: 18500: loss : 0.6911883354187012
2019-02-06 15:59:24,946 - INFO: 18520: loss : 0.6070284843444824
2019-02-06 15:59:29,263 - INFO: 18540: loss : 0.7681350111961365
2019-02-06 15:59:33,670 - INFO: 18560: loss : 0.6563363671302795
2019-02-06 15:59:37,937 - INFO: 18580: loss : 0.6052918434143066
2019-02-06 15:59:42,111 - INFO: 18600: loss : 0.6814655661582947
2019-02-06 15:59:46,310 - INFO: 18620: loss : 0.6921724081039429
2019-02-06 15:59:50,543 - INFO: 18640: loss : 0.6365974545478821
2019-02-06 15:59:54,741 - INFO: 18660: loss : 0.6430619359016418
2019-02-06 15:59:58,938 - INFO: 18680: loss : 0.7264777421951294
2019-02-06 16:00:03,156 - INFO: 18700: loss : 0.6845884919166565
2019-02-06 16:00:07,396 - INFO: 18720: loss : 0.6884645223617554
2019-02-06 16:00:11,625 - INFO: 18740: loss : 0.7135193347930908
2019-02-06 16:00:15,831 - INFO: 18760: loss : 0.6134772300720215
2019-02-06 16:00:20,015 - INFO: 18780: loss : 0.6743161678314209
2019-02-06 16:00:24,223 - INFO: 18800: loss : 0.6880163550376892
2019-02-06 16:00:28,430 - INFO: 18820: loss : 0.6186624765396118
2019-02-06 16:00:32,619 - INFO: 18840: loss : 0.6605812311172485
2019-02-06 16:00:36,802 - INFO: 18860: loss : 0.7280212640762329
2019-02-06 16:00:40,970 - INFO: 18880: loss : 0.5942628383636475
2019-02-06 16:00:45,188 - INFO: 18900: loss : 0.6216728687286377
2019-02-06 16:00:49,399 - INFO: 18920: loss : 0.6648794412612915
2019-02-06 16:00:53,600 - INFO: 18940: loss : 0.6967416405677795
2019-02-06 16:00:57,829 - INFO: 18960: loss : 0.626792311668396
2019-02-06 16:01:02,033 - INFO: 18980: loss : 0.7592649459838867
2019-02-06 16:01:06,244 - INFO: 19000: loss : 0.6823351383209229
2019-02-06 16:01:10,482 - INFO: 19020: loss : 0.6269652843475342
2019-02-06 16:01:14,723 - INFO: 19040: loss : 0.6947342157363892
2019-02-06 16:01:18,980 - INFO: 19060: loss : 0.6451627612113953
2019-02-06 16:01:23,167 - INFO: 19080: loss : 0.6410077810287476
2019-02-06 16:01:27,373 - INFO: 19100: loss : 0.7430706024169922
2019-02-06 16:01:31,610 - INFO: 19120: loss : 0.6422361731529236
2019-02-06 16:01:35,810 - INFO: 19140: loss : 0.5941379070281982
2019-02-06 16:01:40,082 - INFO: 19160: loss : 0.6604295969009399
2019-02-06 16:01:44,275 - INFO: 19180: loss : 0.7247541546821594
2019-02-06 16:01:48,481 - INFO: 19200: loss : 0.7233942151069641
2019-02-06 16:01:52,690 - INFO: 19220: loss : 0.6679319739341736
2019-02-06 16:01:56,914 - INFO: 19240: loss : 0.7447872161865234
2019-02-06 16:02:01,097 - INFO: 19260: loss : 0.5907216668128967
2019-02-06 16:02:05,347 - INFO: 19280: loss : 0.6809748411178589
2019-02-06 16:02:09,584 - INFO: 19300: loss : 0.6369760036468506
2019-02-06 16:02:13,846 - INFO: 19320: loss : 0.698716938495636
2019-02-06 16:02:18,023 - INFO: 19340: loss : 0.6089504957199097
2019-02-06 16:02:22,245 - INFO: 19360: loss : 0.6257033348083496
2019-02-06 16:02:26,479 - INFO: 19380: loss : 0.5845311284065247
2019-02-06 16:02:30,697 - INFO: 19400: loss : 0.5771422386169434
2019-02-06 16:02:34,925 - INFO: 19420: loss : 0.6711571216583252
2019-02-06 16:02:39,110 - INFO: 19440: loss : 0.7000051736831665
2019-02-06 16:02:43,323 - INFO: 19460: loss : 0.6636624336242676
2019-02-06 16:02:47,520 - INFO: 19480: loss : 0.7153183817863464
2019-02-06 16:02:51,695 - INFO: 19500: loss : 0.6504639387130737
2019-02-06 16:02:55,882 - INFO: 19520: loss : 0.6503787636756897
2019-02-06 16:03:00,135 - INFO: 19540: loss : 0.6519148349761963
2019-02-06 16:03:04,314 - INFO: 19560: loss : 0.741946280002594
2019-02-06 16:03:08,479 - INFO: 19580: loss : 0.6917484998703003
2019-02-06 16:03:12,642 - INFO: 19600: loss : 0.5846018195152283
2019-02-06 16:03:16,777 - INFO: 19620: loss : 0.7006439566612244
2019-02-06 16:03:20,921 - INFO: 19640: loss : 0.6883015632629395
2019-02-06 16:03:25,088 - INFO: 19660: loss : 0.63290935754776
2019-02-06 16:03:29,263 - INFO: 19680: loss : 0.8139642477035522
2019-02-06 16:03:33,406 - INFO: 19700: loss : 0.598873496055603
2019-02-06 16:03:37,576 - INFO: 19720: loss : 0.6948089003562927
2019-02-06 16:03:41,751 - INFO: 19740: loss : 0.7460901737213135
2019-02-06 16:03:45,903 - INFO: 19760: loss : 0.628635823726654
2019-02-06 16:03:50,057 - INFO: 19780: loss : 0.6494003534317017
2019-02-06 16:03:54,211 - INFO: 19800: loss : 0.6802036762237549
2019-02-06 16:03:58,274 - INFO: 19820: loss : 0.7088112235069275
2019-02-06 16:04:02,405 - INFO: 19840: loss : 0.6689165234565735
2019-02-06 16:04:06,499 - INFO: 19860: loss : 0.7273911833763123
2019-02-06 16:04:10,631 - INFO: 19880: loss : 0.723036527633667
2019-02-06 16:04:14,766 - INFO: 19900: loss : 0.7053791880607605
2019-02-06 16:04:18,803 - INFO: 19920: loss : 0.6556834578514099
2019-02-06 16:04:22,977 - INFO: 19940: loss : 0.5386818051338196
2019-02-06 16:04:27,198 - INFO: 19960: loss : 0.697007417678833
2019-02-06 16:04:31,375 - INFO: 19980: loss : 0.6532979011535645
2019-02-06 16:04:35,510 - INFO: 20000: loss : 0.665859043598175
