2019-02-09 20:00:20,322 - INFO: model output path model/trained_model_mini/tcn2
2019-02-09 20:00:22,153 - INFO: None
2019-02-09 20:00:22,154 - INFO: saving model in model/trained_model_mini/tcn2/model.json
2019-02-09 20:00:22,158 - INFO: Iteration started
2019-02-09 20:00:42,603 - INFO: 20: loss : 12.08736801147461
2019-02-09 20:00:47,836 - INFO: 40: loss : 10.66923999786377
2019-02-09 20:00:52,398 - INFO: 60: loss : 8.825952529907227
2019-02-09 20:00:56,814 - INFO: 80: loss : 9.622427940368652
2019-02-09 20:01:01,217 - INFO: 100: loss : 7.212522983551025
2019-02-09 20:01:05,663 - INFO: 120: loss : 10.106447219848633
2019-02-09 20:01:10,184 - INFO: 140: loss : 8.457234382629395
2019-02-09 20:01:14,690 - INFO: 160: loss : 9.45686149597168
2019-02-09 20:01:19,187 - INFO: 180: loss : 12.520992279052734
2019-02-09 20:01:23,645 - INFO: 200: loss : 7.956769943237305
2019-02-09 20:01:28,144 - INFO: 220: loss : 8.431122779846191
2019-02-09 20:01:32,592 - INFO: 240: loss : 11.752347946166992
2019-02-09 20:01:37,029 - INFO: 260: loss : 8.898550987243652
2019-02-09 20:01:41,484 - INFO: 280: loss : 8.213409423828125
2019-02-09 20:01:45,935 - INFO: 300: loss : 9.134224891662598
2019-02-09 20:01:50,377 - INFO: 320: loss : 9.077573776245117
2019-02-09 20:01:54,831 - INFO: 340: loss : 10.407797813415527
2019-02-09 20:01:59,274 - INFO: 360: loss : 8.831111907958984
2019-02-09 20:02:03,695 - INFO: 380: loss : 10.122127532958984
2019-02-09 20:02:08,051 - INFO: 400: loss : 13.787755966186523
2019-02-09 20:02:12,495 - INFO: 420: loss : 9.856703758239746
2019-02-09 20:02:16,935 - INFO: 440: loss : 7.841218948364258
2019-02-09 20:02:21,393 - INFO: 460: loss : 9.992002487182617
2019-02-09 20:02:25,840 - INFO: 480: loss : 7.948050022125244
2019-02-09 20:02:30,314 - INFO: 500: loss : 8.295905113220215
2019-02-09 20:02:34,774 - INFO: 520: loss : 11.902905464172363
2019-02-09 20:02:39,268 - INFO: 540: loss : 6.666293621063232
2019-02-09 20:02:43,692 - INFO: 560: loss : 9.77115249633789
2019-02-09 20:02:48,093 - INFO: 580: loss : 8.844667434692383
2019-02-09 20:02:52,532 - INFO: 600: loss : 8.961980819702148
2019-02-09 20:02:56,990 - INFO: 620: loss : 6.3320183753967285
2019-02-09 20:03:01,464 - INFO: 640: loss : 10.309182167053223
2019-02-09 20:03:05,913 - INFO: 660: loss : 9.566239356994629
2019-02-09 20:03:10,362 - INFO: 680: loss : 10.864941596984863
2019-02-09 20:03:14,821 - INFO: 700: loss : 9.625215530395508
2019-02-09 20:03:19,296 - INFO: 720: loss : 7.52604341506958
2019-02-09 20:03:23,755 - INFO: 740: loss : 9.674803733825684
2019-02-09 20:03:28,200 - INFO: 760: loss : 9.089115142822266
2019-02-09 20:03:32,676 - INFO: 780: loss : 10.352124214172363
2019-02-09 20:03:37,156 - INFO: 800: loss : 10.59811782836914
2019-02-09 20:03:41,623 - INFO: 820: loss : 6.813006401062012
2019-02-09 20:03:46,074 - INFO: 840: loss : 10.992451667785645
2019-02-09 20:03:50,507 - INFO: 860: loss : 8.713533401489258
2019-02-09 20:03:54,937 - INFO: 880: loss : 9.947919845581055
2019-02-09 20:03:59,372 - INFO: 900: loss : 12.980165481567383
2019-02-09 20:04:03,802 - INFO: 920: loss : 9.807806968688965
2019-02-09 20:04:08,250 - INFO: 940: loss : 8.059093475341797
2019-02-09 20:04:12,711 - INFO: 960: loss : 10.134299278259277
2019-02-09 20:04:17,138 - INFO: 980: loss : 11.548309326171875
2019-02-09 20:04:21,589 - INFO: 1000: loss : 9.974119186401367
2019-02-09 20:04:27,042 - INFO: 1020: loss : 11.240002632141113
2019-02-09 20:04:31,481 - INFO: 1040: loss : 7.838734149932861
2019-02-09 20:04:35,945 - INFO: 1060: loss : 11.24980354309082
2019-02-09 20:04:40,437 - INFO: 1080: loss : 11.474340438842773
2019-02-09 20:04:44,909 - INFO: 1100: loss : 11.03395938873291
2019-02-09 20:04:49,377 - INFO: 1120: loss : 7.700283527374268
2019-02-09 20:04:53,850 - INFO: 1140: loss : 10.60986328125
2019-02-09 20:04:58,340 - INFO: 1160: loss : 6.669407367706299
2019-02-09 20:05:02,814 - INFO: 1180: loss : 8.845157623291016
2019-02-09 20:05:07,268 - INFO: 1200: loss : 10.351151466369629
2019-02-09 20:05:11,726 - INFO: 1220: loss : 10.212274551391602
2019-02-09 20:05:16,235 - INFO: 1240: loss : 10.896587371826172
2019-02-09 20:05:20,713 - INFO: 1260: loss : 12.93346881866455
2019-02-09 20:05:39,573 - INFO: model output path model/trained_model_mini/tcn2
2019-02-09 20:05:41,400 - INFO: None
2019-02-09 20:05:41,400 - INFO: saving model in model/trained_model_mini/tcn2/model.json
2019-02-09 20:05:41,404 - INFO: Iteration started
2019-02-09 20:05:50,305 - INFO: 20: loss : 4.973875522613525
2019-02-09 20:05:54,250 - INFO: 40: loss : 4.506914138793945
2019-02-09 20:05:58,213 - INFO: 60: loss : 4.366253852844238
2019-02-09 20:06:02,104 - INFO: 80: loss : 4.0114874839782715
2019-02-09 20:06:06,071 - INFO: 100: loss : 5.438902854919434
2019-02-09 20:06:09,994 - INFO: 120: loss : 4.107875347137451
2019-02-09 20:06:13,948 - INFO: 140: loss : 5.109442234039307
2019-02-09 20:06:17,923 - INFO: 160: loss : 4.569014072418213
2019-02-09 20:06:21,875 - INFO: 180: loss : 3.777458667755127
2019-02-09 20:06:25,811 - INFO: 200: loss : 3.9045231342315674
2019-02-09 20:06:29,751 - INFO: 220: loss : 4.082392692565918
2019-02-09 20:06:33,665 - INFO: 240: loss : 5.129415988922119
2019-02-09 20:10:08,964 - INFO: model output path model/trained_model_mini/tcn2
2019-02-09 20:10:10,092 - INFO: None
2019-02-09 20:10:10,092 - INFO: saving model in model/trained_model_mini/tcn2/model.json
2019-02-09 20:10:10,095 - INFO: Iteration started
2019-02-09 20:10:22,217 - INFO: 20: loss : 0.548488974571228
2019-02-09 20:10:26,524 - INFO: 40: loss : 0.5226771831512451
2019-02-09 20:10:30,887 - INFO: 60: loss : 0.42942020297050476
2019-02-09 20:10:35,186 - INFO: 80: loss : 0.47701817750930786
2019-02-09 20:30:18,484 - INFO: model output path model/trained_model_mini/tcn2
2019-02-09 20:30:20,295 - INFO: None
2019-02-09 20:30:20,295 - INFO: saving model in model/trained_model_mini/tcn2/model.json
2019-02-09 20:30:20,299 - INFO: Iteration started
2019-02-09 20:30:28,433 - INFO: 20: loss : 4.604218482971191
2019-02-09 20:30:32,378 - INFO: 40: loss : 4.019103527069092
2019-02-09 20:30:36,330 - INFO: 60: loss : 3.8148193359375
2019-02-09 20:30:40,284 - INFO: 80: loss : 3.241969347000122
2019-02-09 20:30:44,246 - INFO: 100: loss : 3.4037368297576904
2019-02-09 20:30:48,244 - INFO: 120: loss : 4.981583595275879
2019-02-09 20:30:52,160 - INFO: 140: loss : 3.315358877182007
2019-02-09 20:30:56,121 - INFO: 160: loss : 4.160654067993164
2019-02-09 20:31:00,133 - INFO: 180: loss : 3.9878509044647217
2019-02-09 20:31:04,061 - INFO: 200: loss : 3.4637482166290283
2019-02-09 20:31:08,039 - INFO: 220: loss : 4.187446117401123
2019-02-09 20:36:30,070 - INFO: model output path model/trained_model_mini/tcn2
2019-02-09 20:39:47,471 - INFO: model output path model/trained_model_mini/tcn2
2019-02-09 20:44:11,822 - INFO: model output path model/trained_model_mini/tcn2
2019-02-09 20:44:13,150 - INFO: None
2019-02-09 20:44:13,150 - INFO: saving model in model/trained_model_mini/tcn2/model.json
2019-02-09 20:44:13,153 - INFO: Iteration started
2019-02-09 20:44:27,543 - INFO: 20: loss : 5.767090797424316
2019-02-09 20:44:31,984 - INFO: 40: loss : 4.0842976570129395
2019-02-09 20:44:36,390 - INFO: 60: loss : 4.47919225692749
2019-02-09 20:44:40,796 - INFO: 80: loss : 4.096510410308838
2019-02-09 20:44:45,175 - INFO: 100: loss : 4.421701431274414
2019-02-09 20:44:49,587 - INFO: 120: loss : 4.967626571655273
2019-02-09 20:44:54,022 - INFO: 140: loss : 5.556920528411865
2019-02-09 20:44:58,466 - INFO: 160: loss : 3.381171226501465
2019-02-09 20:45:02,869 - INFO: 180: loss : 3.9183905124664307
2019-02-09 20:45:07,220 - INFO: 200: loss : 4.155604839324951
2019-02-09 20:45:11,575 - INFO: 220: loss : 4.059389114379883
2019-02-09 20:45:15,977 - INFO: 240: loss : 4.035956859588623
2019-02-09 20:45:20,341 - INFO: 260: loss : 3.8452038764953613
2019-02-09 20:45:24,776 - INFO: 280: loss : 4.834787845611572
2019-02-09 20:45:29,212 - INFO: 300: loss : 4.329026222229004
2019-02-09 20:45:33,484 - INFO: 320: loss : 5.465898513793945
2019-02-09 20:45:37,704 - INFO: 340: loss : 4.197089672088623
2019-02-09 20:45:42,077 - INFO: 360: loss : 5.279839992523193
2019-02-09 20:45:46,527 - INFO: 380: loss : 4.546056270599365
2019-02-09 20:45:51,012 - INFO: 400: loss : 3.5594606399536133
2019-02-09 20:45:55,438 - INFO: 420: loss : 5.198556423187256
2019-02-09 20:45:59,830 - INFO: 440: loss : 3.8149399757385254
2019-02-09 20:46:04,245 - INFO: 460: loss : 3.0510544776916504
2019-02-09 20:46:08,639 - INFO: 480: loss : 5.050868511199951
2019-02-09 20:46:13,187 - INFO: 500: loss : 4.321486949920654
2019-02-09 20:46:17,700 - INFO: 520: loss : 3.596994638442993
2019-02-09 20:46:22,096 - INFO: 540: loss : 3.9044198989868164
2019-02-09 20:46:26,496 - INFO: 560: loss : 5.889993190765381
2019-02-09 20:46:30,947 - INFO: 580: loss : 4.21934175491333
2019-02-09 20:46:35,418 - INFO: 600: loss : 4.584390163421631
2019-02-09 20:46:39,851 - INFO: 620: loss : 3.7636046409606934
2019-02-09 20:46:44,300 - INFO: 640: loss : 4.930466175079346
2019-02-09 20:46:48,690 - INFO: 660: loss : 5.138619422912598
2019-02-09 20:46:53,131 - INFO: 680: loss : 3.821899175643921
2019-02-09 20:46:57,540 - INFO: 700: loss : 4.559903144836426
2019-02-09 20:47:01,955 - INFO: 720: loss : 3.490704298019409
2019-02-09 20:47:06,397 - INFO: 740: loss : 4.370662212371826
2019-02-09 20:47:10,794 - INFO: 760: loss : 3.60451602935791
2019-02-09 20:47:15,256 - INFO: 780: loss : 5.879880905151367
2019-02-09 20:47:19,637 - INFO: 800: loss : 3.7235074043273926
2019-02-09 20:47:24,126 - INFO: 820: loss : 5.158633232116699
2019-02-09 20:47:28,507 - INFO: 840: loss : 4.625524044036865
2019-02-09 20:47:32,914 - INFO: 860: loss : 3.9996657371520996
2019-02-09 20:47:37,427 - INFO: 880: loss : 4.516473293304443
2019-02-09 20:47:41,884 - INFO: 900: loss : 3.738377571105957
2019-02-09 20:47:46,329 - INFO: 920: loss : 4.355505466461182
2019-02-09 20:47:50,742 - INFO: 940: loss : 5.1049580574035645
2019-02-09 20:47:55,204 - INFO: 960: loss : 5.06937313079834
2019-02-09 20:47:59,665 - INFO: 980: loss : 4.112463474273682
2019-02-09 20:48:04,098 - INFO: 1000: loss : 3.798027992248535
2019-02-09 20:48:09,143 - INFO: 1020: loss : 4.367705345153809
2019-02-09 20:48:13,564 - INFO: 1040: loss : 3.876535654067993
2019-02-09 20:48:18,011 - INFO: 1060: loss : 4.697240829467773
2019-02-09 20:48:22,437 - INFO: 1080: loss : 4.351407051086426
2019-02-09 20:48:26,869 - INFO: 1100: loss : 5.096096992492676
2019-02-09 20:48:31,363 - INFO: 1120: loss : 4.256985664367676
2019-02-09 20:48:35,824 - INFO: 1140: loss : 3.3253159523010254
2019-02-09 20:48:40,283 - INFO: 1160: loss : 4.363866329193115
2019-02-09 20:48:44,673 - INFO: 1180: loss : 5.111709117889404
2019-02-09 20:48:49,075 - INFO: 1200: loss : 4.67589807510376
2019-02-09 20:48:53,512 - INFO: 1220: loss : 4.798102855682373
2019-02-09 20:48:57,969 - INFO: 1240: loss : 4.865394592285156
2019-02-09 20:49:02,434 - INFO: 1260: loss : 4.340454578399658
2019-02-09 20:49:06,911 - INFO: 1280: loss : 3.5285160541534424
2019-02-09 20:49:36,876 - INFO: model output path model/trained_model_mini/tcn2
2019-02-09 20:49:38,191 - INFO: None
2019-02-09 20:49:38,191 - INFO: saving model in model/trained_model_mini/tcn2/model.json
2019-02-09 20:49:38,194 - INFO: Iteration started
2019-02-09 20:49:50,646 - INFO: 20: loss : 2.0932106971740723
2019-02-09 20:49:54,922 - INFO: 40: loss : 1.8647412061691284
2019-02-09 20:49:59,256 - INFO: 60: loss : 1.235683560371399
2019-02-09 20:50:03,558 - INFO: 80: loss : 2.695650815963745
2019-02-09 20:50:07,853 - INFO: 100: loss : 1.370976209640503
2019-02-09 20:50:12,124 - INFO: 120: loss : 1.3334088325500488
2019-02-09 20:50:16,431 - INFO: 140: loss : 1.4082995653152466
2019-02-09 20:50:20,689 - INFO: 160: loss : 1.527922511100769
2019-02-09 20:50:24,953 - INFO: 180: loss : 0.5010685324668884
2019-02-09 20:50:29,225 - INFO: 200: loss : 1.5121954679489136
2019-02-09 20:50:33,527 - INFO: 220: loss : 0.7447879314422607
2019-02-09 20:50:37,753 - INFO: 240: loss : 1.1018187999725342
2019-02-09 20:50:41,985 - INFO: 260: loss : 0.8640429377555847
2019-02-09 20:50:46,256 - INFO: 280: loss : 0.7858660221099854
2019-02-09 20:50:50,472 - INFO: 300: loss : 0.44630303978919983
2019-02-09 20:50:54,705 - INFO: 320: loss : 0.7854508757591248
2019-02-09 20:50:59,011 - INFO: 340: loss : 0.43439438939094543
2019-02-09 20:51:03,345 - INFO: 360: loss : 1.1767181158065796
2019-02-09 20:51:07,642 - INFO: 380: loss : 1.3456900119781494
2019-02-09 20:51:11,925 - INFO: 400: loss : 0.6948230266571045
2019-02-09 20:51:16,192 - INFO: 420: loss : 1.1325584650039673
2019-02-09 20:51:20,341 - INFO: 440: loss : 0.5382212996482849
2019-02-09 20:51:24,653 - INFO: 460: loss : 0.5246702432632446
2019-02-09 20:51:28,991 - INFO: 480: loss : 0.4528603255748749
2019-02-09 20:51:33,309 - INFO: 500: loss : 0.774480938911438
2019-02-09 20:51:37,587 - INFO: 520: loss : 0.5765865445137024
2019-02-09 20:51:41,919 - INFO: 540: loss : 0.7394594550132751
2019-02-09 20:51:46,200 - INFO: 560: loss : 0.4281714856624603
2019-02-09 20:51:50,516 - INFO: 580: loss : 0.4574016034603119
2019-02-09 20:51:54,858 - INFO: 600: loss : 0.9154129028320312
2019-02-09 20:51:59,176 - INFO: 620: loss : 0.6469370722770691
2019-02-09 20:52:03,463 - INFO: 640: loss : 0.6337948441505432
2019-02-09 20:52:07,726 - INFO: 660: loss : 0.9496080875396729
2019-02-09 20:52:12,038 - INFO: 680: loss : 0.7063864469528198
2019-02-09 20:52:16,302 - INFO: 700: loss : 0.4724585711956024
2019-02-09 20:52:20,584 - INFO: 720: loss : 0.40119048953056335
2019-02-09 20:52:24,704 - INFO: 740: loss : 0.41386115550994873
2019-02-09 20:56:00,014 - INFO: model output path model/trained_model_mini/tcn2
2019-02-09 20:56:01,821 - INFO: None
2019-02-09 20:56:01,821 - INFO: saving model in model/trained_model_mini/tcn2/model.json
2019-02-09 20:56:01,825 - INFO: Iteration started
2019-02-09 20:56:09,865 - INFO: 20: loss : 1.2767311334609985
2019-02-09 20:56:13,596 - INFO: 40: loss : 1.5098481178283691
2019-02-09 20:56:17,494 - INFO: 60: loss : 1.3565599918365479
2019-02-09 20:56:21,326 - INFO: 80: loss : 1.3464642763137817
2019-02-09 20:56:25,199 - INFO: 100: loss : 1.0749366283416748
2019-02-09 20:56:29,099 - INFO: 120: loss : 1.121730089187622
2019-02-09 20:56:32,959 - INFO: 140: loss : 1.7535247802734375
2019-02-09 20:56:36,660 - INFO: 160: loss : 2.8732550144195557
2019-02-09 20:56:40,391 - INFO: 180: loss : 2.0338621139526367
2019-02-09 20:56:44,260 - INFO: 200: loss : 2.0666518211364746
2019-02-09 20:56:48,010 - INFO: 220: loss : 1.9092605113983154
2019-02-09 20:56:51,946 - INFO: 240: loss : 2.0529775619506836
2019-02-09 20:56:55,870 - INFO: 260: loss : 1.9894897937774658
2019-02-09 20:56:59,717 - INFO: 280: loss : 2.7366082668304443
2019-02-09 20:57:03,521 - INFO: 300: loss : 2.2211267948150635
2019-02-09 20:57:07,402 - INFO: 320: loss : 2.000178337097168
2019-02-09 20:57:11,393 - INFO: 340: loss : 2.2733066082000732
2019-02-09 20:57:15,385 - INFO: 360: loss : 3.1895666122436523
2019-02-09 20:57:37,273 - INFO: model output path model/trained_model_mini/tcn2
2019-02-09 20:57:39,222 - INFO: None
2019-02-09 20:57:39,222 - INFO: saving model in model/trained_model_mini/tcn2/model.json
2019-02-09 20:57:39,226 - INFO: Iteration started
2019-02-09 20:57:47,238 - INFO: 20: loss : 3.78818416595459
2019-02-09 20:57:51,157 - INFO: 40: loss : 3.981196403503418
2019-02-09 20:57:54,935 - INFO: 60: loss : 3.8133649826049805
2019-02-09 20:57:58,896 - INFO: 80: loss : 4.213768005371094
2019-02-09 20:58:02,881 - INFO: 100: loss : 3.4835760593414307
2019-02-09 20:58:06,861 - INFO: 120: loss : 4.761736869812012
2019-02-09 20:58:10,759 - INFO: 140: loss : 5.738247871398926
2019-02-09 20:58:14,772 - INFO: 160: loss : 4.053768634796143
2019-02-09 20:58:18,737 - INFO: 180: loss : 5.115585803985596
2019-02-09 20:58:22,732 - INFO: 200: loss : 4.294209003448486
2019-02-09 20:58:26,698 - INFO: 220: loss : 5.811472415924072
2019-02-09 20:58:30,590 - INFO: 240: loss : 5.57404899597168
2019-02-09 20:58:34,479 - INFO: 260: loss : 5.165339946746826
2019-02-09 20:58:38,409 - INFO: 280: loss : 4.719514846801758
