2019-01-26 11:58:45,743 - INFO: Namespace(gpus='0,1', iter=20000)
2019-01-26 12:00:45,226 - INFO: Namespace(gpus='0,1', iter=20000)
2019-01-26 12:00:45,299 - INFO: model created
2019-01-26 12:00:46,115 - INFO: Iteration started
2019-01-26 12:00:53,021 - INFO: 0: loss : 2.011669874191284
2019-01-26 12:00:57,325 - INFO: 20: loss : 0.7590249180793762
2019-01-26 12:01:01,514 - INFO: 40: loss : 0.6462109088897705
2019-01-26 12:01:05,756 - INFO: 60: loss : 0.5716908574104309
2019-01-26 12:01:09,932 - INFO: 80: loss : 0.5155088305473328
2019-01-26 12:01:14,057 - INFO: 100: loss : 0.47507360577583313
2019-01-26 12:01:18,218 - INFO: 120: loss : 0.45093077421188354
2019-01-26 12:01:22,413 - INFO: 140: loss : 0.5390375852584839
2019-01-26 12:01:26,589 - INFO: 160: loss : 0.4035084545612335
2019-01-26 12:01:30,775 - INFO: 180: loss : 0.5266808271408081
2019-01-26 12:01:34,925 - INFO: 200: loss : 0.38870835304260254
2019-01-26 12:01:39,142 - INFO: 220: loss : 0.4310849606990814
2019-01-26 12:01:43,313 - INFO: 240: loss : 0.39373156428337097
2019-01-26 12:01:47,488 - INFO: 260: loss : 0.3906969428062439
2019-01-26 12:01:51,693 - INFO: 280: loss : 0.3394274115562439
2019-01-26 12:01:55,899 - INFO: 300: loss : 0.4615411162376404
2019-01-26 12:02:00,108 - INFO: 320: loss : 0.3750309646129608
2019-01-26 12:02:04,300 - INFO: 340: loss : 0.35521429777145386
2019-01-26 12:02:08,480 - INFO: 360: loss : 0.3208875358104706
2019-01-26 12:02:12,666 - INFO: 380: loss : 0.3163548409938812
2019-01-26 12:02:16,920 - INFO: 400: loss : 0.27863043546676636
2019-01-26 12:02:36,720 - INFO: Namespace(gpus='0', iter=20000)
2019-01-26 12:02:36,794 - INFO: model created
2019-01-26 12:02:37,630 - INFO: Iteration started
2019-01-26 12:02:43,800 - INFO: 0: loss : 2.0089824199676514
2019-01-26 12:02:48,119 - INFO: 20: loss : 0.7773813009262085
2019-01-26 12:02:52,284 - INFO: 40: loss : 0.738162100315094
