2019-02-02 20:43:09,561 - INFO: model output path model/trained_model/C3D_attn
2019-02-02 20:43:09,724 - INFO: None
2019-02-02 20:43:09,724 - INFO: saving model in model/trained_model/C3D_attn/model.json
2019-02-02 20:43:09,726 - INFO: Iteration started
2019-02-02 20:43:16,031 - INFO: 20: loss : 6.416527271270752
2019-02-02 20:43:19,723 - INFO: 40: loss : 5.013842582702637
2019-02-02 20:43:23,460 - INFO: 60: loss : 4.208631992340088
2019-02-02 20:43:27,174 - INFO: 80: loss : 3.6140384674072266
2019-02-02 20:43:30,929 - INFO: 100: loss : 3.1921334266662598
2019-02-02 20:43:34,626 - INFO: 120: loss : 2.821880578994751
2019-02-02 20:43:38,352 - INFO: 140: loss : 2.588400363922119
2019-02-02 20:43:42,115 - INFO: 160: loss : 2.303882360458374
2019-02-02 20:43:45,943 - INFO: 180: loss : 2.177722930908203
2019-02-02 20:43:49,657 - INFO: 200: loss : 2.0205326080322266
2019-02-02 20:43:53,357 - INFO: 220: loss : 1.8916795253753662
2019-02-02 20:43:57,118 - INFO: 240: loss : 1.7101926803588867
2019-02-02 20:44:00,847 - INFO: 260: loss : 1.6350913047790527
2019-02-02 20:44:04,566 - INFO: 280: loss : 1.5576305389404297
2019-02-02 20:44:08,207 - INFO: 300: loss : 1.4652005434036255
2019-02-02 20:44:11,854 - INFO: 320: loss : 1.3719487190246582
2019-02-02 20:44:15,595 - INFO: 340: loss : 1.3496451377868652
2019-02-02 20:44:19,333 - INFO: 360: loss : 1.2592790126800537
2019-02-02 20:44:23,089 - INFO: 380: loss : 1.1872351169586182
2019-02-02 20:44:26,759 - INFO: 400: loss : 1.132819414138794
2019-02-02 20:44:30,467 - INFO: 420: loss : 1.1702349185943604
2019-02-02 20:44:34,201 - INFO: 440: loss : 1.130286455154419
2019-02-02 20:44:37,927 - INFO: 460: loss : 1.0840590000152588
2019-02-02 20:44:41,561 - INFO: 480: loss : 1.061283826828003
2019-02-02 20:44:45,251 - INFO: 500: loss : 0.9706442356109619
2019-02-02 20:44:48,891 - INFO: 520: loss : 1.0559200048446655
2019-02-02 20:44:52,515 - INFO: 540: loss : 1.002915382385254
2019-02-02 20:44:56,159 - INFO: 560: loss : 0.9211032390594482
2019-02-02 20:44:59,877 - INFO: 580: loss : 0.8957428932189941
2019-02-02 20:45:03,619 - INFO: 600: loss : 0.8893378973007202
2019-02-02 20:45:07,297 - INFO: 620: loss : 0.8817675113677979
2019-02-02 20:45:10,788 - INFO: 640: loss : 0.874174952507019
2019-02-02 20:45:14,499 - INFO: 660: loss : 0.8394644260406494
2019-02-02 20:45:18,119 - INFO: 680: loss : 0.7743762731552124
2019-02-02 20:45:21,816 - INFO: 700: loss : 0.897595226764679
2019-02-02 20:45:25,564 - INFO: 720: loss : 0.8043884634971619
2019-02-02 20:45:29,324 - INFO: 740: loss : 0.8375014066696167
2019-02-02 20:45:32,966 - INFO: 760: loss : 0.8179905414581299
2019-02-02 20:45:36,724 - INFO: 780: loss : 0.841384768486023
2019-02-02 20:45:40,408 - INFO: 800: loss : 0.7668952941894531
2019-02-02 20:45:44,147 - INFO: 820: loss : 0.8877890706062317
2019-02-02 20:45:47,850 - INFO: 840: loss : 0.727381706237793
2019-02-02 20:45:51,505 - INFO: 860: loss : 0.7846200466156006
2019-02-02 20:45:55,153 - INFO: 880: loss : 0.759809136390686
2019-02-02 20:45:58,918 - INFO: 900: loss : 0.7337110042572021
2019-02-02 20:46:02,593 - INFO: 920: loss : 0.7408722639083862
2019-02-02 20:46:06,260 - INFO: 940: loss : 0.702743649482727
2019-02-02 20:46:09,902 - INFO: 960: loss : 0.6547218561172485
2019-02-02 20:46:13,596 - INFO: 980: loss : 0.7594579458236694
2019-02-02 20:46:17,176 - INFO: 1000: loss : 0.7296082973480225
2019-02-02 20:46:17,804 - INFO: 
Validation result
2019-02-02 20:46:17,804 - INFO:   AUC: 0.36635594961208806

2019-02-02 20:46:21,492 - INFO: 1020: loss : 0.7046241760253906
2019-02-02 20:46:25,186 - INFO: 1040: loss : 0.6768851280212402
2019-02-02 20:46:28,883 - INFO: 1060: loss : 0.6960717439651489
2019-02-02 20:46:32,604 - INFO: 1080: loss : 0.6482934355735779
2019-02-02 20:46:36,341 - INFO: 1100: loss : 0.6299070119857788
2019-02-02 20:46:40,033 - INFO: 1120: loss : 0.6620283722877502
2019-02-02 20:46:43,731 - INFO: 1140: loss : 0.7185091972351074
2019-02-02 20:46:47,450 - INFO: 1160: loss : 0.7043962478637695
2019-02-02 20:46:51,175 - INFO: 1180: loss : 0.68564373254776
2019-02-02 20:46:54,837 - INFO: 1200: loss : 0.697197675704956
2019-02-02 20:46:58,618 - INFO: 1220: loss : 0.7052626013755798
2019-02-02 20:47:02,300 - INFO: 1240: loss : 0.6512907147407532
2019-02-02 20:47:06,053 - INFO: 1260: loss : 0.6627519726753235
2019-02-02 20:47:09,759 - INFO: 1280: loss : 0.7218478918075562
2019-02-02 20:47:13,391 - INFO: 1300: loss : 0.65306556224823
2019-02-02 20:47:17,136 - INFO: 1320: loss : 0.6492452621459961
2019-02-02 20:47:20,823 - INFO: 1340: loss : 0.6462817192077637
2019-02-02 20:47:24,531 - INFO: 1360: loss : 0.6749825477600098
2019-02-02 20:47:28,062 - INFO: 1380: loss : 0.6616764068603516
2019-02-02 20:47:31,730 - INFO: 1400: loss : 0.7536696195602417
2019-02-02 20:47:35,454 - INFO: 1420: loss : 0.6886489391326904
2019-02-02 20:47:39,076 - INFO: 1440: loss : 0.6447632312774658
2019-02-02 20:47:42,742 - INFO: 1460: loss : 0.5867022275924683
2019-02-02 20:47:46,361 - INFO: 1480: loss : 0.6278612613677979
2019-02-02 20:47:50,058 - INFO: 1500: loss : 0.5729250907897949
2019-02-02 20:47:53,806 - INFO: 1520: loss : 0.6600598096847534
2019-02-02 20:47:57,447 - INFO: 1540: loss : 0.6603397130966187
2019-02-02 20:48:01,090 - INFO: 1560: loss : 0.6658857464790344
2019-02-02 20:48:04,821 - INFO: 1580: loss : 0.6327236890792847
2019-02-02 20:48:08,502 - INFO: 1600: loss : 0.5893032550811768
2019-02-02 20:48:12,256 - INFO: 1620: loss : 0.5717384815216064
2019-02-02 20:48:15,951 - INFO: 1640: loss : 0.6662218570709229
2019-02-02 20:48:19,550 - INFO: 1660: loss : 0.6403733491897583
2019-02-02 20:48:23,219 - INFO: 1680: loss : 0.5520374774932861
2019-02-02 20:48:26,934 - INFO: 1700: loss : 0.6296935081481934
2019-02-02 20:48:30,555 - INFO: 1720: loss : 0.6557130813598633
2019-02-02 20:48:34,216 - INFO: 1740: loss : 0.6414390802383423
2019-02-02 20:48:37,984 - INFO: 1760: loss : 0.5917906761169434
2019-02-02 20:48:41,723 - INFO: 1780: loss : 0.6403778791427612
2019-02-02 20:48:45,429 - INFO: 1800: loss : 0.599045991897583
2019-02-02 20:48:49,131 - INFO: 1820: loss : 0.6429248452186584
2019-02-02 20:48:52,894 - INFO: 1840: loss : 0.5589316487312317
2019-02-02 20:48:56,598 - INFO: 1860: loss : 0.5877376198768616
2019-02-02 20:49:00,301 - INFO: 1880: loss : 0.6366390585899353
2019-02-02 20:49:03,853 - INFO: 1900: loss : 0.7357104420661926
2019-02-02 20:49:07,573 - INFO: 1920: loss : 0.6193190217018127
2019-02-02 20:49:11,304 - INFO: 1940: loss : 0.6665835976600647
2019-02-02 20:49:14,931 - INFO: 1960: loss : 0.5848016738891602
2019-02-02 20:49:18,513 - INFO: 1980: loss : 0.6190626621246338
2019-02-02 20:49:22,180 - INFO: 2000: loss : 0.6261429190635681
2019-02-02 20:49:22,642 - INFO: 
Validation result
2019-02-02 20:49:22,642 - INFO:   AUC: 0.3305014319979741

2019-02-02 20:49:26,396 - INFO: 2020: loss : 0.5600212812423706
2019-02-02 20:49:30,057 - INFO: 2040: loss : 0.5673484206199646
2019-02-02 20:49:33,630 - INFO: 2060: loss : 0.637006938457489
2019-02-02 20:49:37,362 - INFO: 2080: loss : 0.6125949621200562
2019-02-02 20:49:41,019 - INFO: 2100: loss : 0.6059529781341553
2019-02-02 20:49:44,677 - INFO: 2120: loss : 0.5732325315475464
2019-02-02 20:49:48,341 - INFO: 2140: loss : 0.5878766179084778
2019-02-02 20:49:52,076 - INFO: 2160: loss : 0.5783258676528931
2019-02-02 20:49:55,791 - INFO: 2180: loss : 0.5431896448135376
2019-02-02 20:49:59,528 - INFO: 2200: loss : 0.5806076526641846
2019-02-02 20:50:03,247 - INFO: 2220: loss : 0.5665135979652405
2019-02-02 20:50:06,780 - INFO: 2240: loss : 0.6164970397949219
2019-02-02 20:50:10,288 - INFO: 2260: loss : 0.5441049337387085
2019-02-02 20:50:13,898 - INFO: 2280: loss : 0.5766034722328186
2019-02-02 20:50:17,496 - INFO: 2300: loss : 0.5537914037704468
2019-02-02 20:50:21,215 - INFO: 2320: loss : 0.6394270062446594
2019-02-02 20:50:24,909 - INFO: 2340: loss : 0.5797631740570068
2019-02-02 20:50:28,588 - INFO: 2360: loss : 0.5252723693847656
2019-02-02 20:50:32,292 - INFO: 2380: loss : 0.5282993316650391
2019-02-02 20:50:35,965 - INFO: 2400: loss : 0.6151227355003357
2019-02-02 20:50:39,651 - INFO: 2420: loss : 0.5137022137641907
2019-02-02 20:50:43,409 - INFO: 2440: loss : 0.6108458042144775
2019-02-02 20:50:47,145 - INFO: 2460: loss : 0.5425984859466553
2019-02-02 20:50:50,875 - INFO: 2480: loss : 0.5898430347442627
2019-02-02 20:50:54,562 - INFO: 2500: loss : 0.5771572589874268
2019-02-02 20:50:58,281 - INFO: 2520: loss : 0.5342937111854553
2019-02-02 20:51:01,994 - INFO: 2540: loss : 0.5302426815032959
2019-02-02 20:51:05,689 - INFO: 2560: loss : 0.5884296894073486
2019-02-02 20:51:09,356 - INFO: 2580: loss : 0.5800284743309021
2019-02-02 20:51:13,047 - INFO: 2600: loss : 0.5821495652198792
2019-02-02 20:51:16,796 - INFO: 2620: loss : 0.6209675669670105
2019-02-02 20:51:20,418 - INFO: 2640: loss : 0.5484129786491394
2019-02-02 20:51:24,118 - INFO: 2660: loss : 0.5837596654891968
2019-02-02 20:51:27,850 - INFO: 2680: loss : 0.563512921333313
2019-02-02 20:51:31,543 - INFO: 2700: loss : 0.5780189633369446
2019-02-02 20:51:35,251 - INFO: 2720: loss : 0.6359320878982544
2019-02-02 20:51:38,964 - INFO: 2740: loss : 0.6841264367103577
2019-02-02 20:51:42,706 - INFO: 2760: loss : 0.5623284578323364
2019-02-02 20:51:46,359 - INFO: 2780: loss : 0.5738121867179871
2019-02-02 20:51:50,086 - INFO: 2800: loss : 0.6107617020606995
2019-02-02 20:51:53,655 - INFO: 2820: loss : 0.620617151260376
2019-02-02 20:51:57,340 - INFO: 2840: loss : 0.5783817768096924
2019-02-02 20:52:01,006 - INFO: 2860: loss : 0.540218710899353
2019-02-02 20:52:04,660 - INFO: 2880: loss : 0.5883245468139648
2019-02-02 20:52:08,402 - INFO: 2900: loss : 0.5307211875915527
2019-02-02 20:52:12,121 - INFO: 2920: loss : 0.6119564771652222
2019-02-02 20:52:15,832 - INFO: 2940: loss : 0.5699324011802673
2019-02-02 20:52:19,520 - INFO: 2960: loss : 0.5407393574714661
2019-02-02 20:52:23,215 - INFO: 2980: loss : 0.5405145287513733
2019-02-02 20:52:26,955 - INFO: 3000: loss : 0.640124499797821
2019-02-02 20:52:27,404 - INFO: 
Validation result
2019-02-02 20:52:27,405 - INFO:   AUC: 0.3694988316467107

2019-02-02 20:52:31,129 - INFO: 3020: loss : 0.5819571018218994
2019-02-02 20:52:34,655 - INFO: 3040: loss : 0.6166975498199463
2019-02-02 20:52:38,260 - INFO: 3060: loss : 0.5120454430580139
2019-02-02 20:52:41,955 - INFO: 3080: loss : 0.5675649642944336
2019-02-02 20:52:45,688 - INFO: 3100: loss : 0.5108728408813477
2019-02-02 20:52:49,405 - INFO: 3120: loss : 0.47250956296920776
2019-02-02 20:52:53,086 - INFO: 3140: loss : 0.5784846544265747
2019-02-02 20:52:56,748 - INFO: 3160: loss : 0.5766619443893433
2019-02-02 20:53:00,502 - INFO: 3180: loss : 0.5385770201683044
2019-02-02 20:53:04,242 - INFO: 3200: loss : 0.5375332832336426
2019-02-02 20:53:07,889 - INFO: 3220: loss : 0.5740274786949158
2019-02-02 20:53:11,527 - INFO: 3240: loss : 0.5966911911964417
2019-02-02 20:53:15,182 - INFO: 3260: loss : 0.5771883130073547
2019-02-02 20:53:18,880 - INFO: 3280: loss : 0.5526094436645508
2019-02-02 20:53:22,555 - INFO: 3300: loss : 0.6002851724624634
2019-02-02 20:53:26,243 - INFO: 3320: loss : 0.5444720983505249
2019-02-02 20:53:29,993 - INFO: 3340: loss : 0.5456089973449707
2019-02-02 20:53:33,729 - INFO: 3360: loss : 0.5620195865631104
2019-02-02 20:53:37,442 - INFO: 3380: loss : 0.5428351759910583
2019-02-02 20:53:41,155 - INFO: 3400: loss : 0.5652043223381042
2019-02-02 20:53:44,835 - INFO: 3420: loss : 0.5395642518997192
2019-02-02 20:53:48,591 - INFO: 3440: loss : 0.5498214364051819
2019-02-02 20:53:52,184 - INFO: 3460: loss : 0.5461062788963318
2019-02-02 20:53:55,667 - INFO: 3480: loss : 0.6367265582084656
2019-02-02 20:53:59,314 - INFO: 3500: loss : 0.5822783708572388
2019-02-02 20:54:02,889 - INFO: 3520: loss : 0.5254653096199036
2019-02-02 20:54:06,472 - INFO: 3540: loss : 0.5483094453811646
2019-02-02 20:54:10,183 - INFO: 3560: loss : 0.5400898456573486
2019-02-02 20:54:13,843 - INFO: 3580: loss : 0.5202412605285645
2019-02-02 20:54:17,524 - INFO: 3600: loss : 0.591501772403717
2019-02-02 20:54:21,203 - INFO: 3620: loss : 0.513198971748352
2019-02-02 20:54:24,810 - INFO: 3640: loss : 0.5384670495986938
2019-02-02 20:54:28,525 - INFO: 3660: loss : 0.5722869634628296
2019-02-02 20:54:32,149 - INFO: 3680: loss : 0.5419787764549255
2019-02-02 20:54:35,794 - INFO: 3700: loss : 0.5327496528625488
2019-02-02 20:54:39,496 - INFO: 3720: loss : 0.5512489080429077
2019-02-02 20:54:43,185 - INFO: 3740: loss : 0.5401150584220886
2019-02-02 20:54:46,839 - INFO: 3760: loss : 0.5768957734107971
2019-02-02 20:54:50,554 - INFO: 3780: loss : 0.5162644982337952
2019-02-02 20:54:54,223 - INFO: 3800: loss : 0.5730103850364685
2019-02-02 20:54:57,983 - INFO: 3820: loss : 0.4894050657749176
2019-02-02 20:55:01,734 - INFO: 3840: loss : 0.5528799891471863
2019-02-02 20:55:05,472 - INFO: 3860: loss : 0.5687276124954224
2019-02-02 20:55:09,190 - INFO: 3880: loss : 0.492527574300766
2019-02-02 20:55:12,903 - INFO: 3900: loss : 0.6621919870376587
2019-02-02 20:55:16,590 - INFO: 3920: loss : 0.5230919122695923
2019-02-02 20:55:20,320 - INFO: 3940: loss : 0.5197276473045349
2019-02-02 20:55:23,983 - INFO: 3960: loss : 0.5297796726226807
2019-02-02 20:55:27,719 - INFO: 3980: loss : 0.5835881233215332
2019-02-02 20:55:31,506 - INFO: 4000: loss : 0.6101682782173157
2019-02-02 20:55:31,974 - INFO: 
Validation result
2019-02-02 20:55:31,974 - INFO:   AUC: 0.343545339632819

2019-02-02 20:55:35,644 - INFO: 4020: loss : 0.5840218663215637
2019-02-02 20:55:39,289 - INFO: 4040: loss : 0.5627816915512085
2019-02-02 20:55:42,924 - INFO: 4060: loss : 0.5444444417953491
2019-02-02 20:55:46,532 - INFO: 4080: loss : 0.6303668022155762
2019-02-02 20:55:50,159 - INFO: 4100: loss : 0.5127063989639282
2019-02-02 20:55:53,841 - INFO: 4120: loss : 0.5372586250305176
2019-02-02 20:55:57,508 - INFO: 4140: loss : 0.5237069725990295
2019-02-02 20:56:01,295 - INFO: 4160: loss : 0.5977447032928467
2019-02-02 20:56:04,891 - INFO: 4180: loss : 0.5191967487335205
2019-02-02 20:56:08,525 - INFO: 4200: loss : 0.5067132115364075
2019-02-02 20:56:12,249 - INFO: 4220: loss : 0.5761342644691467
2019-02-02 20:56:15,927 - INFO: 4240: loss : 0.6210178732872009
2019-02-02 20:56:19,643 - INFO: 4260: loss : 0.49079710245132446
2019-02-02 20:56:23,301 - INFO: 4280: loss : 0.520926296710968
2019-02-02 20:56:27,010 - INFO: 4300: loss : 0.5619785189628601
2019-02-02 20:56:30,703 - INFO: 4320: loss : 0.5102031826972961
2019-02-02 20:56:34,376 - INFO: 4340: loss : 0.4923819899559021
2019-02-02 20:56:38,063 - INFO: 4360: loss : 0.5853057503700256
2019-02-02 20:56:41,781 - INFO: 4380: loss : 0.5451023578643799
2019-02-02 20:56:45,489 - INFO: 4400: loss : 0.4324553608894348
2019-02-02 20:56:49,167 - INFO: 4420: loss : 0.5125352144241333
2019-02-02 20:56:52,820 - INFO: 4440: loss : 0.4475519061088562
2019-02-02 20:56:56,386 - INFO: 4460: loss : 0.517861545085907
2019-02-02 20:57:00,073 - INFO: 4480: loss : 0.5442672967910767
2019-02-02 20:57:03,780 - INFO: 4500: loss : 0.48786041140556335
2019-02-02 20:57:07,457 - INFO: 4520: loss : 0.5321667194366455
2019-02-02 20:57:11,146 - INFO: 4540: loss : 0.4893210530281067
2019-02-02 20:57:14,857 - INFO: 4560: loss : 0.46772950887680054
2019-02-02 20:57:18,589 - INFO: 4580: loss : 0.5099447965621948
2019-02-02 20:57:22,267 - INFO: 4600: loss : 0.5128754377365112
2019-02-02 20:57:25,932 - INFO: 4620: loss : 0.4864617586135864
2019-02-02 20:57:29,656 - INFO: 4640: loss : 0.5088043808937073
2019-02-02 20:57:33,282 - INFO: 4660: loss : 0.5396763682365417
2019-02-02 20:57:36,832 - INFO: 4680: loss : 0.49225151538848877
2019-02-02 20:57:40,500 - INFO: 4700: loss : 0.513472318649292
2019-02-02 20:57:44,239 - INFO: 4720: loss : 0.5519262552261353
2019-02-02 20:57:47,985 - INFO: 4740: loss : 0.48097845911979675
2019-02-02 20:57:51,533 - INFO: 4760: loss : 0.4842393398284912
2019-02-02 20:57:55,232 - INFO: 4780: loss : 0.4645468592643738
2019-02-02 20:57:58,823 - INFO: 4800: loss : 0.563543438911438
2019-02-02 20:58:02,540 - INFO: 4820: loss : 0.48857778310775757
2019-02-02 20:58:06,247 - INFO: 4840: loss : 0.521149218082428
2019-02-02 20:58:09,874 - INFO: 4860: loss : 0.5185078978538513
2019-02-02 20:58:13,536 - INFO: 4880: loss : 0.5554552674293518
2019-02-02 20:58:17,260 - INFO: 4900: loss : 0.493333101272583
2019-02-02 20:58:20,952 - INFO: 4920: loss : 0.5680176019668579
2019-02-02 20:58:24,653 - INFO: 4940: loss : 0.5141156315803528
2019-02-02 20:58:28,242 - INFO: 4960: loss : 0.5379332900047302
2019-02-02 20:58:31,872 - INFO: 4980: loss : 0.5214629173278809
2019-02-02 20:58:35,476 - INFO: 5000: loss : 0.5732300877571106
2019-02-02 20:58:35,907 - INFO: 
Validation result
2019-02-02 20:58:35,908 - INFO:   AUC: 0.3679253671592256

2019-02-02 20:58:39,605 - INFO: 5020: loss : 0.43655258417129517
2019-02-02 20:58:43,231 - INFO: 5040: loss : 0.530269980430603
2019-02-02 20:58:46,899 - INFO: 5060: loss : 0.5682960748672485
2019-02-02 20:58:50,468 - INFO: 5080: loss : 0.5490983724594116
2019-02-02 20:58:54,138 - INFO: 5100: loss : 0.5165276527404785
2019-02-02 20:58:57,795 - INFO: 5120: loss : 0.4766261577606201
2019-02-02 20:59:01,494 - INFO: 5140: loss : 0.42626452445983887
2019-02-02 20:59:05,133 - INFO: 5160: loss : 0.5258929133415222
2019-02-02 20:59:08,840 - INFO: 5180: loss : 0.5878223776817322
2019-02-02 20:59:12,525 - INFO: 5200: loss : 0.4706884026527405
2019-02-02 20:59:16,177 - INFO: 5220: loss : 0.5148110389709473
2019-02-02 20:59:19,859 - INFO: 5240: loss : 0.5676484107971191
2019-02-02 20:59:23,538 - INFO: 5260: loss : 0.5950586795806885
2019-02-02 20:59:27,259 - INFO: 5280: loss : 0.5654875040054321
2019-02-02 20:59:30,951 - INFO: 5300: loss : 0.5138101577758789
2019-02-02 20:59:34,576 - INFO: 5320: loss : 0.47484517097473145
2019-02-02 20:59:38,280 - INFO: 5340: loss : 0.4740771949291229
2019-02-02 20:59:41,922 - INFO: 5360: loss : 0.5202304124832153
2019-02-02 20:59:45,618 - INFO: 5380: loss : 0.5505675673484802
2019-02-02 20:59:49,223 - INFO: 5400: loss : 0.5646871328353882
2019-02-02 20:59:52,860 - INFO: 5420: loss : 0.5467851758003235
2019-02-02 20:59:56,577 - INFO: 5440: loss : 0.5393984317779541
2019-02-02 21:00:00,295 - INFO: 5460: loss : 0.5320384502410889
2019-02-02 21:00:04,002 - INFO: 5480: loss : 0.5689539909362793
2019-02-02 21:00:07,697 - INFO: 5500: loss : 0.48336514830589294
2019-02-02 21:00:11,346 - INFO: 5520: loss : 0.5218148231506348
2019-02-02 21:00:15,043 - INFO: 5540: loss : 0.48067033290863037
2019-02-02 21:00:18,767 - INFO: 5560: loss : 0.5048925876617432
2019-02-02 21:00:22,475 - INFO: 5580: loss : 0.49685847759246826
2019-02-02 21:00:26,204 - INFO: 5600: loss : 0.6144027709960938
2019-02-02 21:00:29,960 - INFO: 5620: loss : 0.5314139127731323
2019-02-02 21:00:33,644 - INFO: 5640: loss : 0.5312498211860657
2019-02-02 21:00:37,366 - INFO: 5660: loss : 0.5158905386924744
2019-02-02 21:00:41,023 - INFO: 5680: loss : 0.47827333211898804
2019-02-02 21:00:44,701 - INFO: 5700: loss : 0.5473988056182861
2019-02-02 21:00:48,352 - INFO: 5720: loss : 0.5586188435554504
2019-02-02 21:00:52,044 - INFO: 5740: loss : 0.5351275205612183
2019-02-02 21:00:55,767 - INFO: 5760: loss : 0.5020245313644409
2019-02-02 21:00:59,494 - INFO: 5780: loss : 0.5115819573402405
2019-02-02 21:01:03,170 - INFO: 5800: loss : 0.5346447229385376
2019-02-02 21:01:06,853 - INFO: 5820: loss : 0.509731113910675
2019-02-02 21:01:10,440 - INFO: 5840: loss : 0.5614148378372192
2019-02-02 21:01:14,127 - INFO: 5860: loss : 0.42531895637512207
2019-02-02 21:01:17,865 - INFO: 5880: loss : 0.49726614356040955
2019-02-02 21:01:21,589 - INFO: 5900: loss : 0.5378408432006836
2019-02-02 21:01:25,319 - INFO: 5920: loss : 0.4630362391471863
2019-02-02 21:01:29,079 - INFO: 5940: loss : 0.49623948335647583
2019-02-02 21:01:32,773 - INFO: 5960: loss : 0.4637570381164551
2019-02-02 21:01:36,461 - INFO: 5980: loss : 0.5397628545761108
2019-02-02 21:01:40,047 - INFO: 6000: loss : 0.4728504419326782
2019-02-02 21:01:40,516 - INFO: 
Validation result
2019-02-02 21:01:40,516 - INFO:   AUC: 0.30404346167314467

2019-02-02 21:01:44,217 - INFO: 6020: loss : 0.4348621964454651
2019-02-02 21:01:47,940 - INFO: 6040: loss : 0.5748652815818787
2019-02-02 21:01:51,671 - INFO: 6060: loss : 0.4864138960838318
2019-02-02 21:01:55,324 - INFO: 6080: loss : 0.46735188364982605
2019-02-02 21:01:59,015 - INFO: 6100: loss : 0.6048272848129272
2019-02-02 21:02:02,753 - INFO: 6120: loss : 0.5128678679466248
2019-02-02 21:02:06,515 - INFO: 6140: loss : 0.5254634618759155
2019-02-02 21:02:10,231 - INFO: 6160: loss : 0.5423749685287476
2019-02-02 21:02:13,986 - INFO: 6180: loss : 0.5003097057342529
2019-02-02 21:02:17,721 - INFO: 6200: loss : 0.4924519658088684
2019-02-02 21:02:21,448 - INFO: 6220: loss : 0.48657846450805664
2019-02-02 21:02:25,189 - INFO: 6240: loss : 0.5336979627609253
2019-02-02 21:02:28,818 - INFO: 6260: loss : 0.5158463716506958
2019-02-02 21:02:32,497 - INFO: 6280: loss : 0.5609335899353027
2019-02-02 21:02:36,187 - INFO: 6300: loss : 0.462582528591156
2019-02-02 21:02:39,824 - INFO: 6320: loss : 0.5299309492111206
2019-02-02 21:02:43,492 - INFO: 6340: loss : 0.5188191533088684
2019-02-02 21:02:47,213 - INFO: 6360: loss : 0.4312625527381897
2019-02-02 21:02:50,926 - INFO: 6380: loss : 0.5110786557197571
2019-02-02 21:02:54,678 - INFO: 6400: loss : 0.46391186118125916
2019-02-02 21:02:58,378 - INFO: 6420: loss : 0.520837128162384
2019-02-02 21:03:02,124 - INFO: 6440: loss : 0.5211606621742249
2019-02-02 21:03:05,796 - INFO: 6460: loss : 0.48225492238998413
2019-02-02 21:03:09,490 - INFO: 6480: loss : 0.4661717414855957
2019-02-02 21:03:13,182 - INFO: 6500: loss : 0.49683678150177
2019-02-02 21:03:16,841 - INFO: 6520: loss : 0.5493621826171875
2019-02-02 21:03:20,473 - INFO: 6540: loss : 0.489191472530365
2019-02-02 21:03:24,176 - INFO: 6560: loss : 0.48787301778793335
2019-02-02 21:03:27,870 - INFO: 6580: loss : 0.5082692503929138
2019-02-02 21:03:31,607 - INFO: 6600: loss : 0.4977476894855499
2019-02-02 21:03:35,273 - INFO: 6620: loss : 0.5622708797454834
2019-02-02 21:03:38,956 - INFO: 6640: loss : 0.5488958954811096
2019-02-02 21:03:42,633 - INFO: 6660: loss : 0.4431379437446594
2019-02-02 21:03:46,316 - INFO: 6680: loss : 0.4958186149597168
2019-02-02 21:03:50,055 - INFO: 6700: loss : 0.5142328143119812
2019-02-02 21:03:53,732 - INFO: 6720: loss : 0.507411003112793
2019-02-02 21:03:57,396 - INFO: 6740: loss : 0.48349541425704956
2019-02-02 21:04:01,062 - INFO: 6760: loss : 0.4506421983242035
2019-02-02 21:04:04,760 - INFO: 6780: loss : 0.5252916216850281
2019-02-02 21:04:08,411 - INFO: 6800: loss : 0.45772185921669006
2019-02-02 21:04:12,072 - INFO: 6820: loss : 0.5075587630271912
2019-02-02 21:04:15,636 - INFO: 6840: loss : 0.4839773178100586
2019-02-02 21:04:19,350 - INFO: 6860: loss : 0.516914963722229
2019-02-02 21:04:22,966 - INFO: 6880: loss : 0.5175291299819946
2019-02-02 21:04:26,602 - INFO: 6900: loss : 0.4927295446395874
2019-02-02 21:04:30,299 - INFO: 6920: loss : 0.5542773008346558
2019-02-02 21:04:34,063 - INFO: 6940: loss : 0.5051984786987305
2019-02-02 21:04:37,734 - INFO: 6960: loss : 0.5720887184143066
2019-02-02 21:04:41,439 - INFO: 6980: loss : 0.4670255780220032
2019-02-02 21:04:45,173 - INFO: 7000: loss : 0.5001140832901001
2019-02-02 21:04:45,604 - INFO: 
Validation result
2019-02-02 21:04:45,605 - INFO:   AUC: 0.38580392444322437

2019-02-02 21:04:49,357 - INFO: 7020: loss : 0.47568318247795105
2019-02-02 21:04:53,041 - INFO: 7040: loss : 0.4833325147628784
2019-02-02 21:04:56,664 - INFO: 7060: loss : 0.5327346324920654
2019-02-02 21:05:00,301 - INFO: 7080: loss : 0.5423924922943115
2019-02-02 21:05:04,029 - INFO: 7100: loss : 0.5432724952697754
2019-02-02 21:05:07,749 - INFO: 7120: loss : 0.42837536334991455
2019-02-02 21:05:11,339 - INFO: 7140: loss : 0.5385254621505737
2019-02-02 21:05:15,015 - INFO: 7160: loss : 0.5130888223648071
2019-02-02 21:05:18,676 - INFO: 7180: loss : 0.46935003995895386
2019-02-02 21:05:22,421 - INFO: 7200: loss : 0.5496470928192139
2019-02-02 21:05:26,078 - INFO: 7220: loss : 0.5072669386863708
2019-02-02 21:05:29,725 - INFO: 7240: loss : 0.5039368271827698
2019-02-02 21:05:33,465 - INFO: 7260: loss : 0.507156252861023
2019-02-02 21:05:37,139 - INFO: 7280: loss : 0.503136932849884
2019-02-02 21:05:40,852 - INFO: 7300: loss : 0.4711530804634094
2019-02-02 21:05:44,579 - INFO: 7320: loss : 0.5014792084693909
2019-02-02 21:05:48,303 - INFO: 7340: loss : 0.49368080496788025
2019-02-02 21:05:52,067 - INFO: 7360: loss : 0.41531968116760254
2019-02-02 21:05:55,750 - INFO: 7380: loss : 0.5020853281021118
2019-02-02 21:05:59,437 - INFO: 7400: loss : 0.49687811732292175
2019-02-02 21:06:03,026 - INFO: 7420: loss : 0.4724652171134949
2019-02-02 21:06:06,679 - INFO: 7440: loss : 0.4971972703933716
2019-02-02 21:06:10,369 - INFO: 7460: loss : 0.508123517036438
2019-02-02 21:06:14,046 - INFO: 7480: loss : 0.4513787627220154
2019-02-02 21:06:17,763 - INFO: 7500: loss : 0.6097439527511597
2019-02-02 21:06:21,526 - INFO: 7520: loss : 0.4346219301223755
2019-02-02 21:06:25,287 - INFO: 7540: loss : 0.48857665061950684
2019-02-02 21:06:28,990 - INFO: 7560: loss : 0.5007813572883606
2019-02-02 21:06:32,684 - INFO: 7580: loss : 0.5912858843803406
2019-02-02 21:06:36,364 - INFO: 7600: loss : 0.46260201930999756
2019-02-02 21:06:40,109 - INFO: 7620: loss : 0.5159896016120911
2019-02-02 21:06:43,853 - INFO: 7640: loss : 0.5330945253372192
2019-02-02 21:06:47,538 - INFO: 7660: loss : 0.5084078311920166
2019-02-02 21:06:51,190 - INFO: 7680: loss : 0.4852595031261444
2019-02-02 21:06:54,934 - INFO: 7700: loss : 0.47979146242141724
2019-02-02 21:06:58,671 - INFO: 7720: loss : 0.5166356563568115
2019-02-02 21:07:02,442 - INFO: 7740: loss : 0.4971039593219757
2019-02-02 21:07:06,080 - INFO: 7760: loss : 0.4504172205924988
2019-02-02 21:07:09,802 - INFO: 7780: loss : 0.4786331355571747
2019-02-02 21:07:13,535 - INFO: 7800: loss : 0.4741273522377014
2019-02-02 21:07:17,259 - INFO: 7820: loss : 0.6594499349594116
2019-02-02 21:07:20,885 - INFO: 7840: loss : 0.4315621852874756
2019-02-02 21:07:24,622 - INFO: 7860: loss : 0.5249999165534973
2019-02-02 21:07:28,388 - INFO: 7880: loss : 0.5881531238555908
2019-02-02 21:07:32,078 - INFO: 7900: loss : 0.5068251490592957
2019-02-02 21:07:35,744 - INFO: 7920: loss : 0.6455642580986023
2019-02-02 21:07:39,431 - INFO: 7940: loss : 0.46742188930511475
2019-02-02 21:07:43,151 - INFO: 7960: loss : 0.5041676163673401
2019-02-02 21:07:46,895 - INFO: 7980: loss : 0.5541989207267761
2019-02-02 21:07:50,568 - INFO: 8000: loss : 0.44006261229515076
2019-02-02 21:07:51,036 - INFO: 
Validation result
2019-02-02 21:07:51,037 - INFO:   AUC: 0.29008832546753244

2019-02-02 21:07:54,756 - INFO: 8020: loss : 0.4858231842517853
2019-02-02 21:07:58,423 - INFO: 8040: loss : 0.48308756947517395
2019-02-02 21:08:02,195 - INFO: 8060: loss : 0.4913114905357361
2019-02-02 21:08:05,930 - INFO: 8080: loss : 0.5949352383613586
2019-02-02 21:08:09,616 - INFO: 8100: loss : 0.489586740732193
2019-02-02 21:08:13,385 - INFO: 8120: loss : 0.5052560567855835
2019-02-02 21:08:17,094 - INFO: 8140: loss : 0.48490849137306213
2019-02-02 21:08:20,722 - INFO: 8160: loss : 0.44467899203300476
2019-02-02 21:08:24,397 - INFO: 8180: loss : 0.45755523443222046
2019-02-02 21:08:28,134 - INFO: 8200: loss : 0.5125597715377808
2019-02-02 21:08:31,896 - INFO: 8220: loss : 0.498602032661438
2019-02-02 21:08:35,583 - INFO: 8240: loss : 0.4898386001586914
2019-02-02 21:08:39,297 - INFO: 8260: loss : 0.4758269488811493
2019-02-02 21:08:43,091 - INFO: 8280: loss : 0.4659074544906616
2019-02-02 21:08:46,854 - INFO: 8300: loss : 0.4279572069644928
2019-02-02 21:08:50,578 - INFO: 8320: loss : 0.561290979385376
2019-02-02 21:08:54,301 - INFO: 8340: loss : 0.5112161040306091
2019-02-02 21:08:57,980 - INFO: 8360: loss : 0.44948601722717285
2019-02-02 21:09:01,574 - INFO: 8380: loss : 0.49059221148490906
2019-02-02 21:09:05,244 - INFO: 8400: loss : 0.4994792938232422
2019-02-02 21:09:08,959 - INFO: 8420: loss : 0.5060771107673645
2019-02-02 21:09:12,712 - INFO: 8440: loss : 0.5272113084793091
2019-02-02 21:09:16,474 - INFO: 8460: loss : 0.5212574601173401
2019-02-02 21:09:20,219 - INFO: 8480: loss : 0.5090363025665283
2019-02-02 21:09:24,029 - INFO: 8500: loss : 0.5412001013755798
2019-02-02 21:09:27,794 - INFO: 8520: loss : 0.4751976728439331
2019-02-02 21:09:31,502 - INFO: 8540: loss : 0.5014103651046753
2019-02-02 21:09:35,177 - INFO: 8560: loss : 0.45314592123031616
2019-02-02 21:09:38,864 - INFO: 8580: loss : 0.5387720465660095
2019-02-02 21:09:42,601 - INFO: 8600: loss : 0.51651930809021
2019-02-02 21:09:46,271 - INFO: 8620: loss : 0.4882506728172302
2019-02-02 21:09:49,982 - INFO: 8640: loss : 0.4944668412208557
2019-02-02 21:09:53,764 - INFO: 8660: loss : 0.4864506125450134
2019-02-02 21:09:57,453 - INFO: 8680: loss : 0.4793443977832794
2019-02-02 21:10:01,082 - INFO: 8700: loss : 0.5786392688751221
2019-02-02 21:10:04,865 - INFO: 8720: loss : 0.5398379564285278
2019-02-02 21:10:08,581 - INFO: 8740: loss : 0.4749721884727478
2019-02-02 21:10:12,307 - INFO: 8760: loss : 0.5016521215438843
2019-02-02 21:10:15,981 - INFO: 8780: loss : 0.48807528614997864
2019-02-02 21:10:19,768 - INFO: 8800: loss : 0.46119552850723267
2019-02-02 21:10:23,527 - INFO: 8820: loss : 0.44775867462158203
2019-02-02 21:10:27,264 - INFO: 8840: loss : 0.5062114000320435
2019-02-02 21:10:31,031 - INFO: 8860: loss : 0.5018665790557861
2019-02-02 21:10:34,692 - INFO: 8880: loss : 0.47135621309280396
2019-02-02 21:10:38,375 - INFO: 8900: loss : 0.5321579575538635
2019-02-02 21:10:42,092 - INFO: 8920: loss : 0.512259840965271
2019-02-02 21:10:45,777 - INFO: 8940: loss : 0.5061490535736084
2019-02-02 21:10:49,488 - INFO: 8960: loss : 0.47112417221069336
2019-02-02 21:10:53,146 - INFO: 8980: loss : 0.5675961971282959
2019-02-02 21:10:56,746 - INFO: 9000: loss : 0.45021945238113403
2019-02-02 21:10:57,184 - INFO: 
Validation result
2019-02-02 21:10:57,184 - INFO:   AUC: 0.2932423259072082

2019-02-02 21:11:00,955 - INFO: 9020: loss : 0.5526461005210876
2019-02-02 21:11:04,741 - INFO: 9040: loss : 0.4938787817955017
2019-02-02 21:11:08,508 - INFO: 9060: loss : 0.4691871702671051
2019-02-02 21:11:12,260 - INFO: 9080: loss : 0.5049498677253723
2019-02-02 21:11:16,008 - INFO: 9100: loss : 0.5296290516853333
2019-02-02 21:11:19,781 - INFO: 9120: loss : 0.5201300382614136
2019-02-02 21:11:23,575 - INFO: 9140: loss : 0.44638076424598694
2019-02-02 21:11:27,160 - INFO: 9160: loss : 0.4831646680831909
2019-02-02 21:11:30,871 - INFO: 9180: loss : 0.5034738183021545
2019-02-02 21:11:34,561 - INFO: 9200: loss : 0.49453240633010864
2019-02-02 21:11:38,271 - INFO: 9220: loss : 0.4819450378417969
2019-02-02 21:11:41,813 - INFO: 9240: loss : 0.4496806859970093
2019-02-02 21:11:45,580 - INFO: 9260: loss : 0.4872949421405792
2019-02-02 21:11:49,159 - INFO: 9280: loss : 0.4608623683452606
2019-02-02 21:11:52,876 - INFO: 9300: loss : 0.48063740134239197
2019-02-02 21:11:56,574 - INFO: 9320: loss : 0.43724262714385986
2019-02-02 21:12:00,341 - INFO: 9340: loss : 0.5161390900611877
2019-02-02 21:12:04,115 - INFO: 9360: loss : 0.46878740191459656
2019-02-02 21:12:07,872 - INFO: 9380: loss : 0.46137571334838867
2019-02-02 21:12:11,631 - INFO: 9400: loss : 0.44536247849464417
2019-02-02 21:12:15,360 - INFO: 9420: loss : 0.5578827857971191
2019-02-02 21:12:19,095 - INFO: 9440: loss : 0.49352794885635376
2019-02-02 21:12:22,860 - INFO: 9460: loss : 0.4488750696182251
2019-02-02 21:12:26,383 - INFO: 9480: loss : 0.42337626218795776
2019-02-02 21:12:30,146 - INFO: 9500: loss : 0.4970841407775879
2019-02-02 21:12:33,674 - INFO: 9520: loss : 0.4913366734981537
2019-02-02 21:12:37,314 - INFO: 9540: loss : 0.4883437752723694
2019-02-02 21:12:40,953 - INFO: 9560: loss : 0.4926204979419708
2019-02-02 21:12:44,731 - INFO: 9580: loss : 0.48854684829711914
2019-02-02 21:12:48,496 - INFO: 9600: loss : 0.45828479528427124
2019-02-02 21:12:52,307 - INFO: 9620: loss : 0.5094510316848755
2019-02-02 21:12:56,104 - INFO: 9640: loss : 0.5213903784751892
2019-02-02 21:12:59,812 - INFO: 9660: loss : 0.4999453127384186
2019-02-02 21:13:03,499 - INFO: 9680: loss : 0.5367923974990845
2019-02-02 21:13:07,145 - INFO: 9700: loss : 0.5634501576423645
2019-02-02 21:13:10,871 - INFO: 9720: loss : 0.44253894686698914
2019-02-02 21:13:14,568 - INFO: 9740: loss : 0.5137275457382202
2019-02-02 21:13:18,319 - INFO: 9760: loss : 0.45938658714294434
2019-02-02 21:13:21,994 - INFO: 9780: loss : 0.5370482802391052
2019-02-02 21:13:25,731 - INFO: 9800: loss : 0.5504401922225952
2019-02-02 21:13:29,402 - INFO: 9820: loss : 0.5860100984573364
2019-02-02 21:13:33,051 - INFO: 9840: loss : 0.477933794260025
2019-02-02 21:13:36,780 - INFO: 9860: loss : 0.4649322032928467
2019-02-02 21:13:40,456 - INFO: 9880: loss : 0.46507728099823
2019-02-02 21:13:44,246 - INFO: 9900: loss : 0.49381089210510254
2019-02-02 21:13:47,944 - INFO: 9920: loss : 0.4975195527076721
2019-02-02 21:13:51,611 - INFO: 9940: loss : 0.5279865860939026
2019-02-02 21:13:55,351 - INFO: 9960: loss : 0.529053270816803
2019-02-02 21:13:59,057 - INFO: 9980: loss : 0.47246187925338745
2019-02-02 21:14:02,770 - INFO: 10000: loss : 0.47372472286224365
2019-02-02 21:14:03,214 - INFO: 
Validation result
2019-02-02 21:14:03,214 - INFO:   AUC: 0.34995098710251915

2019-02-02 21:14:06,979 - INFO: 10020: loss : 0.46236109733581543
2019-02-02 21:14:10,729 - INFO: 10040: loss : 0.5684244632720947
2019-02-02 21:14:14,495 - INFO: 10060: loss : 0.48531076312065125
2019-02-02 21:14:18,178 - INFO: 10080: loss : 0.4602029621601105
2019-02-02 21:14:21,921 - INFO: 10100: loss : 0.49716320633888245
2019-02-02 21:14:25,669 - INFO: 10120: loss : 0.4483189582824707
2019-02-02 21:14:29,489 - INFO: 10140: loss : 0.4730997681617737
2019-02-02 21:14:33,137 - INFO: 10160: loss : 0.5633242130279541
2019-02-02 21:14:36,880 - INFO: 10180: loss : 0.47046172618865967
2019-02-02 21:14:40,623 - INFO: 10200: loss : 0.44874152541160583
2019-02-02 21:14:44,297 - INFO: 10220: loss : 0.5410825610160828
2019-02-02 21:14:48,037 - INFO: 10240: loss : 0.5124155879020691
2019-02-02 21:14:51,745 - INFO: 10260: loss : 0.5223893523216248
2019-02-02 21:14:55,512 - INFO: 10280: loss : 0.4879440665245056
2019-02-02 21:14:59,234 - INFO: 10300: loss : 0.47700491547584534
2019-02-02 21:15:02,965 - INFO: 10320: loss : 0.4740831255912781
2019-02-02 21:15:06,630 - INFO: 10340: loss : 0.49921926856040955
2019-02-02 21:15:10,343 - INFO: 10360: loss : 0.5464699268341064
2019-02-02 21:15:14,135 - INFO: 10380: loss : 0.45820266008377075
2019-02-02 21:15:17,920 - INFO: 10400: loss : 0.46819403767585754
2019-02-02 21:15:21,696 - INFO: 10420: loss : 0.45680472254753113
2019-02-02 21:15:25,512 - INFO: 10440: loss : 0.5040546655654907
2019-02-02 21:15:29,148 - INFO: 10460: loss : 0.41432544589042664
2019-02-02 21:15:32,870 - INFO: 10480: loss : 0.4517080783843994
2019-02-02 21:15:36,493 - INFO: 10500: loss : 0.42936140298843384
2019-02-02 21:15:40,199 - INFO: 10520: loss : 0.47137925028800964
2019-02-02 21:15:43,757 - INFO: 10540: loss : 0.5357062220573425
2019-02-02 21:15:47,370 - INFO: 10560: loss : 0.4640825390815735
2019-02-02 21:15:51,098 - INFO: 10580: loss : 0.5389933586120605
2019-02-02 21:15:54,849 - INFO: 10600: loss : 0.5460666418075562
2019-02-02 21:15:58,484 - INFO: 10620: loss : 0.5678757429122925
2019-02-02 21:16:02,248 - INFO: 10640: loss : 0.48495230078697205
2019-02-02 21:16:05,878 - INFO: 10660: loss : 0.4465276598930359
2019-02-02 21:16:09,659 - INFO: 10680: loss : 0.4885450005531311
2019-02-02 21:16:13,431 - INFO: 10700: loss : 0.48428040742874146
2019-02-02 21:16:17,210 - INFO: 10720: loss : 0.5131317973136902
2019-02-02 21:16:20,868 - INFO: 10740: loss : 0.4724692106246948
2019-02-02 21:16:24,523 - INFO: 10760: loss : 0.5479385852813721
2019-02-02 21:16:28,188 - INFO: 10780: loss : 0.4945652484893799
2019-02-02 21:16:31,899 - INFO: 10800: loss : 0.4527747929096222
2019-02-02 21:16:35,676 - INFO: 10820: loss : 0.4722115099430084
2019-02-02 21:16:39,451 - INFO: 10840: loss : 0.4592219293117523
2019-02-02 21:16:43,152 - INFO: 10860: loss : 0.47927621006965637
2019-02-02 21:16:46,892 - INFO: 10880: loss : 0.49408358335494995
2019-02-02 21:16:50,582 - INFO: 10900: loss : 0.5279951095581055
2019-02-02 21:16:54,260 - INFO: 10920: loss : 0.5285199880599976
2019-02-02 21:16:57,970 - INFO: 10940: loss : 0.4815731644630432
2019-02-02 21:17:01,745 - INFO: 10960: loss : 0.46466264128685
2019-02-02 21:17:05,501 - INFO: 10980: loss : 0.4960227906703949
2019-02-02 21:17:09,138 - INFO: 11000: loss : 0.464913547039032
2019-02-02 21:17:09,562 - INFO: 
Validation result
2019-02-02 21:17:09,562 - INFO:   AUC: 0.2656929157631755

2019-02-02 21:17:13,293 - INFO: 11020: loss : 0.48682326078414917
2019-02-02 21:17:17,032 - INFO: 11040: loss : 0.49883514642715454
2019-02-02 21:17:20,772 - INFO: 11060: loss : 0.5545351505279541
2019-02-02 21:17:24,379 - INFO: 11080: loss : 0.4956628084182739
2019-02-02 21:17:28,111 - INFO: 11100: loss : 0.45606881380081177
2019-02-02 21:17:31,809 - INFO: 11120: loss : 0.5374897718429565
2019-02-02 21:17:35,436 - INFO: 11140: loss : 0.5147786736488342
2019-02-02 21:17:39,153 - INFO: 11160: loss : 0.48655712604522705
2019-02-02 21:17:42,838 - INFO: 11180: loss : 0.5330403447151184
2019-02-02 21:17:46,555 - INFO: 11200: loss : 0.46754395961761475
2019-02-02 21:17:50,212 - INFO: 11220: loss : 0.5225892066955566
2019-02-02 21:17:53,933 - INFO: 11240: loss : 0.5116958022117615
2019-02-02 21:17:57,671 - INFO: 11260: loss : 0.4560835063457489
2019-02-02 21:18:01,411 - INFO: 11280: loss : 0.514541506767273
2019-02-02 21:18:05,142 - INFO: 11300: loss : 0.4689529538154602
2019-02-02 21:18:08,812 - INFO: 11320: loss : 0.4646683633327484
2019-02-02 21:18:12,471 - INFO: 11340: loss : 0.46713435649871826
2019-02-02 21:18:16,214 - INFO: 11360: loss : 0.4670025408267975
2019-02-02 21:18:19,932 - INFO: 11380: loss : 0.49243372678756714
2019-02-02 21:18:23,651 - INFO: 11400: loss : 0.5183446407318115
2019-02-02 21:18:27,238 - INFO: 11420: loss : 0.49390146136283875
2019-02-02 21:18:30,957 - INFO: 11440: loss : 0.4481414556503296
2019-02-02 21:18:34,569 - INFO: 11460: loss : 0.521622896194458
2019-02-02 21:18:38,307 - INFO: 11480: loss : 0.48996198177337646
2019-02-02 21:18:41,937 - INFO: 11500: loss : 0.5191282033920288
2019-02-02 21:18:45,560 - INFO: 11520: loss : 0.47359511256217957
2019-02-02 21:18:49,309 - INFO: 11540: loss : 0.48714905977249146
2019-02-02 21:18:53,073 - INFO: 11560: loss : 0.44358304142951965
2019-02-02 21:18:56,803 - INFO: 11580: loss : 0.49370235204696655
2019-02-02 21:19:00,591 - INFO: 11600: loss : 0.5153042078018188
2019-02-02 21:19:04,162 - INFO: 11620: loss : 0.46284887194633484
2019-02-02 21:19:07,820 - INFO: 11640: loss : 0.5233274102210999
2019-02-02 21:19:11,584 - INFO: 11660: loss : 0.5767906904220581
2019-02-02 21:19:15,174 - INFO: 11680: loss : 0.483373761177063
2019-02-02 21:19:18,747 - INFO: 11700: loss : 0.43086713552474976
2019-02-02 21:19:22,386 - INFO: 11720: loss : 0.4553016126155853
2019-02-02 21:19:26,091 - INFO: 11740: loss : 0.46715739369392395
2019-02-02 21:19:29,799 - INFO: 11760: loss : 0.46228402853012085
2019-02-02 21:19:33,566 - INFO: 11780: loss : 0.4621316194534302
2019-02-02 21:19:37,318 - INFO: 11800: loss : 0.4780198931694031
2019-02-02 21:19:40,961 - INFO: 11820: loss : 0.4407135546207428
2019-02-02 21:19:44,601 - INFO: 11840: loss : 0.5434513688087463
2019-02-02 21:19:48,270 - INFO: 11860: loss : 0.5075864791870117
2019-02-02 21:19:51,996 - INFO: 11880: loss : 0.5042142271995544
2019-02-02 21:19:55,727 - INFO: 11900: loss : 0.562187135219574
2019-02-02 21:19:59,388 - INFO: 11920: loss : 0.4610503613948822
2019-02-02 21:20:03,098 - INFO: 11940: loss : 0.4709853529930115
2019-02-02 21:20:06,859 - INFO: 11960: loss : 0.507522463798523
2019-02-02 21:20:10,555 - INFO: 11980: loss : 0.44599834084510803
2019-02-02 21:20:14,284 - INFO: 12000: loss : 0.5023401975631714
2019-02-02 21:20:14,720 - INFO: 
Validation result
2019-02-02 21:20:14,720 - INFO:   AUC: 0.4152804052925067

2019-02-02 21:20:18,392 - INFO: 12020: loss : 0.4762911796569824
2019-02-02 21:20:22,127 - INFO: 12040: loss : 0.45407992601394653
2019-02-02 21:20:25,895 - INFO: 12060: loss : 0.48922351002693176
2019-02-02 21:20:29,634 - INFO: 12080: loss : 0.4026528596878052
2019-02-02 21:20:33,355 - INFO: 12100: loss : 0.46552085876464844
2019-02-02 21:20:37,144 - INFO: 12120: loss : 0.457263320684433
2019-02-02 21:20:40,944 - INFO: 12140: loss : 0.43297064304351807
2019-02-02 21:20:44,741 - INFO: 12160: loss : 0.5447381734848022
2019-02-02 21:20:48,454 - INFO: 12180: loss : 0.5219408273696899
2019-02-02 21:20:52,216 - INFO: 12200: loss : 0.4264069199562073
2019-02-02 21:20:56,002 - INFO: 12220: loss : 0.4516425132751465
2019-02-02 21:20:59,735 - INFO: 12240: loss : 0.5041329264640808
2019-02-02 21:21:03,393 - INFO: 12260: loss : 0.45718514919281006
2019-02-02 21:21:07,090 - INFO: 12280: loss : 0.535200834274292
2019-02-02 21:21:10,827 - INFO: 12300: loss : 0.4824645221233368
2019-02-02 21:21:14,574 - INFO: 12320: loss : 0.4734330177307129
2019-02-02 21:21:18,319 - INFO: 12340: loss : 0.4749552607536316
2019-02-02 21:21:22,065 - INFO: 12360: loss : 0.4717423915863037
2019-02-02 21:21:25,789 - INFO: 12380: loss : 0.5375557541847229
2019-02-02 21:21:29,478 - INFO: 12400: loss : 0.49638494849205017
2019-02-02 21:21:33,213 - INFO: 12420: loss : 0.49327296018600464
2019-02-02 21:21:36,969 - INFO: 12440: loss : 0.543667197227478
2019-02-02 21:21:40,592 - INFO: 12460: loss : 0.45014625787734985
2019-02-02 21:21:44,275 - INFO: 12480: loss : 0.46606481075286865
2019-02-02 21:21:48,069 - INFO: 12500: loss : 0.49147945642471313
2019-02-02 21:21:51,778 - INFO: 12520: loss : 0.44928115606307983
2019-02-02 21:21:55,468 - INFO: 12540: loss : 0.5333817005157471
2019-02-02 21:21:59,136 - INFO: 12560: loss : 0.4910935163497925
2019-02-02 21:22:02,932 - INFO: 12580: loss : 0.46575307846069336
2019-02-02 21:22:06,731 - INFO: 12600: loss : 0.522153913974762
2019-02-02 21:22:10,490 - INFO: 12620: loss : 0.4607100784778595
2019-02-02 21:22:14,155 - INFO: 12640: loss : 0.4248809814453125
2019-02-02 21:22:17,903 - INFO: 12660: loss : 0.5339473485946655
2019-02-02 21:22:21,653 - INFO: 12680: loss : 0.4759899377822876
2019-02-02 21:22:25,362 - INFO: 12700: loss : 0.5004390478134155
2019-02-02 21:22:29,105 - INFO: 12720: loss : 0.47243189811706543
2019-02-02 21:22:32,769 - INFO: 12740: loss : 0.4307525157928467
2019-02-02 21:22:36,549 - INFO: 12760: loss : 0.5437083840370178
2019-02-02 21:22:40,335 - INFO: 12780: loss : 0.5329179167747498
2019-02-02 21:22:44,021 - INFO: 12800: loss : 0.4349524676799774
2019-02-02 21:22:47,758 - INFO: 12820: loss : 0.45194804668426514
2019-02-02 21:22:51,453 - INFO: 12840: loss : 0.540105402469635
2019-02-02 21:22:55,187 - INFO: 12860: loss : 0.5647507905960083
2019-02-02 21:22:58,892 - INFO: 12880: loss : 0.47492715716362
2019-02-02 21:23:02,684 - INFO: 12900: loss : 0.5370492935180664
2019-02-02 21:23:06,412 - INFO: 12920: loss : 0.44407495856285095
2019-02-02 21:23:10,153 - INFO: 12940: loss : 0.4732566475868225
2019-02-02 21:23:13,840 - INFO: 12960: loss : 0.470584899187088
2019-02-02 21:23:17,595 - INFO: 12980: loss : 0.44712451100349426
2019-02-02 21:23:21,208 - INFO: 13000: loss : 0.49997153878211975
2019-02-02 21:23:21,658 - INFO: 
Validation result
2019-02-02 21:23:21,658 - INFO:   AUC: 0.2758428046719049

2019-02-02 21:23:25,375 - INFO: 13020: loss : 0.42438381910324097
2019-02-02 21:23:28,989 - INFO: 13040: loss : 0.5413023829460144
2019-02-02 21:23:32,589 - INFO: 13060: loss : 0.4764060974121094
2019-02-02 21:23:36,287 - INFO: 13080: loss : 0.4931674599647522
2019-02-02 21:23:40,040 - INFO: 13100: loss : 0.466439813375473
2019-02-02 21:23:43,781 - INFO: 13120: loss : 0.46379944682121277
2019-02-02 21:23:47,510 - INFO: 13140: loss : 0.46098148822784424
2019-02-02 21:23:51,246 - INFO: 13160: loss : 0.46776655316352844
2019-02-02 21:23:54,925 - INFO: 13180: loss : 0.5104979872703552
2019-02-02 21:23:58,559 - INFO: 13200: loss : 0.5340965986251831
2019-02-02 21:24:02,301 - INFO: 13220: loss : 0.5175563097000122
2019-02-02 21:24:06,094 - INFO: 13240: loss : 0.4575845003128052
2019-02-02 21:24:09,807 - INFO: 13260: loss : 0.517426609992981
2019-02-02 21:24:13,456 - INFO: 13280: loss : 0.4961816668510437
2019-02-02 21:24:17,148 - INFO: 13300: loss : 0.49142447113990784
2019-02-02 21:24:20,916 - INFO: 13320: loss : 0.5346165895462036
2019-02-02 21:24:24,696 - INFO: 13340: loss : 0.5242314338684082
2019-02-02 21:24:28,406 - INFO: 13360: loss : 0.48586249351501465
2019-02-02 21:24:32,070 - INFO: 13380: loss : 0.46546101570129395
2019-02-02 21:24:35,845 - INFO: 13400: loss : 0.5825547575950623
2019-02-02 21:24:39,545 - INFO: 13420: loss : 0.4427521228790283
2019-02-02 21:24:43,286 - INFO: 13440: loss : 0.5792246460914612
2019-02-02 21:24:47,048 - INFO: 13460: loss : 0.4302014112472534
2019-02-02 21:24:50,798 - INFO: 13480: loss : 0.460754930973053
2019-02-02 21:24:54,461 - INFO: 13500: loss : 0.5606579780578613
2019-02-02 21:24:58,229 - INFO: 13520: loss : 0.5230748653411865
2019-02-02 21:25:01,992 - INFO: 13540: loss : 0.48157477378845215
2019-02-02 21:25:05,738 - INFO: 13560: loss : 0.47062501311302185
2019-02-02 21:25:09,416 - INFO: 13580: loss : 0.4822074770927429
2019-02-02 21:25:13,088 - INFO: 13600: loss : 0.4936525523662567
2019-02-02 21:25:16,791 - INFO: 13620: loss : 0.4916713833808899
2019-02-02 21:25:20,485 - INFO: 13640: loss : 0.4034702181816101
2019-02-02 21:25:24,208 - INFO: 13660: loss : 0.4452078342437744
2019-02-02 21:25:27,915 - INFO: 13680: loss : 0.4760972857475281
2019-02-02 21:25:31,619 - INFO: 13700: loss : 0.5149127244949341
2019-02-02 21:25:35,379 - INFO: 13720: loss : 0.4817557632923126
2019-02-02 21:25:39,143 - INFO: 13740: loss : 0.49148452281951904
2019-02-02 21:25:42,902 - INFO: 13760: loss : 0.4572736620903015
2019-02-02 21:25:46,663 - INFO: 13780: loss : 0.4505215883255005
2019-02-02 21:25:50,415 - INFO: 13800: loss : 0.4506048858165741
2019-02-02 21:25:54,163 - INFO: 13820: loss : 0.5556614398956299
2019-02-02 21:25:57,932 - INFO: 13840: loss : 0.5195727348327637
2019-02-02 21:26:01,579 - INFO: 13860: loss : 0.46557486057281494
2019-02-02 21:26:05,294 - INFO: 13880: loss : 0.4626618027687073
2019-02-02 21:26:09,023 - INFO: 13900: loss : 0.4722357988357544
2019-02-02 21:26:12,755 - INFO: 13920: loss : 0.4330589771270752
2019-02-02 21:26:16,360 - INFO: 13940: loss : 0.5027518272399902
2019-02-02 21:26:20,098 - INFO: 13960: loss : 0.4681190848350525
2019-02-02 21:26:23,839 - INFO: 13980: loss : 0.42123445868492126
2019-02-02 21:26:27,574 - INFO: 14000: loss : 0.4733198285102844
2019-02-02 21:26:27,991 - INFO: 
Validation result
2019-02-02 21:26:27,991 - INFO:   AUC: 0.3641029673065225

2019-02-02 21:26:31,770 - INFO: 14020: loss : 0.45344623923301697
2019-02-02 21:26:35,427 - INFO: 14040: loss : 0.4901229441165924
2019-02-02 21:26:39,156 - INFO: 14060: loss : 0.5597071051597595
2019-02-02 21:26:42,865 - INFO: 14080: loss : 0.5666464567184448
2019-02-02 21:26:46,420 - INFO: 14100: loss : 0.5239560008049011
2019-02-02 21:26:50,117 - INFO: 14120: loss : 0.4536203145980835
2019-02-02 21:26:53,728 - INFO: 14140: loss : 0.4567318558692932
2019-02-02 21:26:57,452 - INFO: 14160: loss : 0.43032726645469666
2019-02-02 21:27:01,139 - INFO: 14180: loss : 0.5318253636360168
2019-02-02 21:27:04,791 - INFO: 14200: loss : 0.49137082695961
2019-02-02 21:27:08,483 - INFO: 14220: loss : 0.5018170475959778
2019-02-02 21:27:12,198 - INFO: 14240: loss : 0.508673369884491
2019-02-02 21:27:15,851 - INFO: 14260: loss : 0.5343198776245117
2019-02-02 21:27:19,574 - INFO: 14280: loss : 0.45804810523986816
2019-02-02 21:27:23,304 - INFO: 14300: loss : 0.504199743270874
2019-02-02 21:27:26,955 - INFO: 14320: loss : 0.5050963163375854
2019-02-02 21:27:30,681 - INFO: 14340: loss : 0.4643095135688782
2019-02-02 21:27:34,360 - INFO: 14360: loss : 0.39463308453559875
2019-02-02 21:27:38,077 - INFO: 14380: loss : 0.4072096049785614
2019-02-02 21:27:41,731 - INFO: 14400: loss : 0.4905248284339905
2019-02-02 21:27:45,439 - INFO: 14420: loss : 0.46223878860473633
2019-02-02 21:27:49,195 - INFO: 14440: loss : 0.499944269657135
2019-02-02 21:27:52,909 - INFO: 14460: loss : 0.48526132106781006
2019-02-02 21:27:56,625 - INFO: 14480: loss : 0.45920899510383606
2019-02-02 21:28:00,389 - INFO: 14500: loss : 0.49865013360977173
2019-02-02 21:28:04,044 - INFO: 14520: loss : 0.4954798221588135
2019-02-02 21:28:07,793 - INFO: 14540: loss : 0.4935609996318817
2019-02-02 21:28:11,544 - INFO: 14560: loss : 0.5261350870132446
2019-02-02 21:28:15,215 - INFO: 14580: loss : 0.47749558091163635
2019-02-02 21:28:18,851 - INFO: 14600: loss : 0.5127888321876526
2019-02-02 21:28:22,507 - INFO: 14620: loss : 0.48459944128990173
2019-02-02 21:28:26,270 - INFO: 14640: loss : 0.535465657711029
2019-02-02 21:28:29,935 - INFO: 14660: loss : 0.4914178252220154
2019-02-02 21:28:33,649 - INFO: 14680: loss : 0.48604050278663635
2019-02-02 21:28:37,394 - INFO: 14700: loss : 0.461780309677124
2019-02-02 21:28:41,097 - INFO: 14720: loss : 0.4589608311653137
2019-02-02 21:28:44,793 - INFO: 14740: loss : 0.4824201166629791
2019-02-02 21:28:48,430 - INFO: 14760: loss : 0.46102216839790344
2019-02-02 21:28:52,144 - INFO: 14780: loss : 0.5530077219009399
2019-02-02 21:28:55,875 - INFO: 14800: loss : 0.47896313667297363
2019-02-02 21:28:59,519 - INFO: 14820: loss : 0.4685786962509155
2019-02-02 21:29:03,164 - INFO: 14840: loss : 0.49127328395843506
2019-02-02 21:29:06,802 - INFO: 14860: loss : 0.40929463505744934
2019-02-02 21:29:10,484 - INFO: 14880: loss : 0.4943746328353882
2019-02-02 21:29:14,135 - INFO: 14900: loss : 0.5014185309410095
2019-02-02 21:29:17,832 - INFO: 14920: loss : 0.5172594785690308
2019-02-02 21:29:21,505 - INFO: 14940: loss : 0.4349406063556671
2019-02-02 21:29:25,245 - INFO: 14960: loss : 0.45152342319488525
2019-02-02 21:29:28,937 - INFO: 14980: loss : 0.4268471598625183
2019-02-02 21:29:32,704 - INFO: 15000: loss : 0.5016175508499146
2019-02-02 21:29:33,163 - INFO: 
Validation result
2019-02-02 21:29:33,163 - INFO:   AUC: 0.2827553014496831

2019-02-02 21:29:36,842 - INFO: 15020: loss : 0.48651137948036194
2019-02-02 21:29:40,529 - INFO: 15040: loss : 0.45651423931121826
2019-02-02 21:29:44,244 - INFO: 15060: loss : 0.47387054562568665
2019-02-02 21:29:47,928 - INFO: 15080: loss : 0.5014493465423584
2019-02-02 21:29:51,588 - INFO: 15100: loss : 0.4402405321598053
2019-02-02 21:29:55,293 - INFO: 15120: loss : 0.475324809551239
2019-02-02 21:29:58,925 - INFO: 15140: loss : 0.5262211561203003
2019-02-02 21:30:02,628 - INFO: 15160: loss : 0.49168291687965393
2019-02-02 21:30:06,287 - INFO: 15180: loss : 0.4944106340408325
2019-02-02 21:30:10,040 - INFO: 15200: loss : 0.47823566198349
2019-02-02 21:30:13,731 - INFO: 15220: loss : 0.4324154257774353
2019-02-02 21:30:17,330 - INFO: 15240: loss : 0.49315375089645386
2019-02-02 21:30:20,974 - INFO: 15260: loss : 0.5686774849891663
2019-02-02 21:30:24,673 - INFO: 15280: loss : 0.47606372833251953
2019-02-02 21:30:28,388 - INFO: 15300: loss : 0.4777667224407196
2019-02-02 21:30:32,141 - INFO: 15320: loss : 0.5262267589569092
2019-02-02 21:30:35,781 - INFO: 15340: loss : 0.5031514167785645
2019-02-02 21:30:39,412 - INFO: 15360: loss : 0.4923171401023865
2019-02-02 21:30:43,139 - INFO: 15380: loss : 0.5291504859924316
2019-02-02 21:30:46,868 - INFO: 15400: loss : 0.4465258717536926
2019-02-02 21:30:50,597 - INFO: 15420: loss : 0.4734911322593689
2019-02-02 21:30:54,332 - INFO: 15440: loss : 0.4655354619026184
2019-02-02 21:30:58,009 - INFO: 15460: loss : 0.4901037812232971
2019-02-02 21:31:01,713 - INFO: 15480: loss : 0.5183240175247192
2019-02-02 21:31:05,391 - INFO: 15500: loss : 0.46895545721054077
2019-02-02 21:31:09,113 - INFO: 15520: loss : 0.4884521961212158
2019-02-02 21:31:12,815 - INFO: 15540: loss : 0.4390908181667328
2019-02-02 21:31:16,527 - INFO: 15560: loss : 0.47747528553009033
2019-02-02 21:31:20,281 - INFO: 15580: loss : 0.462103933095932
2019-02-02 21:31:23,956 - INFO: 15600: loss : 0.4969136416912079
2019-02-02 21:31:27,646 - INFO: 15620: loss : 0.4528679847717285
2019-02-02 21:31:31,416 - INFO: 15640: loss : 0.49434760212898254
2019-02-02 21:31:35,161 - INFO: 15660: loss : 0.5018787384033203
2019-02-02 21:31:38,905 - INFO: 15680: loss : 0.42056432366371155
2019-02-02 21:31:42,654 - INFO: 15700: loss : 0.5053616166114807
2019-02-02 21:31:46,323 - INFO: 15720: loss : 0.5356819033622742
2019-02-02 21:31:49,934 - INFO: 15740: loss : 0.5974177122116089
2019-02-02 21:31:53,608 - INFO: 15760: loss : 0.5087240934371948
2019-02-02 21:31:57,309 - INFO: 15780: loss : 0.5309011340141296
2019-02-02 21:32:01,032 - INFO: 15800: loss : 0.4921332001686096
2019-02-02 21:32:04,678 - INFO: 15820: loss : 0.46643853187561035
2019-02-02 21:32:08,433 - INFO: 15840: loss : 0.4509304165840149
2019-02-02 21:32:12,168 - INFO: 15860: loss : 0.43108218908309937
2019-02-02 21:32:15,917 - INFO: 15880: loss : 0.4291859269142151
2019-02-02 21:32:19,538 - INFO: 15900: loss : 0.46898698806762695
2019-02-02 21:32:23,209 - INFO: 15920: loss : 0.5414498448371887
2019-02-02 21:32:26,974 - INFO: 15940: loss : 0.5375467538833618
2019-02-02 21:32:30,675 - INFO: 15960: loss : 0.4655824899673462
2019-02-02 21:32:34,419 - INFO: 15980: loss : 0.509402334690094
2019-02-02 21:32:38,157 - INFO: 16000: loss : 0.4890316128730774
2019-02-02 21:32:38,602 - INFO: 
Validation result
2019-02-02 21:32:38,602 - INFO:   AUC: 0.37242755619483403

2019-02-02 21:32:42,314 - INFO: 16020: loss : 0.49514710903167725
2019-02-02 21:32:45,979 - INFO: 16040: loss : 0.414298951625824
2019-02-02 21:32:49,711 - INFO: 16060: loss : 0.4366315007209778
2019-02-02 21:32:53,352 - INFO: 16080: loss : 0.416373074054718
2019-02-02 21:32:57,059 - INFO: 16100: loss : 0.4617455005645752
2019-02-02 21:33:00,806 - INFO: 16120: loss : 0.5549764037132263
2019-02-02 21:33:04,558 - INFO: 16140: loss : 0.4338388442993164
2019-02-02 21:33:08,227 - INFO: 16160: loss : 0.49022695422172546
2019-02-02 21:33:11,930 - INFO: 16180: loss : 0.5224354267120361
2019-02-02 21:33:15,650 - INFO: 16200: loss : 0.48625943064689636
2019-02-02 21:33:19,368 - INFO: 16220: loss : 0.4894099831581116
2019-02-02 21:33:23,097 - INFO: 16240: loss : 0.46783897280693054
2019-02-02 21:33:26,825 - INFO: 16260: loss : 0.475615918636322
2019-02-02 21:33:30,590 - INFO: 16280: loss : 0.4392249286174774
2019-02-02 21:33:34,268 - INFO: 16300: loss : 0.48425039649009705
2019-02-02 21:33:38,012 - INFO: 16320: loss : 0.43602508306503296
2019-02-02 21:33:41,744 - INFO: 16340: loss : 0.47038692235946655
2019-02-02 21:33:45,295 - INFO: 16360: loss : 0.4732971787452698
2019-02-02 21:33:48,902 - INFO: 16380: loss : 0.4439137279987335
2019-02-02 21:33:52,582 - INFO: 16400: loss : 0.49082911014556885
2019-02-02 21:33:56,130 - INFO: 16420: loss : 0.42553725838661194
2019-02-02 21:33:59,812 - INFO: 16440: loss : 0.4736380875110626
2019-02-02 21:34:03,567 - INFO: 16460: loss : 0.48497629165649414
2019-02-02 21:34:07,273 - INFO: 16480: loss : 0.48154425621032715
2019-02-02 21:34:10,887 - INFO: 16500: loss : 0.4941643476486206
2019-02-02 21:34:14,543 - INFO: 16520: loss : 0.5097904205322266
2019-02-02 21:34:18,294 - INFO: 16540: loss : 0.49108031392097473
2019-02-02 21:34:22,001 - INFO: 16560: loss : 0.4086092710494995
2019-02-02 21:34:25,628 - INFO: 16580: loss : 0.5194344520568848
2019-02-02 21:34:29,352 - INFO: 16600: loss : 0.464133620262146
2019-02-02 21:34:33,011 - INFO: 16620: loss : 0.4832859933376312
2019-02-02 21:34:36,712 - INFO: 16640: loss : 0.4845174551010132
2019-02-02 21:34:40,446 - INFO: 16660: loss : 0.4148828387260437
2019-02-02 21:34:44,190 - INFO: 16680: loss : 0.4762801229953766
2019-02-02 21:34:47,889 - INFO: 16700: loss : 0.4722919166088104
2019-02-02 21:34:51,652 - INFO: 16720: loss : 0.5579113364219666
2019-02-02 21:34:55,356 - INFO: 16740: loss : 0.4101744592189789
2019-02-02 21:34:59,096 - INFO: 16760: loss : 0.46693432331085205
2019-02-02 21:35:02,828 - INFO: 16780: loss : 0.4970056712627411
2019-02-02 21:35:06,580 - INFO: 16800: loss : 0.43163055181503296
2019-02-02 21:35:10,265 - INFO: 16820: loss : 0.46498143672943115
2019-02-02 21:35:13,889 - INFO: 16840: loss : 0.4991644620895386
2019-02-02 21:35:17,584 - INFO: 16860: loss : 0.6145678162574768
2019-02-02 21:35:21,261 - INFO: 16880: loss : 0.4927457273006439
2019-02-02 21:35:24,989 - INFO: 16900: loss : 0.4681033492088318
2019-02-02 21:35:28,718 - INFO: 16920: loss : 0.5360448956489563
2019-02-02 21:35:32,439 - INFO: 16940: loss : 0.5028602480888367
2019-02-02 21:35:36,117 - INFO: 16960: loss : 0.5278975367546082
2019-02-02 21:35:39,798 - INFO: 16980: loss : 0.471493661403656
2019-02-02 21:35:43,528 - INFO: 17000: loss : 0.4428161382675171
2019-02-02 21:35:44,028 - INFO: 
Validation result
2019-02-02 21:35:44,028 - INFO:   AUC: 0.26760599918380445

2019-02-02 21:35:47,745 - INFO: 17020: loss : 0.47737351059913635
2019-02-02 21:35:51,458 - INFO: 17040: loss : 0.5291528701782227
2019-02-02 21:35:55,160 - INFO: 17060: loss : 0.45337313413619995
2019-02-02 21:35:58,916 - INFO: 17080: loss : 0.4077157974243164
2019-02-02 21:36:02,674 - INFO: 17100: loss : 0.507925271987915
2019-02-02 21:36:06,399 - INFO: 17120: loss : 0.48846951127052307
2019-02-02 21:36:10,032 - INFO: 17140: loss : 0.44255203008651733
2019-02-02 21:36:13,783 - INFO: 17160: loss : 0.4648789167404175
2019-02-02 21:36:17,557 - INFO: 17180: loss : 0.48118507862091064
2019-02-02 21:36:21,288 - INFO: 17200: loss : 0.5199518799781799
2019-02-02 21:36:24,919 - INFO: 17220: loss : 0.4240587651729584
2019-02-02 21:36:28,588 - INFO: 17240: loss : 0.43769174814224243
2019-02-02 21:36:32,236 - INFO: 17260: loss : 0.48540550470352173
2019-02-02 21:36:35,903 - INFO: 17280: loss : 0.38916677236557007
2019-02-02 21:36:39,556 - INFO: 17300: loss : 0.5893636345863342
2019-02-02 21:36:43,222 - INFO: 17320: loss : 0.49514704942703247
2019-02-02 21:36:46,842 - INFO: 17340: loss : 0.5559052228927612
2019-02-02 21:36:50,538 - INFO: 17360: loss : 0.46769845485687256
2019-02-02 21:36:54,204 - INFO: 17380: loss : 0.4554048180580139
2019-02-02 21:36:57,957 - INFO: 17400: loss : 0.4683980345726013
2019-02-02 21:37:01,692 - INFO: 17420: loss : 0.4824136197566986
2019-02-02 21:37:05,404 - INFO: 17440: loss : 0.4722481369972229
2019-02-02 21:37:09,123 - INFO: 17460: loss : 0.4901900291442871
2019-02-02 21:37:12,839 - INFO: 17480: loss : 0.4671749174594879
2019-02-02 21:37:16,581 - INFO: 17500: loss : 0.46103864908218384
2019-02-02 21:37:20,292 - INFO: 17520: loss : 0.5188048481941223
2019-02-02 21:37:24,001 - INFO: 17540: loss : 0.4947657287120819
2019-02-02 21:37:27,717 - INFO: 17560: loss : 0.5569394826889038
2019-02-02 21:37:31,359 - INFO: 17580: loss : 0.4441419839859009
2019-02-02 21:37:35,017 - INFO: 17600: loss : 0.42476311326026917
2019-02-02 21:37:38,730 - INFO: 17620: loss : 0.49261802434921265
2019-02-02 21:37:42,461 - INFO: 17640: loss : 0.44914186000823975
2019-02-02 21:37:46,193 - INFO: 17660: loss : 0.49137383699417114
2019-02-02 21:37:49,907 - INFO: 17680: loss : 0.562897264957428
2019-02-02 21:37:53,604 - INFO: 17700: loss : 0.512946605682373
2019-02-02 21:37:57,345 - INFO: 17720: loss : 0.564760684967041
2019-02-02 21:38:01,104 - INFO: 17740: loss : 0.5564533472061157
2019-02-02 21:38:04,771 - INFO: 17760: loss : 0.42734843492507935
2019-02-02 21:38:08,265 - INFO: 17780: loss : 0.49894100427627563
2019-02-02 21:38:11,878 - INFO: 17800: loss : 0.4719579219818115
2019-02-02 21:38:15,630 - INFO: 17820: loss : 0.5129489898681641
2019-02-02 21:38:19,293 - INFO: 17840: loss : 0.4700051248073578
2019-02-02 21:38:23,011 - INFO: 17860: loss : 0.47848135232925415
2019-02-02 21:38:26,638 - INFO: 17880: loss : 0.4935537576675415
2019-02-02 21:38:30,330 - INFO: 17900: loss : 0.4778626561164856
2019-02-02 21:38:34,028 - INFO: 17920: loss : 0.4809364378452301
2019-02-02 21:38:37,794 - INFO: 17940: loss : 0.43380674719810486
2019-02-02 21:38:41,513 - INFO: 17960: loss : 0.4769633710384369
2019-02-02 21:38:45,180 - INFO: 17980: loss : 0.47286495566368103
2019-02-02 21:38:48,812 - INFO: 18000: loss : 0.4550894498825073
2019-02-02 21:38:49,285 - INFO: 
Validation result
2019-02-02 21:38:49,285 - INFO:   AUC: 0.3193630148063215

2019-02-02 21:38:53,030 - INFO: 18020: loss : 0.4131309986114502
2019-02-02 21:38:56,749 - INFO: 18040: loss : 0.49392956495285034
2019-02-02 21:39:00,424 - INFO: 18060: loss : 0.5348345041275024
2019-02-02 21:39:04,204 - INFO: 18080: loss : 0.5147792100906372
2019-02-02 21:39:07,834 - INFO: 18100: loss : 0.45945391058921814
2019-02-02 21:39:11,456 - INFO: 18120: loss : 0.5083576440811157
2019-02-02 21:39:15,192 - INFO: 18140: loss : 0.5029557943344116
2019-02-02 21:39:18,953 - INFO: 18160: loss : 0.5023782849311829
2019-02-02 21:39:22,723 - INFO: 18180: loss : 0.4751627445220947
2019-02-02 21:39:26,436 - INFO: 18200: loss : 0.5317756533622742
2019-02-02 21:39:30,106 - INFO: 18220: loss : 0.41870012879371643
2019-02-02 21:39:33,837 - INFO: 18240: loss : 0.5173848271369934
2019-02-02 21:39:37,501 - INFO: 18260: loss : 0.42190292477607727
2019-02-02 21:39:41,179 - INFO: 18280: loss : 0.4699658751487732
2019-02-02 21:39:44,903 - INFO: 18300: loss : 0.4675734043121338
2019-02-02 21:39:48,588 - INFO: 18320: loss : 0.5269278883934021
2019-02-02 21:39:52,256 - INFO: 18340: loss : 0.4252324104309082
2019-02-02 21:39:56,015 - INFO: 18360: loss : 0.45789670944213867
2019-02-02 21:39:59,734 - INFO: 18380: loss : 0.47939640283584595
2019-02-02 21:40:03,445 - INFO: 18400: loss : 0.4832548499107361
2019-02-02 21:40:07,201 - INFO: 18420: loss : 0.46356040239334106
2019-02-02 21:40:10,928 - INFO: 18440: loss : 0.5015465021133423
2019-02-02 21:40:14,635 - INFO: 18460: loss : 0.4214974641799927
2019-02-02 21:40:18,347 - INFO: 18480: loss : 0.40973445773124695
2019-02-02 21:40:22,018 - INFO: 18500: loss : 0.4991142451763153
2019-02-02 21:40:25,770 - INFO: 18520: loss : 0.44849058985710144
2019-02-02 21:40:29,501 - INFO: 18540: loss : 0.5549360513687134
2019-02-02 21:40:33,272 - INFO: 18560: loss : 0.46795687079429626
2019-02-02 21:40:36,988 - INFO: 18580: loss : 0.45758864283561707
2019-02-02 21:40:40,750 - INFO: 18600: loss : 0.447726845741272
2019-02-02 21:40:44,365 - INFO: 18620: loss : 0.441112220287323
2019-02-02 21:40:48,112 - INFO: 18640: loss : 0.4918665289878845
2019-02-02 21:40:51,758 - INFO: 18660: loss : 0.5106195211410522
2019-02-02 21:40:55,517 - INFO: 18680: loss : 0.48232319951057434
2019-02-02 21:40:59,230 - INFO: 18700: loss : 0.46694502234458923
2019-02-02 21:41:03,009 - INFO: 18720: loss : 0.4638434648513794
2019-02-02 21:41:06,773 - INFO: 18740: loss : 0.49174484610557556
2019-02-02 21:41:10,467 - INFO: 18760: loss : 0.4885745942592621
2019-02-02 21:41:14,186 - INFO: 18780: loss : 0.5164264440536499
2019-02-02 21:41:17,835 - INFO: 18800: loss : 0.47465604543685913
2019-02-02 21:41:21,454 - INFO: 18820: loss : 0.46717479825019836
2019-02-02 21:41:25,181 - INFO: 18840: loss : 0.47340208292007446
2019-02-02 21:41:28,947 - INFO: 18860: loss : 0.4392329454421997
2019-02-02 21:41:32,724 - INFO: 18880: loss : 0.4780864715576172
2019-02-02 21:41:36,508 - INFO: 18900: loss : 0.4545718729496002
2019-02-02 21:41:40,083 - INFO: 18920: loss : 0.5070502161979675
2019-02-02 21:41:43,682 - INFO: 18940: loss : 0.5092127323150635
2019-02-02 21:41:47,434 - INFO: 18960: loss : 0.43043726682662964
2019-02-02 21:41:51,153 - INFO: 18980: loss : 0.4733511209487915
2019-02-02 21:41:54,872 - INFO: 19000: loss : 0.40960264205932617
2019-02-02 21:41:55,312 - INFO: 
Validation result
2019-02-02 21:41:55,312 - INFO:   AUC: 0.3352900868932207

2019-02-02 21:41:58,987 - INFO: 19020: loss : 0.46489155292510986
2019-02-02 21:42:02,601 - INFO: 19040: loss : 0.5395982265472412
2019-02-02 21:42:06,308 - INFO: 19060: loss : 0.4702549874782562
2019-02-02 21:42:10,058 - INFO: 19080: loss : 0.46327483654022217
2019-02-02 21:42:13,663 - INFO: 19100: loss : 0.4884498119354248
2019-02-02 21:42:17,369 - INFO: 19120: loss : 0.4886678159236908
2019-02-02 21:42:21,078 - INFO: 19140: loss : 0.45835962891578674
2019-02-02 21:42:24,813 - INFO: 19160: loss : 0.46578332781791687
2019-02-02 21:42:28,577 - INFO: 19180: loss : 0.41220828890800476
2019-02-02 21:42:32,260 - INFO: 19200: loss : 0.48337212204933167
2019-02-02 21:42:35,966 - INFO: 19220: loss : 0.4999130070209503
2019-02-02 21:42:39,716 - INFO: 19240: loss : 0.4597665071487427
2019-02-02 21:42:43,317 - INFO: 19260: loss : 0.45257365703582764
2019-02-02 21:42:47,058 - INFO: 19280: loss : 0.43071985244750977
2019-02-02 21:42:50,796 - INFO: 19300: loss : 0.44984108209609985
2019-02-02 21:42:54,523 - INFO: 19320: loss : 0.41403213143348694
2019-02-02 21:42:58,233 - INFO: 19340: loss : 0.5004809498786926
2019-02-02 21:43:01,813 - INFO: 19360: loss : 0.4737665057182312
2019-02-02 21:43:05,444 - INFO: 19380: loss : 0.45067131519317627
2019-02-02 21:43:09,053 - INFO: 19400: loss : 0.4479755163192749
2019-02-02 21:43:12,689 - INFO: 19420: loss : 0.5135833024978638
2019-02-02 21:43:16,404 - INFO: 19440: loss : 0.4499133825302124
2019-02-02 21:43:20,166 - INFO: 19460: loss : 0.49192264676094055
2019-02-02 21:43:23,876 - INFO: 19480: loss : 0.45424768328666687
2019-02-02 21:43:27,587 - INFO: 19500: loss : 0.492352694272995
2019-02-02 21:43:31,286 - INFO: 19520: loss : 0.4386257231235504
2019-02-02 21:43:34,968 - INFO: 19540: loss : 0.5074291229248047
2019-02-02 21:43:38,585 - INFO: 19560: loss : 0.5135822296142578
2019-02-02 21:43:42,161 - INFO: 19580: loss : 0.5431573390960693
2019-02-02 21:43:45,906 - INFO: 19600: loss : 0.45458340644836426
2019-02-02 21:43:49,641 - INFO: 19620: loss : 0.47226548194885254
2019-02-02 21:43:53,397 - INFO: 19640: loss : 0.48131266236305237
2019-02-02 21:43:56,977 - INFO: 19660: loss : 0.4994574785232544
2019-02-02 21:44:00,682 - INFO: 19680: loss : 0.5035056471824646
2019-02-02 21:44:04,445 - INFO: 19700: loss : 0.5356396436691284
2019-02-02 21:44:08,184 - INFO: 19720: loss : 0.4698333442211151
2019-02-02 21:44:11,882 - INFO: 19740: loss : 0.47044116258621216
2019-02-02 21:44:15,596 - INFO: 19760: loss : 0.45100975036621094
2019-02-02 21:44:19,250 - INFO: 19780: loss : 0.46604472398757935
2019-02-02 21:44:22,957 - INFO: 19800: loss : 0.47543010115623474
2019-02-02 21:44:26,683 - INFO: 19820: loss : 0.4031636118888855
2019-02-02 21:44:30,404 - INFO: 19840: loss : 0.4548223614692688
2019-02-02 21:44:34,068 - INFO: 19860: loss : 0.5066080093383789
2019-02-02 21:44:37,820 - INFO: 19880: loss : 0.5060494542121887
2019-02-02 21:44:41,487 - INFO: 19900: loss : 0.5070532560348511
2019-02-02 21:44:45,201 - INFO: 19920: loss : 0.47711053490638733
2019-02-02 21:44:48,917 - INFO: 19940: loss : 0.45470789074897766
2019-02-02 21:44:52,604 - INFO: 19960: loss : 0.5369436144828796
2019-02-02 21:44:56,311 - INFO: 19980: loss : 0.42923760414123535
2019-02-02 21:45:00,037 - INFO: 20000: loss : 0.44911226630210876
2019-02-02 21:45:00,518 - INFO: 
Validation result
2019-02-02 21:45:00,518 - INFO:   AUC: 0.28144868178971416

