2019-02-02 17:24:24,779 - INFO: None
2019-02-02 17:24:24,779 - INFO: saving model in model/trained_model_mini/C3D_attn/model.json
2019-02-02 17:24:24,781 - INFO: Iteration started
2019-02-02 17:24:27,582 - INFO: 0: loss : 10.775172233581543
2019-02-02 17:24:31,659 - INFO: 20: loss : 8.479597091674805
2019-02-02 17:24:35,438 - INFO: 40: loss : 7.779619216918945
2019-02-02 17:24:39,174 - INFO: 60: loss : 7.364413261413574
2019-02-02 17:24:42,942 - INFO: 80: loss : 6.686152458190918
2019-02-02 17:24:46,660 - INFO: 100: loss : 6.490684986114502
2019-02-02 17:24:50,435 - INFO: 120: loss : 6.161294460296631
2019-02-02 17:24:54,234 - INFO: 140: loss : 5.847508430480957
2019-02-02 17:24:58,010 - INFO: 160: loss : 5.660231113433838
2019-02-02 17:25:01,854 - INFO: 180: loss : 5.405066013336182
2019-02-02 17:25:05,607 - INFO: 200: loss : 5.132315158843994
2019-02-02 17:25:09,374 - INFO: 220: loss : 5.012254238128662
2019-02-02 17:25:13,165 - INFO: 240: loss : 4.895846366882324
2019-02-02 17:25:16,977 - INFO: 260: loss : 4.754079818725586
2019-02-02 17:25:20,705 - INFO: 280: loss : 4.554933547973633
2019-02-02 17:25:24,492 - INFO: 300: loss : 4.503673076629639
2019-02-02 17:25:28,281 - INFO: 320: loss : 4.326814651489258
2019-02-02 17:25:32,057 - INFO: 340: loss : 4.179397106170654
2019-02-02 17:25:35,841 - INFO: 360: loss : 4.079437732696533
2019-02-02 17:25:39,650 - INFO: 380: loss : 3.9500529766082764
2019-02-02 17:25:43,439 - INFO: 400: loss : 3.848452091217041
2019-02-02 17:25:47,177 - INFO: 420: loss : 3.8002965450286865
2019-02-02 17:25:50,944 - INFO: 440: loss : 3.7185251712799072
2019-02-02 17:25:54,655 - INFO: 460: loss : 3.598235845565796
2019-02-02 17:25:58,462 - INFO: 480: loss : 3.504640817642212
2019-02-02 17:26:02,223 - INFO: 500: loss : 3.457998514175415
2019-02-02 17:26:05,998 - INFO: 520: loss : 3.379427433013916
2019-02-02 17:26:09,812 - INFO: 540: loss : 3.311444044113159
2019-02-02 17:26:13,629 - INFO: 560: loss : 3.2180747985839844
2019-02-02 17:26:17,442 - INFO: 580: loss : 3.172443389892578
2019-02-02 17:26:21,244 - INFO: 600: loss : 3.0619993209838867
2019-02-02 17:26:25,078 - INFO: 620: loss : 3.0182840824127197
2019-02-02 17:26:28,903 - INFO: 640: loss : 2.9633219242095947
2019-02-02 17:26:32,770 - INFO: 660: loss : 2.9265594482421875
2019-02-02 17:26:36,556 - INFO: 680: loss : 2.846426486968994
2019-02-02 17:26:40,320 - INFO: 700: loss : 2.779170036315918
2019-02-02 17:26:44,135 - INFO: 720: loss : 2.7535102367401123
2019-02-02 17:26:47,919 - INFO: 740: loss : 2.6870787143707275
2019-02-02 17:26:51,742 - INFO: 760: loss : 2.633277654647827
2019-02-02 17:26:55,543 - INFO: 780: loss : 2.5869698524475098
2019-02-02 17:26:59,302 - INFO: 800: loss : 2.5476250648498535
2019-02-02 17:27:03,070 - INFO: 820: loss : 2.5285000801086426
2019-02-02 17:27:06,960 - INFO: 840: loss : 2.477015733718872
2019-02-02 17:27:10,753 - INFO: 860: loss : 2.437403440475464
2019-02-02 17:27:14,583 - INFO: 880: loss : 2.3785407543182373
2019-02-02 17:27:18,457 - INFO: 900: loss : 2.347663164138794
2019-02-02 17:27:22,260 - INFO: 920: loss : 2.297765016555786
2019-02-02 17:27:26,086 - INFO: 940: loss : 2.287653684616089
2019-02-02 17:27:29,853 - INFO: 960: loss : 2.243356704711914
2019-02-02 17:27:33,611 - INFO: 980: loss : 2.2090723514556885
2019-02-02 17:27:37,398 - INFO: 1000: loss : 2.1668834686279297
2019-02-02 17:27:41,196 - INFO: 1020: loss : 2.12962007522583
2019-02-02 17:27:45,001 - INFO: 1040: loss : 2.108313798904419
2019-02-02 17:27:48,786 - INFO: 1060: loss : 2.0899176597595215
2019-02-02 17:27:52,521 - INFO: 1080: loss : 2.0481228828430176
2019-02-02 17:27:56,240 - INFO: 1100: loss : 2.0116488933563232
2019-02-02 17:27:59,961 - INFO: 1120: loss : 1.9931907653808594
2019-02-02 17:28:03,689 - INFO: 1140: loss : 1.949753999710083
2019-02-02 17:28:07,425 - INFO: 1160: loss : 1.9425660371780396
2019-02-02 17:28:11,169 - INFO: 1180: loss : 1.9233335256576538
2019-02-02 17:28:14,932 - INFO: 1200: loss : 1.8557623624801636
2019-02-02 17:28:18,707 - INFO: 1220: loss : 1.8849573135375977
2019-02-02 17:28:22,395 - INFO: 1240: loss : 1.8339383602142334
2019-02-02 17:28:26,157 - INFO: 1260: loss : 1.8066147565841675
2019-02-02 17:28:29,834 - INFO: 1280: loss : 1.7891571521759033
2019-02-02 17:28:33,497 - INFO: 1300: loss : 1.7565454244613647
2019-02-02 17:28:37,345 - INFO: 1320: loss : 1.7253234386444092
2019-02-02 17:28:41,162 - INFO: 1340: loss : 1.7209506034851074
2019-02-02 17:28:45,024 - INFO: 1360: loss : 1.6729259490966797
2019-02-02 17:28:48,845 - INFO: 1380: loss : 1.6571651697158813
2019-02-02 17:28:52,665 - INFO: 1400: loss : 1.6254165172576904
2019-02-02 17:28:56,473 - INFO: 1420: loss : 1.6281408071517944
2019-02-02 17:29:00,248 - INFO: 1440: loss : 1.5954008102416992
2019-02-02 17:29:04,073 - INFO: 1460: loss : 1.5787984132766724
2019-02-02 17:29:07,893 - INFO: 1480: loss : 1.5630074739456177
2019-02-02 17:29:11,693 - INFO: 1500: loss : 1.5523144006729126
2019-02-02 17:29:15,467 - INFO: 1520: loss : 1.5358402729034424
2019-02-02 17:29:19,294 - INFO: 1540: loss : 1.4914005994796753
2019-02-02 17:29:23,124 - INFO: 1560: loss : 1.496320128440857
2019-02-02 17:29:26,912 - INFO: 1580: loss : 1.4605929851531982
2019-02-02 17:29:30,719 - INFO: 1600: loss : 1.455859899520874
2019-02-02 17:29:34,512 - INFO: 1620: loss : 1.4457769393920898
2019-02-02 17:29:38,318 - INFO: 1640: loss : 1.4234739542007446
2019-02-02 17:29:42,123 - INFO: 1660: loss : 1.4088424444198608
2019-02-02 17:29:45,903 - INFO: 1680: loss : 1.369066834449768
2019-02-02 17:29:49,747 - INFO: 1700: loss : 1.3676239252090454
2019-02-02 17:29:53,467 - INFO: 1720: loss : 1.342736005783081
2019-02-02 17:29:57,334 - INFO: 1740: loss : 1.338924527168274
2019-02-02 17:30:01,173 - INFO: 1760: loss : 1.3237179517745972
2019-02-02 17:30:05,148 - INFO: 1780: loss : 1.3084560632705688
2019-02-02 17:30:08,872 - INFO: 1800: loss : 1.287413239479065
2019-02-02 17:30:12,675 - INFO: 1820: loss : 1.2730212211608887
2019-02-02 17:30:16,413 - INFO: 1840: loss : 1.265121579170227
2019-02-02 17:30:20,011 - INFO: 1860: loss : 1.242860198020935
2019-02-02 17:30:23,722 - INFO: 1880: loss : 1.2394025325775146
2019-02-02 17:30:27,443 - INFO: 1900: loss : 1.2143443822860718
2019-02-02 17:30:31,224 - INFO: 1920: loss : 1.2118080854415894
2019-02-02 17:30:34,988 - INFO: 1940: loss : 1.1802937984466553
2019-02-02 17:30:38,710 - INFO: 1960: loss : 1.1963016986846924
2019-02-02 17:30:42,412 - INFO: 1980: loss : 1.1887459754943848
2019-02-02 17:30:46,195 - INFO: 2000: loss : 1.1660256385803223
2019-02-02 17:30:50,124 - INFO: 2020: loss : 1.1349542140960693
2019-02-02 17:30:53,991 - INFO: 2040: loss : 1.1319303512573242
2019-02-02 17:30:57,829 - INFO: 2060: loss : 1.1366044282913208
2019-02-02 17:31:01,647 - INFO: 2080: loss : 1.1080011129379272
2019-02-02 17:31:05,445 - INFO: 2100: loss : 1.1147971153259277
2019-02-02 17:31:09,316 - INFO: 2120: loss : 1.081367015838623
2019-02-02 17:31:13,134 - INFO: 2140: loss : 1.0722094774246216
2019-02-02 17:31:16,933 - INFO: 2160: loss : 1.1042622327804565
2019-02-02 17:31:20,750 - INFO: 2180: loss : 1.0750199556350708
2019-02-02 17:31:24,531 - INFO: 2200: loss : 1.0471831560134888
2019-02-02 17:31:28,231 - INFO: 2220: loss : 1.0339869260787964
2019-02-02 17:31:32,012 - INFO: 2240: loss : 1.0360972881317139
2019-02-02 17:31:35,756 - INFO: 2260: loss : 1.04508376121521
2019-02-02 17:31:39,541 - INFO: 2280: loss : 1.0081725120544434
2019-02-02 17:31:43,361 - INFO: 2300: loss : 1.0098681449890137
2019-02-02 17:31:47,310 - INFO: 2320: loss : 0.9887388944625854
2019-02-02 17:31:51,172 - INFO: 2340: loss : 0.9762804508209229
2019-02-02 17:31:54,979 - INFO: 2360: loss : 0.964596688747406
2019-02-02 17:31:58,790 - INFO: 2380: loss : 0.9613463878631592
2019-02-02 17:32:02,595 - INFO: 2400: loss : 0.9475091695785522
2019-02-02 17:32:06,393 - INFO: 2420: loss : 0.9371289610862732
2019-02-02 17:32:10,213 - INFO: 2440: loss : 0.9333128929138184
2019-02-02 17:32:14,033 - INFO: 2460: loss : 0.9416512250900269
2019-02-02 17:32:17,823 - INFO: 2480: loss : 0.9173016548156738
2019-02-02 17:32:21,585 - INFO: 2500: loss : 0.9238195419311523
2019-02-02 17:32:25,419 - INFO: 2520: loss : 0.906183660030365
2019-02-02 17:32:29,178 - INFO: 2540: loss : 0.9104868173599243
2019-02-02 17:32:32,992 - INFO: 2560: loss : 0.8868714570999146
2019-02-02 17:32:36,816 - INFO: 2580: loss : 0.8809269666671753
2019-02-02 17:32:40,593 - INFO: 2600: loss : 0.8705630898475647
2019-02-02 17:32:44,404 - INFO: 2620: loss : 0.8790063261985779
2019-02-02 17:32:48,233 - INFO: 2640: loss : 0.8575472831726074
2019-02-02 17:32:51,989 - INFO: 2660: loss : 0.845477819442749
2019-02-02 17:32:55,891 - INFO: 2680: loss : 0.846802294254303
2019-02-02 17:32:59,787 - INFO: 2700: loss : 0.8464740514755249
2019-02-02 17:33:03,641 - INFO: 2720: loss : 0.8455442190170288
2019-02-02 17:33:07,460 - INFO: 2740: loss : 0.8084468245506287
2019-02-02 17:33:11,208 - INFO: 2760: loss : 0.8317816853523254
2019-02-02 17:33:14,983 - INFO: 2780: loss : 0.7954465746879578
2019-02-02 17:33:18,815 - INFO: 2800: loss : 0.8078097701072693
2019-02-02 17:33:22,652 - INFO: 2820: loss : 0.7849216461181641
2019-02-02 17:33:26,472 - INFO: 2840: loss : 0.8128083348274231
2019-02-02 17:33:30,251 - INFO: 2860: loss : 0.7766629457473755
2019-02-02 17:33:34,110 - INFO: 2880: loss : 0.7862997651100159
2019-02-02 17:33:37,942 - INFO: 2900: loss : 0.7759268283843994
2019-02-02 17:33:41,759 - INFO: 2920: loss : 0.7708684206008911
2019-02-02 17:33:45,557 - INFO: 2940: loss : 0.7521235346794128
2019-02-02 17:33:49,406 - INFO: 2960: loss : 0.7651659250259399
2019-02-02 17:33:53,201 - INFO: 2980: loss : 0.7478693723678589
2019-02-02 17:33:57,021 - INFO: 3000: loss : 0.7498677968978882
2019-02-02 17:34:00,900 - INFO: 3020: loss : 0.7218502759933472
2019-02-02 17:34:04,697 - INFO: 3040: loss : 0.7226142883300781
2019-02-02 17:34:08,520 - INFO: 3060: loss : 0.7236140966415405
2019-02-02 17:34:12,343 - INFO: 3080: loss : 0.7164502143859863
2019-02-02 17:34:16,131 - INFO: 3100: loss : 0.718100368976593
2019-02-02 17:34:19,939 - INFO: 3120: loss : 0.6961657404899597
2019-02-02 17:34:23,811 - INFO: 3140: loss : 0.6993435621261597
2019-02-02 17:34:27,599 - INFO: 3160: loss : 0.7054530382156372
2019-02-02 17:34:31,406 - INFO: 3180: loss : 0.6856010556221008
2019-02-02 17:34:35,103 - INFO: 3200: loss : 0.6888322234153748
2019-02-02 17:34:38,907 - INFO: 3220: loss : 0.6752257943153381
2019-02-02 17:34:42,704 - INFO: 3240: loss : 0.6920122504234314
2019-02-02 17:34:46,530 - INFO: 3260: loss : 0.6680560111999512
2019-02-02 17:34:50,359 - INFO: 3280: loss : 0.6738996505737305
2019-02-02 17:34:54,081 - INFO: 3300: loss : 0.6762633919715881
2019-02-02 17:34:57,917 - INFO: 3320: loss : 0.6803073883056641
2019-02-02 17:35:01,692 - INFO: 3340: loss : 0.6496999859809875
2019-02-02 17:35:05,485 - INFO: 3360: loss : 0.657505452632904
2019-02-02 17:35:09,314 - INFO: 3380: loss : 0.6476695537567139
2019-02-02 17:35:13,119 - INFO: 3400: loss : 0.6468053460121155
2019-02-02 17:35:16,898 - INFO: 3420: loss : 0.6327074766159058
2019-02-02 17:35:20,720 - INFO: 3440: loss : 0.6320585608482361
2019-02-02 17:35:24,493 - INFO: 3460: loss : 0.6259666085243225
2019-02-02 17:35:28,331 - INFO: 3480: loss : 0.6219536066055298
2019-02-02 17:35:32,162 - INFO: 3500: loss : 0.6200941205024719
2019-02-02 17:35:35,936 - INFO: 3520: loss : 0.6155455708503723
2019-02-02 17:35:39,735 - INFO: 3540: loss : 0.6144284009933472
2019-02-02 17:35:43,687 - INFO: 3560: loss : 0.5965155959129333
2019-02-02 17:35:47,545 - INFO: 3580: loss : 0.6098098158836365
2019-02-02 17:35:51,355 - INFO: 3600: loss : 0.5865576863288879
2019-02-02 17:35:55,233 - INFO: 3620: loss : 0.5951876044273376
2019-02-02 17:35:59,051 - INFO: 3640: loss : 0.5945851802825928
2019-02-02 17:36:02,828 - INFO: 3660: loss : 0.5846464037895203
2019-02-02 17:36:06,640 - INFO: 3680: loss : 0.5852069854736328
2019-02-02 17:36:10,426 - INFO: 3700: loss : 0.5736377239227295
2019-02-02 17:36:14,242 - INFO: 3720: loss : 0.5801314115524292
2019-02-02 17:36:18,001 - INFO: 3740: loss : 0.5612272620201111
2019-02-02 17:36:21,745 - INFO: 3760: loss : 0.5584787130355835
2019-02-02 17:36:25,574 - INFO: 3780: loss : 0.5633646249771118
2019-02-02 17:36:29,426 - INFO: 3800: loss : 0.5582227110862732
2019-02-02 17:36:33,255 - INFO: 3820: loss : 0.5723649263381958
2019-02-02 17:36:36,938 - INFO: 3840: loss : 0.5503297448158264
2019-02-02 17:36:40,716 - INFO: 3860: loss : 0.5688508749008179
2019-02-02 17:36:44,443 - INFO: 3880: loss : 0.5379608869552612
2019-02-02 17:36:48,173 - INFO: 3900: loss : 0.5461744666099548
2019-02-02 17:36:51,919 - INFO: 3920: loss : 0.5407182574272156
2019-02-02 17:36:55,693 - INFO: 3940: loss : 0.5307713150978088
2019-02-02 17:36:59,397 - INFO: 3960: loss : 0.5274170637130737
2019-02-02 17:37:03,153 - INFO: 3980: loss : 0.5276399254798889
2019-02-02 17:37:06,901 - INFO: 4000: loss : 0.5352884531021118
2019-02-02 17:37:10,762 - INFO: 4020: loss : 0.5242896676063538
2019-02-02 17:37:14,507 - INFO: 4040: loss : 0.5236722826957703
2019-02-02 17:37:18,168 - INFO: 4060: loss : 0.518781304359436
2019-02-02 17:37:21,938 - INFO: 4080: loss : 0.5033364295959473
2019-02-02 17:37:25,659 - INFO: 4100: loss : 0.5168918967247009
2019-02-02 17:37:29,376 - INFO: 4120: loss : 0.49998176097869873
2019-02-02 17:37:33,145 - INFO: 4140: loss : 0.4921986758708954
2019-02-02 17:37:36,882 - INFO: 4160: loss : 0.5042346119880676
2019-02-02 17:37:40,669 - INFO: 4180: loss : 0.49594181776046753
2019-02-02 17:37:44,452 - INFO: 4200: loss : 0.5024060010910034
2019-02-02 17:37:48,215 - INFO: 4220: loss : 0.5040870308876038
2019-02-02 17:37:51,915 - INFO: 4240: loss : 0.4914523959159851
2019-02-02 17:37:55,632 - INFO: 4260: loss : 0.487822562456131
2019-02-02 17:37:59,277 - INFO: 4280: loss : 0.4774686098098755
2019-02-02 17:38:02,887 - INFO: 4300: loss : 0.4721396863460541
2019-02-02 17:38:06,566 - INFO: 4320: loss : 0.47460636496543884
2019-02-02 17:38:10,311 - INFO: 4340: loss : 0.4707651138305664
2019-02-02 17:38:13,979 - INFO: 4360: loss : 0.49695196747779846
2019-02-02 17:38:17,529 - INFO: 4380: loss : 0.46918556094169617
2019-02-02 17:38:21,300 - INFO: 4400: loss : 0.46283411979675293
2019-02-02 17:38:25,036 - INFO: 4420: loss : 0.4654034972190857
2019-02-02 17:38:28,724 - INFO: 4440: loss : 0.45440101623535156
2019-02-02 17:38:32,455 - INFO: 4460: loss : 0.4579746425151825
2019-02-02 17:38:36,160 - INFO: 4480: loss : 0.45964741706848145
2019-02-02 17:38:39,878 - INFO: 4500: loss : 0.45046764612197876
2019-02-02 17:38:43,539 - INFO: 4520: loss : 0.4536416828632355
2019-02-02 17:38:47,244 - INFO: 4540: loss : 0.4494255483150482
2019-02-02 17:38:51,010 - INFO: 4560: loss : 0.4475615918636322
2019-02-02 17:38:54,776 - INFO: 4580: loss : 0.4474547505378723
2019-02-02 17:38:58,465 - INFO: 4600: loss : 0.4389263391494751
2019-02-02 17:39:02,206 - INFO: 4620: loss : 0.4426100254058838
2019-02-02 17:39:05,927 - INFO: 4640: loss : 0.4355013370513916
2019-02-02 17:39:09,640 - INFO: 4660: loss : 0.43779292702674866
2019-02-02 17:39:13,369 - INFO: 4680: loss : 0.45316261053085327
2019-02-02 17:39:17,109 - INFO: 4700: loss : 0.4305041432380676
2019-02-02 17:39:20,845 - INFO: 4720: loss : 0.42617878317832947
2019-02-02 17:39:24,587 - INFO: 4740: loss : 0.4190099239349365
2019-02-02 17:39:28,361 - INFO: 4760: loss : 0.4268195629119873
2019-02-02 17:39:32,113 - INFO: 4780: loss : 0.42396706342697144
2019-02-02 17:39:35,840 - INFO: 4800: loss : 0.41910892724990845
2019-02-02 17:39:39,440 - INFO: 4820: loss : 0.4179389774799347
2019-02-02 17:39:43,137 - INFO: 4840: loss : 0.42034491896629333
2019-02-02 17:39:46,898 - INFO: 4860: loss : 0.411466509103775
2019-02-02 17:39:50,640 - INFO: 4880: loss : 0.40940481424331665
2019-02-02 17:39:54,350 - INFO: 4900: loss : 0.4035292863845825
2019-02-02 17:39:57,937 - INFO: 4920: loss : 0.4052622318267822
2019-02-02 17:40:01,666 - INFO: 4940: loss : 0.4195341169834137
2019-02-02 17:40:05,378 - INFO: 4960: loss : 0.4004627466201782
2019-02-02 17:40:09,017 - INFO: 4980: loss : 0.3997995853424072
2019-02-02 17:40:12,737 - INFO: 5000: loss : 0.40007132291793823
2019-02-02 17:40:16,473 - INFO: 5020: loss : 0.3895273208618164
2019-02-02 17:40:20,142 - INFO: 5040: loss : 0.4016325771808624
2019-02-02 17:40:23,834 - INFO: 5060: loss : 0.3983824551105499
2019-02-02 17:40:27,599 - INFO: 5080: loss : 0.3903835117816925
2019-02-02 17:40:31,315 - INFO: 5100: loss : 0.402042031288147
2019-02-02 17:40:35,020 - INFO: 5120: loss : 0.38562852144241333
2019-02-02 17:40:38,684 - INFO: 5140: loss : 0.39204129576683044
2019-02-02 17:40:42,334 - INFO: 5160: loss : 0.3874344229698181
2019-02-02 17:40:46,021 - INFO: 5180: loss : 0.3790295720100403
2019-02-02 17:40:49,787 - INFO: 5200: loss : 0.3762723207473755
2019-02-02 17:40:53,443 - INFO: 5220: loss : 0.38712096214294434
2019-02-02 17:40:57,103 - INFO: 5240: loss : 0.3847402036190033
2019-02-02 17:41:00,826 - INFO: 5260: loss : 0.37764525413513184
2019-02-02 17:41:04,558 - INFO: 5280: loss : 0.3707054853439331
2019-02-02 17:41:08,267 - INFO: 5300: loss : 0.3652802109718323
2019-02-02 17:41:11,877 - INFO: 5320: loss : 0.3717523217201233
2019-02-02 17:41:15,561 - INFO: 5340: loss : 0.3775518536567688
2019-02-02 17:41:19,296 - INFO: 5360: loss : 0.363804429769516
2019-02-02 17:41:22,956 - INFO: 5380: loss : 0.3720286190509796
2019-02-02 17:41:26,703 - INFO: 5400: loss : 0.3683655858039856
2019-02-02 17:41:30,376 - INFO: 5420: loss : 0.365226149559021
2019-02-02 17:41:34,000 - INFO: 5440: loss : 0.34990888833999634
2019-02-02 17:41:37,749 - INFO: 5460: loss : 0.356723427772522
2019-02-02 17:41:41,402 - INFO: 5480: loss : 0.3637807369232178
2019-02-02 17:41:45,138 - INFO: 5500: loss : 0.3532858192920685
2019-02-02 17:41:48,903 - INFO: 5520: loss : 0.3481365740299225
2019-02-02 17:41:52,540 - INFO: 5540: loss : 0.3511543571949005
2019-02-02 17:41:56,257 - INFO: 5560: loss : 0.34584659337997437
2019-02-02 17:41:59,981 - INFO: 5580: loss : 0.34845349192619324
2019-02-02 17:42:03,620 - INFO: 5600: loss : 0.35018351674079895
2019-02-02 17:42:07,387 - INFO: 5620: loss : 0.3442273736000061
2019-02-02 17:42:11,086 - INFO: 5640: loss : 0.3464123010635376
2019-02-02 17:42:14,809 - INFO: 5660: loss : 0.3432452082633972
2019-02-02 17:42:18,429 - INFO: 5680: loss : 0.3454348146915436
2019-02-02 17:42:22,089 - INFO: 5700: loss : 0.33695274591445923
2019-02-02 17:42:25,800 - INFO: 5720: loss : 0.33674874901771545
2019-02-02 17:42:29,511 - INFO: 5740: loss : 0.3466942310333252
2019-02-02 17:42:33,183 - INFO: 5760: loss : 0.3326418697834015
2019-02-02 17:42:36,880 - INFO: 5780: loss : 0.33877283334732056
2019-02-02 17:42:40,461 - INFO: 5800: loss : 0.3367933928966522
2019-02-02 17:42:44,133 - INFO: 5820: loss : 0.34475645422935486
2019-02-02 17:42:47,817 - INFO: 5840: loss : 0.3489111363887787
2019-02-02 17:42:51,550 - INFO: 5860: loss : 0.3377383351325989
2019-02-02 17:42:55,265 - INFO: 5880: loss : 0.31483182311058044
2019-02-02 17:42:59,000 - INFO: 5900: loss : 0.3241523802280426
2019-02-02 17:43:02,647 - INFO: 5920: loss : 0.3312779664993286
2019-02-02 17:43:06,370 - INFO: 5940: loss : 0.32872265577316284
2019-02-02 17:43:10,051 - INFO: 5960: loss : 0.31975066661834717
2019-02-02 17:43:13,809 - INFO: 5980: loss : 0.32358700037002563
2019-02-02 17:43:17,508 - INFO: 6000: loss : 0.3118826746940613
2019-02-02 17:43:21,353 - INFO: 6020: loss : 0.33236610889434814
2019-02-02 17:43:25,094 - INFO: 6040: loss : 0.3160496950149536
2019-02-02 17:43:28,836 - INFO: 6060: loss : 0.31701862812042236
2019-02-02 17:43:32,650 - INFO: 6080: loss : 0.32441744208335876
2019-02-02 17:43:36,425 - INFO: 6100: loss : 0.3141084909439087
2019-02-02 17:43:40,234 - INFO: 6120: loss : 0.30661773681640625
2019-02-02 17:43:44,098 - INFO: 6140: loss : 0.309460312128067
2019-02-02 17:43:47,870 - INFO: 6160: loss : 0.3031449615955353
2019-02-02 17:43:51,641 - INFO: 6180: loss : 0.3138161301612854
2019-02-02 17:43:55,422 - INFO: 6200: loss : 0.3063625395298004
2019-02-02 17:43:59,235 - INFO: 6220: loss : 0.310889333486557
2019-02-02 17:44:02,943 - INFO: 6240: loss : 0.30218741297721863
2019-02-02 17:44:06,727 - INFO: 6260: loss : 0.3049522042274475
2019-02-02 17:44:10,471 - INFO: 6280: loss : 0.2939740717411041
2019-02-02 17:44:14,237 - INFO: 6300: loss : 0.3030470013618469
2019-02-02 17:44:18,014 - INFO: 6320: loss : 0.30694639682769775
2019-02-02 17:44:21,682 - INFO: 6340: loss : 0.2870931923389435
2019-02-02 17:44:25,447 - INFO: 6360: loss : 0.2981410026550293
2019-02-02 17:44:29,135 - INFO: 6380: loss : 0.2921401560306549
2019-02-02 17:44:32,882 - INFO: 6400: loss : 0.30373185873031616
2019-02-02 17:44:36,695 - INFO: 6420: loss : 0.28968164324760437
2019-02-02 17:44:40,443 - INFO: 6440: loss : 0.29407548904418945
2019-02-02 17:44:44,214 - INFO: 6460: loss : 0.30521121621131897
2019-02-02 17:44:47,988 - INFO: 6480: loss : 0.28490906953811646
2019-02-02 17:44:51,736 - INFO: 6500: loss : 0.2827562093734741
2019-02-02 17:44:55,454 - INFO: 6520: loss : 0.31030187010765076
2019-02-02 17:44:59,176 - INFO: 6540: loss : 0.2895362079143524
2019-02-02 17:45:02,960 - INFO: 6560: loss : 0.29477131366729736
2019-02-02 17:45:06,752 - INFO: 6580: loss : 0.28552913665771484
2019-02-02 17:45:10,519 - INFO: 6600: loss : 0.28609350323677063
2019-02-02 17:45:14,310 - INFO: 6620: loss : 0.28402429819107056
2019-02-02 17:45:18,124 - INFO: 6640: loss : 0.2912648320198059
2019-02-02 17:45:21,890 - INFO: 6660: loss : 0.2852446436882019
2019-02-02 17:45:25,582 - INFO: 6680: loss : 0.2791210412979126
2019-02-02 17:45:29,380 - INFO: 6700: loss : 0.2777726650238037
2019-02-02 17:45:33,163 - INFO: 6720: loss : 0.28790926933288574
2019-02-02 17:45:36,990 - INFO: 6740: loss : 0.28649163246154785
2019-02-02 17:45:40,804 - INFO: 6760: loss : 0.29010850191116333
2019-02-02 17:45:44,604 - INFO: 6780: loss : 0.28419673442840576
2019-02-02 17:45:48,388 - INFO: 6800: loss : 0.27349674701690674
2019-02-02 17:45:52,074 - INFO: 6820: loss : 0.27945446968078613
2019-02-02 17:45:55,847 - INFO: 6840: loss : 0.2689645290374756
2019-02-02 17:45:59,679 - INFO: 6860: loss : 0.26350218057632446
2019-02-02 17:46:03,475 - INFO: 6880: loss : 0.28589680790901184
2019-02-02 17:46:07,278 - INFO: 6900: loss : 0.2796797752380371
2019-02-02 17:46:11,063 - INFO: 6920: loss : 0.2720645070075989
2019-02-02 17:46:14,875 - INFO: 6940: loss : 0.26384997367858887
2019-02-02 17:46:18,692 - INFO: 6960: loss : 0.2644703984260559
2019-02-02 17:46:22,488 - INFO: 6980: loss : 0.2667953372001648
2019-02-02 17:46:26,240 - INFO: 7000: loss : 0.2713334858417511
2019-02-02 17:46:30,089 - INFO: 7020: loss : 0.26316991448402405
2019-02-02 17:46:33,756 - INFO: 7040: loss : 0.2662559449672699
2019-02-02 17:46:37,528 - INFO: 7060: loss : 0.2642505466938019
2019-02-02 17:46:41,235 - INFO: 7080: loss : 0.27402907609939575
2019-02-02 17:46:45,007 - INFO: 7100: loss : 0.2730010747909546
2019-02-02 17:46:48,898 - INFO: 7120: loss : 0.2659078538417816
2019-02-02 17:46:52,733 - INFO: 7140: loss : 0.2664331793785095
2019-02-02 17:46:56,571 - INFO: 7160: loss : 0.2708563804626465
2019-02-02 17:47:00,422 - INFO: 7180: loss : 0.2639755308628082
2019-02-02 17:47:04,195 - INFO: 7200: loss : 0.26258206367492676
2019-02-02 17:47:07,933 - INFO: 7220: loss : 0.25983545184135437
2019-02-02 17:47:11,709 - INFO: 7240: loss : 0.25484344363212585
2019-02-02 17:47:15,473 - INFO: 7260: loss : 0.2496015876531601
2019-02-02 17:47:19,219 - INFO: 7280: loss : 0.2552469074726105
2019-02-02 17:47:22,953 - INFO: 7300: loss : 0.25938549637794495
2019-02-02 17:47:26,723 - INFO: 7320: loss : 0.24554675817489624
2019-02-02 17:47:30,557 - INFO: 7340: loss : 0.24623410403728485
2019-02-02 17:47:34,326 - INFO: 7360: loss : 0.25565752387046814
2019-02-02 17:47:38,093 - INFO: 7380: loss : 0.26376771926879883
2019-02-02 17:47:41,892 - INFO: 7400: loss : 0.25264373421669006
2019-02-02 17:47:45,695 - INFO: 7420: loss : 0.25065717101097107
2019-02-02 17:47:49,447 - INFO: 7440: loss : 0.2502099275588989
2019-02-02 17:47:53,263 - INFO: 7460: loss : 0.25286737084388733
2019-02-02 17:47:57,115 - INFO: 7480: loss : 0.24328318238258362
2019-02-02 17:48:00,934 - INFO: 7500: loss : 0.2426409125328064
2019-02-02 17:48:04,764 - INFO: 7520: loss : 0.2601887285709381
2019-02-02 17:48:08,509 - INFO: 7540: loss : 0.2517778277397156
2019-02-02 17:48:12,265 - INFO: 7560: loss : 0.2563205063343048
2019-02-02 17:48:16,060 - INFO: 7580: loss : 0.2445247918367386
2019-02-02 17:48:19,839 - INFO: 7600: loss : 0.24567653238773346
2019-02-02 17:48:23,620 - INFO: 7620: loss : 0.24825674295425415
2019-02-02 17:48:27,439 - INFO: 7640: loss : 0.2347954511642456
2019-02-02 17:48:31,264 - INFO: 7660: loss : 0.25152480602264404
2019-02-02 17:48:34,964 - INFO: 7680: loss : 0.24081319570541382
2019-02-02 17:48:38,634 - INFO: 7700: loss : 0.24383418262004852
2019-02-02 17:48:42,425 - INFO: 7720: loss : 0.2513388991355896
2019-02-02 17:48:46,195 - INFO: 7740: loss : 0.23809371888637543
2019-02-02 17:48:50,004 - INFO: 7760: loss : 0.24167212843894958
2019-02-02 17:48:53,791 - INFO: 7780: loss : 0.2562633156776428
2019-02-02 17:48:57,636 - INFO: 7800: loss : 0.2360968142747879
2019-02-02 17:49:01,434 - INFO: 7820: loss : 0.24854080379009247
2019-02-02 17:49:05,305 - INFO: 7840: loss : 0.23336687684059143
2019-02-02 17:49:09,049 - INFO: 7860: loss : 0.23328083753585815
2019-02-02 17:49:12,812 - INFO: 7880: loss : 0.23535411059856415
2019-02-02 17:49:16,595 - INFO: 7900: loss : 0.22854726016521454
2019-02-02 17:49:20,313 - INFO: 7920: loss : 0.241712287068367
2019-02-02 17:49:24,057 - INFO: 7940: loss : 0.24860955774784088
2019-02-02 17:49:27,740 - INFO: 7960: loss : 0.23399147391319275
2019-02-02 17:49:31,533 - INFO: 7980: loss : 0.23505651950836182
2019-02-02 17:49:35,298 - INFO: 8000: loss : 0.23833933472633362
2019-02-02 17:49:39,143 - INFO: 8020: loss : 0.22108852863311768
2019-02-02 17:49:42,933 - INFO: 8040: loss : 0.22768305242061615
2019-02-02 17:49:46,710 - INFO: 8060: loss : 0.22046791017055511
2019-02-02 17:49:50,507 - INFO: 8080: loss : 0.22132010757923126
2019-02-02 17:49:54,302 - INFO: 8100: loss : 0.2292165458202362
2019-02-02 17:49:58,138 - INFO: 8120: loss : 0.22592011094093323
2019-02-02 17:50:01,929 - INFO: 8140: loss : 0.23025456070899963
2019-02-02 17:50:05,756 - INFO: 8160: loss : 0.22856870293617249
2019-02-02 17:50:09,567 - INFO: 8180: loss : 0.22357653081417084
2019-02-02 17:50:13,318 - INFO: 8200: loss : 0.22911860048770905
2019-02-02 17:50:17,113 - INFO: 8220: loss : 0.22229164838790894
2019-02-02 17:50:20,929 - INFO: 8240: loss : 0.22094102203845978
2019-02-02 17:50:24,610 - INFO: 8260: loss : 0.22021949291229248
2019-02-02 17:50:28,340 - INFO: 8280: loss : 0.2221994549036026
2019-02-02 17:50:32,099 - INFO: 8300: loss : 0.21983641386032104
2019-02-02 17:50:35,786 - INFO: 8320: loss : 0.22626078128814697
2019-02-02 17:50:39,473 - INFO: 8340: loss : 0.22068558633327484
2019-02-02 17:50:43,121 - INFO: 8360: loss : 0.2233991026878357
2019-02-02 17:50:46,897 - INFO: 8380: loss : 0.21463239192962646
2019-02-02 17:50:50,518 - INFO: 8400: loss : 0.22087322175502777
2019-02-02 17:50:54,286 - INFO: 8420: loss : 0.21550817787647247
2019-02-02 17:50:58,029 - INFO: 8440: loss : 0.22659718990325928
2019-02-02 17:51:01,792 - INFO: 8460: loss : 0.21611493825912476
2019-02-02 17:51:05,560 - INFO: 8480: loss : 0.22584109008312225
2019-02-02 17:51:09,296 - INFO: 8500: loss : 0.21561017632484436
2019-02-02 17:51:13,122 - INFO: 8520: loss : 0.2188870906829834
2019-02-02 17:51:16,969 - INFO: 8540: loss : 0.21583975851535797
2019-02-02 17:51:20,779 - INFO: 8560: loss : 0.21270354092121124
2019-02-02 17:51:24,557 - INFO: 8580: loss : 0.2309390902519226
2019-02-02 17:51:28,378 - INFO: 8600: loss : 0.20924101769924164
2019-02-02 17:51:32,124 - INFO: 8620: loss : 0.21536538004875183
2019-02-02 17:51:35,822 - INFO: 8640: loss : 0.20738425850868225
2019-02-02 17:51:39,613 - INFO: 8660: loss : 0.22418855130672455
2019-02-02 17:51:43,391 - INFO: 8680: loss : 0.21608023345470428
2019-02-02 17:51:47,169 - INFO: 8700: loss : 0.20934104919433594
2019-02-02 17:51:50,992 - INFO: 8720: loss : 0.2140551507472992
2019-02-02 17:51:54,845 - INFO: 8740: loss : 0.20974300801753998
2019-02-02 17:51:58,674 - INFO: 8760: loss : 0.2126491516828537
2019-02-02 17:52:02,474 - INFO: 8780: loss : 0.20675025880336761
2019-02-02 17:52:06,189 - INFO: 8800: loss : 0.21639062464237213
2019-02-02 17:52:10,055 - INFO: 8820: loss : 0.21987679600715637
2019-02-02 17:52:13,850 - INFO: 8840: loss : 0.22070375084877014
2019-02-02 17:52:17,618 - INFO: 8860: loss : 0.20932894945144653
2019-02-02 17:52:21,386 - INFO: 8880: loss : 0.21231216192245483
2019-02-02 17:52:25,115 - INFO: 8900: loss : 0.20169876515865326
2019-02-02 17:52:28,900 - INFO: 8920: loss : 0.2136077880859375
2019-02-02 17:52:32,708 - INFO: 8940: loss : 0.2096414864063263
2019-02-02 17:52:36,457 - INFO: 8960: loss : 0.2083689421415329
2019-02-02 17:52:40,211 - INFO: 8980: loss : 0.20312166213989258
2019-02-02 17:52:43,949 - INFO: 9000: loss : 0.21299386024475098
2019-02-02 17:52:47,804 - INFO: 9020: loss : 0.2094666063785553
2019-02-02 17:52:51,613 - INFO: 9040: loss : 0.20510172843933105
2019-02-02 17:52:55,377 - INFO: 9060: loss : 0.1989855319261551
2019-02-02 17:52:59,153 - INFO: 9080: loss : 0.20646998286247253
2019-02-02 17:53:02,881 - INFO: 9100: loss : 0.2092420756816864
2019-02-02 17:53:06,689 - INFO: 9120: loss : 0.21257786452770233
2019-02-02 17:53:10,466 - INFO: 9140: loss : 0.209762841463089
2019-02-02 17:53:14,265 - INFO: 9160: loss : 0.19482958316802979
2019-02-02 17:53:18,052 - INFO: 9180: loss : 0.20557136833667755
2019-02-02 17:53:21,852 - INFO: 9200: loss : 0.20425021648406982
2019-02-02 17:53:25,645 - INFO: 9220: loss : 0.20845288038253784
2019-02-02 17:53:29,457 - INFO: 9240: loss : 0.19919836521148682
2019-02-02 17:53:33,274 - INFO: 9260: loss : 0.2036583423614502
2019-02-02 17:53:37,076 - INFO: 9280: loss : 0.2000691294670105
2019-02-02 17:53:40,854 - INFO: 9300: loss : 0.1999213993549347
2019-02-02 17:53:44,642 - INFO: 9320: loss : 0.20210076868534088
2019-02-02 17:53:48,405 - INFO: 9340: loss : 0.19818918406963348
2019-02-02 17:53:52,169 - INFO: 9360: loss : 0.19206684827804565
2019-02-02 17:53:55,934 - INFO: 9380: loss : 0.19245655834674835
2019-02-02 17:53:59,752 - INFO: 9400: loss : 0.19342614710330963
2019-02-02 17:54:03,586 - INFO: 9420: loss : 0.19881756603717804
2019-02-02 17:54:07,345 - INFO: 9440: loss : 0.1878361999988556
2019-02-02 17:54:11,160 - INFO: 9460: loss : 0.1976795494556427
2019-02-02 17:54:14,942 - INFO: 9480: loss : 0.18528616428375244
2019-02-02 17:54:18,737 - INFO: 9500: loss : 0.18880270421504974
2019-02-02 17:54:22,508 - INFO: 9520: loss : 0.19270771741867065
2019-02-02 17:54:26,236 - INFO: 9540: loss : 0.18694645166397095
2019-02-02 17:54:30,070 - INFO: 9560: loss : 0.19122405350208282
2019-02-02 17:54:33,901 - INFO: 9580: loss : 0.1823330670595169
2019-02-02 17:54:37,685 - INFO: 9600: loss : 0.19564594328403473
2019-02-02 17:54:41,355 - INFO: 9620: loss : 0.19768285751342773
2019-02-02 17:54:45,109 - INFO: 9640: loss : 0.19586387276649475
2019-02-02 17:54:48,824 - INFO: 9660: loss : 0.20251111686229706
2019-02-02 17:54:52,527 - INFO: 9680: loss : 0.20075368881225586
2019-02-02 17:54:56,256 - INFO: 9700: loss : 0.18971046805381775
2019-02-02 17:54:59,949 - INFO: 9720: loss : 0.18715700507164001
2019-02-02 17:55:03,696 - INFO: 9740: loss : 0.19198162853717804
2019-02-02 17:55:07,343 - INFO: 9760: loss : 0.19511081278324127
2019-02-02 17:55:11,162 - INFO: 9780: loss : 0.18999765813350677
2019-02-02 17:55:14,930 - INFO: 9800: loss : 0.19014063477516174
2019-02-02 17:55:18,692 - INFO: 9820: loss : 0.1835137903690338
2019-02-02 17:55:22,513 - INFO: 9840: loss : 0.18306058645248413
2019-02-02 17:55:26,255 - INFO: 9860: loss : 0.19155721366405487
2019-02-02 17:55:30,025 - INFO: 9880: loss : 0.18492929637432098
2019-02-02 17:55:33,796 - INFO: 9900: loss : 0.19310620427131653
2019-02-02 17:55:37,585 - INFO: 9920: loss : 0.19186578691005707
2019-02-02 17:55:41,345 - INFO: 9940: loss : 0.18665507435798645
2019-02-02 17:55:45,185 - INFO: 9960: loss : 0.19527342915534973
2019-02-02 17:55:49,000 - INFO: 9980: loss : 0.18657928705215454
2019-02-02 17:55:52,778 - INFO: 10000: loss : 0.1758231818675995
2019-02-02 17:55:56,683 - INFO: 10020: loss : 0.19061604142189026
2019-02-02 17:56:00,489 - INFO: 10040: loss : 0.18537414073944092
2019-02-02 17:56:04,259 - INFO: 10060: loss : 0.19764792919158936
2019-02-02 17:56:08,095 - INFO: 10080: loss : 0.1857103407382965
2019-02-02 17:56:11,863 - INFO: 10100: loss : 0.19351379573345184
2019-02-02 17:56:15,608 - INFO: 10120: loss : 0.19121377170085907
2019-02-02 17:56:19,388 - INFO: 10140: loss : 0.18472301959991455
2019-02-02 17:56:23,150 - INFO: 10160: loss : 0.17425857484340668
2019-02-02 17:56:26,928 - INFO: 10180: loss : 0.18072177469730377
2019-02-02 17:56:30,718 - INFO: 10200: loss : 0.17545901238918304
2019-02-02 17:56:34,497 - INFO: 10220: loss : 0.1915714591741562
2019-02-02 17:56:38,251 - INFO: 10240: loss : 0.18147249519824982
2019-02-02 17:56:42,079 - INFO: 10260: loss : 0.19195163249969482
2019-02-02 17:56:45,872 - INFO: 10280: loss : 0.17905372381210327
2019-02-02 17:56:49,637 - INFO: 10300: loss : 0.18527713418006897
2019-02-02 17:56:53,492 - INFO: 10320: loss : 0.1805296540260315
2019-02-02 17:56:57,269 - INFO: 10340: loss : 0.17922106385231018
2019-02-02 17:57:01,038 - INFO: 10360: loss : 0.17828240990638733
2019-02-02 17:57:04,857 - INFO: 10380: loss : 0.1860877424478531
2019-02-02 17:57:08,724 - INFO: 10400: loss : 0.18720358610153198
2019-02-02 17:57:12,548 - INFO: 10420: loss : 0.1753324419260025
2019-02-02 17:57:16,327 - INFO: 10440: loss : 0.18215540051460266
2019-02-02 17:57:20,143 - INFO: 10460: loss : 0.1794288158416748
2019-02-02 17:57:23,930 - INFO: 10480: loss : 0.180144265294075
2019-02-02 17:57:27,722 - INFO: 10500: loss : 0.17886629700660706
2019-02-02 17:57:31,498 - INFO: 10520: loss : 0.17477604746818542
2019-02-02 17:57:35,220 - INFO: 10540: loss : 0.17145968973636627
2019-02-02 17:57:38,900 - INFO: 10560: loss : 0.17746195197105408
2019-02-02 17:57:42,718 - INFO: 10580: loss : 0.17215180397033691
2019-02-02 17:57:46,532 - INFO: 10600: loss : 0.1780850738286972
2019-02-02 17:57:50,336 - INFO: 10620: loss : 0.1783015877008438
2019-02-02 17:57:54,058 - INFO: 10640: loss : 0.17142002284526825
2019-02-02 17:57:57,826 - INFO: 10660: loss : 0.18178771436214447
2019-02-02 17:58:01,560 - INFO: 10680: loss : 0.173614501953125
2019-02-02 17:58:05,325 - INFO: 10700: loss : 0.18388372659683228
2019-02-02 17:58:09,119 - INFO: 10720: loss : 0.17668284475803375
2019-02-02 17:58:12,903 - INFO: 10740: loss : 0.17674025893211365
2019-02-02 17:58:16,654 - INFO: 10760: loss : 0.17405050992965698
2019-02-02 17:58:20,385 - INFO: 10780: loss : 0.1779816448688507
2019-02-02 17:58:24,069 - INFO: 10800: loss : 0.1789519488811493
2019-02-02 17:58:27,801 - INFO: 10820: loss : 0.1721198558807373
2019-02-02 17:58:31,571 - INFO: 10840: loss : 0.16564933955669403
2019-02-02 17:58:35,326 - INFO: 10860: loss : 0.16571839153766632
2019-02-02 17:58:39,016 - INFO: 10880: loss : 0.17460544407367706
2019-02-02 17:58:42,764 - INFO: 10900: loss : 0.17543572187423706
2019-02-02 17:58:46,491 - INFO: 10920: loss : 0.16846352815628052
2019-02-02 17:58:50,248 - INFO: 10940: loss : 0.16971993446350098
2019-02-02 17:58:54,106 - INFO: 10960: loss : 0.17232565581798553
2019-02-02 17:58:57,923 - INFO: 10980: loss : 0.1693066954612732
2019-02-02 17:59:01,821 - INFO: 11000: loss : 0.17560675740242004
2019-02-02 17:59:05,735 - INFO: 11020: loss : 0.16148394346237183
2019-02-02 17:59:09,523 - INFO: 11040: loss : 0.16820119321346283
2019-02-02 17:59:13,294 - INFO: 11060: loss : 0.17867806553840637
2019-02-02 17:59:17,098 - INFO: 11080: loss : 0.16213564574718475
2019-02-02 17:59:20,847 - INFO: 11100: loss : 0.1615201085805893
2019-02-02 17:59:24,607 - INFO: 11120: loss : 0.16749583184719086
2019-02-02 17:59:28,368 - INFO: 11140: loss : 0.17165601253509521
2019-02-02 17:59:32,135 - INFO: 11160: loss : 0.171428844332695
2019-02-02 17:59:35,891 - INFO: 11180: loss : 0.175024151802063
2019-02-02 17:59:39,680 - INFO: 11200: loss : 0.16791598498821259
2019-02-02 17:59:43,483 - INFO: 11220: loss : 0.16716986894607544
2019-02-02 17:59:47,285 - INFO: 11240: loss : 0.17147651314735413
2019-02-02 17:59:51,007 - INFO: 11260: loss : 0.16896842420101166
2019-02-02 17:59:54,782 - INFO: 11280: loss : 0.16760237514972687
2019-02-02 17:59:58,572 - INFO: 11300: loss : 0.16538105905056
2019-02-02 18:00:02,377 - INFO: 11320: loss : 0.17290997505187988
2019-02-02 18:00:06,196 - INFO: 11340: loss : 0.16250154376029968
2019-02-02 18:00:09,986 - INFO: 11360: loss : 0.15622012317180634
2019-02-02 18:00:13,810 - INFO: 11380: loss : 0.15778079628944397
2019-02-02 18:00:17,589 - INFO: 11400: loss : 0.15688113868236542
2019-02-02 18:00:21,326 - INFO: 11420: loss : 0.1587001532316208
2019-02-02 18:00:25,097 - INFO: 11440: loss : 0.1700487583875656
2019-02-02 18:00:28,898 - INFO: 11460: loss : 0.18111102283000946
2019-02-02 18:00:32,672 - INFO: 11480: loss : 0.16756528615951538
2019-02-02 18:00:36,506 - INFO: 11500: loss : 0.1705516129732132
2019-02-02 18:00:40,288 - INFO: 11520: loss : 0.1590360701084137
2019-02-02 18:00:44,096 - INFO: 11540: loss : 0.18305209279060364
2019-02-02 18:00:47,921 - INFO: 11560: loss : 0.16830870509147644
2019-02-02 18:00:51,648 - INFO: 11580: loss : 0.16978028416633606
2019-02-02 18:00:55,415 - INFO: 11600: loss : 0.16278284788131714
2019-02-02 18:00:59,237 - INFO: 11620: loss : 0.16384944319725037
2019-02-02 18:01:03,009 - INFO: 11640: loss : 0.16468174755573273
2019-02-02 18:01:06,804 - INFO: 11660: loss : 0.1644090712070465
2019-02-02 18:01:10,554 - INFO: 11680: loss : 0.15802796185016632
2019-02-02 18:01:14,277 - INFO: 11700: loss : 0.16978831589221954
2019-02-02 18:01:18,067 - INFO: 11720: loss : 0.162882462143898
2019-02-02 18:01:21,781 - INFO: 11740: loss : 0.16825175285339355
2019-02-02 18:01:25,564 - INFO: 11760: loss : 0.16659045219421387
2019-02-02 18:01:29,301 - INFO: 11780: loss : 0.17076919972896576
2019-02-02 18:01:33,138 - INFO: 11800: loss : 0.1622104048728943
2019-02-02 18:01:36,931 - INFO: 11820: loss : 0.16674822568893433
2019-02-02 18:01:40,629 - INFO: 11840: loss : 0.16189336776733398
2019-02-02 18:01:44,417 - INFO: 11860: loss : 0.15595069527626038
2019-02-02 18:01:48,182 - INFO: 11880: loss : 0.16195331513881683
2019-02-02 18:01:51,955 - INFO: 11900: loss : 0.16354672610759735
2019-02-02 18:01:55,690 - INFO: 11920: loss : 0.16559822857379913
2019-02-02 18:01:59,458 - INFO: 11940: loss : 0.1620372086763382
2019-02-02 18:02:03,236 - INFO: 11960: loss : 0.1616028994321823
2019-02-02 18:02:07,056 - INFO: 11980: loss : 0.1579098105430603
2019-02-02 18:02:10,795 - INFO: 12000: loss : 0.15977738797664642
2019-02-02 18:02:14,708 - INFO: 12020: loss : 0.16723494231700897
2019-02-02 18:02:18,474 - INFO: 12040: loss : 0.16213549673557281
2019-02-02 18:02:22,257 - INFO: 12060: loss : 0.15663442015647888
2019-02-02 18:02:26,056 - INFO: 12080: loss : 0.14886486530303955
2019-02-02 18:02:29,853 - INFO: 12100: loss : 0.15570001304149628
2019-02-02 18:02:33,618 - INFO: 12120: loss : 0.14921003580093384
2019-02-02 18:02:37,420 - INFO: 12140: loss : 0.16528478264808655
2019-02-02 18:02:41,209 - INFO: 12160: loss : 0.17186996340751648
2019-02-02 18:02:45,057 - INFO: 12180: loss : 0.16123469173908234
2019-02-02 18:02:48,843 - INFO: 12200: loss : 0.149054154753685
2019-02-02 18:02:52,631 - INFO: 12220: loss : 0.1557108759880066
2019-02-02 18:02:56,487 - INFO: 12240: loss : 0.15205782651901245
2019-02-02 18:03:00,305 - INFO: 12260: loss : 0.16265769302845
2019-02-02 18:03:04,014 - INFO: 12280: loss : 0.16759294271469116
2019-02-02 18:03:07,715 - INFO: 12300: loss : 0.15766100585460663
2019-02-02 18:03:11,395 - INFO: 12320: loss : 0.16121603548526764
2019-02-02 18:03:15,158 - INFO: 12340: loss : 0.16119901835918427
2019-02-02 18:03:18,864 - INFO: 12360: loss : 0.15025171637535095
2019-02-02 18:03:22,608 - INFO: 12380: loss : 0.16179867088794708
2019-02-02 18:03:26,365 - INFO: 12400: loss : 0.15756171941757202
2019-02-02 18:03:30,022 - INFO: 12420: loss : 0.14715419709682465
2019-02-02 18:03:33,752 - INFO: 12440: loss : 0.15756429731845856
2019-02-02 18:03:37,501 - INFO: 12460: loss : 0.15336444973945618
2019-02-02 18:03:41,224 - INFO: 12480: loss : 0.14996516704559326
2019-02-02 18:03:44,931 - INFO: 12500: loss : 0.15682052075862885
2019-02-02 18:03:48,541 - INFO: 12520: loss : 0.15614454448223114
2019-02-02 18:03:52,295 - INFO: 12540: loss : 0.15191231667995453
2019-02-02 18:03:56,029 - INFO: 12560: loss : 0.14829212427139282
2019-02-02 18:03:59,688 - INFO: 12580: loss : 0.14943931996822357
2019-02-02 18:04:03,436 - INFO: 12600: loss : 0.14970797300338745
2019-02-02 18:04:07,068 - INFO: 12620: loss : 0.15111036598682404
2019-02-02 18:04:10,842 - INFO: 12640: loss : 0.16029644012451172
2019-02-02 18:04:14,585 - INFO: 12660: loss : 0.1481284201145172
2019-02-02 18:04:18,320 - INFO: 12680: loss : 0.14332130551338196
2019-02-02 18:04:21,891 - INFO: 12700: loss : 0.143874391913414
2019-02-02 18:04:25,495 - INFO: 12720: loss : 0.16069507598876953
2019-02-02 18:04:29,207 - INFO: 12740: loss : 0.1574958860874176
2019-02-02 18:04:32,971 - INFO: 12760: loss : 0.1499052792787552
2019-02-02 18:04:36,706 - INFO: 12780: loss : 0.15636231005191803
2019-02-02 18:04:40,373 - INFO: 12800: loss : 0.14888378977775574
2019-02-02 18:04:43,971 - INFO: 12820: loss : 0.15177956223487854
2019-02-02 18:04:47,694 - INFO: 12840: loss : 0.15114158391952515
2019-02-02 18:04:51,323 - INFO: 12860: loss : 0.15157335996627808
2019-02-02 18:04:55,021 - INFO: 12880: loss : 0.14492234587669373
2019-02-02 18:04:58,743 - INFO: 12900: loss : 0.14713725447654724
2019-02-02 18:05:02,427 - INFO: 12920: loss : 0.1424737274646759
2019-02-02 18:05:06,090 - INFO: 12940: loss : 0.1582842320203781
2019-02-02 18:05:09,796 - INFO: 12960: loss : 0.14664533734321594
2019-02-02 18:05:13,501 - INFO: 12980: loss : 0.14973585307598114
2019-02-02 18:05:17,160 - INFO: 13000: loss : 0.1521669626235962
2019-02-02 18:05:20,998 - INFO: 13020: loss : 0.14900121092796326
2019-02-02 18:05:24,719 - INFO: 13040: loss : 0.14655186235904694
2019-02-02 18:05:28,472 - INFO: 13060: loss : 0.14897695183753967
2019-02-02 18:05:32,236 - INFO: 13080: loss : 0.14336542785167694
2019-02-02 18:05:35,927 - INFO: 13100: loss : 0.1590701788663864
2019-02-02 18:05:39,631 - INFO: 13120: loss : 0.15006354451179504
2019-02-02 18:05:43,317 - INFO: 13140: loss : 0.15148380398750305
2019-02-02 18:05:47,046 - INFO: 13160: loss : 0.14493942260742188
2019-02-02 18:05:50,706 - INFO: 13180: loss : 0.14533475041389465
2019-02-02 18:05:54,456 - INFO: 13200: loss : 0.15335623919963837
2019-02-02 18:05:58,223 - INFO: 13220: loss : 0.14852002263069153
2019-02-02 18:06:01,957 - INFO: 13240: loss : 0.14855635166168213
2019-02-02 18:06:05,676 - INFO: 13260: loss : 0.14318782091140747
2019-02-02 18:06:09,453 - INFO: 13280: loss : 0.14349991083145142
2019-02-02 18:06:13,131 - INFO: 13300: loss : 0.15325608849525452
2019-02-02 18:06:16,896 - INFO: 13320: loss : 0.15398117899894714
2019-02-02 18:06:20,490 - INFO: 13340: loss : 0.14809098839759827
2019-02-02 18:06:24,239 - INFO: 13360: loss : 0.15205831825733185
2019-02-02 18:06:27,904 - INFO: 13380: loss : 0.15151120722293854
2019-02-02 18:06:31,591 - INFO: 13400: loss : 0.15216724574565887
2019-02-02 18:06:35,241 - INFO: 13420: loss : 0.14911524951457977
2019-02-02 18:06:38,872 - INFO: 13440: loss : 0.15440736711025238
2019-02-02 18:06:42,651 - INFO: 13460: loss : 0.15144923329353333
2019-02-02 18:06:46,352 - INFO: 13480: loss : 0.13809596002101898
2019-02-02 18:06:50,024 - INFO: 13500: loss : 0.15162479877471924
2019-02-02 18:06:53,728 - INFO: 13520: loss : 0.15688744187355042
2019-02-02 18:06:57,485 - INFO: 13540: loss : 0.14716166257858276
2019-02-02 18:07:01,150 - INFO: 13560: loss : 0.1519641876220703
2019-02-02 18:07:04,866 - INFO: 13580: loss : 0.14887288212776184
2019-02-02 18:07:08,521 - INFO: 13600: loss : 0.14055579900741577
2019-02-02 18:07:12,288 - INFO: 13620: loss : 0.13965320587158203
2019-02-02 18:07:16,041 - INFO: 13640: loss : 0.14780718088150024
2019-02-02 18:07:19,801 - INFO: 13660: loss : 0.14793628454208374
2019-02-02 18:07:23,486 - INFO: 13680: loss : 0.13775059580802917
2019-02-02 18:07:27,167 - INFO: 13700: loss : 0.14054518938064575
2019-02-02 18:07:30,941 - INFO: 13720: loss : 0.14035773277282715
2019-02-02 18:07:34,661 - INFO: 13740: loss : 0.14353305101394653
2019-02-02 18:07:38,434 - INFO: 13760: loss : 0.15190690755844116
2019-02-02 18:07:42,173 - INFO: 13780: loss : 0.14535388350486755
2019-02-02 18:07:45,892 - INFO: 13800: loss : 0.13710442185401917
2019-02-02 18:07:49,642 - INFO: 13820: loss : 0.14854943752288818
2019-02-02 18:07:53,412 - INFO: 13840: loss : 0.14284305274486542
2019-02-02 18:07:57,035 - INFO: 13860: loss : 0.1485750526189804
2019-02-02 18:08:00,778 - INFO: 13880: loss : 0.14640307426452637
2019-02-02 18:08:04,457 - INFO: 13900: loss : 0.14002303779125214
2019-02-02 18:08:08,140 - INFO: 13920: loss : 0.14211778342723846
2019-02-02 18:08:11,873 - INFO: 13940: loss : 0.14135894179344177
2019-02-02 18:08:15,606 - INFO: 13960: loss : 0.14319844543933868
2019-02-02 18:08:19,239 - INFO: 13980: loss : 0.14299875497817993
2019-02-02 18:08:22,930 - INFO: 14000: loss : 0.14586225152015686
2019-02-02 18:08:26,605 - INFO: 14020: loss : 0.14165759086608887
2019-02-02 18:08:30,315 - INFO: 14040: loss : 0.13861031830310822
2019-02-02 18:08:34,063 - INFO: 14060: loss : 0.14833995699882507
2019-02-02 18:08:37,795 - INFO: 14080: loss : 0.136810764670372
2019-02-02 18:08:41,531 - INFO: 14100: loss : 0.14095193147659302
2019-02-02 18:08:45,226 - INFO: 14120: loss : 0.14095129072666168
2019-02-02 18:08:48,979 - INFO: 14140: loss : 0.14889425039291382
2019-02-02 18:08:52,566 - INFO: 14160: loss : 0.14763055741786957
2019-02-02 18:08:56,294 - INFO: 14180: loss : 0.1356523633003235
2019-02-02 18:09:00,064 - INFO: 14200: loss : 0.13874344527721405
2019-02-02 18:09:03,780 - INFO: 14220: loss : 0.14326906204223633
2019-02-02 18:09:07,486 - INFO: 14240: loss : 0.13668560981750488
2019-02-02 18:09:11,206 - INFO: 14260: loss : 0.14381344616413116
2019-02-02 18:09:14,896 - INFO: 14280: loss : 0.14334766566753387
2019-02-02 18:09:18,621 - INFO: 14300: loss : 0.14310038089752197
2019-02-02 18:09:22,370 - INFO: 14320: loss : 0.1400599628686905
2019-02-02 18:09:26,103 - INFO: 14340: loss : 0.13929584622383118
2019-02-02 18:09:29,648 - INFO: 14360: loss : 0.14342088997364044
2019-02-02 18:09:33,348 - INFO: 14380: loss : 0.1471678763628006
2019-02-02 18:09:37,041 - INFO: 14400: loss : 0.1459905505180359
2019-02-02 18:09:40,806 - INFO: 14420: loss : 0.14131249487400055
2019-02-02 18:09:44,548 - INFO: 14440: loss : 0.1412382423877716
2019-02-02 18:09:48,304 - INFO: 14460: loss : 0.13671542704105377
2019-02-02 18:09:51,885 - INFO: 14480: loss : 0.1376325935125351
2019-02-02 18:09:55,578 - INFO: 14500: loss : 0.1526040881872177
2019-02-02 18:09:59,346 - INFO: 14520: loss : 0.1420198380947113
2019-02-02 18:10:03,129 - INFO: 14540: loss : 0.13314197957515717
2019-02-02 18:10:06,833 - INFO: 14560: loss : 0.1386604607105255
2019-02-02 18:10:10,571 - INFO: 14580: loss : 0.13991157710552216
2019-02-02 18:10:14,144 - INFO: 14600: loss : 0.14048407971858978
2019-02-02 18:10:17,871 - INFO: 14620: loss : 0.14356335997581482
2019-02-02 18:10:21,636 - INFO: 14640: loss : 0.13321569561958313
2019-02-02 18:10:25,391 - INFO: 14660: loss : 0.13807030022144318
2019-02-02 18:10:29,123 - INFO: 14680: loss : 0.1430487185716629
2019-02-02 18:10:32,880 - INFO: 14700: loss : 0.14164778590202332
2019-02-02 18:10:36,625 - INFO: 14720: loss : 0.13753092288970947
2019-02-02 18:10:40,345 - INFO: 14740: loss : 0.13731175661087036
2019-02-02 18:10:44,076 - INFO: 14760: loss : 0.14567187428474426
2019-02-02 18:10:47,789 - INFO: 14780: loss : 0.14270544052124023
2019-02-02 18:10:51,443 - INFO: 14800: loss : 0.1367427557706833
2019-02-02 18:10:55,206 - INFO: 14820: loss : 0.14184068143367767
2019-02-02 18:10:58,931 - INFO: 14840: loss : 0.1386093944311142
2019-02-02 18:11:02,657 - INFO: 14860: loss : 0.13618038594722748
2019-02-02 18:11:06,364 - INFO: 14880: loss : 0.13564974069595337
2019-02-02 18:11:10,134 - INFO: 14900: loss : 0.13780871033668518
2019-02-02 18:11:13,886 - INFO: 14920: loss : 0.1509295254945755
2019-02-02 18:11:17,599 - INFO: 14940: loss : 0.15366610884666443
2019-02-02 18:11:21,342 - INFO: 14960: loss : 0.13858972489833832
2019-02-02 18:11:25,074 - INFO: 14980: loss : 0.14831066131591797
2019-02-02 18:11:28,834 - INFO: 15000: loss : 0.14238855242729187
2019-02-02 18:11:32,654 - INFO: 15020: loss : 0.13347235321998596
2019-02-02 18:11:36,373 - INFO: 15040: loss : 0.15621818602085114
2019-02-02 18:11:40,147 - INFO: 15060: loss : 0.13947847485542297
2019-02-02 18:11:43,793 - INFO: 15080: loss : 0.13368143141269684
2019-02-02 18:11:47,477 - INFO: 15100: loss : 0.14843425154685974
2019-02-02 18:11:51,199 - INFO: 15120: loss : 0.13968302309513092
2019-02-02 18:11:54,950 - INFO: 15140: loss : 0.1326880156993866
2019-02-02 18:11:58,671 - INFO: 15160: loss : 0.133545383810997
2019-02-02 18:12:02,452 - INFO: 15180: loss : 0.14410477876663208
2019-02-02 18:12:06,119 - INFO: 15200: loss : 0.1391003578901291
2019-02-02 18:12:09,830 - INFO: 15220: loss : 0.13779303431510925
2019-02-02 18:12:13,582 - INFO: 15240: loss : 0.13697406649589539
2019-02-02 18:12:17,277 - INFO: 15260: loss : 0.14390766620635986
2019-02-02 18:12:20,817 - INFO: 15280: loss : 0.1418183296918869
2019-02-02 18:12:24,496 - INFO: 15300: loss : 0.13805347681045532
2019-02-02 18:12:28,071 - INFO: 15320: loss : 0.13051387667655945
2019-02-02 18:12:31,726 - INFO: 15340: loss : 0.13155235350131989
2019-02-02 18:12:35,366 - INFO: 15360: loss : 0.1392451524734497
2019-02-02 18:12:39,161 - INFO: 15380: loss : 0.1369316279888153
2019-02-02 18:12:42,870 - INFO: 15400: loss : 0.14039930701255798
2019-02-02 18:12:46,559 - INFO: 15420: loss : 0.1334494799375534
2019-02-02 18:12:50,169 - INFO: 15440: loss : 0.13892127573490143
2019-02-02 18:12:53,846 - INFO: 15460: loss : 0.12530645728111267
2019-02-02 18:12:57,403 - INFO: 15480: loss : 0.13536791503429413
2019-02-02 18:13:01,163 - INFO: 15500: loss : 0.13300897181034088
2019-02-02 18:13:04,867 - INFO: 15520: loss : 0.13184620440006256
2019-02-02 18:13:08,565 - INFO: 15540: loss : 0.14137524366378784
2019-02-02 18:13:12,279 - INFO: 15560: loss : 0.14471155405044556
2019-02-02 18:13:16,028 - INFO: 15580: loss : 0.13856644928455353
2019-02-02 18:13:19,736 - INFO: 15600: loss : 0.14883798360824585
2019-02-02 18:13:23,383 - INFO: 15620: loss : 0.12916910648345947
2019-02-02 18:13:27,022 - INFO: 15640: loss : 0.12614209949970245
2019-02-02 18:13:30,670 - INFO: 15660: loss : 0.14039309322834015
2019-02-02 18:13:34,350 - INFO: 15680: loss : 0.13626457750797272
2019-02-02 18:13:38,090 - INFO: 15700: loss : 0.1364963799715042
2019-02-02 18:13:41,694 - INFO: 15720: loss : 0.14317360520362854
2019-02-02 18:13:45,445 - INFO: 15740: loss : 0.13973447680473328
2019-02-02 18:13:49,162 - INFO: 15760: loss : 0.14135435223579407
2019-02-02 18:13:52,902 - INFO: 15780: loss : 0.14573639631271362
2019-02-02 18:13:56,673 - INFO: 15800: loss : 0.14784139394760132
2019-02-02 18:14:00,345 - INFO: 15820: loss : 0.13890473544597626
2019-02-02 18:14:04,104 - INFO: 15840: loss : 0.12688316404819489
2019-02-02 18:14:07,812 - INFO: 15860: loss : 0.130544975399971
2019-02-02 18:14:11,525 - INFO: 15880: loss : 0.13638806343078613
2019-02-02 18:14:15,275 - INFO: 15900: loss : 0.13238753378391266
2019-02-02 18:14:18,958 - INFO: 15920: loss : 0.13416658341884613
2019-02-02 18:14:22,591 - INFO: 15940: loss : 0.1333698332309723
2019-02-02 18:14:26,323 - INFO: 15960: loss : 0.13435901701450348
2019-02-02 18:14:30,034 - INFO: 15980: loss : 0.1437998265028
2019-02-02 18:14:33,657 - INFO: 16000: loss : 0.1224454790353775
2019-02-02 18:14:37,439 - INFO: 16020: loss : 0.12759189307689667
2019-02-02 18:14:41,150 - INFO: 16040: loss : 0.1354314684867859
2019-02-02 18:14:44,800 - INFO: 16060: loss : 0.13163357973098755
2019-02-02 18:14:48,407 - INFO: 16080: loss : 0.13848276436328888
2019-02-02 18:14:52,082 - INFO: 16100: loss : 0.13296151161193848
2019-02-02 18:14:55,842 - INFO: 16120: loss : 0.13328108191490173
2019-02-02 18:14:59,629 - INFO: 16140: loss : 0.13407745957374573
2019-02-02 18:15:03,357 - INFO: 16160: loss : 0.1322721242904663
2019-02-02 18:15:07,000 - INFO: 16180: loss : 0.13180407881736755
2019-02-02 18:15:10,757 - INFO: 16200: loss : 0.13406896591186523
2019-02-02 18:15:14,461 - INFO: 16220: loss : 0.1288328915834427
2019-02-02 18:15:18,164 - INFO: 16240: loss : 0.1278763711452484
2019-02-02 18:15:21,891 - INFO: 16260: loss : 0.12992852926254272
2019-02-02 18:15:25,583 - INFO: 16280: loss : 0.13019701838493347
2019-02-02 18:15:29,318 - INFO: 16300: loss : 0.13432395458221436
2019-02-02 18:15:33,054 - INFO: 16320: loss : 0.13605926930904388
2019-02-02 18:15:36,683 - INFO: 16340: loss : 0.12927863001823425
2019-02-02 18:15:40,437 - INFO: 16360: loss : 0.12769857048988342
2019-02-02 18:15:44,099 - INFO: 16380: loss : 0.12912775576114655
2019-02-02 18:15:47,783 - INFO: 16400: loss : 0.13903167843818665
2019-02-02 18:15:51,493 - INFO: 16420: loss : 0.13277006149291992
2019-02-02 18:15:55,256 - INFO: 16440: loss : 0.13719883561134338
2019-02-02 18:15:58,903 - INFO: 16460: loss : 0.1367664486169815
2019-02-02 18:16:02,552 - INFO: 16480: loss : 0.12805508077144623
2019-02-02 18:16:06,249 - INFO: 16500: loss : 0.13747461140155792
2019-02-02 18:16:09,993 - INFO: 16520: loss : 0.12952043116092682
2019-02-02 18:16:13,733 - INFO: 16540: loss : 0.13607335090637207
2019-02-02 18:16:17,427 - INFO: 16560: loss : 0.1378152072429657
2019-02-02 18:16:21,187 - INFO: 16580: loss : 0.12685272097587585
2019-02-02 18:16:24,811 - INFO: 16600: loss : 0.13611242175102234
2019-02-02 18:16:28,587 - INFO: 16620: loss : 0.1338452845811844
2019-02-02 18:16:32,329 - INFO: 16640: loss : 0.12697415053844452
2019-02-02 18:16:35,872 - INFO: 16660: loss : 0.1367073953151703
2019-02-02 18:16:39,644 - INFO: 16680: loss : 0.1327102929353714
2019-02-02 18:16:43,353 - INFO: 16700: loss : 0.12777100503444672
2019-02-02 18:16:47,097 - INFO: 16720: loss : 0.13102410733699799
2019-02-02 18:16:50,723 - INFO: 16740: loss : 0.13090190291404724
2019-02-02 18:16:54,384 - INFO: 16760: loss : 0.12523603439331055
2019-02-02 18:16:57,934 - INFO: 16780: loss : 0.13413865864276886
2019-02-02 18:17:01,601 - INFO: 16800: loss : 0.12774820625782013
2019-02-02 18:17:05,298 - INFO: 16820: loss : 0.13257862627506256
2019-02-02 18:17:08,899 - INFO: 16840: loss : 0.13139557838439941
2019-02-02 18:17:12,649 - INFO: 16860: loss : 0.12980534136295319
2019-02-02 18:17:16,364 - INFO: 16880: loss : 0.13038180768489838
2019-02-02 18:17:20,032 - INFO: 16900: loss : 0.12455669045448303
2019-02-02 18:17:23,782 - INFO: 16920: loss : 0.1322975605726242
2019-02-02 18:17:27,539 - INFO: 16940: loss : 0.13781464099884033
2019-02-02 18:17:31,253 - INFO: 16960: loss : 0.1372852474451065
2019-02-02 18:17:35,014 - INFO: 16980: loss : 0.1288444548845291
2019-02-02 18:17:38,772 - INFO: 17000: loss : 0.13775327801704407
2019-02-02 18:17:42,543 - INFO: 17020: loss : 0.13052742183208466
2019-02-02 18:17:46,202 - INFO: 17040: loss : 0.12790872156620026
2019-02-02 18:17:49,931 - INFO: 17060: loss : 0.1281176209449768
2019-02-02 18:17:53,711 - INFO: 17080: loss : 0.12974169850349426
2019-02-02 18:17:57,450 - INFO: 17100: loss : 0.12623919546604156
2019-02-02 18:18:01,126 - INFO: 17120: loss : 0.13417626917362213
2019-02-02 18:18:04,648 - INFO: 17140: loss : 0.14131826162338257
2019-02-02 18:18:08,209 - INFO: 17160: loss : 0.1307065784931183
2019-02-02 18:18:11,896 - INFO: 17180: loss : 0.12498282641172409
2019-02-02 18:18:15,607 - INFO: 17200: loss : 0.12618646025657654
2019-02-02 18:18:19,283 - INFO: 17220: loss : 0.13344667851924896
2019-02-02 18:18:22,955 - INFO: 17240: loss : 0.11758255213499069
2019-02-02 18:18:26,674 - INFO: 17260: loss : 0.12536205351352692
2019-02-02 18:18:30,446 - INFO: 17280: loss : 0.12995782494544983
2019-02-02 18:18:34,167 - INFO: 17300: loss : 0.12285207957029343
2019-02-02 18:18:37,815 - INFO: 17320: loss : 0.1333625614643097
2019-02-02 18:18:41,566 - INFO: 17340: loss : 0.12761190533638
2019-02-02 18:18:45,208 - INFO: 17360: loss : 0.12358935177326202
2019-02-02 18:18:48,947 - INFO: 17380: loss : 0.13684451580047607
2019-02-02 18:18:52,644 - INFO: 17400: loss : 0.13025277853012085
2019-02-02 18:18:56,366 - INFO: 17420: loss : 0.1265118420124054
2019-02-02 18:19:00,112 - INFO: 17440: loss : 0.1288248598575592
2019-02-02 18:19:03,749 - INFO: 17460: loss : 0.13065236806869507
2019-02-02 18:19:07,478 - INFO: 17480: loss : 0.1300874948501587
2019-02-02 18:19:11,100 - INFO: 17500: loss : 0.1251562237739563
2019-02-02 18:19:14,786 - INFO: 17520: loss : 0.12475545704364777
2019-02-02 18:19:18,429 - INFO: 17540: loss : 0.13298676908016205
2019-02-02 18:19:22,154 - INFO: 17560: loss : 0.13253439962863922
2019-02-02 18:19:25,837 - INFO: 17580: loss : 0.12883229553699493
2019-02-02 18:19:29,597 - INFO: 17600: loss : 0.135102778673172
2019-02-02 18:19:33,349 - INFO: 17620: loss : 0.12487372010946274
2019-02-02 18:19:37,050 - INFO: 17640: loss : 0.12956632673740387
2019-02-02 18:19:40,732 - INFO: 17660: loss : 0.12503953278064728
2019-02-02 18:19:44,462 - INFO: 17680: loss : 0.13133898377418518
2019-02-02 18:19:48,196 - INFO: 17700: loss : 0.12882860004901886
2019-02-02 18:19:51,805 - INFO: 17720: loss : 0.12394265085458755
2019-02-02 18:19:55,520 - INFO: 17740: loss : 0.12712186574935913
2019-02-02 18:19:59,228 - INFO: 17760: loss : 0.1269618272781372
2019-02-02 18:20:02,892 - INFO: 17780: loss : 0.12259520590305328
2019-02-02 18:20:06,644 - INFO: 17800: loss : 0.13131532073020935
2019-02-02 18:20:10,276 - INFO: 17820: loss : 0.12349080294370651
2019-02-02 18:20:13,927 - INFO: 17840: loss : 0.12741288542747498
2019-02-02 18:20:17,672 - INFO: 17860: loss : 0.12960278987884521
2019-02-02 18:20:21,331 - INFO: 17880: loss : 0.1296156942844391
2019-02-02 18:20:25,084 - INFO: 17900: loss : 0.12377231568098068
2019-02-02 18:20:28,838 - INFO: 17920: loss : 0.12545554339885712
2019-02-02 18:20:32,450 - INFO: 17940: loss : 0.13268154859542847
2019-02-02 18:20:36,144 - INFO: 17960: loss : 0.12038525938987732
2019-02-02 18:20:39,883 - INFO: 17980: loss : 0.13326236605644226
2019-02-02 18:20:43,462 - INFO: 18000: loss : 0.12773436307907104
2019-02-02 18:20:47,277 - INFO: 18020: loss : 0.12231770157814026
2019-02-02 18:20:50,999 - INFO: 18040: loss : 0.13236720860004425
2019-02-02 18:20:54,741 - INFO: 18060: loss : 0.1284974366426468
2019-02-02 18:20:58,444 - INFO: 18080: loss : 0.1360376477241516
2019-02-02 18:21:02,155 - INFO: 18100: loss : 0.12764519453048706
2019-02-02 18:21:05,929 - INFO: 18120: loss : 0.1298881620168686
2019-02-02 18:21:09,657 - INFO: 18140: loss : 0.12282983213663101
2019-02-02 18:21:13,387 - INFO: 18160: loss : 0.1262710988521576
2019-02-02 18:21:17,012 - INFO: 18180: loss : 0.1283285915851593
2019-02-02 18:21:20,750 - INFO: 18200: loss : 0.13047978281974792
2019-02-02 18:21:24,479 - INFO: 18220: loss : 0.13162577152252197
2019-02-02 18:21:28,183 - INFO: 18240: loss : 0.12867704033851624
2019-02-02 18:21:31,967 - INFO: 18260: loss : 0.12077264487743378
2019-02-02 18:21:35,711 - INFO: 18280: loss : 0.11825217306613922
2019-02-02 18:21:39,365 - INFO: 18300: loss : 0.13020014762878418
2019-02-02 18:21:43,068 - INFO: 18320: loss : 0.11482145637273788
2019-02-02 18:21:46,763 - INFO: 18340: loss : 0.12538526952266693
2019-02-02 18:21:50,502 - INFO: 18360: loss : 0.12307853996753693
2019-02-02 18:21:54,211 - INFO: 18380: loss : 0.12729540467262268
2019-02-02 18:21:57,944 - INFO: 18400: loss : 0.12444891035556793
2019-02-02 18:22:01,640 - INFO: 18420: loss : 0.12214694917201996
2019-02-02 18:22:05,383 - INFO: 18440: loss : 0.12956953048706055
2019-02-02 18:22:09,052 - INFO: 18460: loss : 0.12272538244724274
2019-02-02 18:22:12,662 - INFO: 18480: loss : 0.12667860090732574
2019-02-02 18:22:16,329 - INFO: 18500: loss : 0.12260936200618744
2019-02-02 18:22:20,045 - INFO: 18520: loss : 0.1261979043483734
2019-02-02 18:22:23,694 - INFO: 18540: loss : 0.12473036348819733
2019-02-02 18:22:27,394 - INFO: 18560: loss : 0.1306152194738388
2019-02-02 18:22:31,007 - INFO: 18580: loss : 0.12760110199451447
2019-02-02 18:22:34,598 - INFO: 18600: loss : 0.11912018805742264
2019-02-02 18:22:38,324 - INFO: 18620: loss : 0.12129397690296173
2019-02-02 18:22:42,059 - INFO: 18640: loss : 0.11740755289793015
2019-02-02 18:22:45,778 - INFO: 18660: loss : 0.1215830147266388
2019-02-02 18:22:49,413 - INFO: 18680: loss : 0.12805567681789398
2019-02-02 18:22:53,104 - INFO: 18700: loss : 0.12156815081834793
2019-02-02 18:22:56,779 - INFO: 18720: loss : 0.12964263558387756
2019-02-02 18:23:00,536 - INFO: 18740: loss : 0.1277797520160675
2019-02-02 18:23:04,289 - INFO: 18760: loss : 0.12264867126941681
2019-02-02 18:23:08,020 - INFO: 18780: loss : 0.1296466439962387
2019-02-02 18:23:11,626 - INFO: 18800: loss : 0.12677395343780518
2019-02-02 18:23:15,317 - INFO: 18820: loss : 0.13013850152492523
2019-02-02 18:23:19,083 - INFO: 18840: loss : 0.1330845206975937
2019-02-02 18:23:22,838 - INFO: 18860: loss : 0.1276119500398636
2019-02-02 18:23:26,498 - INFO: 18880: loss : 0.12557455897331238
2019-02-02 18:23:29,968 - INFO: 18900: loss : 0.1277947574853897
2019-02-02 18:23:33,484 - INFO: 18920: loss : 0.12070544064044952
2019-02-02 18:23:37,243 - INFO: 18940: loss : 0.12424473464488983
2019-02-02 18:23:40,980 - INFO: 18960: loss : 0.1287725567817688
2019-02-02 18:23:44,643 - INFO: 18980: loss : 0.1215478852391243
2019-02-02 18:23:48,299 - INFO: 19000: loss : 0.12807759642601013
2019-02-02 18:23:52,171 - INFO: 19020: loss : 0.12067078053951263
2019-02-02 18:23:55,930 - INFO: 19040: loss : 0.11945946514606476
2019-02-02 18:23:59,648 - INFO: 19060: loss : 0.12791576981544495
2019-02-02 18:24:03,382 - INFO: 19080: loss : 0.11999325454235077
2019-02-02 18:24:07,091 - INFO: 19100: loss : 0.12863823771476746
2019-02-02 18:24:10,766 - INFO: 19120: loss : 0.12254012376070023
2019-02-02 18:24:14,507 - INFO: 19140: loss : 0.1321522444486618
2019-02-02 18:24:18,160 - INFO: 19160: loss : 0.1280571073293686
2019-02-02 18:24:21,878 - INFO: 19180: loss : 0.11605440825223923
2019-02-02 18:24:25,557 - INFO: 19200: loss : 0.11768358945846558
2019-02-02 18:24:29,244 - INFO: 19220: loss : 0.1299731731414795
2019-02-02 18:24:32,955 - INFO: 19240: loss : 0.11994361877441406
2019-02-02 18:24:36,598 - INFO: 19260: loss : 0.1236463114619255
2019-02-02 18:24:40,353 - INFO: 19280: loss : 0.13425002992153168
2019-02-02 18:24:44,106 - INFO: 19300: loss : 0.129048153758049
2019-02-02 18:24:47,794 - INFO: 19320: loss : 0.11426147818565369
2019-02-02 18:24:51,436 - INFO: 19340: loss : 0.12244716286659241
2019-02-02 18:24:55,162 - INFO: 19360: loss : 0.11967401951551437
2019-02-02 18:24:58,891 - INFO: 19380: loss : 0.12243935465812683
2019-02-02 18:25:02,600 - INFO: 19400: loss : 0.117302305996418
2019-02-02 18:25:06,292 - INFO: 19420: loss : 0.11621889472007751
2019-02-02 18:25:09,979 - INFO: 19440: loss : 0.12492361664772034
2019-02-02 18:25:13,631 - INFO: 19460: loss : 0.12616609036922455
2019-02-02 18:25:17,288 - INFO: 19480: loss : 0.12085537612438202
2019-02-02 18:25:20,975 - INFO: 19500: loss : 0.12152984738349915
2019-02-02 18:25:24,638 - INFO: 19520: loss : 0.12470145523548126
2019-02-02 18:25:28,371 - INFO: 19540: loss : 0.1215963214635849
2019-02-02 18:25:32,051 - INFO: 19560: loss : 0.11826250702142715
2019-02-02 18:25:35,682 - INFO: 19580: loss : 0.11911778151988983
2019-02-02 18:25:39,432 - INFO: 19600: loss : 0.11206194758415222
2019-02-02 18:25:43,160 - INFO: 19620: loss : 0.11398610472679138
2019-02-02 18:25:46,824 - INFO: 19640: loss : 0.11623534560203552
2019-02-02 18:25:50,453 - INFO: 19660: loss : 0.11598165333271027
2019-02-02 18:25:54,116 - INFO: 19680: loss : 0.12790729105472565
2019-02-02 18:25:57,783 - INFO: 19700: loss : 0.11865828186273575
2019-02-02 18:26:01,419 - INFO: 19720: loss : 0.1285584270954132
2019-02-02 18:26:05,155 - INFO: 19740: loss : 0.12447496503591537
2019-02-02 18:26:08,861 - INFO: 19760: loss : 0.12430109828710556
2019-02-02 18:26:12,547 - INFO: 19780: loss : 0.12485624849796295
2019-02-02 18:26:16,234 - INFO: 19800: loss : 0.11579648405313492
2019-02-02 18:26:19,849 - INFO: 19820: loss : 0.12172971665859222
2019-02-02 18:26:23,518 - INFO: 19840: loss : 0.1191561222076416
2019-02-02 18:26:27,278 - INFO: 19860: loss : 0.11843913793563843
2019-02-02 18:26:30,990 - INFO: 19880: loss : 0.11999683082103729
2019-02-02 18:26:34,680 - INFO: 19900: loss : 0.12269473820924759
2019-02-02 18:26:38,428 - INFO: 19920: loss : 0.12510178983211517
2019-02-02 18:26:42,132 - INFO: 19940: loss : 0.11529333144426346
2019-02-02 18:26:45,874 - INFO: 19960: loss : 0.11764290928840637
2019-02-02 18:26:49,587 - INFO: 19980: loss : 0.12136495113372803
2019-02-02 18:54:51,557 - INFO: None
2019-02-02 18:54:51,557 - INFO: saving model in model/trained_model_mini/C3D_attn/model.json
2019-02-02 18:54:51,559 - INFO: Iteration started
2019-02-02 18:54:54,223 - INFO: 0: loss : 10.809914588928223
2019-02-02 18:54:58,082 - INFO: 20: loss : 8.850629806518555
2019-02-02 18:55:01,789 - INFO: 40: loss : 7.836177825927734
2019-02-02 18:55:05,485 - INFO: 60: loss : 7.189538478851318
2019-02-02 18:55:09,173 - INFO: 80: loss : 6.951923370361328
2019-02-02 18:55:12,904 - INFO: 100: loss : 6.5940165519714355
2019-02-02 18:55:16,631 - INFO: 120: loss : 6.1605424880981445
2019-02-02 18:55:20,361 - INFO: 140: loss : 5.91143274307251
2019-02-02 18:55:24,114 - INFO: 160: loss : 5.663984298706055
2019-02-02 18:55:27,789 - INFO: 180: loss : 5.480836391448975
2019-02-02 18:55:31,371 - INFO: 200: loss : 5.311296463012695
2019-02-02 18:55:34,969 - INFO: 220: loss : 5.151942729949951
2019-02-02 18:55:57,449 - INFO: None
2019-02-02 18:55:57,449 - INFO: saving model in model/trained_model_mini/C3D_attn/model.json
2019-02-02 18:55:57,450 - INFO: Iteration started
2019-02-02 18:56:00,037 - INFO: 0: loss : 10.926664352416992
2019-02-02 18:56:03,803 - INFO: 20: loss : 8.686750411987305
2019-02-02 18:56:07,482 - INFO: 40: loss : 8.186295509338379
2019-02-02 18:56:11,028 - INFO: 60: loss : 7.3875579833984375
2019-02-02 18:56:14,653 - INFO: 80: loss : 6.855356216430664
2019-02-02 18:56:18,371 - INFO: 100: loss : 6.6137213706970215
2019-02-02 18:56:22,085 - INFO: 120: loss : 6.315042018890381
2019-02-02 18:56:37,698 - INFO: None
2019-02-02 18:56:37,698 - INFO: saving model in model/trained_model_mini/C3D_attn/model.json
2019-02-02 18:56:37,699 - INFO: Iteration started
2019-02-02 18:56:40,312 - INFO: 0: loss : 10.887226104736328
2019-02-02 18:57:02,766 - INFO: None
2019-02-02 18:57:02,766 - INFO: saving model in model/trained_model_mini/C3D_attn/model.json
2019-02-02 18:57:02,768 - INFO: Iteration started
2019-02-02 18:57:05,315 - INFO: 0: loss : 10.571333885192871
2019-02-02 18:57:31,892 - INFO: None
2019-02-02 18:57:31,892 - INFO: saving model in model/trained_model_mini/C3D_attn/model.json
2019-02-02 18:57:31,894 - INFO: Iteration started
2019-02-02 18:57:34,347 - INFO: 0: loss : 10.741229057312012
2019-02-02 18:58:17,553 - INFO: None
2019-02-02 18:58:17,553 - INFO: saving model in model/trained_model_mini/C3D_attn/model.json
2019-02-02 18:58:17,560 - INFO: Iteration started
2019-02-02 18:58:20,889 - INFO: 0: loss : 10.957779884338379
2019-02-02 19:01:21,809 - INFO: None
2019-02-02 19:01:21,810 - INFO: saving model in model/trained_model_mini/C3D_attn/model.json
2019-02-02 19:01:21,823 - INFO: Iteration started
2019-02-02 19:01:25,314 - INFO: 0: loss : 10.70508098602295
2019-02-02 19:21:52,852 - INFO: None
2019-02-02 19:21:52,852 - INFO: saving model in model/trained_model_mini/C3D_attn/model.json
2019-02-02 19:21:52,853 - INFO: Iteration started
2019-02-02 19:21:55,288 - INFO: 0: loss : 10.418598175048828
2019-02-02 19:22:28,518 - INFO: None
2019-02-02 19:24:53,327 - INFO: None
2019-02-02 19:24:53,328 - INFO: saving model in model/trained_model_mini/C3D_attn/model.json
2019-02-02 19:24:53,335 - INFO: Iteration started
2019-02-02 19:24:56,743 - INFO: 0: loss : 10.408186912536621
2019-02-02 19:49:16,097 - INFO: None
2019-02-02 19:49:16,098 - INFO: saving model in model/trained_model_mini/C3D_attn/model.json
2019-02-02 19:49:16,105 - INFO: Iteration started
2019-02-02 19:49:19,364 - INFO: 0: loss : 10.430187225341797
2019-02-02 19:50:06,332 - INFO: None
2019-02-02 19:50:06,333 - INFO: saving model in model/trained_model_mini/C3D_attn/model.json
2019-02-02 19:50:06,340 - INFO: Iteration started
2019-02-02 19:50:09,599 - INFO: 0: loss : 10.426694869995117
2019-02-02 19:51:00,900 - INFO: 
Validation result
2019-02-02 19:51:11,069 - INFO:   AUC: 0.47166415385240446
