2019-02-01 18:11:56,738 - INFO: None
2019-02-01 18:25:23,625 - INFO: None
2019-02-01 18:25:23,627 - INFO: Iteration started
2019-02-01 18:27:44,242 - INFO: None
2019-02-01 18:27:44,244 - INFO: Iteration started
2019-02-01 18:27:46,742 - INFO: 0: loss : 10.58233642578125
2019-02-01 18:27:50,520 - INFO: 20: loss : 7.742578029632568
2019-02-01 18:27:54,232 - INFO: 40: loss : 6.739704608917236
2019-02-01 18:27:57,938 - INFO: 60: loss : 6.135379314422607
2019-02-01 18:28:01,644 - INFO: 80: loss : 5.573887825012207
2019-02-01 18:28:05,355 - INFO: 100: loss : 5.073492527008057
2019-02-01 18:28:09,017 - INFO: 120: loss : 4.748012542724609
2019-02-01 18:28:12,638 - INFO: 140: loss : 4.525362968444824
2019-02-01 18:28:16,302 - INFO: 160: loss : 4.320899486541748
2019-02-01 18:28:20,039 - INFO: 180: loss : 4.0640387535095215
2019-02-01 18:28:23,753 - INFO: 200: loss : 3.8670408725738525
2019-02-01 18:28:27,376 - INFO: 220: loss : 3.662808895111084
2019-02-01 18:28:31,117 - INFO: 240: loss : 3.516096830368042
2019-02-01 18:28:34,775 - INFO: 260: loss : 3.4016740322113037
2019-02-01 18:28:38,424 - INFO: 280: loss : 3.278701066970825
2019-02-01 18:28:42,133 - INFO: 300: loss : 3.1592230796813965
2019-02-01 18:28:45,869 - INFO: 320: loss : 3.0198919773101807
2019-02-01 18:28:49,571 - INFO: 340: loss : 2.9474668502807617
2019-02-01 18:28:53,239 - INFO: 360: loss : 2.858067035675049
2019-02-01 18:28:56,911 - INFO: 380: loss : 2.788418769836426
2019-02-01 18:29:00,568 - INFO: 400: loss : 2.6938555240631104
2019-02-01 18:29:04,179 - INFO: 420: loss : 2.62465238571167
2019-02-01 18:29:07,786 - INFO: 440: loss : 2.536339521408081
2019-02-01 18:29:11,458 - INFO: 460: loss : 2.4471993446350098
2019-02-01 18:29:15,173 - INFO: 480: loss : 2.432955265045166
2019-02-01 18:29:18,837 - INFO: 500: loss : 2.3519880771636963
2019-02-01 18:29:22,527 - INFO: 520: loss : 2.2808704376220703
2019-02-01 18:29:26,237 - INFO: 540: loss : 2.227771759033203
2019-02-01 18:29:29,929 - INFO: 560: loss : 2.1693267822265625
2019-02-01 18:29:33,668 - INFO: 580: loss : 2.119511842727661
2019-02-01 18:29:37,410 - INFO: 600: loss : 2.054443836212158
2019-02-01 18:29:40,948 - INFO: 620: loss : 2.0235185623168945
2019-02-01 18:29:44,675 - INFO: 640: loss : 1.9794622659683228
2019-02-01 18:29:48,404 - INFO: 660: loss : 1.9328840970993042
2019-02-01 18:29:52,104 - INFO: 680: loss : 1.8956269025802612
2019-02-01 18:29:55,771 - INFO: 700: loss : 1.85387122631073
2019-02-01 18:29:59,359 - INFO: 720: loss : 1.8310214281082153
2019-02-01 18:30:03,105 - INFO: 740: loss : 1.760428547859192
2019-02-01 18:30:06,819 - INFO: 760: loss : 1.7175853252410889
2019-02-01 18:30:10,562 - INFO: 780: loss : 1.7068941593170166
2019-02-01 18:30:14,216 - INFO: 800: loss : 1.6573834419250488
2019-02-01 18:30:17,929 - INFO: 820: loss : 1.6412668228149414
2019-02-01 18:30:21,660 - INFO: 840: loss : 1.6035245656967163
2019-02-01 18:30:25,372 - INFO: 860: loss : 1.561086654663086
2019-02-01 18:30:29,017 - INFO: 880: loss : 1.5401320457458496
2019-02-01 18:30:32,727 - INFO: 900: loss : 1.5140149593353271
2019-02-01 18:30:36,437 - INFO: 920: loss : 1.4590976238250732
2019-02-01 18:30:40,129 - INFO: 940: loss : 1.4436225891113281
2019-02-01 18:30:43,785 - INFO: 960: loss : 1.4373035430908203
2019-02-01 18:30:47,406 - INFO: 980: loss : 1.432046890258789
2019-02-01 18:30:51,134 - INFO: 1000: loss : 1.3637877702713013
2019-02-01 18:30:54,841 - INFO: 1020: loss : 1.3401731252670288
2019-02-01 18:30:58,497 - INFO: 1040: loss : 1.3291785717010498
2019-02-01 18:31:02,225 - INFO: 1060: loss : 1.3051786422729492
2019-02-01 18:31:05,893 - INFO: 1080: loss : 1.2764995098114014
2019-02-01 18:31:09,560 - INFO: 1100: loss : 1.276970624923706
2019-02-01 18:31:13,262 - INFO: 1120: loss : 1.257753610610962
2019-02-01 18:31:16,931 - INFO: 1140: loss : 1.216006875038147
2019-02-01 18:31:20,650 - INFO: 1160: loss : 1.235468864440918
2019-02-01 18:31:24,361 - INFO: 1180: loss : 1.1842010021209717
2019-02-01 18:31:28,110 - INFO: 1200: loss : 1.207170844078064
2019-02-01 18:31:31,826 - INFO: 1220: loss : 1.1548233032226562
2019-02-01 18:31:35,528 - INFO: 1240: loss : 1.1382708549499512
2019-02-01 18:31:39,230 - INFO: 1260: loss : 1.1178958415985107
2019-02-01 18:31:42,931 - INFO: 1280: loss : 1.0923118591308594
2019-02-01 18:31:46,612 - INFO: 1300: loss : 1.0746113061904907
2019-02-01 18:31:50,344 - INFO: 1320: loss : 1.078777551651001
2019-02-01 18:31:54,104 - INFO: 1340: loss : 1.0516160726547241
2019-02-01 18:31:57,825 - INFO: 1360: loss : 1.0407713651657104
2019-02-01 18:32:01,564 - INFO: 1380: loss : 1.0197950601577759
2019-02-01 18:32:05,260 - INFO: 1400: loss : 1.014259696006775
2019-02-01 18:32:08,964 - INFO: 1420: loss : 1.0051567554473877
2019-02-01 18:32:12,684 - INFO: 1440: loss : 0.9678256511688232
2019-02-01 18:32:16,344 - INFO: 1460: loss : 0.969106912612915
2019-02-01 18:32:20,065 - INFO: 1480: loss : 0.9549911618232727
2019-02-01 19:24:23,143 - INFO: None
2019-02-01 19:24:23,143 - INFO: saving model in model/trained_model/C3D_attn/model.json
2019-02-01 19:24:23,144 - INFO: Iteration started
2019-02-01 19:24:25,630 - INFO: 0: loss : 10.621196746826172
2019-02-01 19:24:29,487 - INFO: 20: loss : 7.907060623168945
2019-02-01 19:24:33,209 - INFO: 40: loss : 7.01681661605835
2019-02-01 19:24:36,982 - INFO: 60: loss : 6.285258769989014
2019-02-01 19:24:40,680 - INFO: 80: loss : 5.791902542114258
2019-02-01 19:24:44,401 - INFO: 100: loss : 5.386771202087402
2019-02-01 19:24:48,146 - INFO: 120: loss : 5.02975606918335
2019-02-01 19:24:51,880 - INFO: 140: loss : 4.70567512512207
2019-02-01 19:24:55,627 - INFO: 160: loss : 4.383455276489258
2019-02-01 19:24:59,308 - INFO: 180: loss : 4.249322891235352
2019-02-01 19:25:03,024 - INFO: 200: loss : 3.9829249382019043
2019-02-01 19:25:06,742 - INFO: 220: loss : 3.8132424354553223
2019-02-01 19:25:10,493 - INFO: 240: loss : 3.6946218013763428
2019-02-01 19:25:14,170 - INFO: 260: loss : 3.535409450531006
2019-02-01 19:25:17,889 - INFO: 280: loss : 3.406386613845825
2019-02-01 19:25:21,579 - INFO: 300: loss : 3.2623119354248047
2019-02-01 19:25:25,243 - INFO: 320: loss : 3.1315157413482666
2019-02-01 19:25:28,963 - INFO: 340: loss : 3.104680061340332
2019-02-01 19:25:32,700 - INFO: 360: loss : 2.9696907997131348
2019-02-01 19:25:36,343 - INFO: 380: loss : 2.887115955352783
2019-02-01 19:25:39,902 - INFO: 400: loss : 2.782015085220337
2019-02-01 19:25:43,651 - INFO: 420: loss : 2.7054195404052734
2019-02-01 19:25:47,390 - INFO: 440: loss : 2.6700265407562256
2019-02-01 19:25:51,104 - INFO: 460: loss : 2.5611088275909424
2019-02-01 19:25:54,806 - INFO: 480: loss : 2.5062365531921387
2019-02-01 19:25:58,515 - INFO: 500: loss : 2.4425301551818848
2019-02-01 19:26:02,239 - INFO: 520: loss : 2.3798251152038574
2019-02-01 19:26:05,958 - INFO: 540: loss : 2.3332836627960205
2019-02-01 19:26:09,691 - INFO: 560: loss : 2.2965619564056396
2019-02-01 19:26:13,429 - INFO: 580: loss : 2.191372871398926
2019-02-01 19:26:17,201 - INFO: 600: loss : 2.1446547508239746
2019-02-01 19:26:20,979 - INFO: 620: loss : 2.1012086868286133
2019-02-01 19:26:24,739 - INFO: 640: loss : 2.088456153869629
2019-02-01 19:26:28,471 - INFO: 660: loss : 2.0172648429870605
2019-02-01 19:26:32,269 - INFO: 680: loss : 1.9598897695541382
2019-02-01 19:26:36,038 - INFO: 700: loss : 1.9202457666397095
2019-02-01 19:26:39,820 - INFO: 720: loss : 1.9096331596374512
2019-02-01 19:26:43,590 - INFO: 740: loss : 1.8634943962097168
2019-02-01 19:26:47,339 - INFO: 760: loss : 1.8157482147216797
2019-02-01 19:26:51,096 - INFO: 780: loss : 1.779920220375061
2019-02-01 19:26:54,865 - INFO: 800: loss : 1.7485885620117188
2019-02-01 19:26:58,687 - INFO: 820: loss : 1.7152228355407715
2019-02-01 19:27:02,476 - INFO: 840: loss : 1.6677881479263306
2019-02-01 19:27:06,237 - INFO: 860: loss : 1.6435678005218506
2019-02-01 19:27:09,978 - INFO: 880: loss : 1.6052336692810059
2019-02-01 19:27:13,740 - INFO: 900: loss : 1.580425500869751
2019-02-01 19:27:17,529 - INFO: 920: loss : 1.5539250373840332
2019-02-01 19:27:21,312 - INFO: 940: loss : 1.5154187679290771
2019-02-01 19:27:25,126 - INFO: 960: loss : 1.4953670501708984
2019-02-01 19:27:28,913 - INFO: 980: loss : 1.4854493141174316
2019-02-01 19:27:32,739 - INFO: 1000: loss : 1.4428753852844238
2019-02-01 19:27:36,571 - INFO: 1020: loss : 1.4363009929656982
2019-02-01 19:27:40,389 - INFO: 1040: loss : 1.3938422203063965
2019-02-01 19:27:44,141 - INFO: 1060: loss : 1.413496494293213
2019-02-01 19:27:47,853 - INFO: 1080: loss : 1.3573551177978516
2019-02-01 19:27:51,583 - INFO: 1100: loss : 1.3247110843658447
2019-02-01 19:27:55,301 - INFO: 1120: loss : 1.3141610622406006
2019-02-01 19:27:59,025 - INFO: 1140: loss : 1.3046635389328003
2019-02-01 19:28:02,786 - INFO: 1160: loss : 1.2710694074630737
2019-02-01 19:28:06,549 - INFO: 1180: loss : 1.24879789352417
2019-02-01 19:28:10,266 - INFO: 1200: loss : 1.2369657754898071
2019-02-01 19:28:14,041 - INFO: 1220: loss : 1.2097209692001343
2019-02-01 19:28:17,819 - INFO: 1240: loss : 1.2037941217422485
2019-02-01 19:28:21,532 - INFO: 1260: loss : 1.1813626289367676
2019-02-01 19:28:25,305 - INFO: 1280: loss : 1.1635212898254395
2019-02-01 19:28:29,046 - INFO: 1300: loss : 1.135599136352539
2019-02-01 19:28:32,796 - INFO: 1320: loss : 1.1335951089859009
2019-02-01 19:28:36,543 - INFO: 1340: loss : 1.1215087175369263
2019-02-01 19:28:40,319 - INFO: 1360: loss : 1.0982102155685425
2019-02-01 19:28:44,081 - INFO: 1380: loss : 1.0784900188446045
2019-02-01 19:28:47,824 - INFO: 1400: loss : 1.0640597343444824
2019-02-01 19:28:51,564 - INFO: 1420: loss : 1.0573348999023438
2019-02-01 19:28:55,315 - INFO: 1440: loss : 1.0516386032104492
2019-02-01 19:28:59,012 - INFO: 1460: loss : 1.0173444747924805
2019-02-01 19:29:02,771 - INFO: 1480: loss : 1.0115985870361328
2019-02-01 19:29:06,491 - INFO: 1500: loss : 0.9951543211936951
2019-02-01 19:29:10,253 - INFO: 1520: loss : 0.9877694249153137
2019-02-01 19:29:13,911 - INFO: 1540: loss : 0.9699956178665161
2019-02-01 19:29:17,634 - INFO: 1560: loss : 0.9658129215240479
2019-02-01 19:29:21,326 - INFO: 1580: loss : 0.9386377930641174
2019-02-01 19:29:24,949 - INFO: 1600: loss : 0.9337596297264099
2019-02-01 19:29:28,672 - INFO: 1620: loss : 0.938668966293335
2019-02-01 19:29:32,392 - INFO: 1640: loss : 0.9098653793334961
2019-02-01 19:29:36,150 - INFO: 1660: loss : 0.9112942218780518
2019-02-01 19:29:39,910 - INFO: 1680: loss : 0.9081113338470459
2019-02-01 19:29:43,629 - INFO: 1700: loss : 0.8871183395385742
2019-02-01 19:29:47,249 - INFO: 1720: loss : 0.8651024699211121
2019-02-01 19:29:50,985 - INFO: 1740: loss : 0.857414722442627
2019-02-01 19:29:54,741 - INFO: 1760: loss : 0.8516314029693604
2019-02-01 19:29:58,534 - INFO: 1780: loss : 0.8442131876945496
2019-02-01 19:30:02,331 - INFO: 1800: loss : 0.8430339097976685
2019-02-01 19:30:06,108 - INFO: 1820: loss : 0.8256349563598633
2019-02-01 19:30:09,906 - INFO: 1840: loss : 0.8142470121383667
2019-02-01 19:30:13,683 - INFO: 1860: loss : 0.8010078072547913
2019-02-01 19:30:17,529 - INFO: 1880: loss : 0.796430230140686
2019-02-01 19:30:21,281 - INFO: 1900: loss : 0.7809587717056274
2019-02-01 19:30:25,042 - INFO: 1920: loss : 0.7706329822540283
2019-02-01 19:30:28,786 - INFO: 1940: loss : 0.7683814764022827
2019-02-01 19:30:32,560 - INFO: 1960: loss : 0.7603216171264648
2019-02-01 19:30:36,307 - INFO: 1980: loss : 0.7485259175300598
2019-02-01 19:30:40,063 - INFO: 2000: loss : 0.738222062587738
2019-02-01 19:30:43,921 - INFO: 2020: loss : 0.7385801076889038
2019-02-01 19:30:47,624 - INFO: 2040: loss : 0.7227059602737427
2019-02-01 19:30:51,334 - INFO: 2060: loss : 0.7314313650131226
2019-02-01 19:30:55,053 - INFO: 2080: loss : 0.7275986671447754
2019-02-01 19:30:58,809 - INFO: 2100: loss : 0.7051569223403931
2019-02-01 19:31:02,492 - INFO: 2120: loss : 0.6969757080078125
2019-02-01 19:31:06,238 - INFO: 2140: loss : 0.6895809769630432
2019-02-01 19:31:09,968 - INFO: 2160: loss : 0.6944135427474976
2019-02-01 19:31:13,722 - INFO: 2180: loss : 0.6842578649520874
2019-02-01 19:31:17,404 - INFO: 2200: loss : 0.6815998554229736
2019-02-01 19:31:21,121 - INFO: 2220: loss : 0.664226770401001
2019-02-01 19:31:24,877 - INFO: 2240: loss : 0.6545318365097046
2019-02-01 19:31:28,520 - INFO: 2260: loss : 0.6515294909477234
2019-02-01 19:31:32,257 - INFO: 2280: loss : 0.6580312848091125
2019-02-01 19:31:35,991 - INFO: 2300: loss : 0.6408988833427429
2019-02-01 19:31:39,729 - INFO: 2320: loss : 0.6381881833076477
2019-02-01 19:31:43,479 - INFO: 2340: loss : 0.6194809079170227
2019-02-01 19:31:47,232 - INFO: 2360: loss : 0.6382935047149658
2019-02-01 19:31:50,933 - INFO: 2380: loss : 0.615307092666626
2019-02-01 19:31:54,695 - INFO: 2400: loss : 0.6096920371055603
2019-02-01 19:31:58,449 - INFO: 2420: loss : 0.6070111393928528
2019-02-01 19:32:02,168 - INFO: 2440: loss : 0.600714385509491
2019-02-01 19:32:05,828 - INFO: 2460: loss : 0.5989089608192444
2019-02-01 19:32:09,623 - INFO: 2480: loss : 0.5953056216239929
2019-02-01 19:32:13,274 - INFO: 2500: loss : 0.5890739560127258
2019-02-01 19:32:16,964 - INFO: 2520: loss : 0.5740630626678467
2019-02-01 19:32:20,676 - INFO: 2540: loss : 0.5756644010543823
2019-02-01 19:32:24,396 - INFO: 2560: loss : 0.5629622340202332
2019-02-01 19:32:28,109 - INFO: 2580: loss : 0.5556933879852295
2019-02-01 19:32:31,826 - INFO: 2600: loss : 0.5555111765861511
2019-02-01 19:32:35,523 - INFO: 2620: loss : 0.5574485659599304
2019-02-01 19:32:39,033 - INFO: 2640: loss : 0.569171667098999
2019-02-01 19:32:42,765 - INFO: 2660: loss : 0.5430294871330261
2019-02-01 19:32:46,490 - INFO: 2680: loss : 0.5353860259056091
2019-02-01 19:32:50,249 - INFO: 2700: loss : 0.5232260227203369
2019-02-01 19:32:54,018 - INFO: 2720: loss : 0.5287582874298096
2019-02-01 19:32:57,770 - INFO: 2740: loss : 0.5350769758224487
2019-02-01 19:33:01,485 - INFO: 2760: loss : 0.5245960354804993
2019-02-01 19:33:05,168 - INFO: 2780: loss : 0.5211420059204102
2019-02-01 19:33:08,885 - INFO: 2800: loss : 0.520912766456604
2019-02-01 19:33:12,610 - INFO: 2820: loss : 0.5146152377128601
2019-02-01 19:33:16,285 - INFO: 2840: loss : 0.5061531066894531
2019-02-01 19:33:20,140 - INFO: 2860: loss : 0.5002025365829468
2019-02-01 19:33:24,030 - INFO: 2880: loss : 0.5172026753425598
2019-02-01 19:33:27,895 - INFO: 2900: loss : 0.49911701679229736
2019-02-01 19:33:31,704 - INFO: 2920: loss : 0.486978143453598
2019-02-01 19:33:35,604 - INFO: 2940: loss : 0.4886069893836975
2019-02-01 19:33:39,461 - INFO: 2960: loss : 0.49046558141708374
2019-02-01 19:33:43,318 - INFO: 2980: loss : 0.4903305172920227
2019-02-01 19:33:47,097 - INFO: 3000: loss : 0.4672928750514984
2019-02-01 19:33:50,954 - INFO: 3020: loss : 0.4772294759750366
2019-02-01 19:33:54,747 - INFO: 3040: loss : 0.4759060740470886
2019-02-01 19:33:58,597 - INFO: 3060: loss : 0.4648742377758026
2019-02-01 19:34:02,405 - INFO: 3080: loss : 0.45746976137161255
2019-02-01 19:34:06,229 - INFO: 3100: loss : 0.4667867422103882
2019-02-01 19:34:10,054 - INFO: 3120: loss : 0.4647964537143707
2019-02-01 19:34:13,987 - INFO: 3140: loss : 0.45440346002578735
2019-02-01 19:34:17,827 - INFO: 3160: loss : 0.4450465142726898
2019-02-01 19:34:21,667 - INFO: 3180: loss : 0.4525836408138275
2019-02-01 19:34:25,367 - INFO: 3200: loss : 0.4380761384963989
2019-02-01 19:34:29,089 - INFO: 3220: loss : 0.4402179718017578
2019-02-01 19:34:32,886 - INFO: 3240: loss : 0.43771451711654663
2019-02-01 19:34:36,665 - INFO: 3260: loss : 0.4250209927558899
2019-02-01 19:34:40,418 - INFO: 3280: loss : 0.42904508113861084
2019-02-01 19:34:44,113 - INFO: 3300: loss : 0.42240244150161743
2019-02-01 19:34:47,956 - INFO: 3320: loss : 0.41727158427238464
2019-02-01 19:34:51,781 - INFO: 3340: loss : 0.4167438745498657
2019-02-01 19:34:55,591 - INFO: 3360: loss : 0.4158133566379547
2019-02-01 19:34:59,403 - INFO: 3380: loss : 0.42041975259780884
2019-02-01 19:35:03,163 - INFO: 3400: loss : 0.4167191982269287
2019-02-01 19:35:06,969 - INFO: 3420: loss : 0.40969401597976685
2019-02-01 19:35:10,752 - INFO: 3440: loss : 0.4059957265853882
2019-02-01 19:35:14,528 - INFO: 3460: loss : 0.40933066606521606
2019-02-01 19:35:18,304 - INFO: 3480: loss : 0.4078577756881714
2019-02-01 19:35:22,083 - INFO: 3500: loss : 0.3901134133338928
2019-02-01 19:35:25,782 - INFO: 3520: loss : 0.396915465593338
2019-02-01 19:35:29,535 - INFO: 3540: loss : 0.3905898928642273
2019-02-01 19:35:33,261 - INFO: 3560: loss : 0.394403338432312
2019-02-01 19:35:37,016 - INFO: 3580: loss : 0.3873080313205719
2019-02-01 19:35:40,744 - INFO: 3600: loss : 0.4082946181297302
2019-02-01 19:35:44,544 - INFO: 3620: loss : 0.41031891107559204
2019-02-01 19:35:48,283 - INFO: 3640: loss : 0.3807445764541626
2019-02-01 19:35:52,064 - INFO: 3660: loss : 0.3757886290550232
2019-02-01 19:35:55,842 - INFO: 3680: loss : 0.3747866749763489
2019-02-01 19:35:59,648 - INFO: 3700: loss : 0.377463161945343
2019-02-01 19:36:03,397 - INFO: 3720: loss : 0.3809810280799866
2019-02-01 19:36:07,210 - INFO: 3740: loss : 0.37400174140930176
2019-02-01 19:36:10,995 - INFO: 3760: loss : 0.37178778648376465
2019-02-01 19:36:14,764 - INFO: 3780: loss : 0.3651326298713684
2019-02-01 19:36:18,495 - INFO: 3800: loss : 0.3566620945930481
2019-02-01 19:36:22,242 - INFO: 3820: loss : 0.35743576288223267
2019-02-01 19:36:26,022 - INFO: 3840: loss : 0.3563249707221985
2019-02-01 19:36:29,830 - INFO: 3860: loss : 0.35437387228012085
2019-02-01 19:36:33,594 - INFO: 3880: loss : 0.34830015897750854
2019-02-01 19:36:37,363 - INFO: 3900: loss : 0.35885876417160034
2019-02-01 19:36:41,122 - INFO: 3920: loss : 0.35461127758026123
2019-02-01 19:36:44,879 - INFO: 3940: loss : 0.35913339257240295
2019-02-01 19:36:48,650 - INFO: 3960: loss : 0.36379334330558777
2019-02-01 19:36:52,392 - INFO: 3980: loss : 0.34370148181915283
2019-02-01 19:36:56,170 - INFO: 4000: loss : 0.3336733877658844
2019-02-01 19:37:00,008 - INFO: 4020: loss : 0.33301183581352234
2019-02-01 19:37:03,783 - INFO: 4040: loss : 0.33859971165657043
2019-02-01 19:37:07,505 - INFO: 4060: loss : 0.3438245356082916
2019-02-01 19:37:11,295 - INFO: 4080: loss : 0.33817049860954285
2019-02-01 19:37:15,074 - INFO: 4100: loss : 0.33246874809265137
2019-02-01 19:37:18,790 - INFO: 4120: loss : 0.33306431770324707
2019-02-01 19:37:22,561 - INFO: 4140: loss : 0.3237064480781555
2019-02-01 19:37:26,345 - INFO: 4160: loss : 0.32269924879074097
2019-02-01 19:37:30,206 - INFO: 4180: loss : 0.3246489465236664
2019-02-01 19:37:34,006 - INFO: 4200: loss : 0.324556827545166
2019-02-01 19:37:37,808 - INFO: 4220: loss : 0.3263150751590729
2019-02-01 19:37:41,618 - INFO: 4240: loss : 0.32558247447013855
2019-02-01 19:37:45,485 - INFO: 4260: loss : 0.3154389262199402
2019-02-01 19:37:49,179 - INFO: 4280: loss : 0.31838905811309814
2019-02-01 19:37:52,937 - INFO: 4300: loss : 0.31870484352111816
2019-02-01 19:37:56,638 - INFO: 4320: loss : 0.31669995188713074
2019-02-01 19:38:00,373 - INFO: 4340: loss : 0.3240370750427246
2019-02-01 19:38:04,120 - INFO: 4360: loss : 0.3129618763923645
2019-02-01 19:38:07,863 - INFO: 4380: loss : 0.3102859854698181
2019-02-01 19:38:11,596 - INFO: 4400: loss : 0.31657087802886963
2019-02-01 19:38:15,280 - INFO: 4420: loss : 0.30476492643356323
2019-02-01 19:38:19,031 - INFO: 4440: loss : 0.29936203360557556
2019-02-01 19:38:22,813 - INFO: 4460: loss : 0.31049078702926636
2019-02-01 19:38:26,610 - INFO: 4480: loss : 0.29695406556129456
2019-02-01 19:38:30,346 - INFO: 4500: loss : 0.28900623321533203
2019-02-01 19:38:34,108 - INFO: 4520: loss : 0.2976723909378052
2019-02-01 19:38:37,760 - INFO: 4540: loss : 0.2949836254119873
2019-02-01 19:38:41,440 - INFO: 4560: loss : 0.30117130279541016
2019-02-01 19:38:45,139 - INFO: 4580: loss : 0.29978832602500916
2019-02-01 19:38:48,886 - INFO: 4600: loss : 0.2914368510246277
2019-02-01 19:38:52,658 - INFO: 4620: loss : 0.2981177866458893
2019-02-01 19:38:56,414 - INFO: 4640: loss : 0.28733164072036743
2019-02-01 19:39:00,238 - INFO: 4660: loss : 0.2862796187400818
2019-02-01 19:39:04,082 - INFO: 4680: loss : 0.2817032039165497
2019-02-01 19:39:07,860 - INFO: 4700: loss : 0.28394564986228943
2019-02-01 19:39:11,599 - INFO: 4720: loss : 0.29055941104888916
2019-02-01 19:39:15,366 - INFO: 4740: loss : 0.2887861430644989
2019-02-01 19:39:19,003 - INFO: 4760: loss : 0.27737051248550415
2019-02-01 19:39:22,652 - INFO: 4780: loss : 0.27907121181488037
2019-02-01 19:39:26,378 - INFO: 4800: loss : 0.2823081314563751
2019-02-01 19:39:30,146 - INFO: 4820: loss : 0.2829500436782837
2019-02-01 19:39:34,013 - INFO: 4840: loss : 0.285025954246521
2019-02-01 19:39:37,825 - INFO: 4860: loss : 0.27624326944351196
2019-02-01 19:39:41,642 - INFO: 4880: loss : 0.2822895646095276
2019-02-01 19:39:45,403 - INFO: 4900: loss : 0.27375665307044983
2019-02-01 19:39:49,167 - INFO: 4920: loss : 0.26767417788505554
2019-02-01 19:39:52,885 - INFO: 4940: loss : 0.2687823474407196
2019-02-01 19:39:56,614 - INFO: 4960: loss : 0.27111342549324036
2019-02-01 19:40:00,343 - INFO: 4980: loss : 0.26118725538253784
2019-02-01 19:40:04,131 - INFO: 5000: loss : 0.2624114155769348
2019-02-01 19:40:07,955 - INFO: 5020: loss : 0.27004218101501465
2019-02-01 19:40:11,722 - INFO: 5040: loss : 0.26644909381866455
2019-02-01 19:40:15,446 - INFO: 5060: loss : 0.27016860246658325
2019-02-01 19:40:19,251 - INFO: 5080: loss : 0.2610030770301819
2019-02-01 19:40:22,990 - INFO: 5100: loss : 0.2659134268760681
2019-02-01 19:40:26,754 - INFO: 5120: loss : 0.2609332799911499
2019-02-01 19:40:30,481 - INFO: 5140: loss : 0.26636722683906555
2019-02-01 19:40:34,239 - INFO: 5160: loss : 0.24963176250457764
2019-02-01 19:40:38,016 - INFO: 5180: loss : 0.2486364245414734
2019-02-01 19:40:41,795 - INFO: 5200: loss : 0.2712368369102478
2019-02-01 19:40:45,548 - INFO: 5220: loss : 0.26149699091911316
2019-02-01 19:40:49,272 - INFO: 5240: loss : 0.262428879737854
2019-02-01 19:40:52,862 - INFO: 5260: loss : 0.2562222182750702
2019-02-01 19:40:56,578 - INFO: 5280: loss : 0.24735432863235474
2019-02-01 19:41:00,373 - INFO: 5300: loss : 0.24894532561302185
2019-02-01 19:41:04,136 - INFO: 5320: loss : 0.24323230981826782
2019-02-01 19:41:07,896 - INFO: 5340: loss : 0.25367242097854614
2019-02-01 19:41:11,685 - INFO: 5360: loss : 0.244058296084404
2019-02-01 19:41:15,464 - INFO: 5380: loss : 0.241909459233284
2019-02-01 19:41:19,245 - INFO: 5400: loss : 0.2432817816734314
2019-02-01 19:41:23,046 - INFO: 5420: loss : 0.2549337148666382
2019-02-01 19:41:26,807 - INFO: 5440: loss : 0.25517454743385315
2019-02-01 19:41:30,635 - INFO: 5460: loss : 0.24526281654834747
2019-02-01 19:41:34,407 - INFO: 5480: loss : 0.24330765008926392
2019-02-01 19:41:38,233 - INFO: 5500: loss : 0.24564911425113678
2019-02-01 19:41:42,047 - INFO: 5520: loss : 0.2441025972366333
2019-02-01 19:41:45,952 - INFO: 5540: loss : 0.23953065276145935
2019-02-01 19:41:49,756 - INFO: 5560: loss : 0.23824630677700043
2019-02-01 19:41:53,537 - INFO: 5580: loss : 0.24254775047302246
2019-02-01 19:41:57,339 - INFO: 5600: loss : 0.23841989040374756
2019-02-01 19:42:01,110 - INFO: 5620: loss : 0.23453466594219208
2019-02-01 19:42:04,964 - INFO: 5640: loss : 0.24270254373550415
2019-02-01 19:42:08,796 - INFO: 5660: loss : 0.23683422803878784
2019-02-01 19:42:12,613 - INFO: 5680: loss : 0.24132975935935974
2019-02-01 19:42:16,471 - INFO: 5700: loss : 0.23557543754577637
2019-02-01 19:42:20,342 - INFO: 5720: loss : 0.2345598042011261
2019-02-01 19:42:24,126 - INFO: 5740: loss : 0.24329417943954468
2019-02-01 19:42:27,941 - INFO: 5760: loss : 0.24004706740379333
2019-02-01 19:42:31,786 - INFO: 5780: loss : 0.23236000537872314
2019-02-01 19:42:35,553 - INFO: 5800: loss : 0.227199986577034
2019-02-01 19:42:39,368 - INFO: 5820: loss : 0.22396373748779297
2019-02-01 19:42:43,227 - INFO: 5840: loss : 0.22257357835769653
2019-02-01 19:42:47,053 - INFO: 5860: loss : 0.223418191075325
2019-02-01 19:42:50,832 - INFO: 5880: loss : 0.22361569106578827
2019-02-01 19:42:54,587 - INFO: 5900: loss : 0.23386913537979126
2019-02-01 19:42:58,401 - INFO: 5920: loss : 0.22951164841651917
2019-02-01 19:43:02,112 - INFO: 5940: loss : 0.22728793323040009
2019-02-01 19:43:05,832 - INFO: 5960: loss : 0.2301129400730133
2019-02-01 19:43:09,698 - INFO: 5980: loss : 0.23041382431983948
2019-02-01 19:43:13,458 - INFO: 6000: loss : 0.2228020429611206
2019-02-01 19:43:17,319 - INFO: 6020: loss : 0.21661272644996643
2019-02-01 19:43:21,157 - INFO: 6040: loss : 0.22322964668273926
2019-02-01 19:43:24,858 - INFO: 6060: loss : 0.21905922889709473
2019-02-01 19:43:28,512 - INFO: 6080: loss : 0.2192363142967224
2019-02-01 19:43:32,162 - INFO: 6100: loss : 0.22581276297569275
2019-02-01 19:43:35,932 - INFO: 6120: loss : 0.22174406051635742
2019-02-01 19:43:39,705 - INFO: 6140: loss : 0.2154954969882965
2019-02-01 19:43:43,521 - INFO: 6160: loss : 0.21549920737743378
2019-02-01 19:43:47,357 - INFO: 6180: loss : 0.21495908498764038
2019-02-01 19:43:51,159 - INFO: 6200: loss : 0.2226792722940445
2019-02-01 19:43:54,893 - INFO: 6220: loss : 0.21080073714256287
2019-02-01 19:43:58,621 - INFO: 6240: loss : 0.22051052749156952
2019-02-01 19:44:02,321 - INFO: 6260: loss : 0.2095390409231186
2019-02-01 19:44:06,184 - INFO: 6280: loss : 0.22504232823848724
2019-02-01 19:44:10,037 - INFO: 6300: loss : 0.21046042442321777
2019-02-01 19:44:13,820 - INFO: 6320: loss : 0.21383026242256165
2019-02-01 19:44:17,687 - INFO: 6340: loss : 0.21433031558990479
2019-02-01 19:44:21,428 - INFO: 6360: loss : 0.20896270871162415
2019-02-01 19:44:25,258 - INFO: 6380: loss : 0.20464250445365906
2019-02-01 19:44:29,025 - INFO: 6400: loss : 0.2109721601009369
2019-02-01 19:44:32,818 - INFO: 6420: loss : 0.2149319350719452
2019-02-01 19:44:36,596 - INFO: 6440: loss : 0.210304394364357
2019-02-01 19:44:40,417 - INFO: 6460: loss : 0.2081080675125122
2019-02-01 19:44:44,216 - INFO: 6480: loss : 0.205624520778656
2019-02-01 19:44:48,004 - INFO: 6500: loss : 0.20073489844799042
2019-02-01 19:44:51,854 - INFO: 6520: loss : 0.2061823457479477
2019-02-01 19:44:55,559 - INFO: 6540: loss : 0.22199267148971558
2019-02-01 19:44:59,366 - INFO: 6560: loss : 0.1980656534433365
2019-02-01 19:45:03,242 - INFO: 6580: loss : 0.19545084238052368
2019-02-01 19:45:07,058 - INFO: 6600: loss : 0.1998293697834015
2019-02-01 19:45:10,891 - INFO: 6620: loss : 0.20813144743442535
2019-02-01 19:45:14,739 - INFO: 6640: loss : 0.2088160514831543
2019-02-01 19:45:18,526 - INFO: 6660: loss : 0.1966862976551056
2019-02-01 19:45:22,289 - INFO: 6680: loss : 0.20502476394176483
2019-02-01 19:45:25,926 - INFO: 6700: loss : 0.1985248327255249
2019-02-01 19:45:29,720 - INFO: 6720: loss : 0.2004213035106659
2019-02-01 19:45:33,470 - INFO: 6740: loss : 0.20594967901706696
2019-02-01 19:45:37,246 - INFO: 6760: loss : 0.19138877093791962
2019-02-01 19:45:40,921 - INFO: 6780: loss : 0.20361435413360596
2019-02-01 19:45:44,651 - INFO: 6800: loss : 0.19799715280532837
2019-02-01 19:45:48,451 - INFO: 6820: loss : 0.1890401393175125
2019-02-01 19:45:52,262 - INFO: 6840: loss : 0.2022731602191925
2019-02-01 19:45:56,068 - INFO: 6860: loss : 0.20285385847091675
2019-02-01 19:45:59,852 - INFO: 6880: loss : 0.1890949010848999
2019-02-01 19:46:03,608 - INFO: 6900: loss : 0.196194589138031
2019-02-01 19:46:07,375 - INFO: 6920: loss : 0.19989672303199768
2019-02-01 19:46:11,107 - INFO: 6940: loss : 0.2016240656375885
2019-02-01 19:46:14,712 - INFO: 6960: loss : 0.19505178928375244
2019-02-01 19:46:18,520 - INFO: 6980: loss : 0.19155916571617126
2019-02-01 19:46:22,295 - INFO: 7000: loss : 0.18322205543518066
2019-02-01 19:46:26,136 - INFO: 7020: loss : 0.1947224736213684
2019-02-01 19:46:29,952 - INFO: 7040: loss : 0.19094642996788025
2019-02-01 19:46:33,757 - INFO: 7060: loss : 0.1842302680015564
2019-02-01 19:46:37,576 - INFO: 7080: loss : 0.1914198100566864
2019-02-01 19:46:41,356 - INFO: 7100: loss : 0.18839670717716217
2019-02-01 19:46:45,154 - INFO: 7120: loss : 0.18405476212501526
2019-02-01 19:46:48,987 - INFO: 7140: loss : 0.1894378960132599
2019-02-01 19:46:52,789 - INFO: 7160: loss : 0.18973517417907715
2019-02-01 19:46:56,525 - INFO: 7180: loss : 0.19481173157691956
2019-02-01 19:47:00,341 - INFO: 7200: loss : 0.18756793439388275
2019-02-01 19:47:04,169 - INFO: 7220: loss : 0.18554143607616425
2019-02-01 19:47:07,964 - INFO: 7240: loss : 0.1860024631023407
2019-02-01 19:47:11,720 - INFO: 7260: loss : 0.1935093104839325
2019-02-01 19:47:15,492 - INFO: 7280: loss : 0.18134072422981262
2019-02-01 19:47:19,130 - INFO: 7300: loss : 0.1807081699371338
2019-02-01 19:47:22,791 - INFO: 7320: loss : 0.18339309096336365
2019-02-01 19:47:26,549 - INFO: 7340: loss : 0.19220200181007385
2019-02-01 19:47:30,362 - INFO: 7360: loss : 0.17734229564666748
2019-02-01 19:47:34,156 - INFO: 7380: loss : 0.18962764739990234
2019-02-01 19:47:37,996 - INFO: 7400: loss : 0.18415428698062897
2019-02-01 19:47:41,812 - INFO: 7420: loss : 0.17159312963485718
2019-02-01 19:47:45,591 - INFO: 7440: loss : 0.18842986226081848
2019-02-01 19:47:49,394 - INFO: 7460: loss : 0.1780296266078949
2019-02-01 19:47:53,203 - INFO: 7480: loss : 0.17280873656272888
2019-02-01 20:00:44,229 - INFO: None
2019-02-01 20:00:44,229 - INFO: saving model in model/trained_model_mini/C3D_attn/model.json
2019-02-01 20:00:44,231 - INFO: Iteration started
2019-02-01 20:00:46,773 - INFO: 0: loss : 10.48824405670166
2019-02-01 20:00:50,481 - INFO: 20: loss : 7.6954345703125
2019-02-01 20:00:54,053 - INFO: 40: loss : 6.845725059509277
2019-02-01 20:00:57,645 - INFO: 60: loss : 6.044107913970947
2019-02-01 20:01:01,325 - INFO: 80: loss : 5.474388122558594
2019-02-01 20:01:04,952 - INFO: 100: loss : 5.0831403732299805
2019-02-01 20:01:08,570 - INFO: 120: loss : 4.7338690757751465
2019-02-01 20:01:12,250 - INFO: 140: loss : 4.446319103240967
2019-02-01 20:01:15,833 - INFO: 160: loss : 4.233477592468262
2019-02-01 20:01:19,559 - INFO: 180: loss : 4.108774185180664
2019-02-01 20:01:23,164 - INFO: 200: loss : 3.7854232788085938
2019-02-01 20:01:26,755 - INFO: 220: loss : 3.6782219409942627
2019-02-01 20:01:30,383 - INFO: 240: loss : 3.458527088165283
2019-02-01 20:01:34,022 - INFO: 260: loss : 3.336909294128418
2019-02-01 20:01:37,615 - INFO: 280: loss : 3.2369072437286377
2019-02-01 20:01:41,262 - INFO: 300: loss : 3.103719711303711
2019-02-01 20:01:44,901 - INFO: 320: loss : 3.0514206886291504
2019-02-01 20:01:48,511 - INFO: 340: loss : 2.8935418128967285
2019-02-01 20:01:52,077 - INFO: 360: loss : 2.8079395294189453
2019-02-01 20:01:55,566 - INFO: 380: loss : 2.6922240257263184
2019-02-01 20:01:59,028 - INFO: 400: loss : 2.6529252529144287
2019-02-01 20:02:02,646 - INFO: 420: loss : 2.5527572631835938
2019-02-01 20:02:06,337 - INFO: 440: loss : 2.4918460845947266
2019-02-01 20:02:10,029 - INFO: 460: loss : 2.3974709510803223
2019-02-01 20:02:13,703 - INFO: 480: loss : 2.3408985137939453
2019-02-01 20:02:17,273 - INFO: 500: loss : 2.2806458473205566
2019-02-01 20:02:20,931 - INFO: 520: loss : 2.2301156520843506
2019-02-01 20:02:24,660 - INFO: 540: loss : 2.172335624694824
2019-02-01 20:02:28,332 - INFO: 560: loss : 2.1098134517669678
2019-02-01 20:02:31,900 - INFO: 580: loss : 2.110274314880371
2019-02-01 20:02:35,592 - INFO: 600: loss : 1.9925224781036377
2019-02-01 20:02:39,292 - INFO: 620: loss : 1.9756892919540405
2019-02-01 20:02:42,950 - INFO: 640: loss : 1.9745056629180908
2019-02-01 20:02:46,624 - INFO: 660: loss : 1.895378828048706
2019-02-01 20:02:50,319 - INFO: 680: loss : 1.82317054271698
2019-02-01 20:02:53,921 - INFO: 700: loss : 1.801414132118225
2019-02-01 20:02:57,668 - INFO: 720: loss : 1.7736895084381104
2019-02-01 20:03:01,349 - INFO: 740: loss : 1.7199870347976685
2019-02-01 20:03:05,021 - INFO: 760: loss : 1.6931843757629395
2019-02-01 20:03:08,709 - INFO: 780: loss : 1.6617292165756226
2019-02-01 20:03:12,417 - INFO: 800: loss : 1.620661735534668
2019-02-01 20:03:16,111 - INFO: 820: loss : 1.5961568355560303
2019-02-01 20:03:19,789 - INFO: 840: loss : 1.565637230873108
2019-02-01 20:03:23,454 - INFO: 860: loss : 1.547149896621704
2019-02-01 20:03:27,120 - INFO: 880: loss : 1.4959428310394287
2019-02-01 20:03:30,796 - INFO: 900: loss : 1.4808754920959473
2019-02-01 20:03:34,500 - INFO: 920: loss : 1.4525812864303589
2019-02-01 20:03:38,188 - INFO: 940: loss : 1.4117350578308105
2019-02-01 20:03:41,877 - INFO: 960: loss : 1.3927347660064697
2019-02-01 20:03:45,621 - INFO: 980: loss : 1.367337942123413
2019-02-01 20:03:49,361 - INFO: 1000: loss : 1.339005947113037
2019-02-01 20:03:53,130 - INFO: 1020: loss : 1.3146374225616455
2019-02-01 20:03:56,813 - INFO: 1040: loss : 1.3015661239624023
2019-02-01 20:04:00,470 - INFO: 1060: loss : 1.273611068725586
2019-02-01 20:04:04,087 - INFO: 1080: loss : 1.2644284963607788
2019-02-01 20:04:07,848 - INFO: 1100: loss : 1.2303001880645752
2019-02-01 20:04:11,576 - INFO: 1120: loss : 1.2204166650772095
2019-02-01 20:04:15,229 - INFO: 1140: loss : 1.2128255367279053
2019-02-01 20:04:18,930 - INFO: 1160: loss : 1.200878620147705
2019-02-01 20:04:22,663 - INFO: 1180: loss : 1.1714160442352295
2019-02-01 20:04:26,285 - INFO: 1200: loss : 1.1521003246307373
2019-02-01 20:04:29,899 - INFO: 1220: loss : 1.1177374124526978
2019-02-01 20:04:33,565 - INFO: 1240: loss : 1.1075142621994019
2019-02-01 20:04:37,165 - INFO: 1260: loss : 1.102983832359314
2019-02-01 20:04:40,863 - INFO: 1280: loss : 1.0884084701538086
2019-02-01 20:04:44,522 - INFO: 1300: loss : 1.0558940172195435
2019-02-01 20:04:48,216 - INFO: 1320: loss : 1.035699486732483
2019-02-01 20:04:51,892 - INFO: 1340: loss : 1.060139536857605
2019-02-01 20:04:55,563 - INFO: 1360: loss : 1.0212981700897217
2019-02-01 20:04:59,279 - INFO: 1380: loss : 1.0089445114135742
2019-02-01 20:05:02,965 - INFO: 1400: loss : 0.9989285469055176
2019-02-01 20:05:06,571 - INFO: 1420: loss : 0.9857797026634216
2019-02-01 20:05:10,248 - INFO: 1440: loss : 0.9614218473434448
2019-02-01 20:05:13,962 - INFO: 1460: loss : 0.9642795324325562
2019-02-01 20:05:17,642 - INFO: 1480: loss : 0.9368746876716614
2019-02-01 20:05:21,276 - INFO: 1500: loss : 0.9368011355400085
2019-02-01 20:05:25,024 - INFO: 1520: loss : 0.9144934415817261
2019-02-01 20:05:28,722 - INFO: 1540: loss : 0.9083179235458374
2019-02-01 20:05:32,387 - INFO: 1560: loss : 0.8955724239349365
2019-02-01 20:05:35,982 - INFO: 1580: loss : 0.884852409362793
2019-02-01 20:05:39,624 - INFO: 1600: loss : 0.8707485198974609
2019-02-01 20:05:43,322 - INFO: 1620: loss : 0.8528112173080444
2019-02-01 20:05:46,891 - INFO: 1640: loss : 0.8468949794769287
2019-02-01 20:05:50,561 - INFO: 1660: loss : 0.844537615776062
2019-02-01 20:05:54,218 - INFO: 1680: loss : 0.8295705318450928
2019-02-01 20:05:57,818 - INFO: 1700: loss : 0.8210703730583191
2019-02-01 20:06:01,498 - INFO: 1720: loss : 0.7978875637054443
2019-02-01 20:06:05,180 - INFO: 1740: loss : 0.7931160926818848
2019-02-01 20:06:08,864 - INFO: 1760: loss : 0.7801240086555481
2019-02-01 20:06:12,565 - INFO: 1780: loss : 0.7764955759048462
2019-02-01 20:06:16,292 - INFO: 1800: loss : 0.7701220512390137
2019-02-01 20:06:20,032 - INFO: 1820: loss : 0.7626211643218994
2019-02-01 20:06:23,718 - INFO: 1840: loss : 0.746812105178833
2019-02-01 20:06:27,418 - INFO: 1860: loss : 0.739398717880249
2019-02-01 20:06:31,034 - INFO: 1880: loss : 0.730680525302887
2019-02-01 20:06:34,632 - INFO: 1900: loss : 0.7235909104347229
2019-02-01 20:06:38,180 - INFO: 1920: loss : 0.7198379039764404
2019-02-01 20:06:41,905 - INFO: 1940: loss : 0.7147820591926575
2019-02-01 20:06:45,644 - INFO: 1960: loss : 0.7032836675643921
2019-02-01 20:06:49,347 - INFO: 1980: loss : 0.7035732269287109
2019-02-01 20:06:52,970 - INFO: 2000: loss : 0.7031729221343994
2019-02-01 20:06:56,745 - INFO: 2020: loss : 0.6770320534706116
2019-02-01 20:07:00,465 - INFO: 2040: loss : 0.6776995062828064
2019-02-01 20:07:04,147 - INFO: 2060: loss : 0.6692827343940735
2019-02-01 20:07:07,793 - INFO: 2080: loss : 0.6638987064361572
2019-02-01 20:07:11,434 - INFO: 2100: loss : 0.6512807607650757
2019-02-01 20:07:15,156 - INFO: 2120: loss : 0.635486900806427
2019-02-01 20:07:18,854 - INFO: 2140: loss : 0.6284863948822021
2019-02-01 20:07:22,600 - INFO: 2160: loss : 0.6185992956161499
2019-02-01 20:07:26,234 - INFO: 2180: loss : 0.6451834440231323
2019-02-01 20:07:29,906 - INFO: 2200: loss : 0.6359479427337646
2019-02-01 20:07:33,434 - INFO: 2220: loss : 0.6066943407058716
2019-02-01 20:07:37,141 - INFO: 2240: loss : 0.6110885143280029
2019-02-01 20:07:40,882 - INFO: 2260: loss : 0.5996833443641663
2019-02-01 20:07:44,589 - INFO: 2280: loss : 0.5955586433410645
2019-02-01 20:07:48,213 - INFO: 2300: loss : 0.5833741426467896
2019-02-01 20:07:51,945 - INFO: 2320: loss : 0.5738579630851746
2019-02-01 20:07:55,587 - INFO: 2340: loss : 0.5716582536697388
2019-02-01 20:07:59,299 - INFO: 2360: loss : 0.5758171677589417
2019-02-01 20:08:02,933 - INFO: 2380: loss : 0.5759677886962891
2019-02-01 20:08:06,612 - INFO: 2400: loss : 0.5623783469200134
2019-02-01 20:08:10,130 - INFO: 2420: loss : 0.5644139051437378
2019-02-01 20:08:13,593 - INFO: 2440: loss : 0.544448971748352
2019-02-01 20:08:17,257 - INFO: 2460: loss : 0.5557148456573486
2019-02-01 20:08:20,950 - INFO: 2480: loss : 0.5379661321640015
2019-02-01 20:08:24,644 - INFO: 2500: loss : 0.5496670007705688
2019-02-01 20:08:28,332 - INFO: 2520: loss : 0.5327825546264648
2019-02-01 20:08:32,000 - INFO: 2540: loss : 0.5268169641494751
2019-02-01 20:08:35,601 - INFO: 2560: loss : 0.5191177129745483
2019-02-01 20:08:39,252 - INFO: 2580: loss : 0.5111055374145508
2019-02-01 20:08:42,918 - INFO: 2600: loss : 0.5147371292114258
2019-02-01 20:08:46,564 - INFO: 2620: loss : 0.49915793538093567
2019-02-01 20:08:50,205 - INFO: 2640: loss : 0.507605791091919
2019-02-01 20:08:53,836 - INFO: 2660: loss : 0.5142403244972229
2019-02-01 20:08:57,399 - INFO: 2680: loss : 0.49724170565605164
2019-02-01 20:09:00,940 - INFO: 2700: loss : 0.48247796297073364
2019-02-01 20:09:04,640 - INFO: 2720: loss : 0.4792410135269165
2019-02-01 20:09:08,326 - INFO: 2740: loss : 0.48726752400398254
2019-02-01 20:09:12,051 - INFO: 2760: loss : 0.4801124334335327
2019-02-01 20:09:15,759 - INFO: 2780: loss : 0.4786924421787262
2019-02-01 20:09:19,477 - INFO: 2800: loss : 0.4693906307220459
2019-02-01 20:09:23,176 - INFO: 2820: loss : 0.4784155488014221
2019-02-01 20:09:26,645 - INFO: 2840: loss : 0.46842795610427856
2019-02-01 20:09:30,360 - INFO: 2860: loss : 0.4578971564769745
2019-02-01 20:09:34,031 - INFO: 2880: loss : 0.4661576747894287
2019-02-01 20:09:37,688 - INFO: 2900: loss : 0.4536984860897064
2019-02-01 20:09:41,329 - INFO: 2920: loss : 0.45899516344070435
2019-02-01 20:09:45,028 - INFO: 2940: loss : 0.4535038471221924
2019-02-01 20:09:48,734 - INFO: 2960: loss : 0.44467392563819885
2019-02-01 20:09:52,320 - INFO: 2980: loss : 0.43838146328926086
2019-02-01 20:09:56,014 - INFO: 3000: loss : 0.4523879587650299
2019-02-01 20:09:59,793 - INFO: 3020: loss : 0.44540053606033325
2019-02-01 20:10:03,492 - INFO: 3040: loss : 0.43969056010246277
2019-02-01 20:10:07,164 - INFO: 3060: loss : 0.429159939289093
2019-02-01 20:10:10,750 - INFO: 3080: loss : 0.4193568825721741
2019-02-01 20:10:14,402 - INFO: 3100: loss : 0.42164796590805054
2019-02-01 20:10:18,097 - INFO: 3120: loss : 0.4271657466888428
2019-02-01 20:10:21,738 - INFO: 3140: loss : 0.4080403447151184
2019-02-01 20:10:25,256 - INFO: 3160: loss : 0.41695648431777954
2019-02-01 20:10:28,954 - INFO: 3180: loss : 0.4095234274864197
2019-02-01 20:10:32,653 - INFO: 3200: loss : 0.4131883382797241
2019-02-01 20:10:36,346 - INFO: 3220: loss : 0.404496431350708
2019-02-01 20:10:40,030 - INFO: 3240: loss : 0.3995780050754547
2019-02-01 20:10:43,719 - INFO: 3260: loss : 0.4013814926147461
2019-02-01 20:10:47,444 - INFO: 3280: loss : 0.39713746309280396
2019-02-01 20:10:51,125 - INFO: 3300: loss : 0.3866032361984253
2019-02-01 20:10:54,727 - INFO: 3320: loss : 0.4041476249694824
2019-02-01 20:10:58,358 - INFO: 3340: loss : 0.385858416557312
2019-02-01 20:11:02,036 - INFO: 3360: loss : 0.3870796263217926
2019-02-01 20:11:05,709 - INFO: 3380: loss : 0.38314956426620483
2019-02-01 20:11:09,370 - INFO: 3400: loss : 0.36986014246940613
2019-02-01 20:11:13,109 - INFO: 3420: loss : 0.3693501949310303
2019-02-01 20:11:16,807 - INFO: 3440: loss : 0.36739155650138855
2019-02-01 20:11:20,420 - INFO: 3460: loss : 0.3662787973880768
2019-02-01 20:11:24,134 - INFO: 3480: loss : 0.37543073296546936
2019-02-01 20:11:27,734 - INFO: 3500: loss : 0.37068700790405273
2019-02-01 20:11:31,424 - INFO: 3520: loss : 0.3746723532676697
2019-02-01 20:11:35,078 - INFO: 3540: loss : 0.37634506821632385
2019-02-01 20:11:38,701 - INFO: 3560: loss : 0.3645749092102051
2019-02-01 20:11:42,388 - INFO: 3580: loss : 0.36772793531417847
2019-02-01 20:11:45,944 - INFO: 3600: loss : 0.3621739149093628
2019-02-01 20:11:49,648 - INFO: 3620: loss : 0.3584817945957184
2019-02-01 20:11:53,372 - INFO: 3640: loss : 0.3522440493106842
2019-02-01 20:11:57,111 - INFO: 3660: loss : 0.3711826503276825
2019-02-01 20:12:00,804 - INFO: 3680: loss : 0.35889506340026855
2019-02-01 20:12:04,293 - INFO: 3700: loss : 0.3471084535121918
2019-02-01 20:12:07,926 - INFO: 3720: loss : 0.34293699264526367
2019-02-01 20:12:11,562 - INFO: 3740: loss : 0.3494132161140442
2019-02-01 20:12:15,211 - INFO: 3760: loss : 0.345297634601593
2019-02-01 20:12:18,889 - INFO: 3780: loss : 0.33896777033805847
2019-02-01 20:12:22,667 - INFO: 3800: loss : 0.33446288108825684
2019-02-01 20:12:26,397 - INFO: 3820: loss : 0.32949480414390564
2019-02-01 20:12:30,123 - INFO: 3840: loss : 0.33229774236679077
2019-02-01 20:12:33,780 - INFO: 3860: loss : 0.3467792272567749
2019-02-01 20:12:37,479 - INFO: 3880: loss : 0.32900571823120117
2019-02-01 20:12:41,170 - INFO: 3900: loss : 0.3297855257987976
2019-02-01 20:12:44,859 - INFO: 3920: loss : 0.322782039642334
2019-02-01 20:12:48,492 - INFO: 3940: loss : 0.3139132261276245
2019-02-01 20:12:52,137 - INFO: 3960: loss : 0.3270057439804077
2019-02-01 20:12:55,871 - INFO: 3980: loss : 0.32308509945869446
2019-02-01 20:12:59,561 - INFO: 4000: loss : 0.32256072759628296
2019-02-01 20:13:03,360 - INFO: 4020: loss : 0.33392107486724854
2019-02-01 20:13:07,089 - INFO: 4040: loss : 0.32376962900161743
2019-02-01 20:13:10,707 - INFO: 4060: loss : 0.3139726519584656
2019-02-01 20:13:14,405 - INFO: 4080: loss : 0.3093247711658478
2019-02-01 20:13:18,120 - INFO: 4100: loss : 0.3115053176879883
2019-02-01 20:13:21,803 - INFO: 4120: loss : 0.31280040740966797
2019-02-01 20:13:25,506 - INFO: 4140: loss : 0.3081238865852356
2019-02-01 20:13:29,181 - INFO: 4160: loss : 0.3090670704841614
2019-02-01 20:13:32,827 - INFO: 4180: loss : 0.315482497215271
2019-02-01 20:13:36,483 - INFO: 4200: loss : 0.2967020869255066
2019-02-01 20:13:40,128 - INFO: 4220: loss : 0.3062552511692047
2019-02-01 20:13:43,851 - INFO: 4240: loss : 0.301224946975708
2019-02-01 20:13:47,582 - INFO: 4260: loss : 0.29758885502815247
2019-02-01 20:13:51,231 - INFO: 4280: loss : 0.29562264680862427
2019-02-01 20:13:54,902 - INFO: 4300: loss : 0.2918110489845276
2019-02-01 20:13:58,557 - INFO: 4320: loss : 0.29244714975357056
2019-02-01 20:14:02,260 - INFO: 4340: loss : 0.2943296432495117
2019-02-01 20:14:05,859 - INFO: 4360: loss : 0.2893097400665283
2019-02-01 20:14:09,549 - INFO: 4380: loss : 0.2758027911186218
2019-02-01 20:14:13,265 - INFO: 4400: loss : 0.2830619812011719
2019-02-01 20:14:16,987 - INFO: 4420: loss : 0.283541202545166
2019-02-01 20:14:20,698 - INFO: 4440: loss : 0.2745315432548523
2019-02-01 20:14:24,351 - INFO: 4460: loss : 0.2818062901496887
2019-02-01 20:14:28,072 - INFO: 4480: loss : 0.2835249602794647
2019-02-01 20:14:31,673 - INFO: 4500: loss : 0.276275634765625
2019-02-01 20:14:35,371 - INFO: 4520: loss : 0.2850766181945801
2019-02-01 20:14:38,996 - INFO: 4540: loss : 0.28394395112991333
2019-02-01 20:14:42,692 - INFO: 4560: loss : 0.2775030732154846
2019-02-01 20:14:46,349 - INFO: 4580: loss : 0.2814863324165344
2019-02-01 20:14:50,063 - INFO: 4600: loss : 0.26913970708847046
2019-02-01 20:14:53,759 - INFO: 4620: loss : 0.26758232712745667
2019-02-01 20:14:57,429 - INFO: 4640: loss : 0.2683241367340088
2019-02-01 20:15:01,135 - INFO: 4660: loss : 0.27077528834342957
2019-02-01 20:15:04,749 - INFO: 4680: loss : 0.27445414662361145
2019-02-01 20:15:08,485 - INFO: 4700: loss : 0.2762072682380676
2019-02-01 20:15:12,179 - INFO: 4720: loss : 0.28114059567451477
2019-02-01 20:15:15,849 - INFO: 4740: loss : 0.263348788022995
2019-02-01 20:15:19,567 - INFO: 4760: loss : 0.2556314468383789
2019-02-01 20:15:23,298 - INFO: 4780: loss : 0.26339566707611084
2019-02-01 20:15:26,920 - INFO: 4800: loss : 0.24923628568649292
2019-02-01 20:15:30,617 - INFO: 4820: loss : 0.2590051293373108
2019-02-01 20:15:34,327 - INFO: 4840: loss : 0.25157982110977173
2019-02-01 20:15:38,043 - INFO: 4860: loss : 0.25575754046440125
2019-02-01 20:15:41,802 - INFO: 4880: loss : 0.25572866201400757
2019-02-01 20:15:45,508 - INFO: 4900: loss : 0.2593405842781067
2019-02-01 20:15:49,225 - INFO: 4920: loss : 0.25243067741394043
2019-02-01 20:15:52,881 - INFO: 4940: loss : 0.24601519107818604
2019-02-01 20:15:56,566 - INFO: 4960: loss : 0.25641950964927673
2019-02-01 20:16:00,262 - INFO: 4980: loss : 0.2614232301712036
2019-02-01 20:16:03,962 - INFO: 5000: loss : 0.24030879139900208
2019-02-01 20:16:07,723 - INFO: 5020: loss : 0.25227439403533936
2019-02-01 20:16:11,336 - INFO: 5040: loss : 0.2519954442977905
2019-02-01 20:16:14,962 - INFO: 5060: loss : 0.2452940046787262
2019-02-01 20:16:18,572 - INFO: 5080: loss : 0.2414943426847458
2019-02-01 20:16:22,126 - INFO: 5100: loss : 0.24467621743679047
2019-02-01 20:16:25,810 - INFO: 5120: loss : 0.24230283498764038
2019-02-01 20:16:29,435 - INFO: 5140: loss : 0.23941347002983093
2019-02-01 20:16:33,143 - INFO: 5160: loss : 0.24547159671783447
2019-02-01 20:16:36,777 - INFO: 5180: loss : 0.23504985868930817
2019-02-01 20:16:40,483 - INFO: 5200: loss : 0.24641913175582886
2019-02-01 20:16:44,123 - INFO: 5220: loss : 0.2452918291091919
2019-02-01 20:16:47,699 - INFO: 5240: loss : 0.24308329820632935
2019-02-01 20:16:51,322 - INFO: 5260: loss : 0.2402133047580719
2019-02-01 20:16:54,951 - INFO: 5280: loss : 0.22942784428596497
2019-02-01 20:16:58,594 - INFO: 5300: loss : 0.239411860704422
2019-02-01 20:17:02,237 - INFO: 5320: loss : 0.23431673645973206
2019-02-01 20:17:05,817 - INFO: 5340: loss : 0.23891033232212067
2019-02-01 20:17:09,418 - INFO: 5360: loss : 0.23264756798744202
2019-02-01 20:17:13,117 - INFO: 5380: loss : 0.23642714321613312
2019-02-01 20:17:16,798 - INFO: 5400: loss : 0.2367207407951355
2019-02-01 20:17:20,523 - INFO: 5420: loss : 0.23879235982894897
2019-02-01 20:17:24,159 - INFO: 5440: loss : 0.2236708551645279
2019-02-01 20:17:27,762 - INFO: 5460: loss : 0.22470033168792725
2019-02-01 20:17:31,464 - INFO: 5480: loss : 0.23900780081748962
2019-02-01 20:17:35,162 - INFO: 5500: loss : 0.22266176342964172
2019-02-01 20:17:38,869 - INFO: 5520: loss : 0.2342904955148697
2019-02-01 20:17:42,557 - INFO: 5540: loss : 0.22960081696510315
2019-02-01 20:17:46,231 - INFO: 5560: loss : 0.2204006463289261
2019-02-01 20:17:49,842 - INFO: 5580: loss : 0.21737194061279297
2019-02-01 20:17:53,430 - INFO: 5600: loss : 0.22775420546531677
2019-02-01 20:17:57,162 - INFO: 5620: loss : 0.2175665646791458
2019-02-01 20:18:00,807 - INFO: 5640: loss : 0.22021281719207764
2019-02-01 20:18:04,352 - INFO: 5660: loss : 0.2175847589969635
2019-02-01 20:18:07,923 - INFO: 5680: loss : 0.21407409012317657
2019-02-01 20:18:11,630 - INFO: 5700: loss : 0.21484269201755524
2019-02-01 20:18:15,335 - INFO: 5720: loss : 0.21917417645454407
2019-02-01 20:18:18,872 - INFO: 5740: loss : 0.2201409935951233
2019-02-01 20:18:22,459 - INFO: 5760: loss : 0.2239198088645935
2019-02-01 20:18:26,140 - INFO: 5780: loss : 0.2210114598274231
2019-02-01 20:18:29,731 - INFO: 5800: loss : 0.20405130088329315
2019-02-01 20:18:33,354 - INFO: 5820: loss : 0.21551620960235596
2019-02-01 20:18:37,046 - INFO: 5840: loss : 0.2051309049129486
2019-02-01 20:18:40,768 - INFO: 5860: loss : 0.2160181999206543
2019-02-01 20:18:44,412 - INFO: 5880: loss : 0.2124331146478653
2019-02-01 20:18:48,065 - INFO: 5900: loss : 0.2113177329301834
2019-02-01 20:18:51,615 - INFO: 5920: loss : 0.21152226626873016
2019-02-01 20:18:55,305 - INFO: 5940: loss : 0.20831507444381714
2019-02-01 20:18:58,933 - INFO: 5960: loss : 0.21413488686084747
2019-02-01 20:19:02,597 - INFO: 5980: loss : 0.2040974497795105
2019-02-01 20:19:06,302 - INFO: 6000: loss : 0.20407912135124207
2019-02-01 20:19:10,010 - INFO: 6020: loss : 0.21183300018310547
2019-02-01 20:19:13,647 - INFO: 6040: loss : 0.1984918713569641
2019-02-01 20:19:17,296 - INFO: 6060: loss : 0.21609540283679962
2019-02-01 20:19:20,993 - INFO: 6080: loss : 0.21044182777404785
2019-02-01 20:19:24,696 - INFO: 6100: loss : 0.199203759431839
2019-02-01 20:19:28,229 - INFO: 6120: loss : 0.20382171869277954
2019-02-01 20:19:31,921 - INFO: 6140: loss : 0.2102787047624588
2019-02-01 20:19:35,633 - INFO: 6160: loss : 0.19196146726608276
2019-02-01 20:19:39,343 - INFO: 6180: loss : 0.20284482836723328
2019-02-01 20:19:43,088 - INFO: 6200: loss : 0.21486198902130127
2019-02-01 20:19:46,766 - INFO: 6220: loss : 0.21059571206569672
2019-02-01 20:19:50,478 - INFO: 6240: loss : 0.20280438661575317
2019-02-01 20:19:54,096 - INFO: 6260: loss : 0.20262597501277924
2019-02-01 20:19:57,661 - INFO: 6280: loss : 0.19126653671264648
2019-02-01 20:20:01,378 - INFO: 6300: loss : 0.20279726386070251
2019-02-01 20:20:04,980 - INFO: 6320: loss : 0.1967621147632599
2019-02-01 20:20:08,616 - INFO: 6340: loss : 0.19433198869228363
2019-02-01 20:20:12,320 - INFO: 6360: loss : 0.19945383071899414
2019-02-01 20:20:15,997 - INFO: 6380: loss : 0.19691386818885803
2019-02-01 20:20:19,732 - INFO: 6400: loss : 0.20485039055347443
2019-02-01 20:20:23,412 - INFO: 6420: loss : 0.19814267754554749
2019-02-01 20:20:27,113 - INFO: 6440: loss : 0.1889461874961853
2019-02-01 20:20:30,781 - INFO: 6460: loss : 0.2026788294315338
2019-02-01 20:20:34,448 - INFO: 6480: loss : 0.19205468893051147
2019-02-01 20:20:38,160 - INFO: 6500: loss : 0.20067639648914337
2019-02-01 20:20:41,758 - INFO: 6520: loss : 0.18695813417434692
2019-02-01 20:20:45,439 - INFO: 6540: loss : 0.19022226333618164
2019-02-01 20:20:49,037 - INFO: 6560: loss : 0.18796847760677338
2019-02-01 20:20:52,635 - INFO: 6580: loss : 0.19043280184268951
2019-02-01 20:20:56,170 - INFO: 6600: loss : 0.19130799174308777
2019-02-01 20:20:59,857 - INFO: 6620: loss : 0.19888776540756226
2019-02-01 20:21:03,360 - INFO: 6640: loss : 0.19168028235435486
2019-02-01 20:21:07,048 - INFO: 6660: loss : 0.1918138861656189
2019-02-01 20:21:10,672 - INFO: 6680: loss : 0.18098247051239014
2019-02-01 20:21:14,350 - INFO: 6700: loss : 0.20004618167877197
2019-02-01 20:21:18,021 - INFO: 6720: loss : 0.19003939628601074
2019-02-01 20:21:21,650 - INFO: 6740: loss : 0.1861720085144043
2019-02-01 20:21:25,285 - INFO: 6760: loss : 0.1891143023967743
2019-02-01 20:21:28,994 - INFO: 6780: loss : 0.18674828112125397
2019-02-01 20:21:32,710 - INFO: 6800: loss : 0.18772144615650177
2019-02-01 20:21:36,421 - INFO: 6820: loss : 0.18976038694381714
2019-02-01 20:21:40,005 - INFO: 6840: loss : 0.1797325313091278
2019-02-01 20:21:43,639 - INFO: 6860: loss : 0.2013760507106781
2019-02-01 20:21:47,337 - INFO: 6880: loss : 0.18659883737564087
2019-02-01 20:21:50,954 - INFO: 6900: loss : 0.18118003010749817
2019-02-01 20:21:54,685 - INFO: 6920: loss : 0.17847853899002075
2019-02-01 20:21:58,316 - INFO: 6940: loss : 0.18009334802627563
2019-02-01 20:22:01,985 - INFO: 6960: loss : 0.19103819131851196
2019-02-01 20:22:05,634 - INFO: 6980: loss : 0.1867169439792633
2019-02-01 20:22:09,204 - INFO: 7000: loss : 0.18256399035453796
2019-02-01 20:22:12,882 - INFO: 7020: loss : 0.1774035394191742
2019-02-01 20:22:16,566 - INFO: 7040: loss : 0.17999130487442017
2019-02-01 20:22:20,278 - INFO: 7060: loss : 0.19375894963741302
2019-02-01 20:22:23,915 - INFO: 7080: loss : 0.2052125781774521
2019-02-01 20:22:27,555 - INFO: 7100: loss : 0.18330490589141846
2019-02-01 20:22:31,208 - INFO: 7120: loss : 0.17771220207214355
2019-02-01 20:22:34,921 - INFO: 7140: loss : 0.18260611593723297
2019-02-01 20:22:38,454 - INFO: 7160: loss : 0.1817971020936966
2019-02-01 20:22:42,180 - INFO: 7180: loss : 0.17638742923736572
2019-02-01 20:22:45,839 - INFO: 7200: loss : 0.17652827501296997
2019-02-01 20:22:49,488 - INFO: 7220: loss : 0.1721993088722229
2019-02-01 20:22:53,189 - INFO: 7240: loss : 0.18749043345451355
2019-02-01 20:22:56,791 - INFO: 7260: loss : 0.17226570844650269
2019-02-01 20:23:00,432 - INFO: 7280: loss : 0.18275083601474762
2019-02-01 20:23:04,087 - INFO: 7300: loss : 0.17600610852241516
2019-02-01 20:23:07,784 - INFO: 7320: loss : 0.18809792399406433
2019-02-01 20:23:11,413 - INFO: 7340: loss : 0.17046941816806793
2019-02-01 20:23:15,026 - INFO: 7360: loss : 0.1691356599330902
2019-02-01 20:23:18,668 - INFO: 7380: loss : 0.1683768779039383
2019-02-01 20:23:22,298 - INFO: 7400: loss : 0.16944266855716705
2019-02-01 20:23:25,934 - INFO: 7420: loss : 0.1762627214193344
2019-02-01 20:23:29,521 - INFO: 7440: loss : 0.1653098315000534
2019-02-01 20:23:33,123 - INFO: 7460: loss : 0.18095606565475464
2019-02-01 20:23:36,781 - INFO: 7480: loss : 0.1703076958656311
2019-02-01 20:23:40,524 - INFO: 7500: loss : 0.1798292100429535
2019-02-01 20:23:44,250 - INFO: 7520: loss : 0.16683140397071838
2019-02-01 20:23:47,960 - INFO: 7540: loss : 0.17781031131744385
2019-02-01 20:23:51,673 - INFO: 7560: loss : 0.16837795078754425
2019-02-01 20:23:55,396 - INFO: 7580: loss : 0.16162775456905365
2019-02-01 20:23:59,113 - INFO: 7600: loss : 0.17665323615074158
2019-02-01 20:24:02,823 - INFO: 7620: loss : 0.16771720349788666
2019-02-01 20:24:06,486 - INFO: 7640: loss : 0.16647762060165405
2019-02-01 20:24:09,994 - INFO: 7660: loss : 0.16564619541168213
2019-02-01 20:24:13,713 - INFO: 7680: loss : 0.1687551885843277
2019-02-01 20:24:17,244 - INFO: 7700: loss : 0.17069992423057556
2019-02-01 20:24:20,856 - INFO: 7720: loss : 0.16777631640434265
2019-02-01 20:24:24,519 - INFO: 7740: loss : 0.17742879688739777
2019-02-01 20:24:28,174 - INFO: 7760: loss : 0.1643827259540558
2019-02-01 20:24:31,831 - INFO: 7780: loss : 0.16530904173851013
2019-02-01 20:24:35,428 - INFO: 7800: loss : 0.17197152972221375
2019-02-01 20:24:39,086 - INFO: 7820: loss : 0.16847984492778778
2019-02-01 20:24:42,763 - INFO: 7840: loss : 0.16940996050834656
2019-02-01 20:24:46,399 - INFO: 7860: loss : 0.16128408908843994
2019-02-01 20:24:50,101 - INFO: 7880: loss : 0.16478599607944489
2019-02-01 20:24:53,790 - INFO: 7900: loss : 0.16532592475414276
2019-02-01 20:24:57,453 - INFO: 7920: loss : 0.15878978371620178
2019-02-01 20:25:00,964 - INFO: 7940: loss : 0.17395438253879547
2019-02-01 20:25:04,483 - INFO: 7960: loss : 0.1617649495601654
2019-02-01 20:25:08,138 - INFO: 7980: loss : 0.16727009415626526
2019-02-01 20:25:11,830 - INFO: 8000: loss : 0.1719309538602829
2019-02-01 20:25:15,642 - INFO: 8020: loss : 0.16076424717903137
2019-02-01 20:25:19,374 - INFO: 8040: loss : 0.16018624603748322
2019-02-01 20:25:22,949 - INFO: 8060: loss : 0.17657604813575745
2019-02-01 20:25:26,432 - INFO: 8080: loss : 0.17526036500930786
2019-02-01 20:25:30,055 - INFO: 8100: loss : 0.16622935235500336
2019-02-01 20:25:33,705 - INFO: 8120: loss : 0.1640353947877884
2019-02-01 20:25:37,229 - INFO: 8140: loss : 0.16338926553726196
2019-02-01 20:25:40,911 - INFO: 8160: loss : 0.15298494696617126
2019-02-01 20:25:44,530 - INFO: 8180: loss : 0.1614004373550415
2019-02-01 20:25:48,139 - INFO: 8200: loss : 0.1541506052017212
2019-02-01 20:25:51,815 - INFO: 8220: loss : 0.1545846164226532
2019-02-01 20:25:55,328 - INFO: 8240: loss : 0.162200927734375
2019-02-01 20:25:58,800 - INFO: 8260: loss : 0.1656109243631363
2019-02-01 20:26:02,360 - INFO: 8280: loss : 0.16153383255004883
2019-02-01 20:26:05,978 - INFO: 8300: loss : 0.1682247370481491
2019-02-01 20:26:09,626 - INFO: 8320: loss : 0.15662217140197754
2019-02-01 20:26:13,339 - INFO: 8340: loss : 0.16318145394325256
2019-02-01 20:26:16,970 - INFO: 8360: loss : 0.15882384777069092
2019-02-01 20:26:20,611 - INFO: 8380: loss : 0.1626833826303482
2019-02-01 20:26:24,302 - INFO: 8400: loss : 0.1595425009727478
2019-02-01 20:26:27,987 - INFO: 8420: loss : 0.15553972125053406
2019-02-01 20:26:31,686 - INFO: 8440: loss : 0.15883225202560425
2019-02-01 20:26:35,261 - INFO: 8460: loss : 0.15176360309123993
2019-02-01 20:26:38,738 - INFO: 8480: loss : 0.15225955843925476
2019-02-01 20:26:42,416 - INFO: 8500: loss : 0.15620893239974976
2019-02-01 20:26:46,143 - INFO: 8520: loss : 0.15527120232582092
2019-02-01 20:26:49,839 - INFO: 8540: loss : 0.14534711837768555
2019-02-01 20:26:53,505 - INFO: 8560: loss : 0.16082993149757385
2019-02-01 20:26:57,228 - INFO: 8580: loss : 0.16158200800418854
2019-02-01 20:27:00,782 - INFO: 8600: loss : 0.15077118575572968
2019-02-01 20:27:04,506 - INFO: 8620: loss : 0.1540296971797943
2019-02-01 20:27:08,248 - INFO: 8640: loss : 0.16546191275119781
2019-02-01 20:27:11,967 - INFO: 8660: loss : 0.14779643714427948
2019-02-01 20:27:15,690 - INFO: 8680: loss : 0.15169258415699005
2019-02-01 20:27:19,392 - INFO: 8700: loss : 0.1560114026069641
2019-02-01 20:27:23,063 - INFO: 8720: loss : 0.16089405119419098
2019-02-01 20:27:26,672 - INFO: 8740: loss : 0.1530456840991974
2019-02-01 20:27:30,236 - INFO: 8760: loss : 0.15485745668411255
2019-02-01 20:27:33,899 - INFO: 8780: loss : 0.1577843874692917
2019-02-01 20:27:37,576 - INFO: 8800: loss : 0.153203085064888
2019-02-01 20:27:41,119 - INFO: 8820: loss : 0.15533989667892456
2019-02-01 20:27:44,686 - INFO: 8840: loss : 0.1458825170993805
2019-02-01 20:27:48,303 - INFO: 8860: loss : 0.15238672494888306
2019-02-01 20:27:51,950 - INFO: 8880: loss : 0.15858018398284912
2019-02-01 20:27:55,643 - INFO: 8900: loss : 0.15593262016773224
2019-02-01 20:27:59,246 - INFO: 8920: loss : 0.14979669451713562
2019-02-01 20:28:02,895 - INFO: 8940: loss : 0.15164634585380554
2019-02-01 20:28:06,530 - INFO: 8960: loss : 0.16320224106311798
2019-02-01 20:28:10,120 - INFO: 8980: loss : 0.1459946632385254
2019-02-01 20:28:13,789 - INFO: 9000: loss : 0.15065927803516388
2019-02-01 20:28:17,557 - INFO: 9020: loss : 0.14234834909439087
2019-02-01 20:28:21,252 - INFO: 9040: loss : 0.1596839427947998
2019-02-01 20:28:24,951 - INFO: 9060: loss : 0.13557074964046478
2019-02-01 20:28:28,618 - INFO: 9080: loss : 0.14640891551971436
2019-02-01 20:28:32,256 - INFO: 9100: loss : 0.14719438552856445
2019-02-01 20:28:35,935 - INFO: 9120: loss : 0.15038001537322998
2019-02-01 20:28:39,632 - INFO: 9140: loss : 0.15570202469825745
2019-02-01 20:28:43,331 - INFO: 9160: loss : 0.1475469470024109
2019-02-01 20:28:46,953 - INFO: 9180: loss : 0.1546536684036255
2019-02-01 20:28:50,655 - INFO: 9200: loss : 0.14838610589504242
2019-02-01 20:28:54,373 - INFO: 9220: loss : 0.1405715048313141
2019-02-01 20:28:58,073 - INFO: 9240: loss : 0.1366654634475708
2019-02-01 20:29:01,764 - INFO: 9260: loss : 0.15770509839057922
2019-02-01 20:29:05,358 - INFO: 9280: loss : 0.14757046103477478
2019-02-01 20:29:08,985 - INFO: 9300: loss : 0.15464729070663452
2019-02-01 20:29:12,679 - INFO: 9320: loss : 0.14750811457633972
2019-02-01 20:29:16,386 - INFO: 9340: loss : 0.15235954523086548
2019-02-01 20:29:20,057 - INFO: 9360: loss : 0.15321147441864014
2019-02-01 20:29:23,652 - INFO: 9380: loss : 0.14342811703681946
2019-02-01 20:29:27,359 - INFO: 9400: loss : 0.14177194237709045
2019-02-01 20:29:31,066 - INFO: 9420: loss : 0.15271207690238953
2019-02-01 20:29:34,750 - INFO: 9440: loss : 0.1389571875333786
2019-02-01 20:29:38,348 - INFO: 9460: loss : 0.14843307435512543
2019-02-01 20:29:41,945 - INFO: 9480: loss : 0.1424354761838913
2019-02-01 20:29:45,588 - INFO: 9500: loss : 0.13380363583564758
2019-02-01 20:29:49,207 - INFO: 9520: loss : 0.13916736841201782
2019-02-01 20:29:52,916 - INFO: 9540: loss : 0.14827758073806763
2019-02-01 20:29:56,613 - INFO: 9560: loss : 0.1493338942527771
2019-02-01 20:30:00,324 - INFO: 9580: loss : 0.1374424695968628
2019-02-01 20:30:04,025 - INFO: 9600: loss : 0.1534970998764038
2019-02-01 20:30:07,697 - INFO: 9620: loss : 0.14038869738578796
2019-02-01 20:30:11,418 - INFO: 9640: loss : 0.14095735549926758
2019-02-01 20:30:15,092 - INFO: 9660: loss : 0.14546841382980347
2019-02-01 20:30:18,760 - INFO: 9680: loss : 0.13386170566082
2019-02-01 20:30:22,479 - INFO: 9700: loss : 0.14792777597904205
2019-02-01 20:30:26,184 - INFO: 9720: loss : 0.14052453637123108
2019-02-01 20:30:29,778 - INFO: 9740: loss : 0.1362501084804535
2019-02-01 20:30:33,464 - INFO: 9760: loss : 0.14790287613868713
2019-02-01 20:30:37,156 - INFO: 9780: loss : 0.1333099901676178
2019-02-01 20:30:40,814 - INFO: 9800: loss : 0.14153826236724854
2019-02-01 20:30:44,461 - INFO: 9820: loss : 0.14214235544204712
2019-02-01 20:30:48,148 - INFO: 9840: loss : 0.1374904215335846
2019-02-01 20:30:51,786 - INFO: 9860: loss : 0.14266183972358704
2019-02-01 20:30:55,366 - INFO: 9880: loss : 0.13421007990837097
2019-02-01 20:30:58,987 - INFO: 9900: loss : 0.14236782491207123
2019-02-01 20:31:02,690 - INFO: 9920: loss : 0.14094188809394836
2019-02-01 20:31:06,328 - INFO: 9940: loss : 0.1424333155155182
2019-02-01 20:31:10,057 - INFO: 9960: loss : 0.1336420625448227
2019-02-01 20:31:13,705 - INFO: 9980: loss : 0.1450638324022293
2019-02-01 20:31:17,396 - INFO: 10000: loss : 0.1424490362405777
2019-02-01 20:31:21,145 - INFO: 10020: loss : 0.1473325788974762
2019-02-01 20:31:24,753 - INFO: 10040: loss : 0.1413416862487793
2019-02-01 20:31:28,451 - INFO: 10060: loss : 0.1396085023880005
2019-02-01 20:31:32,191 - INFO: 10080: loss : 0.13851436972618103
2019-02-01 20:31:35,871 - INFO: 10100: loss : 0.13465732336044312
2019-02-01 20:31:39,551 - INFO: 10120: loss : 0.13329288363456726
2019-02-01 20:31:43,249 - INFO: 10140: loss : 0.13652847707271576
2019-02-01 20:31:46,932 - INFO: 10160: loss : 0.12775714695453644
2019-02-01 20:31:50,584 - INFO: 10180: loss : 0.14549610018730164
2019-02-01 20:31:54,238 - INFO: 10200: loss : 0.14503028988838196
2019-02-01 20:31:57,978 - INFO: 10220: loss : 0.14080511033535004
2019-02-01 20:32:01,678 - INFO: 10240: loss : 0.14185599982738495
2019-02-01 20:32:05,295 - INFO: 10260: loss : 0.1472022533416748
2019-02-01 20:32:09,030 - INFO: 10280: loss : 0.14816361665725708
2019-02-01 20:32:12,693 - INFO: 10300: loss : 0.1369684338569641
2019-02-01 20:32:16,340 - INFO: 10320: loss : 0.13756385445594788
2019-02-01 20:32:19,910 - INFO: 10340: loss : 0.13949373364448547
2019-02-01 20:32:23,556 - INFO: 10360: loss : 0.13855953514575958
2019-02-01 20:32:27,214 - INFO: 10380: loss : 0.13902410864830017
2019-02-01 20:32:30,870 - INFO: 10400: loss : 0.14461082220077515
2019-02-01 20:32:34,566 - INFO: 10420: loss : 0.14151151478290558
2019-02-01 20:32:38,262 - INFO: 10440: loss : 0.13578568398952484
2019-02-01 20:32:41,935 - INFO: 10460: loss : 0.14850762486457825
2019-02-01 20:32:45,510 - INFO: 10480: loss : 0.13305459916591644
2019-02-01 20:32:49,154 - INFO: 10500: loss : 0.12947942316532135
2019-02-01 20:32:52,789 - INFO: 10520: loss : 0.1288059651851654
2019-02-01 20:32:56,501 - INFO: 10540: loss : 0.1370500773191452
2019-02-01 20:33:00,193 - INFO: 10560: loss : 0.12992525100708008
2019-02-01 20:33:03,824 - INFO: 10580: loss : 0.1307138204574585
2019-02-01 20:33:07,382 - INFO: 10600: loss : 0.12912476062774658
2019-02-01 20:33:11,102 - INFO: 10620: loss : 0.1380212903022766
2019-02-01 20:33:14,815 - INFO: 10640: loss : 0.13058987259864807
2019-02-01 20:33:18,540 - INFO: 10660: loss : 0.13070324063301086
2019-02-01 20:33:22,185 - INFO: 10680: loss : 0.12273247539997101
2019-02-01 20:33:25,848 - INFO: 10700: loss : 0.13878947496414185
2019-02-01 20:33:29,422 - INFO: 10720: loss : 0.12954749166965485
2019-02-01 20:33:32,957 - INFO: 10740: loss : 0.13689985871315002
2019-02-01 20:33:36,615 - INFO: 10760: loss : 0.1387440264225006
2019-02-01 20:33:40,335 - INFO: 10780: loss : 0.13301952183246613
2019-02-01 20:33:44,056 - INFO: 10800: loss : 0.13954520225524902
2019-02-01 20:33:47,650 - INFO: 10820: loss : 0.13714677095413208
2019-02-01 20:33:51,310 - INFO: 10840: loss : 0.13348598778247833
2019-02-01 20:33:54,892 - INFO: 10860: loss : 0.1363908052444458
2019-02-01 20:33:58,582 - INFO: 10880: loss : 0.13700737059116364
2019-02-01 20:34:02,203 - INFO: 10900: loss : 0.141798734664917
2019-02-01 20:34:05,883 - INFO: 10920: loss : 0.1382811963558197
2019-02-01 20:34:09,415 - INFO: 10940: loss : 0.1274036467075348
2019-02-01 20:34:13,059 - INFO: 10960: loss : 0.13124582171440125
2019-02-01 20:34:16,670 - INFO: 10980: loss : 0.12892508506774902
2019-02-01 20:34:20,207 - INFO: 11000: loss : 0.1257525086402893
2019-02-01 20:34:23,922 - INFO: 11020: loss : 0.1378697156906128
2019-02-01 20:34:27,543 - INFO: 11040: loss : 0.13474485278129578
2019-02-01 20:34:31,245 - INFO: 11060: loss : 0.12607452273368835
2019-02-01 20:34:34,898 - INFO: 11080: loss : 0.13903486728668213
2019-02-01 20:34:38,560 - INFO: 11100: loss : 0.13857081532478333
2019-02-01 20:34:42,278 - INFO: 11120: loss : 0.1367129534482956
2019-02-01 20:34:45,928 - INFO: 11140: loss : 0.14061136543750763
2019-02-01 20:34:49,604 - INFO: 11160: loss : 0.12616871297359467
2019-02-01 20:34:53,275 - INFO: 11180: loss : 0.1320532262325287
2019-02-01 20:34:56,992 - INFO: 11200: loss : 0.12988992035388947
2019-02-01 20:35:00,609 - INFO: 11220: loss : 0.1349392533302307
2019-02-01 20:35:04,238 - INFO: 11240: loss : 0.12803851068019867
2019-02-01 20:35:07,917 - INFO: 11260: loss : 0.1326667070388794
2019-02-01 20:35:11,545 - INFO: 11280: loss : 0.13620691001415253
2019-02-01 20:35:15,218 - INFO: 11300: loss : 0.13490885496139526
2019-02-01 20:35:18,847 - INFO: 11320: loss : 0.13090401887893677
2019-02-01 20:35:22,557 - INFO: 11340: loss : 0.14516614377498627
2019-02-01 20:35:26,197 - INFO: 11360: loss : 0.13695606589317322
2019-02-01 20:35:29,889 - INFO: 11380: loss : 0.12944772839546204
2019-02-01 20:35:33,590 - INFO: 11400: loss : 0.12475477159023285
2019-02-01 20:35:37,249 - INFO: 11420: loss : 0.13094577193260193
2019-02-01 20:35:40,950 - INFO: 11440: loss : 0.1293787807226181
2019-02-01 20:35:44,522 - INFO: 11460: loss : 0.13241219520568848
2019-02-01 20:35:48,198 - INFO: 11480: loss : 0.128673255443573
2019-02-01 20:35:51,809 - INFO: 11500: loss : 0.12834307551383972
2019-02-01 20:35:55,494 - INFO: 11520: loss : 0.1319582760334015
2019-02-01 20:35:59,168 - INFO: 11540: loss : 0.13133957982063293
2019-02-01 20:36:02,866 - INFO: 11560: loss : 0.12844780087471008
2019-02-01 20:36:06,564 - INFO: 11580: loss : 0.13066984713077545
2019-02-01 20:36:10,089 - INFO: 11600: loss : 0.12739114463329315
2019-02-01 20:36:13,675 - INFO: 11620: loss : 0.12733221054077148
2019-02-01 20:36:17,314 - INFO: 11640: loss : 0.12427029013633728
2019-02-01 20:36:20,886 - INFO: 11660: loss : 0.1294974386692047
2019-02-01 20:36:24,520 - INFO: 11680: loss : 0.14630953967571259
2019-02-01 20:36:28,241 - INFO: 11700: loss : 0.13221986591815948
2019-02-01 20:36:31,952 - INFO: 11720: loss : 0.1292571723461151
2019-02-01 20:36:35,633 - INFO: 11740: loss : 0.13258008658885956
2019-02-01 20:36:39,350 - INFO: 11760: loss : 0.12696069478988647
2019-02-01 20:36:43,051 - INFO: 11780: loss : 0.13449585437774658
2019-02-01 20:36:46,660 - INFO: 11800: loss : 0.1281433403491974
2019-02-01 20:36:50,387 - INFO: 11820: loss : 0.13161970674991608
2019-02-01 20:36:54,062 - INFO: 11840: loss : 0.134573295712471
2019-02-01 20:36:57,755 - INFO: 11860: loss : 0.12687641382217407
2019-02-01 20:37:01,341 - INFO: 11880: loss : 0.1258799135684967
2019-02-01 20:37:04,994 - INFO: 11900: loss : 0.13764449954032898
2019-02-01 20:37:08,675 - INFO: 11920: loss : 0.1285831481218338
2019-02-01 20:37:12,361 - INFO: 11940: loss : 0.13226957619190216
2019-02-01 20:37:16,044 - INFO: 11960: loss : 0.129673033952713
2019-02-01 20:37:19,703 - INFO: 11980: loss : 0.12408972531557083
2019-02-01 20:37:23,362 - INFO: 12000: loss : 0.12937262654304504
2019-02-01 20:37:27,109 - INFO: 12020: loss : 0.12786749005317688
2019-02-01 20:37:30,784 - INFO: 12040: loss : 0.13340815901756287
2019-02-01 20:37:34,429 - INFO: 12060: loss : 0.13110141456127167
2019-02-01 20:37:38,112 - INFO: 12080: loss : 0.11693506687879562
2019-02-01 20:37:41,773 - INFO: 12100: loss : 0.12392544001340866
2019-02-01 20:37:45,471 - INFO: 12120: loss : 0.1340349316596985
2019-02-01 20:37:49,139 - INFO: 12140: loss : 0.1245075911283493
2019-02-01 20:37:52,865 - INFO: 12160: loss : 0.11899580806493759
2019-02-01 20:37:56,528 - INFO: 12180: loss : 0.12260948866605759
2019-02-01 20:38:00,206 - INFO: 12200: loss : 0.12242135405540466
2019-02-01 20:38:03,931 - INFO: 12220: loss : 0.12327094376087189
2019-02-01 20:38:07,641 - INFO: 12240: loss : 0.13421213626861572
2019-02-01 20:38:11,357 - INFO: 12260: loss : 0.13557031750679016
2019-02-01 20:38:15,046 - INFO: 12280: loss : 0.12829449772834778
2019-02-01 20:38:18,705 - INFO: 12300: loss : 0.12376436591148376
2019-02-01 20:38:22,309 - INFO: 12320: loss : 0.11873496323823929
2019-02-01 20:38:25,983 - INFO: 12340: loss : 0.11861774325370789
2019-02-01 20:38:29,649 - INFO: 12360: loss : 0.12628386914730072
2019-02-01 20:38:33,198 - INFO: 12380: loss : 0.1244768351316452
2019-02-01 20:38:36,904 - INFO: 12400: loss : 0.11895556002855301
2019-02-01 20:38:40,615 - INFO: 12420: loss : 0.12516479194164276
2019-02-01 20:38:44,328 - INFO: 12440: loss : 0.12173018604516983
2019-02-01 20:38:48,022 - INFO: 12460: loss : 0.1264955997467041
2019-02-01 20:38:51,722 - INFO: 12480: loss : 0.13017123937606812
2019-02-01 20:38:55,385 - INFO: 12500: loss : 0.12032635509967804
2019-02-01 20:38:59,097 - INFO: 12520: loss : 0.12238980829715729
2019-02-01 20:39:02,780 - INFO: 12540: loss : 0.12641018629074097
2019-02-01 20:39:06,512 - INFO: 12560: loss : 0.12033302336931229
2019-02-01 20:39:10,198 - INFO: 12580: loss : 0.1291240155696869
2019-02-01 20:39:13,833 - INFO: 12600: loss : 0.12858471274375916
2019-02-01 20:39:17,380 - INFO: 12620: loss : 0.12026607245206833
2019-02-01 20:39:20,985 - INFO: 12640: loss : 0.12353895604610443
2019-02-01 20:39:24,571 - INFO: 12660: loss : 0.13269753754138947
2019-02-01 20:39:28,127 - INFO: 12680: loss : 0.12199041247367859
2019-02-01 20:39:31,839 - INFO: 12700: loss : 0.12162384390830994
2019-02-01 20:39:35,463 - INFO: 12720: loss : 0.11609050631523132
2019-02-01 20:39:39,062 - INFO: 12740: loss : 0.12397173047065735
2019-02-01 20:39:42,631 - INFO: 12760: loss : 0.12646490335464478
2019-02-01 20:39:46,386 - INFO: 12780: loss : 0.12853963673114777
2019-02-01 20:39:50,039 - INFO: 12800: loss : 0.11727147549390793
2019-02-01 20:39:53,591 - INFO: 12820: loss : 0.13319680094718933
2019-02-01 20:39:57,272 - INFO: 12840: loss : 0.12954196333885193
2019-02-01 20:40:00,965 - INFO: 12860: loss : 0.12219516187906265
2019-02-01 20:40:04,677 - INFO: 12880: loss : 0.12844550609588623
2019-02-01 20:40:08,218 - INFO: 12900: loss : 0.12653373181819916
2019-02-01 20:40:11,885 - INFO: 12920: loss : 0.1176689863204956
2019-02-01 20:40:15,497 - INFO: 12940: loss : 0.12293501943349838
2019-02-01 20:40:19,217 - INFO: 12960: loss : 0.12268932163715363
2019-02-01 20:40:22,904 - INFO: 12980: loss : 0.1219065934419632
2019-02-01 20:40:26,516 - INFO: 13000: loss : 0.1324324607849121
2019-02-01 20:40:30,299 - INFO: 13020: loss : 0.11582640558481216
2019-02-01 20:40:33,979 - INFO: 13040: loss : 0.12188175320625305
2019-02-01 20:40:37,681 - INFO: 13060: loss : 0.11708994954824448
2019-02-01 20:40:41,220 - INFO: 13080: loss : 0.1255570650100708
2019-02-01 20:40:44,915 - INFO: 13100: loss : 0.13219620287418365
2019-02-01 20:40:48,552 - INFO: 13120: loss : 0.12575015425682068
2019-02-01 20:40:52,201 - INFO: 13140: loss : 0.12373136729001999
2019-02-01 20:40:55,809 - INFO: 13160: loss : 0.12582451105117798
2019-02-01 20:40:59,536 - INFO: 13180: loss : 0.1174020767211914
2019-02-01 20:41:03,169 - INFO: 13200: loss : 0.13086779415607452
2019-02-01 20:41:06,815 - INFO: 13220: loss : 0.11867427080869675
2019-02-01 20:41:10,510 - INFO: 13240: loss : 0.12032771110534668
2019-02-01 20:41:14,272 - INFO: 13260: loss : 0.12351904809474945
2019-02-01 20:41:17,917 - INFO: 13280: loss : 0.12787513434886932
2019-02-01 20:41:21,510 - INFO: 13300: loss : 0.11939887702465057
2019-02-01 20:41:25,061 - INFO: 13320: loss : 0.12081626057624817
2019-02-01 20:41:28,771 - INFO: 13340: loss : 0.1273879110813141
2019-02-01 20:41:32,479 - INFO: 13360: loss : 0.11655483394861221
2019-02-01 20:41:36,190 - INFO: 13380: loss : 0.12097293138504028
2019-02-01 20:41:39,865 - INFO: 13400: loss : 0.13100692629814148
2019-02-01 20:41:43,464 - INFO: 13420: loss : 0.11841847002506256
2019-02-01 20:41:47,072 - INFO: 13440: loss : 0.12160779535770416
2019-02-01 20:41:50,694 - INFO: 13460: loss : 0.1164950430393219
2019-02-01 20:41:54,175 - INFO: 13480: loss : 0.11330341547727585
2019-02-01 20:41:57,830 - INFO: 13500: loss : 0.11984191089868546
2019-02-01 20:42:01,521 - INFO: 13520: loss : 0.12603360414505005
2019-02-01 20:42:05,191 - INFO: 13540: loss : 0.1270246058702469
2019-02-01 20:42:08,914 - INFO: 13560: loss : 0.12794283032417297
2019-02-01 20:42:12,535 - INFO: 13580: loss : 0.13311490416526794
2019-02-01 20:42:16,252 - INFO: 13600: loss : 0.13202345371246338
2019-02-01 20:42:19,899 - INFO: 13620: loss : 0.11887875199317932
2019-02-01 20:42:23,515 - INFO: 13640: loss : 0.12560364603996277
2019-02-01 20:42:27,215 - INFO: 13660: loss : 0.12161500751972198
2019-02-01 20:42:30,906 - INFO: 13680: loss : 0.12523530423641205
2019-02-01 20:42:34,575 - INFO: 13700: loss : 0.125383198261261
2019-02-01 20:42:38,285 - INFO: 13720: loss : 0.1210842877626419
2019-02-01 20:42:41,868 - INFO: 13740: loss : 0.13255855441093445
2019-02-01 20:42:45,532 - INFO: 13760: loss : 0.12073485553264618
2019-02-01 20:42:49,221 - INFO: 13780: loss : 0.12323857843875885
2019-02-01 20:42:52,903 - INFO: 13800: loss : 0.12654387950897217
2019-02-01 20:42:56,428 - INFO: 13820: loss : 0.11528892815113068
2019-02-01 20:43:00,114 - INFO: 13840: loss : 0.11500607430934906
2019-02-01 20:43:03,779 - INFO: 13860: loss : 0.12167024612426758
2019-02-01 20:43:07,455 - INFO: 13880: loss : 0.11490864306688309
2019-02-01 20:43:11,175 - INFO: 13900: loss : 0.11205442994832993
2019-02-01 20:43:14,885 - INFO: 13920: loss : 0.12235617637634277
2019-02-01 20:43:18,589 - INFO: 13940: loss : 0.11436068266630173
2019-02-01 20:43:22,247 - INFO: 13960: loss : 0.11791978031396866
2019-02-01 20:43:25,899 - INFO: 13980: loss : 0.11286065727472305
2019-02-01 20:43:29,455 - INFO: 14000: loss : 0.13422490656375885
2019-02-01 20:43:33,172 - INFO: 14020: loss : 0.11787034571170807
2019-02-01 20:43:36,737 - INFO: 14040: loss : 0.12592028081417084
2019-02-01 20:43:40,365 - INFO: 14060: loss : 0.11584004759788513
2019-02-01 20:43:43,997 - INFO: 14080: loss : 0.12017954140901566
2019-02-01 20:43:47,689 - INFO: 14100: loss : 0.1201656311750412
2019-02-01 20:43:51,299 - INFO: 14120: loss : 0.12558844685554504
2019-02-01 20:43:54,849 - INFO: 14140: loss : 0.11327318847179413
2019-02-01 20:43:58,503 - INFO: 14160: loss : 0.12389983236789703
2019-02-01 20:44:02,236 - INFO: 14180: loss : 0.11641673743724823
2019-02-01 20:44:05,953 - INFO: 14200: loss : 0.12012657523155212
2019-02-01 20:44:09,587 - INFO: 14220: loss : 0.12763023376464844
2019-02-01 20:44:13,182 - INFO: 14240: loss : 0.11807285994291306
2019-02-01 20:44:16,883 - INFO: 14260: loss : 0.11289605498313904
2019-02-01 20:44:20,516 - INFO: 14280: loss : 0.12755975127220154
2019-02-01 20:44:24,184 - INFO: 14300: loss : 0.11319953203201294
2019-02-01 20:44:27,785 - INFO: 14320: loss : 0.1168479323387146
2019-02-01 20:44:31,499 - INFO: 14340: loss : 0.1068575531244278
2019-02-01 20:44:35,195 - INFO: 14360: loss : 0.12350885570049286
2019-02-01 20:44:38,804 - INFO: 14380: loss : 0.11923547834157944
2019-02-01 20:44:42,438 - INFO: 14400: loss : 0.1158158928155899
2019-02-01 20:44:46,114 - INFO: 14420: loss : 0.1185816302895546
2019-02-01 20:44:49,775 - INFO: 14440: loss : 0.11341193318367004
2019-02-01 20:44:53,496 - INFO: 14460: loss : 0.12128236889839172
2019-02-01 20:44:57,161 - INFO: 14480: loss : 0.115267813205719
2019-02-01 20:45:00,805 - INFO: 14500: loss : 0.1146211326122284
2019-02-01 20:45:04,530 - INFO: 14520: loss : 0.1321982443332672
2019-02-01 20:45:08,189 - INFO: 14540: loss : 0.11381204426288605
2019-02-01 20:45:11,765 - INFO: 14560: loss : 0.122496597468853
2019-02-01 20:45:15,307 - INFO: 14580: loss : 0.11807893961668015
2019-02-01 20:45:18,993 - INFO: 14600: loss : 0.1134142130613327
2019-02-01 20:45:22,558 - INFO: 14620: loss : 0.11342447996139526
2019-02-01 20:45:26,246 - INFO: 14640: loss : 0.11315146833658218
2019-02-01 20:45:29,913 - INFO: 14660: loss : 0.12113697826862335
2019-02-01 20:45:33,535 - INFO: 14680: loss : 0.11816191673278809
2019-02-01 20:45:37,105 - INFO: 14700: loss : 0.11868184059858322
2019-02-01 20:45:40,830 - INFO: 14720: loss : 0.12152289599180222
2019-02-01 20:45:44,481 - INFO: 14740: loss : 0.1212577149271965
2019-02-01 20:45:48,128 - INFO: 14760: loss : 0.11317618191242218
2019-02-01 20:45:51,826 - INFO: 14780: loss : 0.11947798728942871
2019-02-01 20:45:55,460 - INFO: 14800: loss : 0.13347536325454712
2019-02-01 20:45:59,130 - INFO: 14820: loss : 0.11917662620544434
2019-02-01 20:46:02,754 - INFO: 14840: loss : 0.1226457729935646
2019-02-01 20:46:06,494 - INFO: 14860: loss : 0.1264546811580658
2019-02-01 20:46:10,159 - INFO: 14880: loss : 0.11684596538543701
2019-02-01 20:46:13,713 - INFO: 14900: loss : 0.12319143116474152
2019-02-01 20:46:17,316 - INFO: 14920: loss : 0.1353258192539215
2019-02-01 20:46:21,040 - INFO: 14940: loss : 0.11840289831161499
2019-02-01 20:46:24,739 - INFO: 14960: loss : 0.11797775328159332
2019-02-01 20:46:28,400 - INFO: 14980: loss : 0.11731912195682526
2019-02-01 20:46:32,113 - INFO: 15000: loss : 0.11870516836643219
2019-02-01 20:46:35,711 - INFO: 15020: loss : 0.11879706382751465
2019-02-01 20:46:39,365 - INFO: 15040: loss : 0.1271783858537674
2019-02-01 20:46:43,050 - INFO: 15060: loss : 0.1353764832019806
2019-02-01 20:46:46,772 - INFO: 15080: loss : 0.12071304768323898
2019-02-01 20:46:50,393 - INFO: 15100: loss : 0.12293487042188644
2019-02-01 20:46:54,034 - INFO: 15120: loss : 0.11544683575630188
2019-02-01 20:46:57,597 - INFO: 15140: loss : 0.11698506772518158
2019-02-01 20:47:01,215 - INFO: 15160: loss : 0.11961477249860764
2019-02-01 20:47:04,903 - INFO: 15180: loss : 0.11756324768066406
2019-02-01 20:47:08,431 - INFO: 15200: loss : 0.11278559267520905
2019-02-01 20:47:11,998 - INFO: 15220: loss : 0.10925786197185516
2019-02-01 20:47:15,696 - INFO: 15240: loss : 0.11628899723291397
2019-02-01 20:47:19,292 - INFO: 15260: loss : 0.11971213668584824
2019-02-01 20:47:22,891 - INFO: 15280: loss : 0.12591156363487244
2019-02-01 20:47:26,577 - INFO: 15300: loss : 0.10903377830982208
2019-02-01 20:47:30,242 - INFO: 15320: loss : 0.11854511499404907
2019-02-01 20:47:33,865 - INFO: 15340: loss : 0.11348441243171692
2019-02-01 20:47:37,550 - INFO: 15360: loss : 0.11540935933589935
2019-02-01 20:47:41,235 - INFO: 15380: loss : 0.13113979995250702
2019-02-01 20:47:44,861 - INFO: 15400: loss : 0.12600943446159363
2019-02-01 20:47:48,539 - INFO: 15420: loss : 0.1224551796913147
2019-02-01 20:47:52,071 - INFO: 15440: loss : 0.1141045093536377
2019-02-01 20:47:55,709 - INFO: 15460: loss : 0.11104920506477356
2019-02-01 20:47:59,329 - INFO: 15480: loss : 0.11642896384000778
2019-02-01 20:48:03,014 - INFO: 15500: loss : 0.11459885537624359
2019-02-01 20:48:06,736 - INFO: 15520: loss : 0.11906392872333527
2019-02-01 20:48:10,422 - INFO: 15540: loss : 0.1098935678601265
2019-02-01 20:48:14,099 - INFO: 15560: loss : 0.11523433774709702
2019-02-01 20:48:17,745 - INFO: 15580: loss : 0.1188426986336708
2019-02-01 20:48:21,417 - INFO: 15600: loss : 0.11106285452842712
2019-02-01 20:48:25,062 - INFO: 15620: loss : 0.11762025952339172
2019-02-01 20:48:28,763 - INFO: 15640: loss : 0.11521128565073013
2019-02-01 20:48:32,488 - INFO: 15660: loss : 0.1175791323184967
2019-02-01 20:48:36,223 - INFO: 15680: loss : 0.11912157386541367
2019-02-01 20:48:39,904 - INFO: 15700: loss : 0.12311196327209473
2019-02-01 20:48:43,522 - INFO: 15720: loss : 0.10950546711683273
2019-02-01 20:48:47,196 - INFO: 15740: loss : 0.11364108324050903
2019-02-01 20:48:50,785 - INFO: 15760: loss : 0.11010749638080597
2019-02-01 20:48:54,474 - INFO: 15780: loss : 0.11353632062673569
2019-02-01 20:48:58,188 - INFO: 15800: loss : 0.11396458745002747
2019-02-01 20:49:01,897 - INFO: 15820: loss : 0.11495910584926605
2019-02-01 20:49:05,615 - INFO: 15840: loss : 0.12009982764720917
2019-02-01 20:49:09,332 - INFO: 15860: loss : 0.11353923380374908
2019-02-01 20:49:12,915 - INFO: 15880: loss : 0.11284204572439194
2019-02-01 20:49:16,581 - INFO: 15900: loss : 0.12063899636268616
2019-02-01 20:49:20,305 - INFO: 15920: loss : 0.11529047787189484
2019-02-01 20:49:23,946 - INFO: 15940: loss : 0.111073799431324
2019-02-01 20:49:27,604 - INFO: 15960: loss : 0.11714448779821396
2019-02-01 20:49:31,305 - INFO: 15980: loss : 0.11633703112602234
2019-02-01 20:49:34,991 - INFO: 16000: loss : 0.11118758469820023
2019-02-01 20:49:38,662 - INFO: 16020: loss : 0.11618347465991974
2019-02-01 20:49:42,335 - INFO: 16040: loss : 0.12014070898294449
2019-02-01 20:49:45,985 - INFO: 16060: loss : 0.11755374073982239
2019-02-01 20:49:49,636 - INFO: 16080: loss : 0.1139669194817543
2019-02-01 20:49:53,351 - INFO: 16100: loss : 0.12424233555793762
2019-02-01 20:49:56,976 - INFO: 16120: loss : 0.12015928328037262
2019-02-01 20:50:00,657 - INFO: 16140: loss : 0.11938761919736862
2019-02-01 20:50:04,377 - INFO: 16160: loss : 0.11242763698101044
2019-02-01 20:50:08,099 - INFO: 16180: loss : 0.11224673688411713
2019-02-01 20:50:11,772 - INFO: 16200: loss : 0.12274119257926941
2019-02-01 20:50:15,417 - INFO: 16220: loss : 0.11096837371587753
2019-02-01 20:50:19,098 - INFO: 16240: loss : 0.11416935920715332
2019-02-01 20:50:22,759 - INFO: 16260: loss : 0.10622569918632507
2019-02-01 20:50:26,418 - INFO: 16280: loss : 0.11360839009284973
2019-02-01 20:50:30,133 - INFO: 16300: loss : 0.1101931780576706
2019-02-01 20:50:33,720 - INFO: 16320: loss : 0.12031064927577972
2019-02-01 20:50:37,373 - INFO: 16340: loss : 0.10607241839170456
2019-02-01 20:50:41,062 - INFO: 16360: loss : 0.11257310211658478
2019-02-01 20:50:44,742 - INFO: 16380: loss : 0.13177388906478882
2019-02-01 20:50:48,364 - INFO: 16400: loss : 0.11033874750137329
2019-02-01 20:50:52,041 - INFO: 16420: loss : 0.11605279892683029
2019-02-01 20:50:55,706 - INFO: 16440: loss : 0.12010666728019714
2019-02-01 20:50:59,395 - INFO: 16460: loss : 0.11062813550233841
2019-02-01 20:51:03,110 - INFO: 16480: loss : 0.11184979975223541
2019-02-01 20:51:06,825 - INFO: 16500: loss : 0.11267738044261932
2019-02-01 20:51:10,475 - INFO: 16520: loss : 0.12212156504392624
2019-02-01 20:51:14,151 - INFO: 16540: loss : 0.10736116766929626
2019-02-01 20:51:17,751 - INFO: 16560: loss : 0.1257971227169037
2019-02-01 20:51:21,434 - INFO: 16580: loss : 0.10820117592811584
2019-02-01 20:51:25,137 - INFO: 16600: loss : 0.11158791184425354
2019-02-01 20:51:28,869 - INFO: 16620: loss : 0.11085065454244614
2019-02-01 20:51:32,590 - INFO: 16640: loss : 0.11155766993761063
2019-02-01 20:51:36,152 - INFO: 16660: loss : 0.11130478978157043
2019-02-01 20:51:39,807 - INFO: 16680: loss : 0.11272209882736206
2019-02-01 20:51:43,380 - INFO: 16700: loss : 0.11328805983066559
2019-02-01 20:51:47,092 - INFO: 16720: loss : 0.10783827304840088
2019-02-01 20:51:50,783 - INFO: 16740: loss : 0.12239271402359009
2019-02-01 20:51:54,544 - INFO: 16760: loss : 0.11495378613471985
2019-02-01 20:51:58,239 - INFO: 16780: loss : 0.12290529906749725
2019-02-01 20:52:01,950 - INFO: 16800: loss : 0.11987023055553436
2019-02-01 20:52:05,548 - INFO: 16820: loss : 0.11782410740852356
2019-02-01 20:52:09,223 - INFO: 16840: loss : 0.11974701285362244
2019-02-01 20:52:12,934 - INFO: 16860: loss : 0.11185746639966965
2019-02-01 20:52:16,512 - INFO: 16880: loss : 0.11226052045822144
2019-02-01 20:52:20,104 - INFO: 16900: loss : 0.11066392064094543
2019-02-01 20:52:23,572 - INFO: 16920: loss : 0.1158604845404625
2019-02-01 20:52:27,229 - INFO: 16940: loss : 0.12627914547920227
2019-02-01 20:52:30,908 - INFO: 16960: loss : 0.11471725255250931
2019-02-01 20:52:34,572 - INFO: 16980: loss : 0.11445296555757523
2019-02-01 20:52:38,278 - INFO: 17000: loss : 0.11070457100868225
2019-02-01 20:52:42,073 - INFO: 17020: loss : 0.10968808829784393
2019-02-01 20:52:45,756 - INFO: 17040: loss : 0.12921366095542908
2019-02-01 20:52:49,347 - INFO: 17060: loss : 0.10631056129932404
2019-02-01 20:52:53,029 - INFO: 17080: loss : 0.11068008840084076
2019-02-01 20:52:56,726 - INFO: 17100: loss : 0.1201765239238739
2019-02-01 20:53:00,364 - INFO: 17120: loss : 0.11047667264938354
2019-02-01 20:53:03,878 - INFO: 17140: loss : 0.12031200528144836
2019-02-01 20:53:07,514 - INFO: 17160: loss : 0.11256672441959381
2019-02-01 20:53:11,165 - INFO: 17180: loss : 0.1124972552061081
2019-02-01 20:53:14,893 - INFO: 17200: loss : 0.11005233228206635
2019-02-01 20:53:18,556 - INFO: 17220: loss : 0.1070239245891571
2019-02-01 20:53:22,187 - INFO: 17240: loss : 0.12185581028461456
2019-02-01 20:53:25,859 - INFO: 17260: loss : 0.1140185222029686
2019-02-01 20:53:29,582 - INFO: 17280: loss : 0.11065468192100525
2019-02-01 20:53:33,224 - INFO: 17300: loss : 0.11749391257762909
2019-02-01 20:53:36,894 - INFO: 17320: loss : 0.11328183114528656
2019-02-01 20:53:40,572 - INFO: 17340: loss : 0.10731822997331619
2019-02-01 20:53:44,250 - INFO: 17360: loss : 0.11614222824573517
2019-02-01 20:53:47,978 - INFO: 17380: loss : 0.11470790207386017
2019-02-01 20:53:51,619 - INFO: 17400: loss : 0.11609156429767609
2019-02-01 20:53:55,327 - INFO: 17420: loss : 0.11908956617116928
2019-02-01 20:53:59,033 - INFO: 17440: loss : 0.1105412021279335
2019-02-01 20:54:02,680 - INFO: 17460: loss : 0.1104387417435646
2019-02-01 20:54:06,379 - INFO: 17480: loss : 0.1162954568862915
2019-02-01 20:54:10,056 - INFO: 17500: loss : 0.11292062699794769
2019-02-01 20:54:13,746 - INFO: 17520: loss : 0.11590930819511414
2019-02-01 20:54:17,455 - INFO: 17540: loss : 0.10979980230331421
2019-02-01 20:54:21,172 - INFO: 17560: loss : 0.10849972069263458
2019-02-01 20:54:24,897 - INFO: 17580: loss : 0.11003324389457703
2019-02-01 20:54:28,599 - INFO: 17600: loss : 0.12561726570129395
2019-02-01 20:54:32,317 - INFO: 17620: loss : 0.11197448521852493
2019-02-01 20:54:36,004 - INFO: 17640: loss : 0.11078692227602005
2019-02-01 20:54:39,642 - INFO: 17660: loss : 0.11072105169296265
2019-02-01 20:54:43,309 - INFO: 17680: loss : 0.1123569905757904
2019-02-01 20:54:47,006 - INFO: 17700: loss : 0.1107327789068222
2019-02-01 20:54:50,609 - INFO: 17720: loss : 0.11365526169538498
2019-02-01 20:54:54,252 - INFO: 17740: loss : 0.11314485967159271
2019-02-01 20:54:57,959 - INFO: 17760: loss : 0.11292100697755814
2019-02-01 20:55:01,521 - INFO: 17780: loss : 0.11431068181991577
2019-02-01 20:55:05,143 - INFO: 17800: loss : 0.10811774432659149
2019-02-01 20:55:08,855 - INFO: 17820: loss : 0.11142858117818832
2019-02-01 20:55:12,457 - INFO: 17840: loss : 0.11727307736873627
2019-02-01 20:55:16,170 - INFO: 17860: loss : 0.1128203272819519
2019-02-01 20:55:19,814 - INFO: 17880: loss : 0.12160442024469376
2019-02-01 20:55:23,454 - INFO: 17900: loss : 0.1126391589641571
2019-02-01 20:55:27,033 - INFO: 17920: loss : 0.11968351900577545
2019-02-01 20:55:30,695 - INFO: 17940: loss : 0.11427440494298935
2019-02-01 20:55:34,392 - INFO: 17960: loss : 0.1178450882434845
2019-02-01 20:55:38,046 - INFO: 17980: loss : 0.11555531620979309
2019-02-01 20:55:41,750 - INFO: 18000: loss : 0.11124563217163086
2019-02-01 20:55:45,318 - INFO: 18020: loss : 0.11437555402517319
2019-02-01 20:55:48,935 - INFO: 18040: loss : 0.11951186507940292
2019-02-01 20:55:52,652 - INFO: 18060: loss : 0.12098339200019836
2019-02-01 20:55:56,290 - INFO: 18080: loss : 0.10610009729862213
2019-02-01 20:55:59,984 - INFO: 18100: loss : 0.11007901281118393
2019-02-01 20:56:03,628 - INFO: 18120: loss : 0.1115155816078186
2019-02-01 20:56:07,223 - INFO: 18140: loss : 0.12428775429725647
2019-02-01 20:56:10,861 - INFO: 18160: loss : 0.11207964271306992
2019-02-01 20:56:14,511 - INFO: 18180: loss : 0.11084047704935074
2019-02-01 20:56:18,189 - INFO: 18200: loss : 0.10597507655620575
2019-02-01 20:56:21,888 - INFO: 18220: loss : 0.10486728698015213
2019-02-01 20:56:25,490 - INFO: 18240: loss : 0.10844502598047256
2019-02-01 20:56:29,141 - INFO: 18260: loss : 0.1127292811870575
2019-02-01 20:56:32,847 - INFO: 18280: loss : 0.1090618222951889
2019-02-01 20:56:36,537 - INFO: 18300: loss : 0.10750596225261688
2019-02-01 20:56:40,149 - INFO: 18320: loss : 0.11010423302650452
2019-02-01 20:56:43,786 - INFO: 18340: loss : 0.10762042552232742
2019-02-01 20:56:47,366 - INFO: 18360: loss : 0.11346480995416641
2019-02-01 20:56:50,935 - INFO: 18380: loss : 0.11420578509569168
2019-02-01 20:56:54,472 - INFO: 18400: loss : 0.11620301008224487
2019-02-01 20:56:58,142 - INFO: 18420: loss : 0.11364252120256424
2019-02-01 20:57:01,803 - INFO: 18440: loss : 0.11347351223230362
2019-02-01 20:57:05,451 - INFO: 18460: loss : 0.11268121004104614
2019-02-01 20:57:09,140 - INFO: 18480: loss : 0.11709555983543396
2019-02-01 20:57:12,800 - INFO: 18500: loss : 0.10693801939487457
2019-02-01 20:57:16,370 - INFO: 18520: loss : 0.10752134025096893
2019-02-01 20:57:20,080 - INFO: 18540: loss : 0.10645253956317902
2019-02-01 20:57:23,679 - INFO: 18560: loss : 0.10852037370204926
2019-02-01 20:57:27,329 - INFO: 18580: loss : 0.11044523119926453
2019-02-01 20:57:30,988 - INFO: 18600: loss : 0.12108588218688965
2019-02-01 20:57:34,646 - INFO: 18620: loss : 0.11294601857662201
2019-02-01 20:57:38,227 - INFO: 18640: loss : 0.10789914429187775
2019-02-01 20:57:41,951 - INFO: 18660: loss : 0.10301559418439865
2019-02-01 20:57:45,701 - INFO: 18680: loss : 0.11564812809228897
2019-02-01 20:57:49,311 - INFO: 18700: loss : 0.10836786031723022
2019-02-01 20:57:52,916 - INFO: 18720: loss : 0.10416339337825775
2019-02-01 20:57:56,576 - INFO: 18740: loss : 0.11523279547691345
2019-02-01 20:58:00,248 - INFO: 18760: loss : 0.10698463767766953
2019-02-01 20:58:03,971 - INFO: 18780: loss : 0.11084039509296417
2019-02-01 20:58:07,686 - INFO: 18800: loss : 0.12334407866001129
2019-02-01 20:58:11,367 - INFO: 18820: loss : 0.1202397421002388
2019-02-01 20:58:15,078 - INFO: 18840: loss : 0.11768823117017746
2019-02-01 20:58:18,750 - INFO: 18860: loss : 0.11045552045106888
2019-02-01 20:58:22,409 - INFO: 18880: loss : 0.10469860583543777
2019-02-01 20:58:26,029 - INFO: 18900: loss : 0.11213003098964691
2019-02-01 20:58:29,673 - INFO: 18920: loss : 0.10752734541893005
2019-02-01 20:58:33,287 - INFO: 18940: loss : 0.10832398384809494
2019-02-01 20:58:36,863 - INFO: 18960: loss : 0.11760147660970688
2019-02-01 20:58:40,530 - INFO: 18980: loss : 0.10826189070940018
2019-02-01 20:58:44,196 - INFO: 19000: loss : 0.112127885222435
2019-02-01 20:58:47,933 - INFO: 19020: loss : 0.10475572943687439
2019-02-01 20:58:51,589 - INFO: 19040: loss : 0.10016508400440216
2019-02-01 20:58:55,208 - INFO: 19060: loss : 0.12108641862869263
2019-02-01 20:58:58,929 - INFO: 19080: loss : 0.11051394045352936
2019-02-01 20:59:02,575 - INFO: 19100: loss : 0.11342175304889679
2019-02-01 20:59:06,295 - INFO: 19120: loss : 0.11404240131378174
2019-02-01 20:59:09,920 - INFO: 19140: loss : 0.11242302507162094
2019-02-01 20:59:13,541 - INFO: 19160: loss : 0.11294744908809662
2019-02-01 20:59:17,160 - INFO: 19180: loss : 0.11732859164476395
2019-02-01 20:59:20,869 - INFO: 19200: loss : 0.10782638192176819
2019-02-01 20:59:24,591 - INFO: 19220: loss : 0.11141756176948547
2019-02-01 20:59:28,227 - INFO: 19240: loss : 0.1065027266740799
2019-02-01 20:59:31,929 - INFO: 19260: loss : 0.10766197741031647
2019-02-01 20:59:35,550 - INFO: 19280: loss : 0.1147983968257904
2019-02-01 20:59:39,190 - INFO: 19300: loss : 0.1185297891497612
2019-02-01 20:59:42,920 - INFO: 19320: loss : 0.11137227714061737
2019-02-01 20:59:46,614 - INFO: 19340: loss : 0.10580183565616608
2019-02-01 20:59:50,232 - INFO: 19360: loss : 0.11296554654836655
2019-02-01 20:59:53,947 - INFO: 19380: loss : 0.10537739843130112
2019-02-01 20:59:57,675 - INFO: 19400: loss : 0.10660263150930405
2019-02-01 21:00:01,265 - INFO: 19420: loss : 0.1095610186457634
2019-02-01 21:00:04,866 - INFO: 19440: loss : 0.10578657686710358
2019-02-01 21:00:08,517 - INFO: 19460: loss : 0.11386211216449738
2019-02-01 21:00:12,255 - INFO: 19480: loss : 0.10670638829469681
2019-02-01 21:00:15,996 - INFO: 19500: loss : 0.10971549898386002
2019-02-01 21:00:19,691 - INFO: 19520: loss : 0.11521497368812561
2019-02-01 21:00:23,331 - INFO: 19540: loss : 0.10728622227907181
2019-02-01 21:00:26,935 - INFO: 19560: loss : 0.11747334152460098
2019-02-01 21:00:30,541 - INFO: 19580: loss : 0.10666998475790024
2019-02-01 21:00:34,226 - INFO: 19600: loss : 0.1164906769990921
2019-02-01 21:00:37,964 - INFO: 19620: loss : 0.10092097520828247
2019-02-01 21:00:41,619 - INFO: 19640: loss : 0.1106526106595993
2019-02-01 21:00:45,299 - INFO: 19660: loss : 0.10999745875597
2019-02-01 21:00:48,975 - INFO: 19680: loss : 0.10037162154912949
2019-02-01 21:00:52,703 - INFO: 19700: loss : 0.10915599018335342
2019-02-01 21:00:56,288 - INFO: 19720: loss : 0.10795080661773682
2019-02-01 21:00:59,951 - INFO: 19740: loss : 0.10988177359104156
2019-02-01 21:01:03,572 - INFO: 19760: loss : 0.10582862794399261
2019-02-01 21:01:07,275 - INFO: 19780: loss : 0.1136629730463028
2019-02-01 21:01:10,972 - INFO: 19800: loss : 0.10856805741786957
2019-02-01 21:01:14,612 - INFO: 19820: loss : 0.11995747685432434
2019-02-01 21:01:18,230 - INFO: 19840: loss : 0.11321698129177094
2019-02-01 21:01:21,852 - INFO: 19860: loss : 0.11175000667572021
2019-02-01 21:01:25,500 - INFO: 19880: loss : 0.12056358903646469
2019-02-01 21:01:29,188 - INFO: 19900: loss : 0.10876286029815674
2019-02-01 21:01:32,927 - INFO: 19920: loss : 0.10466496646404266
2019-02-01 21:01:36,595 - INFO: 19940: loss : 0.11073966324329376
2019-02-01 21:01:40,300 - INFO: 19960: loss : 0.10845743864774704
2019-02-01 21:01:43,924 - INFO: 19980: loss : 0.11169172078371048
