2019-02-08 12:03:30,455 - INFO: model output path model/trained_model_mini/tcn
2019-02-08 12:03:32,457 - INFO: None
2019-02-08 12:03:32,457 - INFO: saving model in model/trained_model_mini/tcn/model.json
2019-02-08 12:03:32,465 - INFO: Iteration started
2019-02-08 12:03:49,637 - INFO: 20: loss : 1.0
2019-02-08 12:03:54,506 - INFO: 40: loss : 1.0
2019-02-08 12:03:59,277 - INFO: 60: loss : 1.0
2019-02-08 12:04:41,645 - INFO: model output path model/trained_model_mini/tcn
2019-02-08 12:04:43,733 - INFO: None
2019-02-08 12:04:43,733 - INFO: saving model in model/trained_model_mini/tcn/model.json
2019-02-08 12:04:43,742 - INFO: Iteration started
2019-02-08 12:05:01,464 - INFO: 20: loss : 1.2956128120422363
2019-02-08 12:05:06,321 - INFO: 40: loss : 1.138861060142517
2019-02-08 12:05:11,098 - INFO: 60: loss : 0.8793650269508362
2019-02-08 12:05:15,892 - INFO: 80: loss : 0.5793103575706482
2019-02-08 12:05:20,712 - INFO: 100: loss : 0.7211817502975464
2019-02-08 12:05:25,478 - INFO: 120: loss : 0.36806896328926086
2019-02-08 12:05:30,287 - INFO: 140: loss : 0.5505081415176392
2019-02-08 12:05:35,204 - INFO: 160: loss : 0.37394827604293823
2019-02-08 12:05:40,077 - INFO: 180: loss : 0.23421984910964966
2019-02-08 12:05:44,916 - INFO: 200: loss : 0.1906343400478363
2019-02-08 12:05:49,823 - INFO: 220: loss : 0.22998632490634918
2019-02-08 12:05:54,657 - INFO: 240: loss : 0.14663521945476532
2019-02-08 12:05:59,470 - INFO: 260: loss : 0.18712946772575378
2019-02-08 12:06:04,311 - INFO: 280: loss : 0.24238456785678864
2019-02-08 12:06:09,175 - INFO: 300: loss : 0.08844640851020813
2019-02-08 12:06:14,063 - INFO: 320: loss : 0.2915990948677063
2019-02-08 12:06:18,915 - INFO: 340: loss : 0.3049464821815491
2019-02-08 12:06:23,820 - INFO: 360: loss : 0.19144661724567413
2019-02-08 12:06:28,702 - INFO: 380: loss : 0.10036410391330719
2019-02-08 12:06:33,581 - INFO: 400: loss : 0.17104102671146393
2019-02-08 12:06:38,437 - INFO: 420: loss : 0.18103791773319244
2019-02-08 12:06:43,356 - INFO: 440: loss : 0.06580625474452972
2019-02-08 12:06:48,283 - INFO: 460: loss : 0.09798622131347656
2019-02-08 12:06:53,210 - INFO: 480: loss : 0.07399262487888336
2019-02-08 12:06:58,200 - INFO: 500: loss : 0.11524596065282822
2019-02-08 12:07:03,171 - INFO: 520: loss : 0.10856935381889343
2019-02-08 12:07:08,109 - INFO: 540: loss : 0.0637335330247879
2019-02-08 12:07:13,025 - INFO: 560: loss : 0.09760716557502747
2019-02-08 12:07:17,971 - INFO: 580: loss : 0.11043332517147064
2019-02-08 12:07:22,918 - INFO: 600: loss : 0.10028217732906342
2019-02-08 12:07:27,961 - INFO: 620: loss : 0.05977201461791992
2019-02-08 12:07:32,939 - INFO: 640: loss : 0.12900003790855408
2019-02-08 12:07:37,725 - INFO: 660: loss : 0.06632214784622192
2019-02-08 12:07:42,607 - INFO: 680: loss : 0.09510712325572968
2019-02-08 12:07:47,647 - INFO: 700: loss : 0.07089290767908096
2019-02-08 12:07:52,546 - INFO: 720: loss : 0.19529172778129578
2019-02-08 12:07:57,412 - INFO: 740: loss : 0.088664211332798
2019-02-08 12:08:02,350 - INFO: 760: loss : 0.10753854364156723
2019-02-08 12:08:07,239 - INFO: 780: loss : 0.06305341422557831
2019-02-08 12:08:12,100 - INFO: 800: loss : 0.02978408709168434
2019-02-08 12:08:16,992 - INFO: 820: loss : 0.08467257022857666
2019-02-08 12:08:21,806 - INFO: 840: loss : 0.1004122644662857
2019-02-08 12:08:26,635 - INFO: 860: loss : 0.09357047080993652
2019-02-08 12:08:31,448 - INFO: 880: loss : 0.09345710277557373
2019-02-08 12:08:36,245 - INFO: 900: loss : 0.12394506484270096
2019-02-08 12:08:41,072 - INFO: 920: loss : 0.061562590301036835
2019-02-08 12:08:45,909 - INFO: 940: loss : 0.02427789382636547
2019-02-08 12:08:50,782 - INFO: 960: loss : 0.12244464457035065
2019-02-08 12:08:55,538 - INFO: 980: loss : 0.059711240231990814
2019-02-08 12:09:00,367 - INFO: 1000: loss : 0.07684440910816193
2019-02-08 12:09:08,426 - INFO: 1020: loss : 0.028610222041606903
2019-02-08 12:09:13,298 - INFO: 1040: loss : 0.3065652549266815
2019-02-08 12:09:18,156 - INFO: 1060: loss : 0.030003031715750694
2019-02-08 12:09:22,990 - INFO: 1080: loss : 0.1411246359348297
2019-02-08 12:09:27,877 - INFO: 1100: loss : 0.0793747752904892
2019-02-08 12:09:32,721 - INFO: 1120: loss : 0.07729824632406235
2019-02-08 12:09:37,610 - INFO: 1140: loss : 0.1632278561592102
2019-02-08 12:09:42,504 - INFO: 1160: loss : 0.10352177917957306
2019-02-08 12:09:47,314 - INFO: 1180: loss : 0.09652522206306458
2019-02-08 12:09:52,184 - INFO: 1200: loss : 0.12171062082052231
2019-02-08 12:09:57,038 - INFO: 1220: loss : 0.03136908635497093
2019-02-08 12:10:01,894 - INFO: 1240: loss : 0.1242816373705864
2019-02-08 12:10:06,725 - INFO: 1260: loss : 0.05589167773723602
2019-02-08 12:10:11,588 - INFO: 1280: loss : 0.09392014145851135
2019-02-08 12:10:16,460 - INFO: 1300: loss : 0.09282514452934265
2019-02-08 12:10:21,282 - INFO: 1320: loss : 0.03755161911249161
2019-02-08 12:10:26,157 - INFO: 1340: loss : 0.026607047766447067
2019-02-08 12:10:31,021 - INFO: 1360: loss : 0.057320334017276764
2019-02-08 12:10:35,856 - INFO: 1380: loss : 0.028095820918679237
2019-02-08 12:10:40,756 - INFO: 1400: loss : 0.07400102913379669
2019-02-08 12:10:45,727 - INFO: 1420: loss : 0.058767352253198624
2019-02-08 12:10:50,623 - INFO: 1440: loss : 0.14072738587856293
2019-02-08 12:10:55,507 - INFO: 1460: loss : 0.0858655646443367
2019-02-08 12:11:00,457 - INFO: 1480: loss : 0.02611526846885681
2019-02-08 12:11:05,367 - INFO: 1500: loss : 0.09720505028963089
2019-02-08 12:11:10,238 - INFO: 1520: loss : 0.024456338956952095
2019-02-08 12:11:15,057 - INFO: 1540: loss : 0.05637218803167343
2019-02-08 12:11:19,995 - INFO: 1560: loss : 0.03198976814746857
2019-02-08 12:11:24,906 - INFO: 1580: loss : 0.030079005286097527
2019-02-08 12:11:29,771 - INFO: 1600: loss : 0.09316005557775497
2019-02-08 12:11:34,664 - INFO: 1620: loss : 0.09694328904151917
2019-02-08 12:11:39,548 - INFO: 1640: loss : 0.02176366001367569
2019-02-08 12:11:44,503 - INFO: 1660: loss : 0.08714889734983444
2019-02-08 12:11:49,479 - INFO: 1680: loss : 0.09498610347509384
2019-02-08 12:11:54,339 - INFO: 1700: loss : 0.02151453122496605
2019-02-08 12:11:59,292 - INFO: 1720: loss : 0.02393941394984722
2019-02-08 12:12:04,270 - INFO: 1740: loss : 0.09392431378364563
2019-02-08 12:12:09,163 - INFO: 1760: loss : 0.0534646101295948
2019-02-08 12:12:14,006 - INFO: 1780: loss : 0.026357553899288177
2019-02-08 12:12:18,812 - INFO: 1800: loss : 0.05201325565576553
2019-02-08 12:12:23,574 - INFO: 1820: loss : 0.052608467638492584
2019-02-08 12:12:28,264 - INFO: 1840: loss : 0.051544029265642166
2019-02-08 12:12:33,281 - INFO: 1860: loss : 0.02119481936097145
2019-02-08 12:12:38,250 - INFO: 1880: loss : 0.08274315297603607
2019-02-08 12:12:43,231 - INFO: 1900: loss : 0.02031160518527031
2019-02-08 12:12:48,211 - INFO: 1920: loss : 0.053767845034599304
2019-02-08 12:12:53,193 - INFO: 1940: loss : 0.03217466175556183
2019-02-08 12:12:58,097 - INFO: 1960: loss : 0.08469633758068085
2019-02-08 12:13:03,051 - INFO: 1980: loss : 0.021433714777231216
2019-02-08 12:13:07,970 - INFO: 2000: loss : 0.08068949729204178
2019-02-08 12:13:13,028 - INFO: 2020: loss : 0.03247743472456932
2019-02-08 12:13:17,987 - INFO: 2040: loss : 0.05270632728934288
2019-02-08 12:13:22,869 - INFO: 2060: loss : 0.018360460177063942
2019-02-08 12:13:27,726 - INFO: 2080: loss : 0.016431491822004318
2019-02-08 12:13:32,647 - INFO: 2100: loss : 0.018449269235134125
2019-02-08 12:13:37,610 - INFO: 2120: loss : 0.050916291773319244
2019-02-08 12:13:42,518 - INFO: 2140: loss : 0.01874050684273243
2019-02-08 12:13:47,387 - INFO: 2160: loss : 0.08600832521915436
2019-02-08 12:13:52,271 - INFO: 2180: loss : 0.05028323829174042
2019-02-08 12:13:57,115 - INFO: 2200: loss : 0.021667689085006714
2019-02-08 12:14:01,936 - INFO: 2220: loss : 0.027519604191184044
2019-02-08 12:14:06,808 - INFO: 2240: loss : 0.019295351579785347
2019-02-08 12:14:11,660 - INFO: 2260: loss : 0.09388572722673416
2019-02-08 12:14:16,486 - INFO: 2280: loss : 0.01998922787606716
2019-02-08 12:14:21,327 - INFO: 2300: loss : 0.05104473605751991
2019-02-08 12:14:26,187 - INFO: 2320: loss : 0.01920020766556263
2019-02-08 12:14:31,079 - INFO: 2340: loss : 0.017037976533174515
2019-02-08 12:14:35,995 - INFO: 2360: loss : 0.04807477444410324
2019-02-08 12:14:40,875 - INFO: 2380: loss : 0.07032182067632675
2019-02-08 12:14:45,844 - INFO: 2400: loss : 0.11732929199934006
2019-02-08 12:14:50,773 - INFO: 2420: loss : 0.0508694127202034
2019-02-08 12:14:55,712 - INFO: 2440: loss : 0.024734659120440483
2019-02-08 12:15:00,592 - INFO: 2460: loss : 0.019555846229195595
2019-02-08 12:15:05,462 - INFO: 2480: loss : 0.017765488475561142
2019-02-08 12:15:10,380 - INFO: 2500: loss : 0.01838783733546734
2019-02-08 12:15:15,281 - INFO: 2520: loss : 0.03580426424741745
2019-02-08 12:15:20,139 - INFO: 2540: loss : 0.034570131450891495
2019-02-08 12:15:24,974 - INFO: 2560: loss : 0.08294300734996796
2019-02-08 12:15:29,804 - INFO: 2580: loss : 0.04955822229385376
2019-02-08 12:15:34,805 - INFO: 2600: loss : 0.017355237156152725
2019-02-08 12:15:39,716 - INFO: 2620: loss : 0.04925386235117912
2019-02-08 12:15:44,580 - INFO: 2640: loss : 0.016044888645410538
2019-02-08 12:15:49,460 - INFO: 2660: loss : 0.04914417117834091
2019-02-08 12:15:54,309 - INFO: 2680: loss : 0.029890315607190132
2019-02-08 12:15:59,146 - INFO: 2700: loss : 0.016503535211086273
2019-02-08 12:16:03,992 - INFO: 2720: loss : 0.024718863889575005
2019-02-08 12:16:08,816 - INFO: 2740: loss : 0.017480649054050446
2019-02-08 12:16:13,651 - INFO: 2760: loss : 0.08458433300256729
2019-02-08 12:16:18,421 - INFO: 2780: loss : 0.01416198629885912
2019-02-08 12:16:23,305 - INFO: 2800: loss : 0.02165716513991356
2019-02-08 12:16:28,154 - INFO: 2820: loss : 0.04852180555462837
2019-02-08 12:16:33,023 - INFO: 2840: loss : 0.017057202756404877
2019-02-08 12:16:37,883 - INFO: 2860: loss : 0.015309331938624382
2019-02-08 12:16:42,730 - INFO: 2880: loss : 0.10485313832759857
2019-02-08 12:16:47,617 - INFO: 2900: loss : 0.04819321632385254
2019-02-08 12:16:52,491 - INFO: 2920: loss : 0.05128580331802368
2019-02-08 12:16:57,397 - INFO: 2940: loss : 0.09209056198596954
2019-02-08 12:17:02,269 - INFO: 2960: loss : 0.0809280201792717
2019-02-08 12:17:07,124 - INFO: 2980: loss : 0.049985870718955994
2019-02-08 12:17:11,964 - INFO: 3000: loss : 0.025529075413942337
2019-02-08 12:17:16,987 - INFO: 3020: loss : 0.03180595114827156
2019-02-08 12:17:21,834 - INFO: 3040: loss : 0.05241021141409874
2019-02-08 12:17:26,719 - INFO: 3060: loss : 0.01553867757320404
2019-02-08 12:17:31,592 - INFO: 3080: loss : 0.050043053925037384
2019-02-08 12:17:36,489 - INFO: 3100: loss : 0.049466513097286224
2019-02-08 12:17:41,337 - INFO: 3120: loss : 0.01580202765762806
2019-02-08 12:17:46,239 - INFO: 3140: loss : 0.01565011963248253
2019-02-08 12:17:51,101 - INFO: 3160: loss : 0.017010068520903587
2019-02-08 12:17:55,976 - INFO: 3180: loss : 0.05015129968523979
2019-02-08 12:18:00,812 - INFO: 3200: loss : 0.018697397783398628
2019-02-08 12:18:05,647 - INFO: 3220: loss : 0.09152787178754807
2019-02-08 12:18:10,522 - INFO: 3240: loss : 0.04979448765516281
2019-02-08 12:18:15,383 - INFO: 3260: loss : 0.016317181289196014
2019-02-08 12:18:20,240 - INFO: 3280: loss : 0.0165606327354908
2019-02-08 12:18:25,124 - INFO: 3300: loss : 0.022753480821847916
2019-02-08 12:18:29,969 - INFO: 3320: loss : 0.04849769175052643
2019-02-08 12:18:34,838 - INFO: 3340: loss : 0.01770620606839657
2019-02-08 12:18:39,700 - INFO: 3360: loss : 0.0161786787211895
2019-02-08 12:18:44,549 - INFO: 3380: loss : 0.01466621644794941
2019-02-08 12:18:49,377 - INFO: 3400: loss : 0.048687975853681564
2019-02-08 12:18:54,263 - INFO: 3420: loss : 0.022760875523090363
2019-02-08 12:18:59,123 - INFO: 3440: loss : 0.04909825697541237
2019-02-08 12:19:03,977 - INFO: 3460: loss : 0.06470375508069992
2019-02-08 12:19:08,842 - INFO: 3480: loss : 0.015766890719532967
2019-02-08 12:19:13,689 - INFO: 3500: loss : 0.017184287309646606
2019-02-08 12:19:18,571 - INFO: 3520: loss : 0.04969973489642143
2019-02-08 12:19:23,398 - INFO: 3540: loss : 0.08145950734615326
2019-02-08 12:19:28,307 - INFO: 3560: loss : 0.01840268447995186
2019-02-08 12:19:33,180 - INFO: 3580: loss : 0.046780701726675034
2019-02-08 12:19:38,082 - INFO: 3600: loss : 0.01846473664045334
2019-02-08 12:19:42,951 - INFO: 3620: loss : 0.08136900514364243
2019-02-08 12:19:47,830 - INFO: 3640: loss : 0.014511900953948498
2019-02-08 12:19:52,669 - INFO: 3660: loss : 0.04861627519130707
2019-02-08 12:19:57,538 - INFO: 3680: loss : 0.01594451069831848
2019-02-08 12:20:02,429 - INFO: 3700: loss : 0.08109475672245026
2019-02-08 12:20:07,293 - INFO: 3720: loss : 0.05098175257444382
2019-02-08 12:20:12,137 - INFO: 3740: loss : 0.016787048429250717
2019-02-08 12:20:16,975 - INFO: 3760: loss : 0.06482609361410141
2019-02-08 12:20:21,838 - INFO: 3780: loss : 0.01434677466750145
2019-02-08 12:20:26,691 - INFO: 3800: loss : 0.01600470021367073
2019-02-08 12:20:31,545 - INFO: 3820: loss : 0.04885236546397209
2019-02-08 12:20:36,398 - INFO: 3840: loss : 0.013977313414216042
2019-02-08 12:20:41,241 - INFO: 3860: loss : 0.04895408824086189
2019-02-08 12:20:46,106 - INFO: 3880: loss : 0.022017978131771088
2019-02-08 12:20:50,987 - INFO: 3900: loss : 0.016858382150530815
2019-02-08 12:20:55,830 - INFO: 3920: loss : 0.01858667843043804
2019-02-08 12:21:00,711 - INFO: 3940: loss : 0.019482262432575226
2019-02-08 12:21:05,634 - INFO: 3960: loss : 0.095621757209301
2019-02-08 12:21:10,490 - INFO: 3980: loss : 0.02352801337838173
2019-02-08 12:21:15,343 - INFO: 4000: loss : 0.07992612570524216
2019-02-08 12:21:20,340 - INFO: 4020: loss : 0.018087215721607208
2019-02-08 12:21:25,188 - INFO: 4040: loss : 0.05185170844197273
2019-02-08 12:21:30,037 - INFO: 4060: loss : 0.05492755398154259
2019-02-08 12:21:34,919 - INFO: 4080: loss : 0.0827435553073883
2019-02-08 12:21:39,785 - INFO: 4100: loss : 0.0170144010335207
2019-02-08 12:21:44,621 - INFO: 4120: loss : 0.0158552173525095
2019-02-08 12:21:49,531 - INFO: 4140: loss : 0.014876713044941425
2019-02-08 12:21:54,423 - INFO: 4160: loss : 0.018258515745401382
2019-02-08 12:21:59,243 - INFO: 4180: loss : 0.04724390432238579
2019-02-08 12:22:04,095 - INFO: 4200: loss : 0.01601751334965229
2019-02-08 12:22:08,956 - INFO: 4220: loss : 0.016625434160232544
2019-02-08 12:22:13,800 - INFO: 4240: loss : 0.015299612656235695
2019-02-08 12:22:18,647 - INFO: 4260: loss : 0.01923981122672558
2019-02-08 12:22:23,544 - INFO: 4280: loss : 0.015264326706528664
2019-02-08 12:22:28,463 - INFO: 4300: loss : 0.048610761761665344
2019-02-08 12:22:33,352 - INFO: 4320: loss : 0.015250871889293194
2019-02-08 12:22:38,205 - INFO: 4340: loss : 0.04948321357369423
2019-02-08 12:22:43,103 - INFO: 4360: loss : 0.01581735536456108
2019-02-08 12:22:48,045 - INFO: 4380: loss : 0.015305033884942532
2019-02-08 12:22:52,938 - INFO: 4400: loss : 0.08109283447265625
2019-02-08 12:22:57,824 - INFO: 4420: loss : 0.03179895877838135
2019-02-08 12:23:02,750 - INFO: 4440: loss : 0.04768497124314308
2019-02-08 12:23:07,652 - INFO: 4460: loss : 0.013157175853848457
2019-02-08 12:23:12,560 - INFO: 4480: loss : 0.016152070835232735
2019-02-08 12:23:17,439 - INFO: 4500: loss : 0.051695432513952255
2019-02-08 12:23:22,325 - INFO: 4520: loss : 0.014051168225705624
2019-02-08 12:23:27,203 - INFO: 4540: loss : 0.017170468345284462
2019-02-08 12:23:32,105 - INFO: 4560: loss : 0.015240978449583054
2019-02-08 12:23:37,043 - INFO: 4580: loss : 0.04843834415078163
2019-02-08 12:23:41,963 - INFO: 4600: loss : 0.04624728485941887
2019-02-08 12:23:46,843 - INFO: 4620: loss : 0.09841381013393402
2019-02-08 12:23:51,760 - INFO: 4640: loss : 0.01470368541777134
2019-02-08 12:23:56,651 - INFO: 4660: loss : 0.07932844758033752
2019-02-08 12:24:01,548 - INFO: 4680: loss : 0.0337023064494133
2019-02-08 12:24:06,448 - INFO: 4700: loss : 0.015181556344032288
2019-02-08 12:24:11,404 - INFO: 4720: loss : 0.017123349010944366
2019-02-08 12:24:16,294 - INFO: 4740: loss : 0.016193533316254616
2019-02-08 12:24:21,187 - INFO: 4760: loss : 0.048099007457494736
2019-02-08 12:24:26,068 - INFO: 4780: loss : 0.015346791595220566
2019-02-08 12:24:30,954 - INFO: 4800: loss : 0.047101132571697235
2019-02-08 12:24:35,880 - INFO: 4820: loss : 0.013593943789601326
2019-02-08 12:24:40,814 - INFO: 4840: loss : 0.01951676979660988
2019-02-08 12:24:45,678 - INFO: 4860: loss : 0.015725640580058098
2019-02-08 12:24:50,573 - INFO: 4880: loss : 0.048553261905908585
2019-02-08 12:24:55,450 - INFO: 4900: loss : 0.014527424238622189
2019-02-08 12:25:00,313 - INFO: 4920: loss : 0.046783607453107834
2019-02-08 12:25:05,202 - INFO: 4940: loss : 0.047483496367931366
2019-02-08 12:25:10,052 - INFO: 4960: loss : 0.047792546451091766
2019-02-08 12:25:14,938 - INFO: 4980: loss : 0.016948072239756584
2019-02-08 12:25:19,821 - INFO: 5000: loss : 0.014606688171625137
2019-02-08 12:25:24,866 - INFO: 5020: loss : 0.052988212555646896
2019-02-08 12:25:29,749 - INFO: 5040: loss : 0.019794205203652382
2019-02-08 12:25:34,673 - INFO: 5060: loss : 0.021441329270601273
2019-02-08 12:25:39,589 - INFO: 5080: loss : 0.05173879489302635
2019-02-08 12:25:44,513 - INFO: 5100: loss : 0.04927491396665573
2019-02-08 12:25:49,402 - INFO: 5120: loss : 0.01693538762629032
2019-02-08 12:25:54,265 - INFO: 5140: loss : 0.014607327990233898
2019-02-08 12:25:59,181 - INFO: 5160: loss : 0.015199859626591206
2019-02-08 12:26:04,046 - INFO: 5180: loss : 0.04790182784199715
2019-02-08 12:26:08,910 - INFO: 5200: loss : 0.01412720326334238
2019-02-08 12:26:13,777 - INFO: 5220: loss : 0.01578690856695175
2019-02-08 12:26:18,679 - INFO: 5240: loss : 0.0807235911488533
2019-02-08 12:26:23,542 - INFO: 5260: loss : 0.015227315947413445
2019-02-08 12:26:28,394 - INFO: 5280: loss : 0.05054831504821777
2019-02-08 12:26:33,300 - INFO: 5300: loss : 0.04746948182582855
2019-02-08 12:26:38,180 - INFO: 5320: loss : 0.046889107674360275
2019-02-08 12:26:43,005 - INFO: 5340: loss : 0.01404472067952156
2019-02-08 12:26:47,896 - INFO: 5360: loss : 0.018015725538134575
2019-02-08 12:26:52,806 - INFO: 5380: loss : 0.016965722665190697
2019-02-08 12:26:57,693 - INFO: 5400: loss : 0.013363121077418327
2019-02-08 12:27:02,579 - INFO: 5420: loss : 0.047541070729494095
2019-02-08 12:27:07,501 - INFO: 5440: loss : 0.014918182045221329
2019-02-08 12:27:12,345 - INFO: 5460: loss : 0.015398591756820679
2019-02-08 12:27:17,233 - INFO: 5480: loss : 0.015559148043394089
2019-02-08 12:27:22,128 - INFO: 5500: loss : 0.049536921083927155
2019-02-08 12:27:27,061 - INFO: 5520: loss : 0.024956174194812775
2019-02-08 12:27:31,967 - INFO: 5540: loss : 0.020291604101657867
2019-02-08 12:27:36,872 - INFO: 5560: loss : 0.04692269116640091
2019-02-08 12:27:41,783 - INFO: 5580: loss : 0.016055705025792122
2019-02-08 12:27:46,505 - INFO: 5600: loss : 0.08152255415916443
2019-02-08 12:27:51,392 - INFO: 5620: loss : 0.01351749338209629
2019-02-08 12:27:56,243 - INFO: 5640: loss : 0.016582293435931206
2019-02-08 12:28:01,104 - INFO: 5660: loss : 0.01359569001942873
2019-02-08 12:28:06,007 - INFO: 5680: loss : 0.08251000940799713
2019-02-08 12:28:10,881 - INFO: 5700: loss : 0.01956769824028015
2019-02-08 12:28:15,793 - INFO: 5720: loss : 0.016478288918733597
2019-02-08 12:28:20,624 - INFO: 5740: loss : 0.04692355915904045
2019-02-08 12:28:25,490 - INFO: 5760: loss : 0.05672960355877876
2019-02-08 12:28:30,348 - INFO: 5780: loss : 0.04599224030971527
2019-02-08 12:28:35,218 - INFO: 5800: loss : 0.0522964708507061
2019-02-08 12:28:40,130 - INFO: 5820: loss : 0.04988933354616165
2019-02-08 12:28:44,986 - INFO: 5840: loss : 0.04645969718694687
2019-02-08 12:28:49,880 - INFO: 5860: loss : 0.02448960579931736
2019-02-08 12:28:54,877 - INFO: 5880: loss : 0.0146911246702075
2019-02-08 12:28:59,778 - INFO: 5900: loss : 0.0475124791264534
2019-02-08 12:29:04,647 - INFO: 5920: loss : 0.014393369667232037
2019-02-08 12:29:09,525 - INFO: 5940: loss : 0.015405392274260521
2019-02-08 12:29:14,427 - INFO: 5960: loss : 0.045383520424366
2019-02-08 12:29:19,268 - INFO: 5980: loss : 0.013585437089204788
2019-02-08 12:29:24,195 - INFO: 6000: loss : 0.017892155796289444
2019-02-08 12:29:29,240 - INFO: 6020: loss : 0.051483217626810074
2019-02-08 12:29:34,121 - INFO: 6040: loss : 0.0142282759770751
2019-02-08 12:29:38,995 - INFO: 6060: loss : 0.08092577010393143
2019-02-08 12:29:43,882 - INFO: 6080: loss : 0.060159556567668915
2019-02-08 12:29:48,724 - INFO: 6100: loss : 0.014785025268793106
2019-02-08 12:29:53,575 - INFO: 6120: loss : 0.015188649296760559
2019-02-08 12:29:58,469 - INFO: 6140: loss : 0.012829763814806938
2019-02-08 12:30:03,349 - INFO: 6160: loss : 0.01469975896179676
2019-02-08 12:30:08,234 - INFO: 6180: loss : 0.047951895743608475
2019-02-08 12:30:13,106 - INFO: 6200: loss : 0.012951809912919998
2019-02-08 12:30:17,953 - INFO: 6220: loss : 0.01814870350062847
2019-02-08 12:30:22,804 - INFO: 6240: loss : 0.014203022234141827
2019-02-08 12:30:27,676 - INFO: 6260: loss : 0.04741456359624863
2019-02-08 12:30:32,569 - INFO: 6280: loss : 0.04590388014912605
2019-02-08 12:30:37,470 - INFO: 6300: loss : 0.01432870514690876
2019-02-08 12:30:42,311 - INFO: 6320: loss : 0.0462610125541687
2019-02-08 12:30:47,169 - INFO: 6340: loss : 0.014506797306239605
2019-02-08 12:30:52,082 - INFO: 6360: loss : 0.014437660574913025
2019-02-08 12:30:56,954 - INFO: 6380: loss : 0.012371715158224106
2019-02-08 12:31:01,872 - INFO: 6400: loss : 0.03339167311787605
2019-02-08 12:31:06,737 - INFO: 6420: loss : 0.04572921618819237
2019-02-08 12:31:11,613 - INFO: 6440: loss : 0.014524834230542183
2019-02-08 12:31:16,499 - INFO: 6460: loss : 0.04832860454916954
2019-02-08 12:31:21,406 - INFO: 6480: loss : 0.07982845604419708
2019-02-08 12:31:26,256 - INFO: 6500: loss : 0.014097962528467178
2019-02-08 12:31:31,153 - INFO: 6520: loss : 0.05007962882518768
2019-02-08 12:31:36,062 - INFO: 6540: loss : 0.047001466155052185
2019-02-08 12:31:40,915 - INFO: 6560: loss : 0.015393579378724098
2019-02-08 12:31:45,768 - INFO: 6580: loss : 0.014956156723201275
2019-02-08 12:31:50,624 - INFO: 6600: loss : 0.014331958256661892
2019-02-08 12:31:55,503 - INFO: 6620: loss : 0.01788073033094406
2019-02-08 12:32:00,361 - INFO: 6640: loss : 0.01433875598013401
2019-02-08 12:32:05,241 - INFO: 6660: loss : 0.04781721532344818
2019-02-08 12:32:10,006 - INFO: 6680: loss : 0.013510869815945625
2019-02-08 12:32:14,903 - INFO: 6700: loss : 0.04660206288099289
2019-02-08 12:32:19,759 - INFO: 6720: loss : 0.07978108525276184
2019-02-08 12:32:24,625 - INFO: 6740: loss : 0.07938168942928314
2019-02-08 12:32:29,546 - INFO: 6760: loss : 0.011884396895766258
2019-02-08 12:32:34,410 - INFO: 6780: loss : 0.07984893769025803
2019-02-08 12:32:39,233 - INFO: 6800: loss : 0.045600470155477524
2019-02-08 12:32:44,115 - INFO: 6820: loss : 0.014210646972060204
2019-02-08 12:32:48,999 - INFO: 6840: loss : 0.07902392745018005
2019-02-08 12:32:53,882 - INFO: 6860: loss : 0.014760224148631096
2019-02-08 12:32:58,783 - INFO: 6880: loss : 0.014986846596002579
2019-02-08 12:33:03,653 - INFO: 6900: loss : 0.014381393790245056
2019-02-08 12:33:08,537 - INFO: 6920: loss : 0.08025451004505157
2019-02-08 12:33:13,340 - INFO: 6940: loss : 0.07762234658002853
2019-02-08 12:33:18,208 - INFO: 6960: loss : 0.01495969295501709
2019-02-08 12:33:23,077 - INFO: 6980: loss : 0.01744842529296875
2019-02-08 12:33:27,942 - INFO: 7000: loss : 0.045053668320178986
2019-02-08 12:33:32,976 - INFO: 7020: loss : 0.046792302280664444
2019-02-08 12:33:37,837 - INFO: 7040: loss : 0.016614992171525955
2019-02-08 12:33:42,766 - INFO: 7060: loss : 0.022659670561552048
2019-02-08 12:33:47,532 - INFO: 7080: loss : 0.01410413347184658
2019-02-08 12:33:52,425 - INFO: 7100: loss : 0.01552334614098072
2019-02-08 12:33:57,340 - INFO: 7120: loss : 0.0480065792798996
2019-02-08 12:34:02,208 - INFO: 7140: loss : 0.07917029410600662
2019-02-08 12:34:07,080 - INFO: 7160: loss : 0.1110844686627388
2019-02-08 12:34:11,961 - INFO: 7180: loss : 0.057162024080753326
2019-02-08 12:34:16,797 - INFO: 7200: loss : 0.022023726254701614
2019-02-08 12:34:21,701 - INFO: 7220: loss : 0.015883196145296097
2019-02-08 12:34:26,561 - INFO: 7240: loss : 0.021989306434988976
2019-02-08 12:34:31,459 - INFO: 7260: loss : 0.01870109885931015
2019-02-08 12:34:36,349 - INFO: 7280: loss : 0.011827091686427593
2019-02-08 12:34:41,038 - INFO: 7300: loss : 0.04617612063884735
2019-02-08 12:34:45,879 - INFO: 7320: loss : 0.05084530636668205
2019-02-08 12:34:50,769 - INFO: 7340: loss : 0.046833205968141556
2019-02-08 12:34:55,676 - INFO: 7360: loss : 0.014119519852101803
2019-02-08 12:35:00,622 - INFO: 7380: loss : 0.015656720846891403
2019-02-08 12:35:05,534 - INFO: 7400: loss : 0.01563120447099209
2019-02-08 12:35:10,433 - INFO: 7420: loss : 0.05144418030977249
2019-02-08 12:35:15,302 - INFO: 7440: loss : 0.013239754363894463
2019-02-08 12:35:20,173 - INFO: 7460: loss : 0.04566653445363045
2019-02-08 12:35:25,053 - INFO: 7480: loss : 0.026625491678714752
2019-02-08 12:35:29,935 - INFO: 7500: loss : 0.01536631677299738
2019-02-08 12:35:34,818 - INFO: 7520: loss : 0.013198774307966232
2019-02-08 12:35:39,711 - INFO: 7540: loss : 0.014655424281954765
2019-02-08 12:35:44,598 - INFO: 7560: loss : 0.012942755594849586
2019-02-08 12:35:49,479 - INFO: 7580: loss : 0.046901486814022064
2019-02-08 12:35:54,350 - INFO: 7600: loss : 0.014048018492758274
2019-02-08 12:35:59,256 - INFO: 7620: loss : 0.0477922186255455
2019-02-08 12:36:04,186 - INFO: 7640: loss : 0.08130646497011185
2019-02-08 12:36:09,090 - INFO: 7660: loss : 0.01395117212086916
2019-02-08 12:36:13,974 - INFO: 7680: loss : 0.014170048758387566
2019-02-08 12:36:18,874 - INFO: 7700: loss : 0.04774493724107742
2019-02-08 12:36:23,770 - INFO: 7720: loss : 0.027157418429851532
2019-02-08 12:36:28,622 - INFO: 7740: loss : 0.046417586505413055
2019-02-08 12:36:33,527 - INFO: 7760: loss : 0.04639377444982529
2019-02-08 12:36:38,422 - INFO: 7780: loss : 0.07830561697483063
2019-02-08 12:36:43,312 - INFO: 7800: loss : 0.013859886676073074
2019-02-08 12:36:48,211 - INFO: 7820: loss : 0.04724642261862755
2019-02-08 12:36:53,147 - INFO: 7840: loss : 0.019168611615896225
2019-02-08 12:36:58,041 - INFO: 7860: loss : 0.04672614112496376
2019-02-08 12:37:02,880 - INFO: 7880: loss : 0.014193085953593254
2019-02-08 12:37:07,775 - INFO: 7900: loss : 0.01384114008396864
2019-02-08 12:37:12,672 - INFO: 7920: loss : 0.04523059353232384
2019-02-08 12:37:17,540 - INFO: 7940: loss : 0.022582001984119415
2019-02-08 12:37:22,417 - INFO: 7960: loss : 0.047394197434186935
2019-02-08 12:37:27,333 - INFO: 7980: loss : 0.01083455327898264
2019-02-08 12:37:32,181 - INFO: 8000: loss : 0.02973037213087082
2019-02-08 12:37:37,213 - INFO: 8020: loss : 0.012909521348774433
2019-02-08 12:37:42,144 - INFO: 8040: loss : 0.039670541882514954
2019-02-08 12:37:46,984 - INFO: 8060: loss : 0.012776651419699192
2019-02-08 12:37:51,871 - INFO: 8080: loss : 0.021989941596984863
2019-02-08 12:37:56,750 - INFO: 8100: loss : 0.011934919282793999
2019-02-08 12:38:01,671 - INFO: 8120: loss : 0.013171476311981678
2019-02-08 12:38:06,552 - INFO: 8140: loss : 0.012517726048827171
2019-02-08 12:38:11,443 - INFO: 8160: loss : 0.01647738181054592
2019-02-08 12:38:16,376 - INFO: 8180: loss : 0.014221187680959702
2019-02-08 12:38:21,157 - INFO: 8200: loss : 0.046836987137794495
2019-02-08 12:38:26,088 - INFO: 8220: loss : 0.013680635951459408
2019-02-08 12:38:30,990 - INFO: 8240: loss : 0.013264179229736328
2019-02-08 12:38:35,871 - INFO: 8260: loss : 0.015899112448096275
2019-02-08 12:38:40,753 - INFO: 8280: loss : 0.01606624573469162
2019-02-08 12:38:45,643 - INFO: 8300: loss : 0.07846853137016296
2019-02-08 12:38:50,543 - INFO: 8320: loss : 0.0493909977376461
2019-02-08 12:38:55,469 - INFO: 8340: loss : 0.04477010667324066
2019-02-08 12:39:00,310 - INFO: 8360: loss : 0.0829939916729927
2019-02-08 12:39:05,196 - INFO: 8380: loss : 0.04638312757015228
2019-02-08 12:39:10,121 - INFO: 8400: loss : 0.014788069762289524
2019-02-08 12:39:15,010 - INFO: 8420: loss : 0.01916116289794445
2019-02-08 12:39:19,911 - INFO: 8440: loss : 0.012326964177191257
2019-02-08 12:39:24,782 - INFO: 8460: loss : 0.012962370179593563
2019-02-08 12:39:29,670 - INFO: 8480: loss : 0.08295143395662308
2019-02-08 12:39:34,563 - INFO: 8500: loss : 0.012143786996603012
2019-02-08 12:39:39,461 - INFO: 8520: loss : 0.014327277429401875
2019-02-08 12:39:44,374 - INFO: 8540: loss : 0.04721856862306595
2019-02-08 12:39:49,259 - INFO: 8560: loss : 0.07967400550842285
2019-02-08 12:39:54,102 - INFO: 8580: loss : 0.014185933396220207
2019-02-08 12:39:59,037 - INFO: 8600: loss : 0.046198442578315735
2019-02-08 12:40:03,941 - INFO: 8620: loss : 0.013905065134167671
2019-02-08 12:40:08,777 - INFO: 8640: loss : 0.011450501158833504
2019-02-08 12:40:13,675 - INFO: 8660: loss : 0.07944224774837494
2019-02-08 12:40:18,534 - INFO: 8680: loss : 0.04520853981375694
2019-02-08 12:40:23,451 - INFO: 8700: loss : 0.08204193413257599
2019-02-08 12:40:28,325 - INFO: 8720: loss : 0.07806921750307083
2019-02-08 12:40:33,191 - INFO: 8740: loss : 0.015298734419047832
2019-02-08 12:40:38,093 - INFO: 8760: loss : 0.025916434824466705
2019-02-08 12:40:42,980 - INFO: 8780: loss : 0.04736403748393059
2019-02-08 12:44:59,784 - INFO: model output path model/trained_model_mini/tcn
2019-02-08 12:45:01,065 - INFO: None
2019-02-08 12:45:01,065 - INFO: saving model in model/trained_model_mini/tcn/model.json
2019-02-08 12:45:01,069 - INFO: Iteration started
2019-02-08 12:45:14,192 - INFO: 20: loss : 0.441702276468277
2019-02-08 12:45:18,583 - INFO: 40: loss : 0.34065377712249756
2019-02-08 12:45:22,981 - INFO: 60: loss : 0.33921560645103455
2019-02-08 12:45:27,390 - INFO: 80: loss : 0.23827829957008362
2019-02-08 12:45:31,884 - INFO: 100: loss : 0.3229553997516632
2019-02-08 12:45:36,367 - INFO: 120: loss : 0.23414863646030426
2019-02-08 12:45:40,788 - INFO: 140: loss : 0.18341268599033356
2019-02-08 12:45:45,244 - INFO: 160: loss : 0.19687670469284058
2019-02-08 12:45:49,630 - INFO: 180: loss : 0.21348033845424652
2019-02-08 12:45:53,963 - INFO: 200: loss : 0.18966341018676758
2019-02-08 12:45:58,336 - INFO: 220: loss : 0.2131327986717224
2019-02-08 12:46:02,664 - INFO: 240: loss : 0.22098419070243835
2019-02-08 12:46:07,020 - INFO: 260: loss : 0.11166016012430191
2019-02-08 12:46:11,415 - INFO: 280: loss : 0.20065689086914062
2019-02-08 12:46:15,751 - INFO: 300: loss : 0.2475893795490265
2019-02-08 12:46:20,092 - INFO: 320: loss : 0.1595759093761444
2019-02-08 12:46:24,469 - INFO: 340: loss : 0.20093849301338196
2019-02-08 12:46:28,806 - INFO: 360: loss : 0.18329225480556488
2019-02-08 12:46:33,194 - INFO: 380: loss : 0.13578709959983826
2019-02-08 12:46:37,572 - INFO: 400: loss : 0.12323762476444244
2019-02-08 12:46:41,946 - INFO: 420: loss : 0.21512022614479065
2019-02-08 12:46:46,283 - INFO: 440: loss : 0.13199248909950256
2019-02-08 12:46:50,623 - INFO: 460: loss : 0.15546968579292297
2019-02-08 12:46:55,008 - INFO: 480: loss : 0.1621435433626175
2019-02-08 12:46:59,381 - INFO: 500: loss : 0.12865296006202698
2019-02-08 12:47:03,748 - INFO: 520: loss : 0.14843031764030457
2019-02-08 12:47:08,100 - INFO: 540: loss : 0.20644071698188782
2019-02-08 12:47:12,425 - INFO: 560: loss : 0.1277988851070404
2019-02-08 12:47:16,804 - INFO: 580: loss : 0.15766167640686035
2019-02-08 12:47:21,176 - INFO: 600: loss : 0.15892145037651062
2019-02-08 12:47:25,541 - INFO: 620: loss : 0.14540615677833557
2019-02-08 12:47:29,963 - INFO: 640: loss : 0.12150003015995026
2019-02-08 12:47:34,312 - INFO: 660: loss : 0.07597368210554123
2019-02-08 12:47:38,676 - INFO: 680: loss : 0.1173647940158844
2019-02-08 12:47:43,058 - INFO: 700: loss : 0.1478714942932129
2019-02-08 12:47:47,450 - INFO: 720: loss : 0.08304867893457413
2019-02-08 12:47:51,846 - INFO: 740: loss : 0.08889046311378479
2019-02-08 12:47:56,162 - INFO: 760: loss : 0.15386898815631866
2019-02-08 12:48:00,560 - INFO: 780: loss : 0.14271144568920135
2019-02-08 12:48:04,956 - INFO: 800: loss : 0.13130944967269897
2019-02-08 12:48:09,290 - INFO: 820: loss : 0.13870078325271606
2019-02-08 12:48:13,587 - INFO: 840: loss : 0.16969680786132812
2019-02-08 12:48:17,996 - INFO: 860: loss : 0.09608927369117737
2019-02-08 12:48:22,398 - INFO: 880: loss : 0.07343775779008865
2019-02-08 12:48:26,792 - INFO: 900: loss : 0.1434396356344223
2019-02-08 12:48:31,184 - INFO: 920: loss : 0.07387880980968475
2019-02-08 12:48:35,575 - INFO: 940: loss : 0.10141503810882568
2019-02-08 12:48:39,969 - INFO: 960: loss : 0.07797964662313461
2019-02-08 12:48:44,372 - INFO: 980: loss : 0.14356453716754913
2019-02-08 12:48:48,765 - INFO: 1000: loss : 0.08958285301923752
2019-02-08 12:48:53,967 - INFO: 1020: loss : 0.17842155694961548
2019-02-08 12:48:58,357 - INFO: 1040: loss : 0.17329511046409607
2019-02-08 12:49:02,737 - INFO: 1060: loss : 0.11971184611320496
2019-02-08 12:49:07,113 - INFO: 1080: loss : 0.08681368082761765
2019-02-08 12:49:11,506 - INFO: 1100: loss : 0.09210677444934845
2019-02-08 12:49:15,832 - INFO: 1120: loss : 0.07559551298618317
2019-02-08 12:49:20,229 - INFO: 1140: loss : 0.16581930220127106
2019-02-08 12:49:24,631 - INFO: 1160: loss : 0.1074519082903862
2019-02-08 12:49:29,086 - INFO: 1180: loss : 0.1745738685131073
2019-02-08 12:49:33,518 - INFO: 1200: loss : 0.07246900349855423
2019-02-08 12:49:37,929 - INFO: 1220: loss : 0.10103698074817657
2019-02-08 12:49:42,331 - INFO: 1240: loss : 0.0958680808544159
2019-02-08 12:49:46,765 - INFO: 1260: loss : 0.10878299176692963
2019-02-08 12:49:51,140 - INFO: 1280: loss : 0.09776956588029861
2019-02-08 12:49:55,548 - INFO: 1300: loss : 0.09514258801937103
2019-02-08 12:49:59,988 - INFO: 1320: loss : 0.09488511830568314
2019-02-08 12:50:04,402 - INFO: 1340: loss : 0.11070402711629868
2019-02-08 12:50:08,821 - INFO: 1360: loss : 0.09703707695007324
2019-02-08 12:50:13,248 - INFO: 1380: loss : 0.12300989031791687
2019-02-08 12:50:17,685 - INFO: 1400: loss : 0.12192041426897049
2019-02-08 12:50:22,118 - INFO: 1420: loss : 0.10591773688793182
2019-02-08 12:50:26,475 - INFO: 1440: loss : 0.06294983625411987
2019-02-08 12:50:30,870 - INFO: 1460: loss : 0.08901642262935638
2019-02-08 12:50:35,290 - INFO: 1480: loss : 0.06788720190525055
2019-02-08 12:50:39,653 - INFO: 1500: loss : 0.12110410630702972
2019-02-08 12:50:44,057 - INFO: 1520: loss : 0.07973121106624603
2019-02-08 12:50:48,456 - INFO: 1540: loss : 0.0687161311507225
2019-02-08 12:50:52,848 - INFO: 1560: loss : 0.11073654145002365
2019-02-08 12:50:57,252 - INFO: 1580: loss : 0.08486147224903107
2019-02-08 12:51:01,656 - INFO: 1600: loss : 0.06352783739566803
2019-02-08 12:51:06,044 - INFO: 1620: loss : 0.04958498105406761
2019-02-08 12:51:10,443 - INFO: 1640: loss : 0.14257830381393433
2019-02-08 12:51:14,858 - INFO: 1660: loss : 0.06221722811460495
2019-02-08 12:51:19,270 - INFO: 1680: loss : 0.11199934035539627
2019-02-08 12:51:23,613 - INFO: 1700: loss : 0.05131811276078224
2019-02-08 12:51:27,986 - INFO: 1720: loss : 0.08101943135261536
2019-02-08 12:51:32,434 - INFO: 1740: loss : 0.07766707986593246
2019-02-08 12:51:36,828 - INFO: 1760: loss : 0.0672147125005722
2019-02-08 12:51:41,160 - INFO: 1780: loss : 0.03987717628479004
2019-02-08 12:51:45,544 - INFO: 1800: loss : 0.04793200641870499
2019-02-08 12:51:49,933 - INFO: 1820: loss : 0.10285544395446777
2019-02-08 12:51:54,334 - INFO: 1840: loss : 0.040467534214258194
2019-02-08 12:51:58,660 - INFO: 1860: loss : 0.05406521260738373
2019-02-08 12:52:03,019 - INFO: 1880: loss : 0.11642710119485855
2019-02-08 12:52:07,406 - INFO: 1900: loss : 0.10188556462526321
2019-02-08 12:52:11,845 - INFO: 1920: loss : 0.0855940505862236
2019-02-08 12:52:16,244 - INFO: 1940: loss : 0.07426725327968597
2019-02-08 12:52:20,616 - INFO: 1960: loss : 0.08692014962434769
2019-02-08 12:52:24,991 - INFO: 1980: loss : 0.05687505751848221
2019-02-08 12:52:29,408 - INFO: 2000: loss : 0.0622224286198616
2019-02-08 12:52:33,856 - INFO: 2020: loss : 0.10120709985494614
2019-02-08 12:52:38,223 - INFO: 2040: loss : 0.06528983265161514
2019-02-08 12:52:42,591 - INFO: 2060: loss : 0.15183795988559723
2019-02-08 12:52:46,979 - INFO: 2080: loss : 0.04850776866078377
2019-02-08 12:52:51,386 - INFO: 2100: loss : 0.04000174626708031
2019-02-08 12:52:55,768 - INFO: 2120: loss : 0.08654405176639557
2019-02-08 12:53:00,196 - INFO: 2140: loss : 0.0418156236410141
2019-02-08 12:53:04,589 - INFO: 2160: loss : 0.03809528425335884
2019-02-08 12:53:08,991 - INFO: 2180: loss : 0.07480791211128235
2019-02-08 12:53:13,384 - INFO: 2200: loss : 0.03003983572125435
2019-02-08 12:53:17,760 - INFO: 2220: loss : 0.07719822227954865
2019-02-08 12:53:22,180 - INFO: 2240: loss : 0.10564932227134705
2019-02-08 12:53:26,566 - INFO: 2260: loss : 0.04920493811368942
2019-02-08 12:53:30,967 - INFO: 2280: loss : 0.035276755690574646
2019-02-08 12:53:35,392 - INFO: 2300: loss : 0.047909095883369446
2019-02-08 12:53:39,778 - INFO: 2320: loss : 0.09726296365261078
2019-02-08 12:53:44,215 - INFO: 2340: loss : 0.09432657808065414
2019-02-08 12:53:48,629 - INFO: 2360: loss : 0.04673612862825394
2019-02-08 12:53:52,962 - INFO: 2380: loss : 0.03487705439329147
2019-02-08 12:53:57,374 - INFO: 2400: loss : 0.050990063697099686
2019-02-08 12:54:01,772 - INFO: 2420: loss : 0.0429278202354908
2019-02-08 12:54:06,173 - INFO: 2440: loss : 0.03775722533464432
2019-02-08 12:54:10,567 - INFO: 2460: loss : 0.05084213241934776
2019-02-08 12:54:14,957 - INFO: 2480: loss : 0.10989426076412201
2019-02-08 12:54:19,280 - INFO: 2500: loss : 0.04164528846740723
2019-02-08 12:54:23,692 - INFO: 2520: loss : 0.034099530428647995
2019-02-08 12:54:28,112 - INFO: 2540: loss : 0.038912542164325714
2019-02-08 12:54:32,515 - INFO: 2560: loss : 0.04252402111887932
2019-02-08 12:54:36,910 - INFO: 2580: loss : 0.04169860854744911
2019-02-08 12:54:41,266 - INFO: 2600: loss : 0.04310542345046997
2019-02-08 12:54:45,673 - INFO: 2620: loss : 0.07173523306846619
2019-02-08 12:54:50,083 - INFO: 2640: loss : 0.03764805942773819
2019-02-08 12:54:54,488 - INFO: 2660: loss : 0.033229947090148926
2019-02-08 12:54:58,862 - INFO: 2680: loss : 0.0867273360490799
2019-02-08 12:55:03,246 - INFO: 2700: loss : 0.03381536900997162
2019-02-08 12:55:07,666 - INFO: 2720: loss : 0.05608280375599861
2019-02-08 12:55:12,005 - INFO: 2740: loss : 0.08477619290351868
2019-02-08 12:55:16,389 - INFO: 2760: loss : 0.04237276315689087
2019-02-08 12:55:20,797 - INFO: 2780: loss : 0.07410936057567596
2019-02-08 12:55:25,162 - INFO: 2800: loss : 0.030649594962596893
2019-02-08 12:55:29,523 - INFO: 2820: loss : 0.07460889965295792
2019-02-08 12:55:33,884 - INFO: 2840: loss : 0.082635797560215
2019-02-08 12:55:38,314 - INFO: 2860: loss : 0.07260821759700775
2019-02-08 12:55:42,725 - INFO: 2880: loss : 0.02951810508966446
2019-02-08 12:55:47,183 - INFO: 2900: loss : 0.06708896905183792
2019-02-08 12:55:51,639 - INFO: 2920: loss : 0.09986861795186996
2019-02-08 12:55:56,054 - INFO: 2940: loss : 0.07113894075155258
2019-02-08 12:56:00,480 - INFO: 2960: loss : 0.05702182278037071
2019-02-08 12:56:04,861 - INFO: 2980: loss : 0.04422301426529884
2019-02-08 12:56:09,255 - INFO: 3000: loss : 0.032037246972322464
2019-02-08 12:56:13,720 - INFO: 3020: loss : 0.032625868916511536
2019-02-08 12:56:18,132 - INFO: 3040: loss : 0.04335719347000122
2019-02-08 12:56:22,493 - INFO: 3060: loss : 0.07174625992774963
2019-02-08 12:56:26,884 - INFO: 3080: loss : 0.04312371462583542
2019-02-08 12:56:31,289 - INFO: 3100: loss : 0.04766278341412544
2019-02-08 12:56:35,692 - INFO: 3120: loss : 0.03502960503101349
2019-02-08 12:56:40,088 - INFO: 3140: loss : 0.07717011868953705
2019-02-08 12:56:44,429 - INFO: 3160: loss : 0.0760824978351593
2019-02-08 12:56:48,822 - INFO: 3180: loss : 0.03272763639688492
2019-02-08 12:56:53,216 - INFO: 3200: loss : 0.03326832503080368
2019-02-08 12:56:57,599 - INFO: 3220: loss : 0.04104359447956085
2019-02-08 12:57:01,973 - INFO: 3240: loss : 0.03848209232091904
2019-02-08 12:57:06,341 - INFO: 3260: loss : 0.04101789370179176
2019-02-08 12:57:10,771 - INFO: 3280: loss : 0.05421651154756546
2019-02-08 12:57:15,185 - INFO: 3300: loss : 0.06607852131128311
2019-02-08 12:57:19,610 - INFO: 3320: loss : 0.06507442891597748
2019-02-08 12:57:24,018 - INFO: 3340: loss : 0.031881507486104965
2019-02-08 12:57:28,486 - INFO: 3360: loss : 0.04024171084165573
2019-02-08 12:57:32,924 - INFO: 3380: loss : 0.08035516738891602
2019-02-08 12:57:37,324 - INFO: 3400: loss : 0.046971049159765244
2019-02-08 12:57:41,676 - INFO: 3420: loss : 0.03498608618974686
2019-02-08 12:57:46,114 - INFO: 3440: loss : 0.04236442223191261
2019-02-08 12:57:50,438 - INFO: 3460: loss : 0.02991720288991928
2019-02-08 12:57:54,858 - INFO: 3480: loss : 0.032263852655887604
2019-02-08 12:57:59,279 - INFO: 3500: loss : 0.03255932033061981
2019-02-08 12:58:03,645 - INFO: 3520: loss : 0.052636004984378815
2019-02-08 12:58:08,032 - INFO: 3540: loss : 0.03363184258341789
2019-02-08 12:58:12,431 - INFO: 3560: loss : 0.06337235122919083
2019-02-08 12:58:16,857 - INFO: 3580: loss : 0.030487384647130966
2019-02-08 12:58:21,200 - INFO: 3600: loss : 0.03081706166267395
2019-02-08 12:58:25,569 - INFO: 3620: loss : 0.06743143498897552
2019-02-08 12:58:29,993 - INFO: 3640: loss : 0.0658516138792038
2019-02-08 12:58:34,372 - INFO: 3660: loss : 0.029240060597658157
2019-02-08 12:58:38,791 - INFO: 3680: loss : 0.06437043100595474
2019-02-08 12:58:43,192 - INFO: 3700: loss : 0.026677848771214485
2019-02-08 12:58:47,551 - INFO: 3720: loss : 0.028182240203022957
2019-02-08 12:58:51,973 - INFO: 3740: loss : 0.10853007435798645
2019-02-08 12:58:56,368 - INFO: 3760: loss : 0.029500825330615044
2019-02-08 12:59:00,767 - INFO: 3780: loss : 0.03217674046754837
2019-02-08 12:59:05,178 - INFO: 3800: loss : 0.06274980306625366
2019-02-08 12:59:09,596 - INFO: 3820: loss : 0.034436456859111786
2019-02-08 12:59:14,044 - INFO: 3840: loss : 0.031289272010326385
2019-02-08 12:59:18,451 - INFO: 3860: loss : 0.0656854435801506
2019-02-08 12:59:22,887 - INFO: 3880: loss : 0.030188480392098427
2019-02-08 12:59:27,271 - INFO: 3900: loss : 0.03134273365139961
2019-02-08 12:59:31,702 - INFO: 3920: loss : 0.0660996064543724
2019-02-08 12:59:35,957 - INFO: 3940: loss : 0.07732024788856506
2019-02-08 12:59:40,346 - INFO: 3960: loss : 0.07995173335075378
2019-02-08 12:59:44,728 - INFO: 3980: loss : 0.06196628510951996
2019-02-08 12:59:49,130 - INFO: 4000: loss : 0.040287699550390244
2019-02-08 12:59:53,655 - INFO: 4020: loss : 0.03438172489404678
2019-02-08 12:59:58,066 - INFO: 4040: loss : 0.061046943068504333
2019-02-08 13:00:02,476 - INFO: 4060: loss : 0.030909307301044464
2019-02-08 13:00:06,840 - INFO: 4080: loss : 0.029714234173297882
2019-02-08 13:00:11,243 - INFO: 4100: loss : 0.06217528134584427
2019-02-08 13:00:15,642 - INFO: 4120: loss : 0.09479030221700668
2019-02-08 13:00:20,006 - INFO: 4140: loss : 0.14015726745128632
2019-02-08 13:00:24,440 - INFO: 4160: loss : 0.042815037071704865
2019-02-08 13:00:28,812 - INFO: 4180: loss : 0.08195912092924118
2019-02-08 13:00:33,194 - INFO: 4200: loss : 0.03482126444578171
2019-02-08 13:00:37,624 - INFO: 4220: loss : 0.026435377076268196
2019-02-08 13:00:42,022 - INFO: 4240: loss : 0.035485170781612396
2019-02-08 13:00:46,471 - INFO: 4260: loss : 0.028635283932089806
2019-02-08 13:00:50,849 - INFO: 4280: loss : 0.02830040641129017
2019-02-08 13:00:55,191 - INFO: 4300: loss : 0.027199935168027878
2019-02-08 13:00:59,489 - INFO: 4320: loss : 0.05383727699518204
2019-02-08 13:01:03,926 - INFO: 4340: loss : 0.030393611639738083
2019-02-08 13:01:08,310 - INFO: 4360: loss : 0.024423746392130852
2019-02-08 13:01:12,736 - INFO: 4380: loss : 0.060657914727926254
2019-02-08 13:01:17,169 - INFO: 4400: loss : 0.026899229735136032
2019-02-08 13:01:21,573 - INFO: 4420: loss : 0.04675190895795822
2019-02-08 13:01:25,967 - INFO: 4440: loss : 0.09154106676578522
2019-02-08 13:01:30,383 - INFO: 4460: loss : 0.05614271014928818
2019-02-08 13:01:34,815 - INFO: 4480: loss : 0.09310032427310944
2019-02-08 13:01:39,210 - INFO: 4500: loss : 0.09332302212715149
2019-02-08 13:01:43,631 - INFO: 4520: loss : 0.06995121389627457
2019-02-08 13:01:48,041 - INFO: 4540: loss : 0.02749229222536087
2019-02-08 13:01:52,454 - INFO: 4560: loss : 0.030346635729074478
2019-02-08 13:01:56,830 - INFO: 4580: loss : 0.028279267251491547
2019-02-08 13:02:01,256 - INFO: 4600: loss : 0.09441438317298889
2019-02-08 13:02:05,630 - INFO: 4620: loss : 0.02835378609597683
2019-02-08 13:02:10,036 - INFO: 4640: loss : 0.04742567986249924
2019-02-08 13:02:14,446 - INFO: 4660: loss : 0.03491644561290741
2019-02-08 13:02:18,838 - INFO: 4680: loss : 0.07458493113517761
2019-02-08 13:02:23,246 - INFO: 4700: loss : 0.09742743521928787
2019-02-08 13:02:27,619 - INFO: 4720: loss : 0.025972194969654083
2019-02-08 13:02:32,009 - INFO: 4740: loss : 0.027180857956409454
2019-02-08 13:02:36,433 - INFO: 4760: loss : 0.0328703448176384
2019-02-08 13:02:40,859 - INFO: 4780: loss : 0.02826881594955921
2019-02-08 13:02:45,272 - INFO: 4800: loss : 0.03228241205215454
2019-02-08 13:02:49,739 - INFO: 4820: loss : 0.033451858907938004
2019-02-08 13:02:54,143 - INFO: 4840: loss : 0.028407854959368706
2019-02-08 13:02:58,565 - INFO: 4860: loss : 0.028515972197055817
2019-02-08 13:03:02,923 - INFO: 4880: loss : 0.061095044016838074
2019-02-08 13:03:07,285 - INFO: 4900: loss : 0.06722434610128403
2019-02-08 13:03:11,728 - INFO: 4920: loss : 0.028850995004177094
2019-02-08 13:03:16,154 - INFO: 4940: loss : 0.029127852991223335
2019-02-08 13:03:20,562 - INFO: 4960: loss : 0.04147203266620636
2019-02-08 13:03:25,028 - INFO: 4980: loss : 0.04909389466047287
2019-02-08 13:03:29,418 - INFO: 5000: loss : 0.027223341166973114
2019-02-08 13:03:33,906 - INFO: 5020: loss : 0.04850926250219345
2019-02-08 13:03:38,313 - INFO: 5040: loss : 0.06184852868318558
2019-02-08 13:03:42,709 - INFO: 5060: loss : 0.023756368085741997
2019-02-08 13:03:47,113 - INFO: 5080: loss : 0.028692591935396194
2019-02-08 13:03:51,544 - INFO: 5100: loss : 0.031571000814437866
2019-02-08 13:03:55,969 - INFO: 5120: loss : 0.05726579949259758
2019-02-08 13:04:00,353 - INFO: 5140: loss : 0.028368603438138962
2019-02-08 13:04:04,747 - INFO: 5160: loss : 0.02834891527891159
2019-02-08 13:04:09,175 - INFO: 5180: loss : 0.058677323162555695
2019-02-08 13:04:13,562 - INFO: 5200: loss : 0.029154101386666298
2019-02-08 13:04:17,959 - INFO: 5220: loss : 0.026499424129724503
2019-02-08 13:04:22,365 - INFO: 5240: loss : 0.06784931570291519
2019-02-08 13:04:26,724 - INFO: 5260: loss : 0.025671446695923805
2019-02-08 13:04:31,153 - INFO: 5280: loss : 0.06586207449436188
2019-02-08 13:04:35,559 - INFO: 5300: loss : 0.05932982265949249
2019-02-08 13:04:39,942 - INFO: 5320: loss : 0.09993652999401093
2019-02-08 13:04:44,343 - INFO: 5340: loss : 0.04325313866138458
2019-02-08 13:04:48,753 - INFO: 5360: loss : 0.06015936657786369
2019-02-08 13:04:53,098 - INFO: 5380: loss : 0.03694891929626465
2019-02-08 13:04:57,440 - INFO: 5400: loss : 0.02966247871518135
2019-02-08 13:05:01,861 - INFO: 5420: loss : 0.03530219569802284
2019-02-08 13:05:06,291 - INFO: 5440: loss : 0.0434185191988945
2019-02-08 13:05:10,712 - INFO: 5460: loss : 0.04733242094516754
2019-02-08 13:05:15,062 - INFO: 5480: loss : 0.03417637199163437
2019-02-08 13:05:19,417 - INFO: 5500: loss : 0.026570558547973633
2019-02-08 13:05:23,817 - INFO: 5520: loss : 0.06135566905140877
2019-02-08 13:05:28,248 - INFO: 5540: loss : 0.027520256116986275
2019-02-08 13:05:32,683 - INFO: 5560: loss : 0.059750452637672424
2019-02-08 13:05:37,076 - INFO: 5580: loss : 0.02823222428560257
2019-02-08 13:05:41,478 - INFO: 5600: loss : 0.10954748094081879
2019-02-08 13:05:45,820 - INFO: 5620: loss : 0.052890706807374954
2019-02-08 13:05:50,225 - INFO: 5640: loss : 0.09930314868688583
2019-02-08 13:05:54,708 - INFO: 5660: loss : 0.027339134365320206
2019-02-08 13:05:59,135 - INFO: 5680: loss : 0.07592831552028656
2019-02-08 13:06:03,534 - INFO: 5700: loss : 0.025977723300457
2019-02-08 13:06:07,929 - INFO: 5720: loss : 0.06460565328598022
2019-02-08 13:06:12,319 - INFO: 5740: loss : 0.05741511285305023
2019-02-08 13:06:16,700 - INFO: 5760: loss : 0.026620009914040565
2019-02-08 13:06:21,111 - INFO: 5780: loss : 0.05909210443496704
2019-02-08 13:06:25,519 - INFO: 5800: loss : 0.06049009785056114
2019-02-08 13:06:29,913 - INFO: 5820: loss : 0.02982059307396412
2019-02-08 13:06:34,315 - INFO: 5840: loss : 0.025436274707317352
2019-02-08 13:06:38,688 - INFO: 5860: loss : 0.05806862562894821
2019-02-08 13:06:43,056 - INFO: 5880: loss : 0.02535916492342949
2019-02-08 13:06:47,488 - INFO: 5900: loss : 0.06121830269694328
2019-02-08 13:06:51,867 - INFO: 5920: loss : 0.06978789716959
2019-02-08 13:06:56,269 - INFO: 5940: loss : 0.02946939691901207
2019-02-08 13:07:00,707 - INFO: 5960: loss : 0.02584739215672016
2019-02-08 13:07:05,094 - INFO: 5980: loss : 0.05809803679585457
2019-02-08 13:07:09,542 - INFO: 6000: loss : 0.02589374966919422
2019-02-08 13:07:14,031 - INFO: 6020: loss : 0.05897749215364456
2019-02-08 13:07:18,430 - INFO: 6040: loss : 0.06301423907279968
2019-02-08 13:07:22,838 - INFO: 6060: loss : 0.027076411992311478
2019-02-08 13:07:27,252 - INFO: 6080: loss : 0.032596684992313385
2019-02-08 13:07:31,567 - INFO: 6100: loss : 0.05775534361600876
2019-02-08 13:07:35,937 - INFO: 6120: loss : 0.06766285747289658
2019-02-08 13:07:40,315 - INFO: 6140: loss : 0.0259854719042778
2019-02-08 13:07:44,736 - INFO: 6160: loss : 0.02493559941649437
2019-02-08 13:07:49,149 - INFO: 6180: loss : 0.06519316136837006
2019-02-08 13:07:53,575 - INFO: 6200: loss : 0.028554121032357216
2019-02-08 13:07:57,983 - INFO: 6220: loss : 0.026239067316055298
2019-02-08 13:08:02,417 - INFO: 6240: loss : 0.02897554636001587
2019-02-08 13:08:06,808 - INFO: 6260: loss : 0.030497102066874504
2019-02-08 13:08:11,210 - INFO: 6280: loss : 0.09289421886205673
2019-02-08 13:08:15,610 - INFO: 6300: loss : 0.03013671562075615
2019-02-08 13:08:19,995 - INFO: 6320: loss : 0.06416650861501694
2019-02-08 13:08:24,394 - INFO: 6340: loss : 0.025758305564522743
2019-02-08 13:08:28,825 - INFO: 6360: loss : 0.029311586171388626
2019-02-08 13:08:33,197 - INFO: 6380: loss : 0.05659943073987961
2019-02-08 13:08:37,606 - INFO: 6400: loss : 0.06267137825489044
2019-02-08 13:08:41,999 - INFO: 6420: loss : 0.03780680149793625
2019-02-08 13:08:46,371 - INFO: 6440: loss : 0.0971141904592514
2019-02-08 13:08:50,770 - INFO: 6460: loss : 0.02403203956782818
2019-02-08 13:08:55,165 - INFO: 6480: loss : 0.04797565937042236
2019-02-08 13:08:59,560 - INFO: 6500: loss : 0.03169507533311844
2019-02-08 13:09:03,973 - INFO: 6520: loss : 0.09027595818042755
2019-02-08 13:09:08,376 - INFO: 6540: loss : 0.06995297223329544
2019-02-08 13:09:12,770 - INFO: 6560: loss : 0.058359600603580475
2019-02-08 13:09:17,200 - INFO: 6580: loss : 0.024284902960062027
2019-02-08 13:09:21,600 - INFO: 6600: loss : 0.029961027204990387
2019-02-08 13:09:26,028 - INFO: 6620: loss : 0.053654756397008896
2019-02-08 13:09:30,447 - INFO: 6640: loss : 0.03375397250056267
2019-02-08 13:09:34,859 - INFO: 6660: loss : 0.05870196968317032
2019-02-08 13:09:39,253 - INFO: 6680: loss : 0.025407033041119576
2019-02-08 13:09:43,677 - INFO: 6700: loss : 0.0393991619348526
2019-02-08 13:09:48,050 - INFO: 6720: loss : 0.024842798709869385
2019-02-08 13:09:52,437 - INFO: 6740: loss : 0.056507691740989685
2019-02-08 13:09:56,821 - INFO: 6760: loss : 0.025263609364628792
2019-02-08 13:10:01,231 - INFO: 6780: loss : 0.02507965639233589
2019-02-08 13:10:05,652 - INFO: 6800: loss : 0.05933544784784317
2019-02-08 13:10:10,095 - INFO: 6820: loss : 0.025344131514430046
2019-02-08 13:10:14,510 - INFO: 6840: loss : 0.043196260929107666
2019-02-08 13:10:18,973 - INFO: 6860: loss : 0.05692402645945549
2019-02-08 13:10:23,367 - INFO: 6880: loss : 0.056668706238269806
2019-02-08 13:10:27,790 - INFO: 6900: loss : 0.0325053408741951
2019-02-08 13:10:32,213 - INFO: 6920: loss : 0.09435638785362244
2019-02-08 13:10:36,584 - INFO: 6940: loss : 0.056777600198984146
2019-02-08 13:10:41,007 - INFO: 6960: loss : 0.02769889496266842
2019-02-08 13:10:45,378 - INFO: 6980: loss : 0.0669354572892189
2019-02-08 13:10:49,777 - INFO: 7000: loss : 0.057219985872507095
2019-02-08 13:10:54,254 - INFO: 7020: loss : 0.02956322394311428
2019-02-08 13:10:58,646 - INFO: 7040: loss : 0.0714864581823349
2019-02-08 13:11:03,050 - INFO: 7060: loss : 0.03341737762093544
2019-02-08 13:11:07,429 - INFO: 7080: loss : 0.08069373667240143
2019-02-08 13:11:11,836 - INFO: 7100: loss : 0.07173467427492142
2019-02-08 13:11:16,214 - INFO: 7120: loss : 0.05733837932348251
2019-02-08 13:11:20,650 - INFO: 7140: loss : 0.05643130838871002
2019-02-08 13:11:25,034 - INFO: 7160: loss : 0.059426501393318176
2019-02-08 13:11:29,475 - INFO: 7180: loss : 0.024867739528417587
2019-02-08 13:11:33,885 - INFO: 7200: loss : 0.02603626623749733
2019-02-08 13:11:38,297 - INFO: 7220: loss : 0.05976186692714691
2019-02-08 13:11:42,646 - INFO: 7240: loss : 0.02538740262389183
2019-02-08 13:11:47,055 - INFO: 7260: loss : 0.05647079646587372
2019-02-08 13:11:51,424 - INFO: 7280: loss : 0.06215100735425949
2019-02-08 13:11:55,831 - INFO: 7300: loss : 0.06030852347612381
2019-02-08 13:12:00,221 - INFO: 7320: loss : 0.025803092867136
2019-02-08 13:12:04,638 - INFO: 7340: loss : 0.05686146765947342
2019-02-08 13:12:09,010 - INFO: 7360: loss : 0.02576959878206253
2019-02-08 13:12:13,375 - INFO: 7380: loss : 0.029531169682741165
2019-02-08 13:12:17,776 - INFO: 7400: loss : 0.024650704115629196
2019-02-08 13:12:22,181 - INFO: 7420: loss : 0.024579187855124474
2019-02-08 13:12:26,554 - INFO: 7440: loss : 0.06674708425998688
2019-02-08 13:12:30,969 - INFO: 7460: loss : 0.026419200003147125
2019-02-08 13:12:35,416 - INFO: 7480: loss : 0.03709135949611664
2019-02-08 13:12:39,799 - INFO: 7500: loss : 0.05725789815187454
2019-02-08 13:12:44,120 - INFO: 7520: loss : 0.024178292602300644
2019-02-08 13:12:48,376 - INFO: 7540: loss : 0.025528689846396446
