2019-02-08 01:42:19,795 - INFO: model output path model/trained_model_mini/tcn
2019-02-08 01:42:21,128 - INFO: None
2019-02-08 01:42:21,128 - INFO: saving model in model/trained_model_mini/tcn/model.json
2019-02-08 01:42:21,132 - INFO: Iteration started
2019-02-08 01:42:34,589 - INFO: 20: loss : 0.9674434661865234
2019-02-08 01:42:39,109 - INFO: 40: loss : 0.8739145994186401
2019-02-08 01:42:43,623 - INFO: 60: loss : 0.9319784641265869
2019-02-08 01:42:48,123 - INFO: 80: loss : 0.8650843501091003
2019-02-08 01:42:52,665 - INFO: 100: loss : 0.8454113602638245
2019-02-08 01:42:57,209 - INFO: 120: loss : 0.7479327917098999
2019-02-08 01:43:01,764 - INFO: 140: loss : 0.7901677489280701
2019-02-08 01:43:06,286 - INFO: 160: loss : 0.6585037708282471
2019-02-08 01:43:10,779 - INFO: 180: loss : 0.6599414944648743
2019-02-08 01:43:15,273 - INFO: 200: loss : 0.7695721983909607
2019-02-08 01:43:19,778 - INFO: 220: loss : 0.6731040477752686
2019-02-08 01:43:24,293 - INFO: 240: loss : 0.7226928472518921
2019-02-08 01:43:28,819 - INFO: 260: loss : 0.6484870910644531
2019-02-08 01:43:33,363 - INFO: 280: loss : 0.6252103447914124
2019-02-08 01:43:37,864 - INFO: 300: loss : 0.6943441033363342
2019-02-08 01:43:42,386 - INFO: 320: loss : 0.6083762049674988
2019-02-08 01:43:46,893 - INFO: 340: loss : 0.6831575036048889
2019-02-08 01:43:51,388 - INFO: 360: loss : 0.5780001878738403
2019-02-08 01:43:55,902 - INFO: 380: loss : 0.6282978057861328
2019-02-08 01:44:00,412 - INFO: 400: loss : 0.5725073218345642
2019-02-08 01:44:04,892 - INFO: 420: loss : 0.5780216455459595
2019-02-08 01:44:09,418 - INFO: 440: loss : 0.5924233198165894
2019-02-08 01:44:13,933 - INFO: 460: loss : 0.6940301060676575
2019-02-08 01:44:18,450 - INFO: 480: loss : 0.6085924506187439
2019-02-08 01:44:22,924 - INFO: 500: loss : 0.603674590587616
2019-02-08 01:44:27,440 - INFO: 520: loss : 0.6201255917549133
2019-02-08 01:44:31,961 - INFO: 540: loss : 0.5562383532524109
2019-02-08 01:44:36,480 - INFO: 560: loss : 0.5846988558769226
2019-02-08 01:44:41,004 - INFO: 580: loss : 0.6072986721992493
2019-02-08 01:44:45,500 - INFO: 600: loss : 0.5840235352516174
2019-02-08 01:44:50,028 - INFO: 620: loss : 0.5580233931541443
2019-02-08 01:44:54,590 - INFO: 640: loss : 0.6536823511123657
2019-02-08 01:44:59,121 - INFO: 660: loss : 0.592136025428772
2019-02-08 01:45:03,661 - INFO: 680: loss : 0.5615817308425903
2019-02-08 01:45:08,166 - INFO: 700: loss : 0.5642621517181396
2019-02-08 01:45:12,702 - INFO: 720: loss : 0.5566527247428894
2019-02-08 01:45:17,219 - INFO: 740: loss : 0.5534166693687439
2019-02-08 01:45:21,791 - INFO: 760: loss : 0.5753551721572876
2019-02-08 01:45:26,314 - INFO: 780: loss : 0.555993914604187
2019-02-08 01:45:30,773 - INFO: 800: loss : 0.5679172277450562
2019-02-08 01:45:35,237 - INFO: 820: loss : 0.5571101307868958
2019-02-08 01:45:39,691 - INFO: 840: loss : 0.5630185008049011
2019-02-08 01:45:44,151 - INFO: 860: loss : 0.5930869579315186
2019-02-08 01:45:48,666 - INFO: 880: loss : 0.5527709722518921
2019-02-08 01:45:53,211 - INFO: 900: loss : 0.5558316707611084
2019-02-08 01:45:57,702 - INFO: 920: loss : 0.6092157363891602
2019-02-08 01:46:02,206 - INFO: 940: loss : 0.5519956946372986
2019-02-08 01:46:06,586 - INFO: 960: loss : 0.5949615240097046
2019-02-08 01:46:11,081 - INFO: 980: loss : 0.5945257544517517
2019-02-08 01:46:15,595 - INFO: 1000: loss : 0.5773905515670776
2019-02-08 01:46:21,166 - INFO: 1020: loss : 0.5521557331085205
2019-02-08 01:46:25,731 - INFO: 1040: loss : 0.5495451092720032
2019-02-08 01:46:30,293 - INFO: 1060: loss : 0.5516535639762878
2019-02-08 01:46:34,850 - INFO: 1080: loss : 0.5559803247451782
2019-02-08 01:46:39,472 - INFO: 1100: loss : 0.5542684197425842
2019-02-08 01:46:44,033 - INFO: 1120: loss : 0.5553672313690186
2019-02-08 01:46:48,619 - INFO: 1140: loss : 0.5515925288200378
2019-02-08 01:46:53,169 - INFO: 1160: loss : 0.5494384765625
2019-02-08 01:46:57,754 - INFO: 1180: loss : 0.5520216822624207
2019-02-08 01:47:02,308 - INFO: 1200: loss : 0.5481951832771301
2019-02-08 01:47:06,688 - INFO: 1220: loss : 0.5623845458030701
2019-02-08 01:47:11,088 - INFO: 1240: loss : 0.5508712530136108
2019-02-08 01:47:15,535 - INFO: 1260: loss : 0.549548327922821
2019-02-08 01:47:19,962 - INFO: 1280: loss : 0.6244297027587891
2019-02-08 01:47:24,428 - INFO: 1300: loss : 0.551335334777832
2019-02-08 01:47:28,853 - INFO: 1320: loss : 0.5508794188499451
2019-02-08 01:47:33,268 - INFO: 1340: loss : 0.5597633123397827
2019-02-08 01:47:37,675 - INFO: 1360: loss : 0.5500916242599487
2019-02-08 01:47:42,082 - INFO: 1380: loss : 0.5499264597892761
2019-02-08 01:47:46,514 - INFO: 1400: loss : 0.5542118549346924
2019-02-08 01:47:50,923 - INFO: 1420: loss : 0.5549554228782654
2019-02-08 01:47:55,331 - INFO: 1440: loss : 0.5980967879295349
2019-02-08 01:47:59,790 - INFO: 1460: loss : 0.5543692708015442
2019-02-08 01:48:04,210 - INFO: 1480: loss : 0.5513147711753845
2019-02-08 01:48:08,666 - INFO: 1500: loss : 0.5871070623397827
2019-02-08 01:48:13,098 - INFO: 1520: loss : 0.5519211888313293
2019-02-08 01:48:17,541 - INFO: 1540: loss : 0.5484343767166138
2019-02-08 01:48:21,980 - INFO: 1560: loss : 0.5505245327949524
2019-02-08 01:48:26,359 - INFO: 1580: loss : 0.5504353642463684
2019-02-08 01:48:30,678 - INFO: 1600: loss : 0.554625928401947
2019-02-08 01:48:35,073 - INFO: 1620: loss : 0.5493199229240417
2019-02-08 01:48:39,485 - INFO: 1640: loss : 0.5481091737747192
2019-02-08 01:48:43,895 - INFO: 1660: loss : 0.5468863248825073
2019-02-08 01:48:48,339 - INFO: 1680: loss : 0.5556957125663757
2019-02-08 01:48:52,717 - INFO: 1700: loss : 0.5566939115524292
2019-02-08 01:48:57,152 - INFO: 1720: loss : 0.547303318977356
2019-02-08 01:49:01,576 - INFO: 1740: loss : 0.551250696182251
2019-02-08 01:49:05,997 - INFO: 1760: loss : 0.5633363723754883
2019-02-08 01:49:10,442 - INFO: 1780: loss : 0.5490872263908386
2019-02-08 01:49:14,900 - INFO: 1800: loss : 0.5509331226348877
2019-02-08 01:49:19,330 - INFO: 1820: loss : 0.5485286116600037
2019-02-08 01:49:23,772 - INFO: 1840: loss : 0.548807680606842
2019-02-08 01:49:28,204 - INFO: 1860: loss : 0.5479310154914856
2019-02-08 01:49:32,618 - INFO: 1880: loss : 0.5482853055000305
2019-02-08 01:49:37,064 - INFO: 1900: loss : 0.5522791743278503
2019-02-08 01:49:41,555 - INFO: 1920: loss : 0.5614417791366577
2019-02-08 01:49:46,060 - INFO: 1940: loss : 0.5481823682785034
2019-02-08 01:49:50,515 - INFO: 1960: loss : 0.5488477349281311
2019-02-08 01:49:54,956 - INFO: 1980: loss : 0.5479241013526917
2019-02-08 01:49:59,341 - INFO: 2000: loss : 0.548600435256958
2019-02-08 01:50:03,810 - INFO: 2020: loss : 0.5518882274627686
2019-02-08 01:50:08,238 - INFO: 2040: loss : 0.5497918725013733
2019-02-08 01:50:12,705 - INFO: 2060: loss : 0.5475928783416748
2019-02-08 01:50:17,155 - INFO: 2080: loss : 0.5486711859703064
2019-02-08 01:50:21,592 - INFO: 2100: loss : 0.5576015710830688
2019-02-08 01:50:25,993 - INFO: 2120: loss : 0.5608713030815125
2019-02-08 01:50:30,428 - INFO: 2140: loss : 0.5476195812225342
2019-02-08 01:50:34,928 - INFO: 2160: loss : 0.5479316711425781
2019-02-08 01:50:39,368 - INFO: 2180: loss : 0.5484840869903564
2019-02-08 01:50:43,794 - INFO: 2200: loss : 0.5481442809104919
2019-02-08 01:50:48,208 - INFO: 2220: loss : 0.5480747222900391
2019-02-08 01:50:52,651 - INFO: 2240: loss : 0.5476706624031067
2019-02-08 01:50:57,095 - INFO: 2260: loss : 0.5498493313789368
2019-02-08 01:51:01,539 - INFO: 2280: loss : 0.5474987626075745
2019-02-08 01:51:05,973 - INFO: 2300: loss : 0.5540059208869934
2019-02-08 01:51:10,417 - INFO: 2320: loss : 0.5464217066764832
2019-02-08 01:51:14,795 - INFO: 2340: loss : 0.5484725832939148
2019-02-08 01:51:19,236 - INFO: 2360: loss : 0.5460827946662903
2019-02-08 01:51:23,700 - INFO: 2380: loss : 0.5475947260856628
2019-02-08 01:51:28,131 - INFO: 2400: loss : 0.5526018738746643
2019-02-08 01:51:32,568 - INFO: 2420: loss : 0.5666075348854065
2019-02-08 01:51:37,015 - INFO: 2440: loss : 0.5482944250106812
2019-02-08 01:51:41,450 - INFO: 2460: loss : 0.5472209453582764
2019-02-08 01:51:45,920 - INFO: 2480: loss : 0.5474274754524231
2019-02-08 01:51:50,349 - INFO: 2500: loss : 0.5549555420875549
2019-02-08 01:51:54,766 - INFO: 2520: loss : 0.5475050806999207
2019-02-08 01:51:59,090 - INFO: 2540: loss : 0.5568411946296692
2019-02-08 01:52:03,528 - INFO: 2560: loss : 0.5474123358726501
2019-02-08 01:52:07,992 - INFO: 2580: loss : 0.5518689751625061
2019-02-08 01:52:12,440 - INFO: 2600: loss : 0.5470170974731445
2019-02-08 01:52:16,844 - INFO: 2620: loss : 0.5471522212028503
2019-02-08 01:52:21,212 - INFO: 2640: loss : 0.5456447005271912
2019-02-08 01:52:25,646 - INFO: 2660: loss : 0.5512837767601013
2019-02-08 01:52:30,125 - INFO: 2680: loss : 0.5476280450820923
2019-02-08 01:52:34,574 - INFO: 2700: loss : 0.5465723872184753
2019-02-08 01:52:38,958 - INFO: 2720: loss : 0.5465106964111328
2019-02-08 01:52:43,312 - INFO: 2740: loss : 0.5768170952796936
2019-02-08 01:52:47,753 - INFO: 2760: loss : 0.5458418726921082
2019-02-08 01:52:52,164 - INFO: 2780: loss : 0.5472389459609985
2019-02-08 01:52:56,654 - INFO: 2800: loss : 0.546211302280426
2019-02-08 01:53:01,116 - INFO: 2820: loss : 0.5471694469451904
2019-02-08 01:53:05,582 - INFO: 2840: loss : 0.5474980473518372
2019-02-08 01:53:10,003 - INFO: 2860: loss : 0.5451821088790894
2019-02-08 01:53:14,437 - INFO: 2880: loss : 0.5454195737838745
2019-02-08 01:53:18,850 - INFO: 2900: loss : 0.5492880940437317
2019-02-08 01:53:23,288 - INFO: 2920: loss : 0.5464470386505127
2019-02-08 01:53:27,772 - INFO: 2940: loss : 0.5469657182693481
2019-02-08 01:53:32,226 - INFO: 2960: loss : 0.547840416431427
2019-02-08 01:53:36,686 - INFO: 2980: loss : 0.546403706073761
2019-02-08 01:53:41,098 - INFO: 3000: loss : 0.5465326905250549
2019-02-08 01:53:45,588 - INFO: 3020: loss : 0.5531326532363892
2019-02-08 01:53:50,008 - INFO: 3040: loss : 0.5460326075553894
2019-02-08 01:53:54,443 - INFO: 3060: loss : 0.5448330044746399
2019-02-08 01:53:58,818 - INFO: 3080: loss : 0.5465396642684937
2019-02-08 01:54:03,225 - INFO: 3100: loss : 0.5459541082382202
2019-02-08 01:54:07,650 - INFO: 3120: loss : 0.5457760095596313
2019-02-08 01:54:12,051 - INFO: 3140: loss : 0.5475913286209106
2019-02-08 01:54:16,460 - INFO: 3160: loss : 0.5632153153419495
2019-02-08 01:54:20,866 - INFO: 3180: loss : 0.5465047359466553
2019-02-08 01:54:25,295 - INFO: 3200: loss : 0.5463082790374756
2019-02-08 01:54:29,687 - INFO: 3220: loss : 0.5461475253105164
2019-02-08 01:54:34,042 - INFO: 3240: loss : 0.5463266372680664
2019-02-08 01:54:38,482 - INFO: 3260: loss : 0.5447446703910828
2019-02-08 01:54:42,777 - INFO: 3280: loss : 0.5457039475440979
2019-02-08 01:54:47,074 - INFO: 3300: loss : 0.5459830164909363
2019-02-08 01:54:51,514 - INFO: 3320: loss : 0.5466504693031311
2019-02-08 01:54:55,946 - INFO: 3340: loss : 0.5467193126678467
2019-02-08 01:55:00,387 - INFO: 3360: loss : 0.5461840033531189
2019-02-08 01:55:04,810 - INFO: 3380: loss : 0.5452190637588501
2019-02-08 01:55:09,220 - INFO: 3400: loss : 0.546396017074585
2019-02-08 01:55:13,648 - INFO: 3420: loss : 0.5792826414108276
2019-02-08 01:55:18,077 - INFO: 3440: loss : 0.5471699833869934
2019-02-08 01:55:22,508 - INFO: 3460: loss : 0.5464756488800049
2019-02-08 01:55:26,954 - INFO: 3480: loss : 0.5463835597038269
2019-02-08 01:55:31,381 - INFO: 3500: loss : 0.5453054904937744
2019-02-08 01:55:35,818 - INFO: 3520: loss : 0.5464575290679932
2019-02-08 01:55:40,256 - INFO: 3540: loss : 0.5562019944190979
2019-02-08 01:55:44,702 - INFO: 3560: loss : 0.5457576513290405
2019-02-08 01:55:49,137 - INFO: 3580: loss : 0.5468704700469971
2019-02-08 01:55:53,527 - INFO: 3600: loss : 0.5486438274383545
2019-02-08 01:55:57,949 - INFO: 3620: loss : 0.5730496644973755
2019-02-08 01:56:02,411 - INFO: 3640: loss : 0.5454915165901184
2019-02-08 01:56:06,829 - INFO: 3660: loss : 0.5459513068199158
2019-02-08 01:56:11,234 - INFO: 3680: loss : 0.5461384654045105
2019-02-08 01:56:15,671 - INFO: 3700: loss : 0.5465686917304993
2019-02-08 01:56:20,103 - INFO: 3720: loss : 0.5461502075195312
2019-02-08 01:56:24,573 - INFO: 3740: loss : 0.5464548468589783
2019-02-08 01:56:29,019 - INFO: 3760: loss : 0.5475775599479675
2019-02-08 01:56:33,456 - INFO: 3780: loss : 0.5445757508277893
2019-02-08 01:56:37,881 - INFO: 3800: loss : 0.546126663684845
2019-02-08 01:56:42,285 - INFO: 3820: loss : 0.546180784702301
2019-02-08 01:56:46,744 - INFO: 3840: loss : 0.5461751222610474
2019-02-08 01:56:51,167 - INFO: 3860: loss : 0.5449422001838684
2019-02-08 01:56:55,629 - INFO: 3880: loss : 0.5458090901374817
2019-02-08 01:57:00,067 - INFO: 3900: loss : 0.5461713671684265
2019-02-08 01:57:04,524 - INFO: 3920: loss : 0.546061635017395
2019-02-08 01:57:08,959 - INFO: 3940: loss : 0.546059787273407
2019-02-08 01:57:13,437 - INFO: 3960: loss : 0.5456421375274658
2019-02-08 01:57:17,865 - INFO: 3980: loss : 0.5459754467010498
2019-02-08 01:57:22,297 - INFO: 4000: loss : 0.5461386442184448
2019-02-08 01:57:26,816 - INFO: 4020: loss : 0.5449992418289185
2019-02-08 01:57:31,227 - INFO: 4040: loss : 0.5449314713478088
2019-02-08 01:57:35,698 - INFO: 4060: loss : 0.5455389618873596
2019-02-08 01:57:39,968 - INFO: 4080: loss : 0.5448409914970398
2019-02-08 01:57:44,410 - INFO: 4100: loss : 0.5452210307121277
2019-02-08 01:57:48,863 - INFO: 4120: loss : 0.5450543165206909
2019-02-08 01:57:53,231 - INFO: 4140: loss : 0.5482742786407471
2019-02-08 01:57:57,584 - INFO: 4160: loss : 0.5443603992462158
2019-02-08 01:58:02,047 - INFO: 4180: loss : 0.5479496121406555
2019-02-08 01:58:06,498 - INFO: 4200: loss : 0.545181930065155
2019-02-08 01:58:10,951 - INFO: 4220: loss : 0.5462772250175476
2019-02-08 01:58:15,402 - INFO: 4240: loss : 0.5442193150520325
2019-02-08 01:58:19,836 - INFO: 4260: loss : 0.5449345707893372
2019-02-08 01:58:24,309 - INFO: 4280: loss : 0.5435762405395508
2019-02-08 01:58:28,721 - INFO: 4300: loss : 0.5448343753814697
2019-02-08 01:58:33,164 - INFO: 4320: loss : 0.5451011657714844
2019-02-08 01:58:37,614 - INFO: 4340: loss : 0.5442988872528076
2019-02-08 01:58:42,012 - INFO: 4360: loss : 0.545771598815918
2019-02-08 01:58:46,330 - INFO: 4380: loss : 0.5454822778701782
2019-02-08 01:58:50,773 - INFO: 4400: loss : 0.5456839203834534
2019-02-08 01:58:55,232 - INFO: 4420: loss : 0.5478206872940063
2019-02-08 01:58:59,707 - INFO: 4440: loss : 0.5443626642227173
2019-02-08 01:59:04,169 - INFO: 4460: loss : 0.5469090342521667
2019-02-08 01:59:08,612 - INFO: 4480: loss : 0.5458948016166687
2019-02-08 01:59:12,986 - INFO: 4500: loss : 0.5449338555335999
2019-02-08 01:59:17,338 - INFO: 4520: loss : 0.5442546606063843
2019-02-08 01:59:21,796 - INFO: 4540: loss : 0.545653760433197
2019-02-08 01:59:26,247 - INFO: 4560: loss : 0.5452019572257996
2019-02-08 01:59:30,714 - INFO: 4580: loss : 0.5465894341468811
2019-02-08 01:59:35,153 - INFO: 4600: loss : 0.54520583152771
2019-02-08 01:59:39,459 - INFO: 4620: loss : 0.5453516840934753
2019-02-08 01:59:43,884 - INFO: 4640: loss : 0.5449811220169067
2019-02-08 01:59:48,249 - INFO: 4660: loss : 0.5465328097343445
2019-02-08 01:59:52,730 - INFO: 4680: loss : 0.5444938540458679
2019-02-08 01:59:57,164 - INFO: 4700: loss : 0.5452335476875305
2019-02-08 02:00:01,567 - INFO: 4720: loss : 0.5447574853897095
2019-02-08 02:00:06,009 - INFO: 4740: loss : 0.5451510548591614
2019-02-08 02:00:10,433 - INFO: 4760: loss : 0.5865379571914673
2019-02-08 02:00:14,720 - INFO: 4780: loss : 0.5443122982978821
2019-02-08 02:00:19,158 - INFO: 4800: loss : 0.545567512512207
2019-02-08 02:00:23,602 - INFO: 4820: loss : 0.5455302000045776
2019-02-08 02:00:28,012 - INFO: 4840: loss : 0.5478973984718323
2019-02-08 02:00:32,431 - INFO: 4860: loss : 0.5464692711830139
2019-02-08 02:00:36,838 - INFO: 4880: loss : 0.5442197322845459
2019-02-08 02:00:41,192 - INFO: 4900: loss : 0.5453738570213318
2019-02-08 02:00:45,685 - INFO: 4920: loss : 0.5446885228157043
2019-02-08 02:00:50,104 - INFO: 4940: loss : 0.5464946031570435
2019-02-08 02:00:54,515 - INFO: 4960: loss : 0.5519872307777405
2019-02-08 02:00:58,964 - INFO: 4980: loss : 0.5439949631690979
2019-02-08 02:01:03,325 - INFO: 5000: loss : 0.5454423427581787
2019-02-08 02:01:07,833 - INFO: 5020: loss : 0.5482054352760315
2019-02-08 02:01:12,285 - INFO: 5040: loss : 0.5445377826690674
2019-02-08 02:01:16,733 - INFO: 5060: loss : 0.5586696863174438
2019-02-08 02:01:21,162 - INFO: 5080: loss : 0.5610112547874451
2019-02-08 02:01:25,575 - INFO: 5100: loss : 0.5454626083374023
2019-02-08 02:01:30,071 - INFO: 5120: loss : 0.5443977117538452
2019-02-08 02:01:34,494 - INFO: 5140: loss : 0.5451005101203918
2019-02-08 02:01:38,949 - INFO: 5160: loss : 0.5442355871200562
2019-02-08 02:01:43,397 - INFO: 5180: loss : 0.5935983061790466
2019-02-08 02:01:47,820 - INFO: 5200: loss : 0.544360876083374
2019-02-08 02:01:52,213 - INFO: 5220: loss : 0.5450428128242493
2019-02-08 02:01:56,651 - INFO: 5240: loss : 0.5440347790718079
2019-02-08 02:02:01,058 - INFO: 5260: loss : 0.5461274981498718
2019-02-08 02:02:05,522 - INFO: 5280: loss : 0.5469253659248352
2019-02-08 02:02:09,929 - INFO: 5300: loss : 0.5457412004470825
2019-02-08 02:02:14,357 - INFO: 5320: loss : 0.5446240901947021
2019-02-08 02:02:18,792 - INFO: 5340: loss : 0.5447505712509155
2019-02-08 02:02:23,246 - INFO: 5360: loss : 0.5441213250160217
2019-02-08 02:02:27,723 - INFO: 5380: loss : 0.5440089106559753
2019-02-08 02:02:32,140 - INFO: 5400: loss : 0.546100378036499
2019-02-08 02:02:36,584 - INFO: 5420: loss : 0.5468051433563232
2019-02-08 02:02:41,028 - INFO: 5440: loss : 0.5447050929069519
2019-02-08 02:02:45,514 - INFO: 5460: loss : 0.5478270053863525
2019-02-08 02:02:49,966 - INFO: 5480: loss : 0.544395387172699
2019-02-08 02:02:54,449 - INFO: 5500: loss : 0.5442386865615845
2019-02-08 02:02:58,871 - INFO: 5520: loss : 0.5449422001838684
2019-02-08 02:03:03,298 - INFO: 5540: loss : 0.5460107922554016
2019-02-08 02:03:07,721 - INFO: 5560: loss : 0.5443764328956604
2019-02-08 02:03:12,184 - INFO: 5580: loss : 0.544860303401947
2019-02-08 02:03:16,665 - INFO: 5600: loss : 0.5450733304023743
2019-02-08 02:03:21,121 - INFO: 5620: loss : 0.5432607531547546
2019-02-08 02:03:25,558 - INFO: 5640: loss : 0.5479188561439514
2019-02-08 02:03:30,013 - INFO: 5660: loss : 0.5448499321937561
2019-02-08 02:03:34,492 - INFO: 5680: loss : 0.5456336140632629
2019-02-08 02:03:38,936 - INFO: 5700: loss : 0.5443852543830872
2019-02-08 02:03:43,294 - INFO: 5720: loss : 0.5443105697631836
2019-02-08 02:03:47,782 - INFO: 5740: loss : 0.5445505976676941
2019-02-08 02:03:52,093 - INFO: 5760: loss : 0.5457097887992859
2019-02-08 02:03:56,501 - INFO: 5780: loss : 0.5442711710929871
2019-02-08 02:04:00,891 - INFO: 5800: loss : 0.5449783802032471
2019-02-08 02:04:05,314 - INFO: 5820: loss : 0.5442426800727844
2019-02-08 02:04:09,734 - INFO: 5840: loss : 0.5447037816047668
2019-02-08 02:04:14,191 - INFO: 5860: loss : 0.5455280542373657
2019-02-08 02:04:18,641 - INFO: 5880: loss : 0.5444894433021545
2019-02-08 02:04:23,098 - INFO: 5900: loss : 0.5451990962028503
2019-02-08 02:04:27,542 - INFO: 5920: loss : 0.5445619225502014
2019-02-08 02:04:31,988 - INFO: 5940: loss : 0.5444866418838501
2019-02-08 02:04:36,435 - INFO: 5960: loss : 0.5432808995246887
2019-02-08 02:04:40,903 - INFO: 5980: loss : 0.5433825254440308
2019-02-08 02:04:45,364 - INFO: 6000: loss : 0.544559121131897
2019-02-08 02:04:49,843 - INFO: 6020: loss : 0.5442607402801514
2019-02-08 02:04:54,262 - INFO: 6040: loss : 0.5440243482589722
2019-02-08 02:04:58,697 - INFO: 6060: loss : 0.543890655040741
2019-02-08 02:05:03,053 - INFO: 6080: loss : 0.5437873601913452
2019-02-08 02:05:07,491 - INFO: 6100: loss : 0.5440087914466858
2019-02-08 02:05:11,941 - INFO: 6120: loss : 0.5450463891029358
2019-02-08 02:05:16,367 - INFO: 6140: loss : 0.5442169904708862
2019-02-08 02:05:20,828 - INFO: 6160: loss : 0.5446627736091614
2019-02-08 02:05:25,285 - INFO: 6180: loss : 0.5726085901260376
2019-02-08 02:05:29,693 - INFO: 6200: loss : 0.5438815951347351
2019-02-08 02:05:34,179 - INFO: 6220: loss : 0.5432736873626709
2019-02-08 02:05:38,647 - INFO: 6240: loss : 0.5447498559951782
2019-02-08 02:05:43,087 - INFO: 6260: loss : 0.544928252696991
2019-02-08 02:05:47,520 - INFO: 6280: loss : 0.5441216826438904
2019-02-08 02:05:51,930 - INFO: 6300: loss : 0.5439759492874146
2019-02-08 02:05:56,346 - INFO: 6320: loss : 0.544506847858429
2019-02-08 02:06:00,702 - INFO: 6340: loss : 0.5476906895637512
2019-02-08 02:06:05,153 - INFO: 6360: loss : 0.544114887714386
2019-02-08 02:06:09,594 - INFO: 6380: loss : 0.5448464751243591
2019-02-08 02:06:14,036 - INFO: 6400: loss : 0.5443260669708252
2019-02-08 02:06:18,499 - INFO: 6420: loss : 0.5435401797294617
2019-02-08 02:06:22,936 - INFO: 6440: loss : 0.5446100831031799
2019-02-08 02:06:27,375 - INFO: 6460: loss : 0.5432285070419312
2019-02-08 02:06:31,814 - INFO: 6480: loss : 0.5445400476455688
2019-02-08 02:06:36,204 - INFO: 6500: loss : 0.5445424318313599
2019-02-08 02:06:40,630 - INFO: 6520: loss : 0.544171929359436
2019-02-08 02:06:45,014 - INFO: 6540: loss : 0.5450229644775391
2019-02-08 02:06:49,468 - INFO: 6560: loss : 0.5439065098762512
2019-02-08 02:06:53,896 - INFO: 6580: loss : 0.5430705547332764
2019-02-08 02:06:58,334 - INFO: 6600: loss : 0.5442034602165222
2019-02-08 02:07:02,767 - INFO: 6620: loss : 0.5445644855499268
2019-02-08 02:07:07,212 - INFO: 6640: loss : 0.5442640781402588
2019-02-08 02:07:11,637 - INFO: 6660: loss : 0.5446544885635376
2019-02-08 02:07:16,104 - INFO: 6680: loss : 0.5440463423728943
2019-02-08 02:07:20,578 - INFO: 6700: loss : 0.5440204739570618
2019-02-08 02:07:25,029 - INFO: 6720: loss : 0.5451738834381104
2019-02-08 02:07:29,399 - INFO: 6740: loss : 0.5438939929008484
2019-02-08 02:07:33,846 - INFO: 6760: loss : 0.5434130430221558
2019-02-08 02:07:38,280 - INFO: 6780: loss : 0.5484648942947388
2019-02-08 02:07:42,730 - INFO: 6800: loss : 0.5436154007911682
2019-02-08 02:07:47,229 - INFO: 6820: loss : 0.5442764759063721
2019-02-08 02:07:51,672 - INFO: 6840: loss : 0.5427907109260559
2019-02-08 02:07:56,072 - INFO: 6860: loss : 0.5437657833099365
2019-02-08 02:08:00,519 - INFO: 6880: loss : 0.5438045263290405
2019-02-08 02:08:04,976 - INFO: 6900: loss : 0.5439434051513672
2019-02-08 02:08:09,388 - INFO: 6920: loss : 0.5441485643386841
2019-02-08 02:08:13,801 - INFO: 6940: loss : 0.543489396572113
2019-02-08 02:08:18,248 - INFO: 6960: loss : 0.5441261529922485
2019-02-08 02:08:22,725 - INFO: 6980: loss : 0.5449612736701965
2019-02-08 02:08:27,145 - INFO: 7000: loss : 0.5439268946647644
2019-02-08 02:08:31,670 - INFO: 7020: loss : 0.543566107749939
2019-02-08 02:08:36,144 - INFO: 7040: loss : 0.5430123805999756
2019-02-08 02:08:40,625 - INFO: 7060: loss : 0.5438274145126343
2019-02-08 02:08:45,032 - INFO: 7080: loss : 0.5440314412117004
2019-02-08 02:08:49,475 - INFO: 7100: loss : 0.546249508857727
2019-02-08 02:08:53,897 - INFO: 7120: loss : 0.560323178768158
2019-02-08 02:08:58,337 - INFO: 7140: loss : 0.5444804430007935
2019-02-08 02:09:02,788 - INFO: 7160: loss : 0.5437596440315247
2019-02-08 02:09:07,197 - INFO: 7180: loss : 0.5451872944831848
2019-02-08 02:09:11,663 - INFO: 7200: loss : 0.5429438352584839
2019-02-08 02:09:16,099 - INFO: 7220: loss : 0.5434563755989075
2019-02-08 02:09:20,462 - INFO: 7240: loss : 0.5432930588722229
2019-02-08 02:09:24,883 - INFO: 7260: loss : 0.5432250499725342
2019-02-08 02:09:29,394 - INFO: 7280: loss : 0.5436317920684814
2019-02-08 02:09:33,815 - INFO: 7300: loss : 0.5428780317306519
2019-02-08 02:09:38,280 - INFO: 7320: loss : 0.5439227223396301
2019-02-08 02:09:42,745 - INFO: 7340: loss : 0.5442206263542175
2019-02-08 02:09:47,204 - INFO: 7360: loss : 0.5437686443328857
2019-02-08 02:09:51,659 - INFO: 7380: loss : 0.5437024235725403
2019-02-08 02:09:56,078 - INFO: 7400: loss : 0.5437184572219849
2019-02-08 02:10:00,509 - INFO: 7420: loss : 0.5445875525474548
2019-02-08 02:10:04,905 - INFO: 7440: loss : 0.543039083480835
2019-02-08 02:10:09,278 - INFO: 7460: loss : 0.5435087084770203
2019-02-08 02:10:13,690 - INFO: 7480: loss : 0.5431395173072815
2019-02-08 02:10:18,118 - INFO: 7500: loss : 0.5457849502563477
2019-02-08 02:10:22,582 - INFO: 7520: loss : 0.5435971021652222
2019-02-08 02:10:27,019 - INFO: 7540: loss : 0.5442937016487122
2019-02-08 02:10:31,461 - INFO: 7560: loss : 0.5447616577148438
2019-02-08 02:10:35,873 - INFO: 7580: loss : 0.5450466275215149
2019-02-08 02:10:40,321 - INFO: 7600: loss : 0.5450647473335266
2019-02-08 02:10:44,717 - INFO: 7620: loss : 0.5437186360359192
2019-02-08 02:10:49,100 - INFO: 7640: loss : 0.5438206791877747
2019-02-08 02:10:53,532 - INFO: 7660: loss : 0.5439354777336121
2019-02-08 02:10:57,951 - INFO: 7680: loss : 0.5424301028251648
2019-02-08 02:11:02,413 - INFO: 7700: loss : 0.5436134338378906
2019-02-08 02:11:06,736 - INFO: 7720: loss : 0.5437430143356323
2019-02-08 02:11:11,157 - INFO: 7740: loss : 0.543751060962677
2019-02-08 02:11:15,589 - INFO: 7760: loss : 0.543081521987915
2019-02-08 02:11:19,995 - INFO: 7780: loss : 0.5443239808082581
2019-02-08 02:11:24,375 - INFO: 7800: loss : 0.5442768931388855
2019-02-08 02:11:28,815 - INFO: 7820: loss : 0.5441083312034607
2019-02-08 02:11:33,243 - INFO: 7840: loss : 0.5461346507072449
2019-02-08 02:11:37,684 - INFO: 7860: loss : 0.5433921813964844
2019-02-08 02:11:42,138 - INFO: 7880: loss : 0.5438538193702698
2019-02-08 02:11:46,591 - INFO: 7900: loss : 0.5424275994300842
2019-02-08 02:11:51,046 - INFO: 7920: loss : 0.5436744689941406
2019-02-08 02:11:55,482 - INFO: 7940: loss : 0.5423648953437805
2019-02-08 02:11:59,927 - INFO: 7960: loss : 0.5438416004180908
2019-02-08 02:12:04,375 - INFO: 7980: loss : 0.5438048243522644
2019-02-08 02:12:08,805 - INFO: 8000: loss : 0.5432793498039246
2019-02-08 02:12:13,332 - INFO: 8020: loss : 0.5439431071281433
2019-02-08 02:12:17,777 - INFO: 8040: loss : 0.542872428894043
2019-02-08 02:12:22,198 - INFO: 8060: loss : 0.5428200364112854
2019-02-08 02:12:26,668 - INFO: 8080: loss : 0.5424116253852844
2019-02-08 02:12:31,086 - INFO: 8100: loss : 0.5692243576049805
2019-02-08 02:12:35,438 - INFO: 8120: loss : 0.5427238941192627
2019-02-08 02:12:39,808 - INFO: 8140: loss : 0.5434579849243164
2019-02-08 02:12:44,243 - INFO: 8160: loss : 0.5435574650764465
2019-02-08 02:12:48,688 - INFO: 8180: loss : 0.5433849096298218
2019-02-08 02:12:53,082 - INFO: 8200: loss : 0.5436033606529236
2019-02-08 02:12:57,531 - INFO: 8220: loss : 0.5428892970085144
2019-02-08 02:13:02,019 - INFO: 8240: loss : 0.5436357855796814
2019-02-08 02:13:06,446 - INFO: 8260: loss : 0.5425530672073364
2019-02-08 02:13:10,761 - INFO: 8280: loss : 0.5437788367271423
2019-02-08 02:13:15,147 - INFO: 8300: loss : 0.5458653569221497
2019-02-08 02:13:19,599 - INFO: 8320: loss : 0.5446949601173401
2019-02-08 02:13:24,055 - INFO: 8340: loss : 0.5435546636581421
2019-02-08 02:13:28,408 - INFO: 8360: loss : 0.5440456867218018
2019-02-08 02:13:32,830 - INFO: 8380: loss : 0.5431662201881409
2019-02-08 02:13:37,313 - INFO: 8400: loss : 0.5425349473953247
2019-02-08 02:13:41,775 - INFO: 8420: loss : 0.5434896349906921
2019-02-08 02:13:46,237 - INFO: 8440: loss : 0.5438125133514404
2019-02-08 02:13:50,532 - INFO: 8460: loss : 0.5430918335914612
2019-02-08 02:13:54,923 - INFO: 8480: loss : 0.5446926355361938
2019-02-08 02:13:59,389 - INFO: 8500: loss : 0.5427516102790833
2019-02-08 02:14:03,831 - INFO: 8520: loss : 0.5431934595108032
2019-02-08 02:14:08,229 - INFO: 8540: loss : 0.5429654717445374
2019-02-08 02:14:12,612 - INFO: 8560: loss : 0.5429163575172424
2019-02-08 02:14:16,964 - INFO: 8580: loss : 0.5423756837844849
2019-02-08 02:14:21,341 - INFO: 8600: loss : 0.5433729290962219
2019-02-08 02:14:25,765 - INFO: 8620: loss : 0.5440952777862549
2019-02-08 02:14:30,213 - INFO: 8640: loss : 0.5437278151512146
2019-02-08 02:14:34,687 - INFO: 8660: loss : 0.5436936020851135
2019-02-08 02:14:39,139 - INFO: 8680: loss : 0.5432572960853577
2019-02-08 02:14:43,552 - INFO: 8700: loss : 0.5434849858283997
2019-02-08 02:14:47,941 - INFO: 8720: loss : 0.5665289759635925
2019-02-08 02:14:52,392 - INFO: 8740: loss : 0.5428459048271179
2019-02-08 02:14:56,812 - INFO: 8760: loss : 0.544296145439148
2019-02-08 02:15:01,153 - INFO: 8780: loss : 0.542721152305603
2019-02-08 02:15:05,589 - INFO: 8800: loss : 0.5430203080177307
2019-02-08 02:15:10,006 - INFO: 8820: loss : 0.5444249510765076
2019-02-08 02:15:14,408 - INFO: 8840: loss : 0.5427377820014954
2019-02-08 02:15:18,803 - INFO: 8860: loss : 0.5431143641471863
2019-02-08 02:15:23,225 - INFO: 8880: loss : 0.5428059697151184
2019-02-08 02:15:27,638 - INFO: 8900: loss : 0.5429388880729675
2019-02-08 02:15:32,072 - INFO: 8920: loss : 0.543035626411438
2019-02-08 02:15:36,498 - INFO: 8940: loss : 0.5429694056510925
2019-02-08 02:15:40,973 - INFO: 8960: loss : 0.5434948801994324
2019-02-08 02:15:45,418 - INFO: 8980: loss : 0.5433850884437561
2019-02-08 02:15:49,885 - INFO: 9000: loss : 0.5421111583709717
2019-02-08 02:15:54,389 - INFO: 9020: loss : 0.542883574962616
2019-02-08 02:15:58,793 - INFO: 9040: loss : 0.5429109930992126
2019-02-08 02:16:03,237 - INFO: 9060: loss : 0.5441506505012512
2019-02-08 02:16:07,660 - INFO: 9080: loss : 0.5425994992256165
2019-02-08 02:16:12,099 - INFO: 9100: loss : 0.5424244403839111
2019-02-08 02:16:16,542 - INFO: 9120: loss : 0.5584400296211243
2019-02-08 02:16:20,976 - INFO: 9140: loss : 0.5427577495574951
2019-02-08 02:16:25,403 - INFO: 9160: loss : 0.5455341935157776
2019-02-08 02:16:29,852 - INFO: 9180: loss : 0.5447641015052795
2019-02-08 02:16:34,308 - INFO: 9200: loss : 0.5427809357643127
2019-02-08 02:16:38,758 - INFO: 9220: loss : 0.5425744652748108
2019-02-08 02:16:43,224 - INFO: 9240: loss : 0.5428520441055298
2019-02-08 02:16:47,668 - INFO: 9260: loss : 0.5427353978157043
2019-02-08 02:16:52,100 - INFO: 9280: loss : 0.543655276298523
2019-02-08 02:16:56,533 - INFO: 9300: loss : 0.5427189469337463
2019-02-08 02:17:00,972 - INFO: 9320: loss : 0.5427968502044678
2019-02-08 02:17:05,431 - INFO: 9340: loss : 0.5441375970840454
2019-02-08 02:17:09,870 - INFO: 9360: loss : 0.5431907176971436
2019-02-08 02:17:14,281 - INFO: 9380: loss : 0.5431374311447144
2019-02-08 02:17:18,752 - INFO: 9400: loss : 0.5436517000198364
2019-02-08 02:17:23,237 - INFO: 9420: loss : 0.5433980226516724
2019-02-08 02:17:27,677 - INFO: 9440: loss : 0.5422261357307434
2019-02-08 02:17:32,091 - INFO: 9460: loss : 0.5433346033096313
2019-02-08 02:17:36,533 - INFO: 9480: loss : 0.5430684685707092
2019-02-08 02:17:40,964 - INFO: 9500: loss : 0.5426255464553833
2019-02-08 02:17:45,411 - INFO: 9520: loss : 0.5434172749519348
2019-02-08 02:17:49,825 - INFO: 9540: loss : 0.5431244373321533
2019-02-08 02:17:54,087 - INFO: 9560: loss : 0.5428317785263062
2019-02-08 02:17:58,498 - INFO: 9580: loss : 0.5438440442085266
2019-02-08 02:18:02,903 - INFO: 9600: loss : 0.5429707169532776
2019-02-08 02:18:07,367 - INFO: 9620: loss : 0.5432136654853821
2019-02-08 02:18:11,768 - INFO: 9640: loss : 0.5428304076194763
2019-02-08 02:18:16,200 - INFO: 9660: loss : 0.5447441935539246
2019-02-08 02:18:20,648 - INFO: 9680: loss : 0.5431267023086548
2019-02-08 02:18:25,105 - INFO: 9700: loss : 0.5427759289741516
2019-02-08 02:18:29,509 - INFO: 9720: loss : 0.5488071441650391
2019-02-08 02:18:33,926 - INFO: 9740: loss : 0.5432834029197693
2019-02-08 02:18:38,383 - INFO: 9760: loss : 0.5430876612663269
2019-02-08 02:18:42,808 - INFO: 9780: loss : 0.5427454113960266
2019-02-08 02:18:47,221 - INFO: 9800: loss : 0.542908251285553
2019-02-08 02:18:51,677 - INFO: 9820: loss : 0.5432211756706238
2019-02-08 02:18:56,128 - INFO: 9840: loss : 0.5429756045341492
2019-02-08 02:19:00,591 - INFO: 9860: loss : 0.5425050854682922
2019-02-08 02:19:05,048 - INFO: 9880: loss : 0.5431787371635437
2019-02-08 02:19:09,450 - INFO: 9900: loss : 0.5424490571022034
2019-02-08 02:19:13,865 - INFO: 9920: loss : 0.5420843958854675
2019-02-08 02:19:18,317 - INFO: 9940: loss : 0.5425065159797668
2019-02-08 02:19:22,743 - INFO: 9960: loss : 0.5435853600502014
2019-02-08 02:19:27,213 - INFO: 9980: loss : 0.5434504747390747
2019-02-08 02:19:31,486 - INFO: 10000: loss : 0.5426953434944153
2019-02-08 02:19:35,977 - INFO: 10020: loss : 0.5433072447776794
2019-02-08 02:19:40,441 - INFO: 10040: loss : 0.5422656536102295
2019-02-08 02:19:44,809 - INFO: 10060: loss : 0.5426834225654602
2019-02-08 02:19:49,208 - INFO: 10080: loss : 0.5442764759063721
2019-02-08 02:19:53,644 - INFO: 10100: loss : 0.5837458968162537
2019-02-08 02:19:58,038 - INFO: 10120: loss : 0.5429121851921082
2019-02-08 02:20:02,484 - INFO: 10140: loss : 0.5438950657844543
2019-02-08 02:20:06,900 - INFO: 10160: loss : 0.5430028438568115
2019-02-08 02:20:11,360 - INFO: 10180: loss : 0.542159378528595
2019-02-08 02:20:15,788 - INFO: 10200: loss : 0.544706404209137
2019-02-08 02:20:20,204 - INFO: 10220: loss : 0.5431200861930847
2019-02-08 02:20:24,677 - INFO: 10240: loss : 0.542657196521759
2019-02-08 02:20:29,144 - INFO: 10260: loss : 0.5436928272247314
2019-02-08 02:20:33,609 - INFO: 10280: loss : 0.5424397587776184
2019-02-08 02:20:38,017 - INFO: 10300: loss : 0.5423338413238525
2019-02-08 02:20:42,476 - INFO: 10320: loss : 0.5424581170082092
2019-02-08 02:20:46,924 - INFO: 10340: loss : 0.5438801050186157
2019-02-08 02:20:51,350 - INFO: 10360: loss : 0.5422722101211548
2019-02-08 02:20:55,778 - INFO: 10380: loss : 0.5426181554794312
2019-02-08 02:21:00,253 - INFO: 10400: loss : 0.5424817204475403
2019-02-08 02:21:04,694 - INFO: 10420: loss : 0.5424385666847229
2019-02-08 02:21:09,159 - INFO: 10440: loss : 0.5424325466156006
2019-02-08 02:21:13,606 - INFO: 10460: loss : 0.5430068373680115
2019-02-08 02:21:18,042 - INFO: 10480: loss : 0.5418837666511536
2019-02-08 02:21:22,464 - INFO: 10500: loss : 0.5429781675338745
2019-02-08 02:21:26,928 - INFO: 10520: loss : 0.5422393679618835
2019-02-08 02:21:31,368 - INFO: 10540: loss : 0.5429258942604065
2019-02-08 02:21:35,816 - INFO: 10560: loss : 0.542385458946228
2019-02-08 02:21:40,273 - INFO: 10580: loss : 0.5429051518440247
2019-02-08 02:21:44,716 - INFO: 10600: loss : 0.5427294373512268
2019-02-08 02:21:49,146 - INFO: 10620: loss : 0.5419861078262329
2019-02-08 02:21:53,600 - INFO: 10640: loss : 0.5436883568763733
2019-02-08 02:21:58,059 - INFO: 10660: loss : 0.5427412390708923
2019-02-08 02:22:02,492 - INFO: 10680: loss : 0.5442794561386108
2019-02-08 02:22:06,898 - INFO: 10700: loss : 0.5426178574562073
2019-02-08 02:22:11,355 - INFO: 10720: loss : 0.542171835899353
2019-02-08 02:22:15,758 - INFO: 10740: loss : 0.543420672416687
2019-02-08 02:22:20,199 - INFO: 10760: loss : 0.5419101715087891
2019-02-08 02:22:24,548 - INFO: 10780: loss : 0.5429356694221497
2019-02-08 02:22:28,993 - INFO: 10800: loss : 0.5428418517112732
2019-02-08 02:22:33,444 - INFO: 10820: loss : 0.5430476069450378
2019-02-08 02:22:37,879 - INFO: 10840: loss : 0.5433776378631592
2019-02-08 02:22:42,336 - INFO: 10860: loss : 0.5421465635299683
2019-02-08 02:22:46,766 - INFO: 10880: loss : 0.5426424741744995
2019-02-08 02:22:51,177 - INFO: 10900: loss : 0.5431256890296936
2019-02-08 02:22:55,619 - INFO: 10920: loss : 0.5421798825263977
2019-02-08 02:23:00,100 - INFO: 10940: loss : 0.5426425933837891
2019-02-08 02:23:04,531 - INFO: 10960: loss : 0.5426812767982483
2019-02-08 02:23:08,933 - INFO: 10980: loss : 0.5423879027366638
2019-02-08 02:23:13,373 - INFO: 11000: loss : 0.5427523851394653
2019-02-08 02:23:17,858 - INFO: 11020: loss : 0.5425110459327698
2019-02-08 02:23:22,313 - INFO: 11040: loss : 0.5431161522865295
2019-02-08 02:23:26,748 - INFO: 11060: loss : 0.5426598787307739
2019-02-08 02:23:31,157 - INFO: 11080: loss : 0.5421524047851562
2019-02-08 02:23:35,589 - INFO: 11100: loss : 0.542953372001648
2019-02-08 02:23:40,003 - INFO: 11120: loss : 0.5421066880226135
2019-02-08 02:23:44,446 - INFO: 11140: loss : 0.5425927042961121
2019-02-08 02:23:48,909 - INFO: 11160: loss : 0.5434752702713013
2019-02-08 02:23:53,364 - INFO: 11180: loss : 0.5426608920097351
2019-02-08 02:23:57,798 - INFO: 11200: loss : 0.5419616103172302
2019-02-08 02:24:02,255 - INFO: 11220: loss : 0.5448849201202393
2019-02-08 02:24:06,682 - INFO: 11240: loss : 0.543287992477417
2019-02-08 02:24:11,107 - INFO: 11260: loss : 0.5423478484153748
2019-02-08 02:24:15,530 - INFO: 11280: loss : 0.542251467704773
2019-02-08 02:24:19,952 - INFO: 11300: loss : 0.5432500243186951
2019-02-08 02:24:24,400 - INFO: 11320: loss : 0.5428736209869385
2019-02-08 02:24:28,863 - INFO: 11340: loss : 0.5429612994194031
2019-02-08 02:24:33,318 - INFO: 11360: loss : 0.5425923466682434
2019-02-08 02:24:37,726 - INFO: 11380: loss : 0.5424748659133911
2019-02-08 02:24:42,120 - INFO: 11400: loss : 0.5420713424682617
2019-02-08 02:24:46,580 - INFO: 11420: loss : 0.5418538451194763
2019-02-08 02:24:51,068 - INFO: 11440: loss : 0.5438653230667114
2019-02-08 02:24:55,491 - INFO: 11460: loss : 0.5436723828315735
2019-02-08 02:24:59,903 - INFO: 11480: loss : 0.5430769324302673
2019-02-08 02:25:04,365 - INFO: 11500: loss : 0.5421978235244751
2019-02-08 02:25:08,812 - INFO: 11520: loss : 0.5423080325126648
2019-02-08 02:25:13,236 - INFO: 11540: loss : 0.5423506498336792
2019-02-08 02:25:17,696 - INFO: 11560: loss : 0.5418741106987
2019-02-08 02:25:22,139 - INFO: 11580: loss : 0.542475700378418
2019-02-08 02:25:26,580 - INFO: 11600: loss : 0.5421645045280457
2019-02-08 02:25:31,015 - INFO: 11620: loss : 0.5427438616752625
2019-02-08 02:25:35,449 - INFO: 11640: loss : 0.5443347096443176
2019-02-08 02:25:39,838 - INFO: 11660: loss : 0.5425940752029419
2019-02-08 02:25:44,259 - INFO: 11680: loss : 0.5420894622802734
2019-02-08 02:25:48,688 - INFO: 11700: loss : 0.5421572923660278
2019-02-08 02:25:53,088 - INFO: 11720: loss : 0.5430273413658142
2019-02-08 02:25:57,532 - INFO: 11740: loss : 0.5430533289909363
2019-02-08 02:26:02,001 - INFO: 11760: loss : 0.5532581806182861
2019-02-08 02:26:06,485 - INFO: 11780: loss : 0.5429849028587341
2019-02-08 02:26:10,940 - INFO: 11800: loss : 0.5423719882965088
2019-02-08 02:26:15,358 - INFO: 11820: loss : 0.541964590549469
2019-02-08 02:26:19,784 - INFO: 11840: loss : 0.5418617129325867
2019-02-08 02:26:24,250 - INFO: 11860: loss : 0.5422040820121765
2019-02-08 02:26:28,717 - INFO: 11880: loss : 0.5417817234992981
2019-02-08 02:26:33,145 - INFO: 11900: loss : 0.5456207394599915
2019-02-08 02:26:37,557 - INFO: 11920: loss : 0.5420364141464233
2019-02-08 02:26:41,982 - INFO: 11940: loss : 0.5437366962432861
2019-02-08 02:26:46,415 - INFO: 11960: loss : 0.5419377684593201
2019-02-08 02:26:50,877 - INFO: 11980: loss : 0.5428568720817566
2019-02-08 02:26:55,338 - INFO: 12000: loss : 0.5425540208816528
2019-02-08 02:26:59,807 - INFO: 12020: loss : 0.5421888828277588
2019-02-08 02:27:04,291 - INFO: 12040: loss : 0.5419566035270691
2019-02-08 02:27:08,670 - INFO: 12060: loss : 0.5419877171516418
2019-02-08 02:27:13,049 - INFO: 12080: loss : 0.542921245098114
2019-02-08 02:27:17,520 - INFO: 12100: loss : 0.5426095128059387
2019-02-08 02:27:21,981 - INFO: 12120: loss : 0.5422332882881165
2019-02-08 02:27:26,404 - INFO: 12140: loss : 0.5421264171600342
2019-02-08 02:27:30,858 - INFO: 12160: loss : 0.5420904755592346
2019-02-08 02:27:35,306 - INFO: 12180: loss : 0.5433251857757568
2019-02-08 02:27:39,730 - INFO: 12200: loss : 0.5429543256759644
2019-02-08 02:27:44,116 - INFO: 12220: loss : 0.5423003435134888
2019-02-08 02:27:48,546 - INFO: 12240: loss : 0.542554497718811
2019-02-08 02:27:52,987 - INFO: 12260: loss : 0.5421571731567383
2019-02-08 02:27:57,399 - INFO: 12280: loss : 0.5423856377601624
2019-02-08 02:28:01,823 - INFO: 12300: loss : 0.5423003435134888
2019-02-08 02:28:06,224 - INFO: 12320: loss : 0.5419809818267822
2019-02-08 02:28:10,637 - INFO: 12340: loss : 0.5417938232421875
2019-02-08 02:28:15,079 - INFO: 12360: loss : 0.5425509214401245
2019-02-08 02:28:19,524 - INFO: 12380: loss : 0.5429872870445251
2019-02-08 02:28:23,931 - INFO: 12400: loss : 0.5431968569755554
2019-02-08 02:28:28,357 - INFO: 12420: loss : 0.541929304599762
2019-02-08 02:28:32,807 - INFO: 12440: loss : 0.5420119166374207
2019-02-08 02:28:37,210 - INFO: 12460: loss : 0.542392373085022
2019-02-08 02:28:41,681 - INFO: 12480: loss : 0.5438241958618164
2019-02-08 02:28:46,137 - INFO: 12500: loss : 0.5423523187637329
2019-02-08 02:28:50,551 - INFO: 12520: loss : 0.5422436594963074
2019-02-08 02:28:54,964 - INFO: 12540: loss : 0.5425659418106079
2019-02-08 02:28:59,398 - INFO: 12560: loss : 0.5417555570602417
2019-02-08 02:29:03,834 - INFO: 12580: loss : 0.5430495142936707
2019-02-08 02:29:08,289 - INFO: 12600: loss : 0.5426532030105591
2019-02-08 02:29:12,746 - INFO: 12620: loss : 0.5428581833839417
2019-02-08 02:29:17,143 - INFO: 12640: loss : 0.5420569777488708
2019-02-08 02:29:21,587 - INFO: 12660: loss : 0.5421803593635559
2019-02-08 02:29:26,041 - INFO: 12680: loss : 0.5422277450561523
2019-02-08 02:29:30,474 - INFO: 12700: loss : 0.5436471104621887
2019-02-08 02:29:34,946 - INFO: 12720: loss : 0.5428310632705688
2019-02-08 02:29:39,438 - INFO: 12740: loss : 0.542772650718689
2019-02-08 02:29:43,886 - INFO: 12760: loss : 0.5422229766845703
2019-02-08 02:29:48,372 - INFO: 12780: loss : 0.5430161952972412
2019-02-08 02:29:52,824 - INFO: 12800: loss : 0.5429502129554749
2019-02-08 02:29:57,319 - INFO: 12820: loss : 0.5421475768089294
2019-02-08 02:30:01,740 - INFO: 12840: loss : 0.5423001646995544
2019-02-08 02:30:06,151 - INFO: 12860: loss : 0.5422402620315552
2019-02-08 02:30:10,438 - INFO: 12880: loss : 0.5421591401100159
2019-02-08 02:30:14,841 - INFO: 12900: loss : 0.5418772101402283
2019-02-08 02:30:19,099 - INFO: 12920: loss : 0.543313205242157
2019-02-08 02:30:23,537 - INFO: 12940: loss : 0.5421474575996399
2019-02-08 02:30:27,940 - INFO: 12960: loss : 0.5428921580314636
2019-02-08 02:30:32,365 - INFO: 12980: loss : 0.5428069829940796
2019-02-08 02:30:36,808 - INFO: 13000: loss : 0.5819644927978516
2019-02-08 02:30:41,333 - INFO: 13020: loss : 0.5422304272651672
2019-02-08 02:30:45,788 - INFO: 13040: loss : 0.5427781343460083
2019-02-08 02:30:50,231 - INFO: 13060: loss : 0.5422966480255127
2019-02-08 02:30:54,608 - INFO: 13080: loss : 0.5420629978179932
2019-02-08 02:30:59,048 - INFO: 13100: loss : 0.5421849489212036
2019-02-08 02:31:03,506 - INFO: 13120: loss : 0.5419101119041443
2019-02-08 02:31:07,945 - INFO: 13140: loss : 0.5418480038642883
2019-02-08 02:31:12,382 - INFO: 13160: loss : 0.5427258610725403
2019-02-08 02:31:16,873 - INFO: 13180: loss : 0.5426924824714661
2019-02-08 02:31:21,324 - INFO: 13200: loss : 0.5424531102180481
2019-02-08 02:31:25,778 - INFO: 13220: loss : 0.5424004793167114
2019-02-08 02:31:30,212 - INFO: 13240: loss : 0.5425530076026917
2019-02-08 02:31:34,664 - INFO: 13260: loss : 0.5654454827308655
2019-02-08 02:31:39,132 - INFO: 13280: loss : 0.5427847504615784
2019-02-08 02:31:43,572 - INFO: 13300: loss : 0.5429736375808716
2019-02-08 02:31:48,042 - INFO: 13320: loss : 0.5425339341163635
2019-02-08 02:31:52,426 - INFO: 13340: loss : 0.5417470932006836
2019-02-08 02:31:56,886 - INFO: 13360: loss : 0.5427675843238831
2019-02-08 02:32:01,299 - INFO: 13380: loss : 0.5422379374504089
2019-02-08 02:32:05,731 - INFO: 13400: loss : 0.5419088006019592
2019-02-08 02:32:10,150 - INFO: 13420: loss : 0.5420346856117249
2019-02-08 02:32:14,606 - INFO: 13440: loss : 0.5424083471298218
2019-02-08 02:32:19,061 - INFO: 13460: loss : 0.5424013733863831
2019-02-08 02:32:23,484 - INFO: 13480: loss : 0.5419250726699829
2019-02-08 02:32:27,920 - INFO: 13500: loss : 0.542148768901825
2019-02-08 02:32:32,350 - INFO: 13520: loss : 0.54189133644104
2019-02-08 02:32:36,823 - INFO: 13540: loss : 0.5424801111221313
2019-02-08 02:32:41,235 - INFO: 13560: loss : 0.5418680906295776
2019-02-08 02:32:45,641 - INFO: 13580: loss : 0.5571954846382141
2019-02-08 02:32:49,891 - INFO: 13600: loss : 0.5422680377960205
2019-02-08 02:32:54,336 - INFO: 13620: loss : 0.5419850945472717
2019-02-08 02:32:58,773 - INFO: 13640: loss : 0.5418719053268433
2019-02-08 02:33:03,201 - INFO: 13660: loss : 0.5426585078239441
2019-02-08 02:33:07,641 - INFO: 13680: loss : 0.5422050952911377
2019-02-08 02:33:12,117 - INFO: 13700: loss : 0.5417642593383789
2019-02-08 02:33:16,578 - INFO: 13720: loss : 0.5421891808509827
2019-02-08 02:33:21,041 - INFO: 13740: loss : 0.5421398282051086
2019-02-08 02:33:25,521 - INFO: 13760: loss : 0.5417492985725403
2019-02-08 02:33:29,923 - INFO: 13780: loss : 0.5419096350669861
2019-02-08 02:33:34,345 - INFO: 13800: loss : 0.5421270728111267
2019-02-08 02:33:38,754 - INFO: 13820: loss : 0.5421913862228394
2019-02-08 02:33:43,152 - INFO: 13840: loss : 0.5434058904647827
2019-02-08 02:33:47,622 - INFO: 13860: loss : 0.541824221611023
2019-02-08 02:33:52,043 - INFO: 13880: loss : 0.5490742325782776
2019-02-08 02:33:56,495 - INFO: 13900: loss : 0.5417327880859375
2019-02-08 02:34:00,940 - INFO: 13920: loss : 0.5418354868888855
2019-02-08 02:34:05,396 - INFO: 13940: loss : 0.5418435335159302
2019-02-08 02:34:09,816 - INFO: 13960: loss : 0.5420550107955933
2019-02-08 02:34:14,280 - INFO: 13980: loss : 0.542449414730072
2019-02-08 02:34:18,734 - INFO: 14000: loss : 0.54278165102005
2019-02-08 02:34:23,217 - INFO: 14020: loss : 0.5422223210334778
2019-02-08 02:34:27,656 - INFO: 14040: loss : 0.5433098077774048
2019-02-08 02:34:32,127 - INFO: 14060: loss : 0.5418785810470581
2019-02-08 02:34:36,594 - INFO: 14080: loss : 0.5422216057777405
2019-02-08 02:34:40,982 - INFO: 14100: loss : 0.5419951677322388
2019-02-08 02:34:45,413 - INFO: 14120: loss : 0.5421574711799622
2019-02-08 02:34:49,913 - INFO: 14140: loss : 0.5423806309700012
2019-02-08 02:34:54,353 - INFO: 14160: loss : 0.5420610308647156
2019-02-08 02:34:58,786 - INFO: 14180: loss : 0.5425189733505249
2019-02-08 02:35:03,215 - INFO: 14200: loss : 0.5420486330986023
2019-02-08 02:35:07,674 - INFO: 14220: loss : 0.5427230596542358
2019-02-08 02:35:12,039 - INFO: 14240: loss : 0.5420066714286804
2019-02-08 02:35:16,502 - INFO: 14260: loss : 0.5418742895126343
2019-02-08 02:35:20,921 - INFO: 14280: loss : 0.5422657132148743
2019-02-08 02:35:25,398 - INFO: 14300: loss : 0.5418111681938171
2019-02-08 02:35:29,823 - INFO: 14320: loss : 0.5422831177711487
2019-02-08 02:35:34,273 - INFO: 14340: loss : 0.5418283939361572
2019-02-08 02:35:38,682 - INFO: 14360: loss : 0.542333722114563
2019-02-08 02:35:43,136 - INFO: 14380: loss : 0.5424348711967468
2019-02-08 02:35:47,579 - INFO: 14400: loss : 0.5421721935272217
2019-02-08 02:35:52,035 - INFO: 14420: loss : 0.5417093634605408
2019-02-08 02:35:56,435 - INFO: 14440: loss : 0.5421362519264221
2019-02-08 02:36:00,859 - INFO: 14460: loss : 0.5421664118766785
2019-02-08 02:36:05,310 - INFO: 14480: loss : 0.541773796081543
2019-02-08 02:36:09,751 - INFO: 14500: loss : 0.5417972803115845
2019-02-08 02:36:14,225 - INFO: 14520: loss : 0.5490792393684387
2019-02-08 02:36:18,697 - INFO: 14540: loss : 0.5420851111412048
2019-02-08 02:36:23,090 - INFO: 14560: loss : 0.5424087047576904
2019-02-08 02:36:27,486 - INFO: 14580: loss : 0.5419034957885742
2019-02-08 02:36:31,943 - INFO: 14600: loss : 0.5425973534584045
2019-02-08 02:36:36,350 - INFO: 14620: loss : 0.5417898893356323
2019-02-08 02:36:40,791 - INFO: 14640: loss : 0.5417889952659607
2019-02-08 02:36:45,216 - INFO: 14660: loss : 0.5417775511741638
2019-02-08 02:36:49,602 - INFO: 14680: loss : 0.5420668125152588
2019-02-08 02:36:54,033 - INFO: 14700: loss : 0.541913628578186
2019-02-08 02:36:58,417 - INFO: 14720: loss : 0.5447105169296265
2019-02-08 02:37:02,819 - INFO: 14740: loss : 0.5419030785560608
2019-02-08 02:37:07,270 - INFO: 14760: loss : 0.5419344305992126
2019-02-08 02:37:11,710 - INFO: 14780: loss : 0.5421698093414307
2019-02-08 02:37:16,135 - INFO: 14800: loss : 0.541807234287262
2019-02-08 02:37:20,504 - INFO: 14820: loss : 0.5418694615364075
2019-02-08 02:37:24,945 - INFO: 14840: loss : 0.5422374606132507
2019-02-08 02:37:29,406 - INFO: 14860: loss : 0.5419401526451111
2019-02-08 02:37:33,870 - INFO: 14880: loss : 0.5426948070526123
2019-02-08 02:37:38,357 - INFO: 14900: loss : 0.541885495185852
2019-02-08 02:37:42,803 - INFO: 14920: loss : 0.5419607758522034
2019-02-08 02:37:47,249 - INFO: 14940: loss : 0.5424875617027283
2019-02-08 02:37:51,664 - INFO: 14960: loss : 0.5422589182853699
2019-02-08 02:37:56,038 - INFO: 14980: loss : 0.5418675541877747
2019-02-08 02:38:00,449 - INFO: 15000: loss : 0.5415618419647217
2019-02-08 02:38:04,956 - INFO: 15020: loss : 0.5411909818649292
2019-02-08 02:38:09,421 - INFO: 15040: loss : 0.5418857336044312
2019-02-08 02:38:13,861 - INFO: 15060: loss : 0.5421470403671265
2019-02-08 02:38:18,294 - INFO: 15080: loss : 0.5419483184814453
2019-02-08 02:38:22,715 - INFO: 15100: loss : 0.5416915416717529
2019-02-08 02:38:27,176 - INFO: 15120: loss : 0.5420086979866028
2019-02-08 02:38:31,618 - INFO: 15140: loss : 0.5424586534500122
2019-02-08 02:38:36,062 - INFO: 15160: loss : 0.5421783924102783
2019-02-08 02:38:40,534 - INFO: 15180: loss : 0.5416849255561829
2019-02-08 02:38:44,968 - INFO: 15200: loss : 0.5440067052841187
2019-02-08 02:38:49,391 - INFO: 15220: loss : 0.5420798659324646
2019-02-08 02:38:53,789 - INFO: 15240: loss : 0.5428943634033203
2019-02-08 02:38:58,252 - INFO: 15260: loss : 0.5421258807182312
2019-02-08 02:39:02,668 - INFO: 15280: loss : 0.5423941016197205
2019-02-08 02:39:07,131 - INFO: 15300: loss : 0.5439099669456482
2019-02-08 02:39:11,539 - INFO: 15320: loss : 0.5417638421058655
2019-02-08 02:39:15,900 - INFO: 15340: loss : 0.5417633056640625
2019-02-08 02:39:20,263 - INFO: 15360: loss : 0.5418274402618408
2019-02-08 02:39:24,747 - INFO: 15380: loss : 0.5417577028274536
2019-02-08 02:39:29,205 - INFO: 15400: loss : 0.5420594811439514
2019-02-08 02:39:33,669 - INFO: 15420: loss : 0.5424997210502625
2019-02-08 02:39:38,156 - INFO: 15440: loss : 0.5536410808563232
2019-02-08 02:39:42,595 - INFO: 15460: loss : 0.5421292781829834
2019-02-08 02:39:46,984 - INFO: 15480: loss : 0.5417788028717041
2019-02-08 02:39:51,433 - INFO: 15500: loss : 0.5421988368034363
2019-02-08 02:39:55,882 - INFO: 15520: loss : 0.5417822599411011
2019-02-08 02:40:00,303 - INFO: 15540: loss : 0.5428972244262695
2019-02-08 02:40:04,686 - INFO: 15560: loss : 0.5420166254043579
2019-02-08 02:40:09,118 - INFO: 15580: loss : 0.5448063611984253
2019-02-08 02:40:13,547 - INFO: 15600: loss : 0.5422165989875793
2019-02-08 02:40:17,995 - INFO: 15620: loss : 0.542587161064148
2019-02-08 02:40:22,422 - INFO: 15640: loss : 0.5418167114257812
2019-02-08 02:40:26,867 - INFO: 15660: loss : 0.542016327381134
2019-02-08 02:40:31,328 - INFO: 15680: loss : 0.5420600771903992
2019-02-08 02:40:35,774 - INFO: 15700: loss : 0.5420414805412292
2019-02-08 02:40:40,136 - INFO: 15720: loss : 0.5417359471321106
2019-02-08 02:40:44,602 - INFO: 15740: loss : 0.5424503087997437
2019-02-08 02:40:49,078 - INFO: 15760: loss : 0.5433377027511597
2019-02-08 02:40:53,528 - INFO: 15780: loss : 0.5419805645942688
2019-02-08 02:40:57,987 - INFO: 15800: loss : 0.5419127345085144
2019-02-08 02:41:02,447 - INFO: 15820: loss : 0.5443294644355774
2019-02-08 02:41:06,772 - INFO: 15840: loss : 0.5430354475975037
2019-02-08 02:41:11,128 - INFO: 15860: loss : 0.5417510867118835
2019-02-08 02:41:15,583 - INFO: 15880: loss : 0.5420637726783752
2019-02-08 02:41:20,062 - INFO: 15900: loss : 0.5419632196426392
2019-02-08 02:41:24,538 - INFO: 15920: loss : 0.5421587824821472
2019-02-08 02:41:28,957 - INFO: 15940: loss : 0.5426613092422485
2019-02-08 02:41:33,402 - INFO: 15960: loss : 0.541732132434845
2019-02-08 02:41:37,861 - INFO: 15980: loss : 0.5419272780418396
2019-02-08 02:41:42,317 - INFO: 16000: loss : 0.5421472191810608
2019-02-08 02:41:46,850 - INFO: 16020: loss : 0.542236864566803
2019-02-08 02:41:51,319 - INFO: 16040: loss : 0.5422457456588745
2019-02-08 02:41:55,641 - INFO: 16060: loss : 0.5414520502090454
2019-02-08 02:42:00,090 - INFO: 16080: loss : 0.5422444939613342
2019-02-08 02:42:04,531 - INFO: 16100: loss : 0.5418351292610168
2019-02-08 02:42:08,962 - INFO: 16120: loss : 0.5417063236236572
2019-02-08 02:42:13,415 - INFO: 16140: loss : 0.5422170758247375
2019-02-08 02:42:17,889 - INFO: 16160: loss : 0.5419285297393799
2019-02-08 02:42:22,262 - INFO: 16180: loss : 0.5416687726974487
2019-02-08 02:42:26,755 - INFO: 16200: loss : 0.5415101647377014
2019-02-08 02:42:31,176 - INFO: 16220: loss : 0.5420598387718201
2019-02-08 02:42:35,476 - INFO: 16240: loss : 0.5418869853019714
2019-02-08 02:42:39,865 - INFO: 16260: loss : 0.5416901707649231
2019-02-08 02:42:44,259 - INFO: 16280: loss : 0.5417926907539368
2019-02-08 02:42:48,605 - INFO: 16300: loss : 0.5426150560379028
2019-02-08 02:42:53,025 - INFO: 16320: loss : 0.5420972108840942
2019-02-08 02:42:57,461 - INFO: 16340: loss : 0.5418515801429749
2019-02-08 02:43:01,925 - INFO: 16360: loss : 0.5418528318405151
2019-02-08 02:43:06,336 - INFO: 16380: loss : 0.5419570803642273
2019-02-08 02:43:10,785 - INFO: 16400: loss : 0.5417272448539734
2019-02-08 02:43:15,253 - INFO: 16420: loss : 0.5417557954788208
2019-02-08 02:43:19,711 - INFO: 16440: loss : 0.541763186454773
2019-02-08 02:43:24,168 - INFO: 16460: loss : 0.5417299270629883
2019-02-08 02:43:28,599 - INFO: 16480: loss : 0.5432259440422058
2019-02-08 02:43:32,977 - INFO: 16500: loss : 0.5419881343841553
2019-02-08 02:43:37,377 - INFO: 16520: loss : 0.5420735478401184
2019-02-08 02:43:41,766 - INFO: 16540: loss : 0.5419859290122986
2019-02-08 02:43:46,237 - INFO: 16560: loss : 0.5412788391113281
2019-02-08 02:43:50,696 - INFO: 16580: loss : 0.5427091121673584
2019-02-08 02:43:55,096 - INFO: 16600: loss : 0.5419080853462219
2019-02-08 02:43:59,501 - INFO: 16620: loss : 0.54170161485672
2019-02-08 02:44:03,919 - INFO: 16640: loss : 0.5420189499855042
2019-02-08 02:44:08,283 - INFO: 16660: loss : 0.5418612360954285
2019-02-08 02:44:12,735 - INFO: 16680: loss : 0.5419148206710815
2019-02-08 02:44:17,187 - INFO: 16700: loss : 0.5417076349258423
2019-02-08 02:44:21,644 - INFO: 16720: loss : 0.6500338315963745
2019-02-08 02:44:26,072 - INFO: 16740: loss : 0.5420912504196167
2019-02-08 02:44:30,518 - INFO: 16760: loss : 0.5417596697807312
2019-02-08 02:44:34,803 - INFO: 16780: loss : 0.5417826175689697
2019-02-08 02:44:39,242 - INFO: 16800: loss : 0.5419424772262573
2019-02-08 02:44:43,693 - INFO: 16820: loss : 0.5417856574058533
2019-02-08 02:44:48,161 - INFO: 16840: loss : 0.5416741967201233
2019-02-08 02:44:52,600 - INFO: 16860: loss : 0.5420114398002625
2019-02-08 02:44:57,070 - INFO: 16880: loss : 0.5416834950447083
2019-02-08 02:45:01,521 - INFO: 16900: loss : 0.5418872237205505
2019-02-08 02:45:05,901 - INFO: 16920: loss : 0.5419231653213501
2019-02-08 02:45:10,312 - INFO: 16940: loss : 0.542012631893158
2019-02-08 02:45:14,762 - INFO: 16960: loss : 0.5417322516441345
2019-02-08 02:45:19,211 - INFO: 16980: loss : 0.5425365567207336
2019-02-08 02:45:23,675 - INFO: 17000: loss : 0.5419009923934937
2019-02-08 02:45:28,166 - INFO: 17020: loss : 0.5420716404914856
2019-02-08 02:45:32,617 - INFO: 17040: loss : 0.5418297648429871
2019-02-08 02:45:37,100 - INFO: 17060: loss : 0.5417995452880859
2019-02-08 02:45:41,537 - INFO: 17080: loss : 0.5417344570159912
2019-02-08 02:45:45,960 - INFO: 17100: loss : 0.5417945981025696
2019-02-08 02:45:50,400 - INFO: 17120: loss : 0.5418210625648499
2019-02-08 02:45:54,834 - INFO: 17140: loss : 0.5416474938392639
2019-02-08 02:45:59,301 - INFO: 17160: loss : 0.5421248078346252
2019-02-08 02:46:03,744 - INFO: 17180: loss : 0.5419397950172424
2019-02-08 02:46:08,222 - INFO: 17200: loss : 0.5421274900436401
2019-02-08 02:46:12,647 - INFO: 17220: loss : 0.5423526763916016
2019-02-08 02:46:16,967 - INFO: 17240: loss : 0.5419511198997498
2019-02-08 02:46:21,382 - INFO: 17260: loss : 0.54194575548172
2019-02-08 02:46:25,866 - INFO: 17280: loss : 0.5418153405189514
2019-02-08 02:46:30,311 - INFO: 17300: loss : 0.5418187975883484
2019-02-08 02:46:34,712 - INFO: 17320: loss : 0.5425260066986084
2019-02-08 02:46:39,108 - INFO: 17340: loss : 0.5419658422470093
2019-02-08 02:46:43,548 - INFO: 17360: loss : 0.5419493317604065
2019-02-08 02:46:47,941 - INFO: 17380: loss : 0.5416547656059265
2019-02-08 02:46:52,347 - INFO: 17400: loss : 0.5418834686279297
2019-02-08 02:46:56,777 - INFO: 17420: loss : 0.541748583316803
2019-02-08 02:47:01,208 - INFO: 17440: loss : 0.5418787598609924
2019-02-08 02:47:05,644 - INFO: 17460: loss : 0.5419644117355347
2019-02-08 02:47:10,139 - INFO: 17480: loss : 0.5422581434249878
2019-02-08 02:47:14,567 - INFO: 17500: loss : 0.541650116443634
2019-02-08 02:47:19,071 - INFO: 17520: loss : 0.5425191521644592
2019-02-08 02:47:23,531 - INFO: 17540: loss : 0.5422524809837341
2019-02-08 02:47:27,913 - INFO: 17560: loss : 0.5426090359687805
2019-02-08 02:47:32,324 - INFO: 17580: loss : 0.5420490503311157
2019-02-08 02:47:36,805 - INFO: 17600: loss : 0.5425652861595154
2019-02-08 02:47:41,222 - INFO: 17620: loss : 0.5425132513046265
2019-02-08 02:47:45,699 - INFO: 17640: loss : 0.542017936706543
2019-02-08 02:47:50,151 - INFO: 17660: loss : 0.5417133569717407
2019-02-08 02:47:54,616 - INFO: 17680: loss : 0.5419423580169678
2019-02-08 02:47:59,004 - INFO: 17700: loss : 0.541998565196991
2019-02-08 02:48:03,478 - INFO: 17720: loss : 0.5418921113014221
2019-02-08 02:48:07,929 - INFO: 17740: loss : 0.5421565771102905
2019-02-08 02:48:12,332 - INFO: 17760: loss : 0.5429379940032959
2019-02-08 02:48:16,779 - INFO: 17780: loss : 0.5427383184432983
2019-02-08 02:48:21,220 - INFO: 17800: loss : 0.5429466366767883
2019-02-08 02:48:25,661 - INFO: 17820: loss : 0.5415487885475159
2019-02-08 02:48:30,101 - INFO: 17840: loss : 0.5423100590705872
2019-02-08 02:48:34,533 - INFO: 17860: loss : 0.5419155955314636
2019-02-08 02:48:38,936 - INFO: 17880: loss : 0.5423093438148499
2019-02-08 02:48:43,421 - INFO: 17900: loss : 0.5420539379119873
2019-02-08 02:48:47,826 - INFO: 17920: loss : 0.5449644923210144
2019-02-08 02:48:52,210 - INFO: 17940: loss : 0.541840672492981
2019-02-08 02:48:56,668 - INFO: 17960: loss : 0.5417611598968506
2019-02-08 02:49:01,087 - INFO: 17980: loss : 0.5421743988990784
2019-02-08 02:49:05,534 - INFO: 18000: loss : 0.5416666865348816
2019-02-08 02:49:10,061 - INFO: 18020: loss : 0.5420607924461365
2019-02-08 02:49:14,453 - INFO: 18040: loss : 0.5416712164878845
2019-02-08 02:49:18,800 - INFO: 18060: loss : 0.5420582890510559
2019-02-08 02:49:23,262 - INFO: 18080: loss : 0.5419566631317139
2019-02-08 02:49:27,692 - INFO: 18100: loss : 0.542091429233551
2019-02-08 02:49:32,098 - INFO: 18120: loss : 0.5417729616165161
2019-02-08 02:49:36,546 - INFO: 18140: loss : 0.5423591136932373
2019-02-08 02:49:40,973 - INFO: 18160: loss : 0.5424766540527344
2019-02-08 02:49:45,430 - INFO: 18180: loss : 0.54209965467453
2019-02-08 02:49:49,876 - INFO: 18200: loss : 0.5421364903450012
2019-02-08 02:49:54,300 - INFO: 18220: loss : 0.5419341325759888
2019-02-08 02:49:58,652 - INFO: 18240: loss : 0.541740357875824
2019-02-08 02:50:03,062 - INFO: 18260: loss : 0.5424115061759949
2019-02-08 02:50:07,517 - INFO: 18280: loss : 0.5419511795043945
2019-02-08 02:50:11,975 - INFO: 18300: loss : 0.5421544909477234
2019-02-08 02:50:16,452 - INFO: 18320: loss : 0.5418326258659363
2019-02-08 02:50:20,904 - INFO: 18340: loss : 0.5421784520149231
2019-02-08 02:50:25,376 - INFO: 18360: loss : 0.5416385531425476
2019-02-08 02:50:29,825 - INFO: 18380: loss : 0.5417447686195374
2019-02-08 02:50:34,238 - INFO: 18400: loss : 0.5420901775360107
2019-02-08 02:50:38,662 - INFO: 18420: loss : 0.5418882966041565
2019-02-08 02:50:43,137 - INFO: 18440: loss : 0.5496264100074768
2019-02-08 02:50:47,561 - INFO: 18460: loss : 0.541987419128418
2019-02-08 02:50:51,958 - INFO: 18480: loss : 0.5422109961509705
2019-02-08 02:50:56,388 - INFO: 18500: loss : 0.5418574810028076
2019-02-08 02:51:00,812 - INFO: 18520: loss : 0.5416787266731262
2019-02-08 02:51:05,285 - INFO: 18540: loss : 0.5416870713233948
2019-02-08 02:51:09,738 - INFO: 18560: loss : 0.5422623157501221
2019-02-08 02:51:14,209 - INFO: 18580: loss : 0.541779100894928
2019-02-08 02:51:18,640 - INFO: 18600: loss : 0.5426967144012451
2019-02-08 02:51:23,107 - INFO: 18620: loss : 0.5419894456863403
2019-02-08 02:51:27,550 - INFO: 18640: loss : 0.5418347120285034
2019-02-08 02:51:31,985 - INFO: 18660: loss : 0.5415493249893188
2019-02-08 02:51:36,426 - INFO: 18680: loss : 0.5418087840080261
2019-02-08 02:51:40,834 - INFO: 18700: loss : 0.541565477848053
2019-02-08 02:51:45,270 - INFO: 18720: loss : 0.5417623519897461
2019-02-08 02:51:49,568 - INFO: 18740: loss : 0.5421135425567627
2019-02-08 02:51:54,004 - INFO: 18760: loss : 0.5414976477622986
2019-02-08 02:51:58,491 - INFO: 18780: loss : 0.5419256091117859
2019-02-08 02:52:02,972 - INFO: 18800: loss : 0.541590690612793
2019-02-08 02:52:07,417 - INFO: 18820: loss : 0.5417038202285767
2019-02-08 02:52:11,885 - INFO: 18840: loss : 0.5416963696479797
2019-02-08 02:52:16,354 - INFO: 18860: loss : 0.5419451594352722
2019-02-08 02:52:20,790 - INFO: 18880: loss : 0.5430052876472473
2019-02-08 02:52:25,274 - INFO: 18900: loss : 0.5416791439056396
2019-02-08 02:52:29,727 - INFO: 18920: loss : 0.5418255925178528
2019-02-08 02:52:34,155 - INFO: 18940: loss : 0.5422434210777283
2019-02-08 02:52:38,602 - INFO: 18960: loss : 0.5417916774749756
2019-02-08 02:52:43,053 - INFO: 18980: loss : 0.5416834950447083
2019-02-08 02:52:47,499 - INFO: 19000: loss : 0.5416847467422485
2019-02-08 02:52:51,957 - INFO: 19020: loss : 0.5429208278656006
2019-02-08 02:52:56,422 - INFO: 19040: loss : 0.5417695641517639
2019-02-08 02:53:00,880 - INFO: 19060: loss : 0.5416795015335083
2019-02-08 02:53:05,282 - INFO: 19080: loss : 0.5418389439582825
2019-02-08 02:53:09,683 - INFO: 19100: loss : 0.5419162511825562
2019-02-08 02:53:14,131 - INFO: 19120: loss : 0.541590690612793
2019-02-08 02:53:18,537 - INFO: 19140: loss : 0.5416882038116455
2019-02-08 02:53:22,949 - INFO: 19160: loss : 0.5418453812599182
2019-02-08 02:53:27,428 - INFO: 19180: loss : 0.5420010089874268
2019-02-08 02:53:31,864 - INFO: 19200: loss : 0.5417943596839905
2019-02-08 02:53:36,332 - INFO: 19220: loss : 0.5416125655174255
2019-02-08 02:53:40,760 - INFO: 19240: loss : 0.5417674779891968
2019-02-08 02:53:45,203 - INFO: 19260: loss : 0.5420262217521667
2019-02-08 02:53:49,560 - INFO: 19280: loss : 0.5418019890785217
2019-02-08 02:53:53,928 - INFO: 19300: loss : 0.5421915650367737
2019-02-08 02:53:58,393 - INFO: 19320: loss : 0.5418119430541992
2019-02-08 02:54:02,801 - INFO: 19340: loss : 0.5418473482131958
2019-02-08 02:54:07,251 - INFO: 19360: loss : 0.5423020720481873
2019-02-08 02:54:11,655 - INFO: 19380: loss : 0.5420033931732178
2019-02-08 02:54:16,121 - INFO: 19400: loss : 0.5421639680862427
2019-02-08 02:54:20,488 - INFO: 19420: loss : 0.542284369468689
2019-02-08 02:54:24,853 - INFO: 19440: loss : 0.5419393181800842
2019-02-08 02:54:29,288 - INFO: 19460: loss : 0.5422188639640808
2019-02-08 02:54:33,708 - INFO: 19480: loss : 0.5419774651527405
2019-02-08 02:54:38,166 - INFO: 19500: loss : 0.5418061017990112
2019-02-08 02:54:42,546 - INFO: 19520: loss : 0.5413010120391846
2019-02-08 02:54:46,973 - INFO: 19540: loss : 0.5418745875358582
2019-02-08 02:54:51,390 - INFO: 19560: loss : 0.5417011380195618
2019-02-08 02:54:55,800 - INFO: 19580: loss : 0.5417011976242065
2019-02-08 02:55:00,225 - INFO: 19600: loss : 0.5421810746192932
2019-02-08 02:55:04,657 - INFO: 19620: loss : 0.5421832799911499
2019-02-08 02:55:09,061 - INFO: 19640: loss : 0.5416552424430847
2019-02-08 02:55:13,505 - INFO: 19660: loss : 0.5411971807479858
2019-02-08 02:55:17,942 - INFO: 19680: loss : 0.5421350598335266
2019-02-08 02:55:22,350 - INFO: 19700: loss : 0.5419913530349731
2019-02-08 02:55:26,817 - INFO: 19720: loss : 0.5419427752494812
2019-02-08 02:55:31,267 - INFO: 19740: loss : 0.5422840118408203
2019-02-08 02:55:35,691 - INFO: 19760: loss : 0.5416666865348816
2019-02-08 02:55:40,114 - INFO: 19780: loss : 0.5418577790260315
2019-02-08 02:55:44,573 - INFO: 19800: loss : 0.5419690012931824
2019-02-08 02:55:49,031 - INFO: 19820: loss : 0.5418717265129089
2019-02-08 02:55:53,449 - INFO: 19840: loss : 0.5417563319206238
2019-02-08 02:55:57,866 - INFO: 19860: loss : 0.5419489741325378
2019-02-08 02:56:02,325 - INFO: 19880: loss : 0.5417377948760986
2019-02-08 02:56:06,782 - INFO: 19900: loss : 0.5414230227470398
2019-02-08 02:56:11,219 - INFO: 19920: loss : 0.5422571301460266
2019-02-08 02:56:15,659 - INFO: 19940: loss : 0.5414940714836121
2019-02-08 02:56:20,096 - INFO: 19960: loss : 0.5415415167808533
2019-02-08 02:56:24,561 - INFO: 19980: loss : 0.5417649149894714
2019-02-08 02:56:28,905 - INFO: 20000: loss : 0.5418010950088501
