2019-01-29 14:04:07,741 - INFO: Namespace(gpus='0,1', iter=20000)
2019-01-29 14:05:57,481 - INFO: Namespace(gpus='0,1', iter=20000)
2019-01-29 14:05:57,659 - INFO: model created
2019-01-29 14:05:58,559 - INFO: Iteration started
2019-01-29 14:06:12,746 - INFO: 0: loss : 2.0147225856781006
2019-01-29 14:06:31,210 - INFO: 20: loss : 0.7046041488647461
2019-01-29 14:06:41,128 - INFO: 40: loss : 0.6682015657424927
2019-01-29 14:06:49,347 - INFO: 60: loss : 0.5869304537773132
2019-01-29 14:06:55,209 - INFO: 80: loss : 0.709223210811615
2019-01-29 14:06:59,825 - INFO: 100: loss : 0.6608657836914062
2019-01-29 14:07:04,338 - INFO: 120: loss : 0.46357262134552
2019-01-29 14:07:08,538 - INFO: 140: loss : 0.6072874069213867
2019-01-29 14:07:12,647 - INFO: 160: loss : 0.6529468894004822
2019-01-29 14:07:16,759 - INFO: 180: loss : 0.5180397033691406
2019-01-29 14:07:20,887 - INFO: 200: loss : 0.5747617483139038
2019-01-29 14:07:25,011 - INFO: 220: loss : 0.5346183776855469
2019-01-29 14:07:29,104 - INFO: 240: loss : 0.6191765666007996
2019-01-29 14:07:33,280 - INFO: 260: loss : 0.5711817145347595
2019-01-29 14:07:37,400 - INFO: 280: loss : 0.5015172362327576
2019-01-29 14:07:41,517 - INFO: 300: loss : 0.5008736252784729
2019-01-29 14:07:45,599 - INFO: 320: loss : 0.3604200482368469
2019-01-29 14:07:49,705 - INFO: 340: loss : 0.38528481125831604
2019-01-29 14:07:53,838 - INFO: 360: loss : 0.5167306065559387
2019-01-29 14:07:57,961 - INFO: 380: loss : 0.3617546558380127
2019-01-29 14:08:02,093 - INFO: 400: loss : 0.30171486735343933
2019-01-29 14:08:06,182 - INFO: 420: loss : 0.5521714091300964
2019-01-29 14:08:10,303 - INFO: 440: loss : 0.4744842052459717
2019-01-29 14:08:14,438 - INFO: 460: loss : 0.489337682723999
2019-01-29 14:08:18,555 - INFO: 480: loss : 0.4786098599433899
2019-01-29 14:08:22,684 - INFO: 500: loss : 0.435997873544693
2019-01-29 14:08:26,813 - INFO: 520: loss : 0.4856921434402466
2019-01-29 14:08:30,942 - INFO: 540: loss : 0.4845069944858551
2019-01-29 14:08:35,045 - INFO: 560: loss : 0.3936569392681122
2019-01-29 14:08:39,154 - INFO: 580: loss : 0.4029490649700165
2019-01-29 14:08:43,299 - INFO: 600: loss : 0.3803527355194092
2019-01-29 14:08:47,457 - INFO: 620: loss : 0.5100831389427185
2019-01-29 14:08:51,611 - INFO: 640: loss : 0.35452789068222046
2019-01-29 14:08:55,730 - INFO: 660: loss : 0.4146217405796051
2019-01-29 14:08:59,839 - INFO: 680: loss : 0.44320619106292725
2019-01-29 14:09:03,968 - INFO: 700: loss : 0.3810206949710846
2019-01-29 14:09:08,077 - INFO: 720: loss : 0.28679537773132324
2019-01-29 14:09:12,119 - INFO: 740: loss : 0.4233171343803406
2019-01-29 14:09:16,279 - INFO: 760: loss : 0.36665311455726624
2019-01-29 14:09:20,394 - INFO: 780: loss : 0.3880457878112793
2019-01-29 14:09:24,528 - INFO: 800: loss : 0.30992257595062256
2019-01-29 14:09:28,676 - INFO: 820: loss : 0.3311867117881775
2019-01-29 14:09:32,796 - INFO: 840: loss : 0.38153526186943054
2019-01-29 14:09:36,909 - INFO: 860: loss : 0.4497101902961731
2019-01-29 14:09:41,027 - INFO: 880: loss : 0.4149478077888489
2019-01-29 14:09:45,159 - INFO: 900: loss : 0.3714935779571533
2019-01-29 14:09:49,303 - INFO: 920: loss : 0.36445239186286926
2019-01-29 14:09:53,489 - INFO: 940: loss : 0.4054896831512451
2019-01-29 14:09:57,597 - INFO: 960: loss : 0.3184429705142975
2019-01-29 14:10:01,741 - INFO: 980: loss : 0.5293838977813721
2019-01-29 14:10:05,900 - INFO: 1000: loss : 0.3834535479545593
2019-01-29 14:10:10,072 - INFO: 1020: loss : 0.45080456137657166
2019-01-29 14:10:14,178 - INFO: 1040: loss : 0.4170282483100891
2019-01-29 14:10:18,291 - INFO: 1060: loss : 0.42310431599617004
2019-01-29 14:10:22,426 - INFO: 1080: loss : 0.33121049404144287
2019-01-29 14:10:26,554 - INFO: 1100: loss : 0.3029639720916748
2019-01-29 14:10:30,679 - INFO: 1120: loss : 0.29565051198005676
2019-01-29 14:10:34,837 - INFO: 1140: loss : 0.42163893580436707
2019-01-29 14:10:38,939 - INFO: 1160: loss : 0.4456571936607361
2019-01-29 14:10:43,080 - INFO: 1180: loss : 0.27458709478378296
2019-01-29 14:10:47,217 - INFO: 1200: loss : 0.3335101902484894
2019-01-29 14:10:51,360 - INFO: 1220: loss : 0.35393497347831726
2019-01-29 14:10:55,508 - INFO: 1240: loss : 0.2902933359146118
2019-01-29 14:10:59,651 - INFO: 1260: loss : 0.3606534004211426
2019-01-29 14:11:03,827 - INFO: 1280: loss : 0.30940788984298706
2019-01-29 14:11:07,973 - INFO: 1300: loss : 0.27741727232933044
2019-01-29 14:11:12,093 - INFO: 1320: loss : 0.3008929193019867
2019-01-29 14:11:16,262 - INFO: 1340: loss : 0.2823167145252228
2019-01-29 14:11:20,379 - INFO: 1360: loss : 0.34807831048965454
2019-01-29 14:11:24,501 - INFO: 1380: loss : 0.3320934772491455
2019-01-29 14:11:28,605 - INFO: 1400: loss : 0.3877570331096649
2019-01-29 14:11:32,717 - INFO: 1420: loss : 0.3137987554073334
2019-01-29 14:11:36,867 - INFO: 1440: loss : 0.36398547887802124
2019-01-29 14:11:40,993 - INFO: 1460: loss : 0.3246421217918396
2019-01-29 14:11:45,128 - INFO: 1480: loss : 0.3733372092247009
2019-01-29 14:11:49,273 - INFO: 1500: loss : 0.35498061776161194
2019-01-29 14:11:53,451 - INFO: 1520: loss : 0.338491290807724
2019-01-29 14:11:57,602 - INFO: 1540: loss : 0.4121309518814087
2019-01-29 14:12:01,724 - INFO: 1560: loss : 0.4261806011199951
2019-01-29 14:12:05,835 - INFO: 1580: loss : 0.32965266704559326
2019-01-29 14:12:09,990 - INFO: 1600: loss : 0.249059796333313
2019-01-29 14:12:14,090 - INFO: 1620: loss : 0.39290767908096313
2019-01-29 14:12:18,205 - INFO: 1640: loss : 0.3302915394306183
2019-01-29 14:12:22,368 - INFO: 1660: loss : 0.3718307316303253
2019-01-29 14:12:26,483 - INFO: 1680: loss : 0.29992061853408813
2019-01-29 14:12:30,632 - INFO: 1700: loss : 0.3154475688934326
2019-01-29 14:12:34,745 - INFO: 1720: loss : 0.38838300108909607
2019-01-29 14:12:38,906 - INFO: 1740: loss : 0.3120824992656708
2019-01-29 14:12:43,009 - INFO: 1760: loss : 0.2812965214252472
2019-01-29 14:12:47,141 - INFO: 1780: loss : 0.34482982754707336
2019-01-29 14:12:51,304 - INFO: 1800: loss : 0.2831566631793976
2019-01-29 14:12:55,455 - INFO: 1820: loss : 0.336899071931839
2019-01-29 14:12:59,597 - INFO: 1840: loss : 0.2579709589481354
2019-01-29 14:13:03,750 - INFO: 1860: loss : 0.30711525678634644
2019-01-29 14:13:07,909 - INFO: 1880: loss : 0.2822464406490326
2019-01-29 14:13:11,924 - INFO: 1900: loss : 0.29638850688934326
2019-01-29 14:13:16,046 - INFO: 1920: loss : 0.3112291097640991
2019-01-29 14:13:20,193 - INFO: 1940: loss : 0.3354354798793793
2019-01-29 14:13:24,298 - INFO: 1960: loss : 0.41078466176986694
2019-01-29 14:13:28,451 - INFO: 1980: loss : 0.33646905422210693
2019-01-29 14:13:32,576 - INFO: 2000: loss : 0.3262309730052948
2019-01-29 14:13:36,705 - INFO: 2020: loss : 0.26718956232070923
2019-01-29 14:13:40,877 - INFO: 2040: loss : 0.41220593452453613
2019-01-29 14:13:45,013 - INFO: 2060: loss : 0.317226767539978
2019-01-29 14:13:49,144 - INFO: 2080: loss : 0.2709537744522095
2019-01-29 14:13:53,267 - INFO: 2100: loss : 0.4168083667755127
2019-01-29 14:13:57,428 - INFO: 2120: loss : 0.4437527060508728
2019-01-29 14:14:01,589 - INFO: 2140: loss : 0.27109524607658386
2019-01-29 14:14:05,717 - INFO: 2160: loss : 0.31486237049102783
2019-01-29 14:14:09,834 - INFO: 2180: loss : 0.3314973711967468
2019-01-29 14:14:13,900 - INFO: 2200: loss : 0.2706238925457001
2019-01-29 14:14:17,963 - INFO: 2220: loss : 0.3186441957950592
2019-01-29 14:14:22,108 - INFO: 2240: loss : 0.2543093264102936
2019-01-29 14:14:26,276 - INFO: 2260: loss : 0.2841683328151703
2019-01-29 14:14:30,349 - INFO: 2280: loss : 0.34750935435295105
2019-01-29 14:14:34,510 - INFO: 2300: loss : 0.26131394505500793
2019-01-29 14:14:38,637 - INFO: 2320: loss : 0.2799712121486664
2019-01-29 14:14:42,812 - INFO: 2340: loss : 0.30101343989372253
2019-01-29 14:14:46,967 - INFO: 2360: loss : 0.2627505660057068
2019-01-29 14:14:51,122 - INFO: 2380: loss : 0.3031807243824005
2019-01-29 14:14:55,233 - INFO: 2400: loss : 0.3512682318687439
2019-01-29 14:14:59,356 - INFO: 2420: loss : 0.2608700394630432
2019-01-29 14:15:03,426 - INFO: 2440: loss : 0.28530508279800415
2019-01-29 14:15:07,597 - INFO: 2460: loss : 0.2622864246368408
2019-01-29 14:15:11,719 - INFO: 2480: loss : 0.2585000693798065
2019-01-29 14:15:15,874 - INFO: 2500: loss : 0.2532881200313568
2019-01-29 14:15:20,025 - INFO: 2520: loss : 0.35888513922691345
2019-01-29 14:15:24,170 - INFO: 2540: loss : 0.3128149211406708
2019-01-29 14:15:28,288 - INFO: 2560: loss : 0.25506842136383057
2019-01-29 14:15:32,414 - INFO: 2580: loss : 0.26243746280670166
2019-01-29 14:15:36,573 - INFO: 2600: loss : 0.3244466781616211
2019-01-29 14:15:40,721 - INFO: 2620: loss : 0.3002966344356537
2019-01-29 14:15:44,870 - INFO: 2640: loss : 0.3057224154472351
2019-01-29 14:15:48,985 - INFO: 2660: loss : 0.31941911578178406
2019-01-29 14:15:53,123 - INFO: 2680: loss : 0.24385523796081543
2019-01-29 14:15:57,274 - INFO: 2700: loss : 0.30840328335762024
2019-01-29 14:16:01,390 - INFO: 2720: loss : 0.26450639963150024
2019-01-29 14:16:05,537 - INFO: 2740: loss : 0.3019638657569885
2019-01-29 14:16:09,685 - INFO: 2760: loss : 0.33199411630630493
2019-01-29 14:16:13,815 - INFO: 2780: loss : 0.3723669946193695
2019-01-29 14:16:17,959 - INFO: 2800: loss : 0.3218782842159271
2019-01-29 14:16:22,131 - INFO: 2820: loss : 0.28797537088394165
2019-01-29 14:16:26,241 - INFO: 2840: loss : 0.23927462100982666
2019-01-29 14:16:30,415 - INFO: 2860: loss : 0.25340408086776733
2019-01-29 14:16:34,530 - INFO: 2880: loss : 0.3102327287197113
2019-01-29 14:16:38,673 - INFO: 2900: loss : 0.25203850865364075
2019-01-29 14:16:42,822 - INFO: 2920: loss : 0.22092776000499725
2019-01-29 14:16:46,977 - INFO: 2940: loss : 0.24400654435157776
2019-01-29 14:16:51,138 - INFO: 2960: loss : 0.21019035577774048
2019-01-29 14:16:55,290 - INFO: 2980: loss : 0.28602588176727295
2019-01-29 14:16:59,454 - INFO: 3000: loss : 0.26505139470100403
2019-01-29 14:17:03,628 - INFO: 3020: loss : 0.32020145654678345
2019-01-29 14:17:07,754 - INFO: 3040: loss : 0.23195749521255493
2019-01-29 14:17:11,898 - INFO: 3060: loss : 0.2726430892944336
2019-01-29 14:17:16,000 - INFO: 3080: loss : 0.2306906282901764
2019-01-29 14:17:20,091 - INFO: 3100: loss : 0.2826905846595764
2019-01-29 14:17:24,219 - INFO: 3120: loss : 0.3053615391254425
2019-01-29 14:17:28,357 - INFO: 3140: loss : 0.31684404611587524
2019-01-29 14:17:32,473 - INFO: 3160: loss : 0.3029935956001282
2019-01-29 14:17:36,616 - INFO: 3180: loss : 0.37028729915618896
2019-01-29 14:17:40,777 - INFO: 3200: loss : 0.345352441072464
2019-01-29 14:17:44,946 - INFO: 3220: loss : 0.31111013889312744
2019-01-29 14:17:49,098 - INFO: 3240: loss : 0.31547802686691284
2019-01-29 14:17:53,222 - INFO: 3260: loss : 0.254549115896225
2019-01-29 14:17:57,382 - INFO: 3280: loss : 0.32072266936302185
2019-01-29 14:18:01,529 - INFO: 3300: loss : 0.318535178899765
2019-01-29 14:18:05,651 - INFO: 3320: loss : 0.2794821560382843
2019-01-29 14:18:09,777 - INFO: 3340: loss : 0.2953157126903534
2019-01-29 14:18:13,930 - INFO: 3360: loss : 0.36365851759910583
2019-01-29 14:18:18,067 - INFO: 3380: loss : 0.28458109498023987
2019-01-29 14:18:22,200 - INFO: 3400: loss : 0.30228957533836365
2019-01-29 14:18:26,327 - INFO: 3420: loss : 0.2651975750923157
2019-01-29 14:18:30,457 - INFO: 3440: loss : 0.31321096420288086
2019-01-29 14:18:34,580 - INFO: 3460: loss : 0.2394634485244751
2019-01-29 14:18:38,711 - INFO: 3480: loss : 0.3329504728317261
2019-01-29 14:18:42,857 - INFO: 3500: loss : 0.2577514350414276
2019-01-29 14:18:46,931 - INFO: 3520: loss : 0.3835718035697937
2019-01-29 14:18:51,047 - INFO: 3540: loss : 0.2770161032676697
2019-01-29 14:18:55,186 - INFO: 3560: loss : 0.2713271975517273
2019-01-29 14:18:59,322 - INFO: 3580: loss : 0.3050449788570404
2019-01-29 14:19:03,503 - INFO: 3600: loss : 0.22957977652549744
2019-01-29 14:19:07,662 - INFO: 3620: loss : 0.26677244901657104
2019-01-29 14:19:11,802 - INFO: 3640: loss : 0.3530988395214081
2019-01-29 14:19:15,940 - INFO: 3660: loss : 0.29978030920028687
2019-01-29 14:19:20,083 - INFO: 3680: loss : 0.39514973759651184
2019-01-29 14:19:24,201 - INFO: 3700: loss : 0.27437639236450195
2019-01-29 14:19:28,353 - INFO: 3720: loss : 0.31352511048316956
2019-01-29 14:19:32,518 - INFO: 3740: loss : 0.24867689609527588
2019-01-29 14:19:36,656 - INFO: 3760: loss : 0.24389661848545074
2019-01-29 14:19:40,805 - INFO: 3780: loss : 0.2291489988565445
2019-01-29 14:19:44,927 - INFO: 3800: loss : 0.21722003817558289
2019-01-29 14:19:49,061 - INFO: 3820: loss : 0.30097419023513794
2019-01-29 14:19:53,213 - INFO: 3840: loss : 0.30517855286598206
2019-01-29 14:19:57,380 - INFO: 3860: loss : 0.2619919776916504
2019-01-29 14:20:01,491 - INFO: 3880: loss : 0.34832173585891724
2019-01-29 14:20:05,679 - INFO: 3900: loss : 0.25272583961486816
2019-01-29 14:20:09,809 - INFO: 3920: loss : 0.29291754961013794
2019-01-29 14:20:13,927 - INFO: 3940: loss : 0.28122207522392273
2019-01-29 14:20:18,099 - INFO: 3960: loss : 0.24889491498470306
2019-01-29 14:20:22,274 - INFO: 3980: loss : 0.2689830958843231
2019-01-29 14:20:26,426 - INFO: 4000: loss : 0.23981282114982605
2019-01-29 14:20:30,599 - INFO: 4020: loss : 0.39028483629226685
2019-01-29 14:20:34,755 - INFO: 4040: loss : 0.2238546907901764
2019-01-29 14:20:38,884 - INFO: 4060: loss : 0.27551671862602234
2019-01-29 14:20:43,052 - INFO: 4080: loss : 0.26846760511398315
2019-01-29 14:20:47,194 - INFO: 4100: loss : 0.20299312472343445
2019-01-29 14:20:51,379 - INFO: 4120: loss : 0.24844518303871155
2019-01-29 14:20:55,557 - INFO: 4140: loss : 0.41717442870140076
2019-01-29 14:20:59,725 - INFO: 4160: loss : 0.3408861458301544
2019-01-29 14:21:03,869 - INFO: 4180: loss : 0.2845982611179352
2019-01-29 14:21:08,037 - INFO: 4200: loss : 0.24357762932777405
2019-01-29 14:21:12,198 - INFO: 4220: loss : 0.33642706274986267
2019-01-29 14:21:16,282 - INFO: 4240: loss : 0.2579995393753052
2019-01-29 14:21:20,441 - INFO: 4260: loss : 0.21424730122089386
2019-01-29 14:21:24,586 - INFO: 4280: loss : 0.24186697602272034
2019-01-29 14:21:28,691 - INFO: 4300: loss : 0.27241429686546326
2019-01-29 14:21:32,670 - INFO: 4320: loss : 0.29512354731559753
2019-01-29 14:21:36,830 - INFO: 4340: loss : 0.2806352972984314
2019-01-29 14:21:41,004 - INFO: 4360: loss : 0.24766384065151215
2019-01-29 14:21:45,149 - INFO: 4380: loss : 0.21423330903053284
2019-01-29 14:21:49,323 - INFO: 4400: loss : 0.2270510345697403
2019-01-29 14:21:53,444 - INFO: 4420: loss : 0.22126147150993347
2019-01-29 14:21:57,563 - INFO: 4440: loss : 0.2127654254436493
2019-01-29 14:22:01,669 - INFO: 4460: loss : 0.2506033778190613
2019-01-29 14:22:05,831 - INFO: 4480: loss : 0.2743401527404785
2019-01-29 14:22:09,978 - INFO: 4500: loss : 0.24989882111549377
2019-01-29 14:22:14,120 - INFO: 4520: loss : 0.32692277431488037
2019-01-29 14:22:18,269 - INFO: 4540: loss : 0.26425257325172424
2019-01-29 14:22:22,391 - INFO: 4560: loss : 0.2944246232509613
2019-01-29 14:22:26,527 - INFO: 4580: loss : 0.29619842767715454
2019-01-29 14:22:30,660 - INFO: 4600: loss : 0.26803478598594666
2019-01-29 14:22:34,774 - INFO: 4620: loss : 0.3050244152545929
2019-01-29 14:22:38,890 - INFO: 4640: loss : 0.2235013097524643
2019-01-29 14:22:42,957 - INFO: 4660: loss : 0.3153071999549866
2019-01-29 14:22:47,093 - INFO: 4680: loss : 0.20693808794021606
2019-01-29 14:22:51,256 - INFO: 4700: loss : 0.32594048976898193
2019-01-29 14:22:55,420 - INFO: 4720: loss : 0.21894362568855286
2019-01-29 14:22:59,472 - INFO: 4740: loss : 0.2680675685405731
2019-01-29 14:23:03,617 - INFO: 4760: loss : 0.2689247727394104
2019-01-29 14:23:07,772 - INFO: 4780: loss : 0.24779345095157623
2019-01-29 14:23:11,874 - INFO: 4800: loss : 0.26877492666244507
2019-01-29 14:23:16,010 - INFO: 4820: loss : 0.3646770119667053
2019-01-29 14:23:20,141 - INFO: 4840: loss : 0.3104754090309143
2019-01-29 14:23:24,306 - INFO: 4860: loss : 0.2509984076023102
2019-01-29 14:23:28,460 - INFO: 4880: loss : 0.2729428708553314
2019-01-29 14:23:32,594 - INFO: 4900: loss : 0.2708391845226288
2019-01-29 14:23:36,752 - INFO: 4920: loss : 0.2705743610858917
2019-01-29 14:23:40,886 - INFO: 4940: loss : 0.20965513586997986
2019-01-29 14:23:45,045 - INFO: 4960: loss : 0.2545393407344818
2019-01-29 14:23:49,184 - INFO: 4980: loss : 0.2597463130950928
2019-01-29 14:23:53,323 - INFO: 5000: loss : 0.24722769856452942
2019-01-29 14:23:57,477 - INFO: 5020: loss : 0.2169780433177948
2019-01-29 14:24:01,607 - INFO: 5040: loss : 0.1991783231496811
2019-01-29 14:24:05,764 - INFO: 5060: loss : 0.2085137814283371
2019-01-29 14:24:09,886 - INFO: 5080: loss : 0.3030463755130768
2019-01-29 14:24:14,017 - INFO: 5100: loss : 0.25838008522987366
2019-01-29 14:24:18,136 - INFO: 5120: loss : 0.23654508590698242
2019-01-29 14:24:22,319 - INFO: 5140: loss : 0.24663984775543213
2019-01-29 14:24:26,492 - INFO: 5160: loss : 0.23294341564178467
2019-01-29 14:24:30,626 - INFO: 5180: loss : 0.2691352665424347
2019-01-29 14:24:34,770 - INFO: 5200: loss : 0.24717798829078674
2019-01-29 14:24:38,931 - INFO: 5220: loss : 0.31935936212539673
2019-01-29 14:24:43,066 - INFO: 5240: loss : 0.22682690620422363
2019-01-29 14:24:47,275 - INFO: 5260: loss : 0.23866398632526398
2019-01-29 14:24:51,425 - INFO: 5280: loss : 0.26500168442726135
2019-01-29 14:24:55,503 - INFO: 5300: loss : 0.23651325702667236
2019-01-29 14:24:59,626 - INFO: 5320: loss : 0.2266533225774765
2019-01-29 14:25:03,784 - INFO: 5340: loss : 0.26363545656204224
2019-01-29 14:25:07,928 - INFO: 5360: loss : 0.24629807472229004
2019-01-29 14:25:12,039 - INFO: 5380: loss : 0.24995800852775574
2019-01-29 14:25:16,168 - INFO: 5400: loss : 0.20603705942630768
2019-01-29 14:25:20,284 - INFO: 5420: loss : 0.29759734869003296
2019-01-29 14:25:24,449 - INFO: 5440: loss : 0.23319388926029205
2019-01-29 14:25:28,527 - INFO: 5460: loss : 0.3415367007255554
2019-01-29 14:25:32,661 - INFO: 5480: loss : 0.20175108313560486
2019-01-29 14:25:36,720 - INFO: 5500: loss : 0.21743275225162506
2019-01-29 14:25:40,851 - INFO: 5520: loss : 0.2859765589237213
2019-01-29 14:25:44,975 - INFO: 5540: loss : 0.2149626463651657
2019-01-29 14:25:49,147 - INFO: 5560: loss : 0.28570228815078735
2019-01-29 14:25:53,268 - INFO: 5580: loss : 0.22258591651916504
2019-01-29 14:25:57,407 - INFO: 5600: loss : 0.26353731751441956
2019-01-29 14:26:01,562 - INFO: 5620: loss : 0.21934707462787628
2019-01-29 14:26:05,721 - INFO: 5640: loss : 0.3220680356025696
2019-01-29 14:26:09,885 - INFO: 5660: loss : 0.2192509025335312
2019-01-29 14:26:14,044 - INFO: 5680: loss : 0.2699377238750458
2019-01-29 14:26:18,135 - INFO: 5700: loss : 0.24409756064414978
2019-01-29 14:26:22,272 - INFO: 5720: loss : 0.24817878007888794
2019-01-29 14:26:26,392 - INFO: 5740: loss : 0.2349243462085724
2019-01-29 14:26:30,468 - INFO: 5760: loss : 0.255031019449234
2019-01-29 14:26:34,600 - INFO: 5780: loss : 0.2985973060131073
2019-01-29 14:26:38,749 - INFO: 5800: loss : 0.28581503033638
2019-01-29 14:26:42,895 - INFO: 5820: loss : 0.22581294178962708
2019-01-29 14:26:47,034 - INFO: 5840: loss : 0.35365766286849976
2019-01-29 14:26:51,167 - INFO: 5860: loss : 0.22535386681556702
2019-01-29 14:26:55,296 - INFO: 5880: loss : 0.20522058010101318
2019-01-29 14:26:59,435 - INFO: 5900: loss : 0.22927169501781464
2019-01-29 14:27:03,578 - INFO: 5920: loss : 0.19945791363716125
2019-01-29 14:27:07,727 - INFO: 5940: loss : 0.2340133935213089
2019-01-29 14:27:11,862 - INFO: 5960: loss : 0.2220800369977951
2019-01-29 14:27:16,017 - INFO: 5980: loss : 0.20350167155265808
2019-01-29 14:27:20,133 - INFO: 6000: loss : 0.24651405215263367
2019-01-29 14:27:24,286 - INFO: 6020: loss : 0.24569755792617798
2019-01-29 14:27:28,333 - INFO: 6040: loss : 0.2146623134613037
2019-01-29 14:27:32,467 - INFO: 6060: loss : 0.2185254991054535
2019-01-29 14:27:36,619 - INFO: 6080: loss : 0.24170707166194916
2019-01-29 14:27:40,770 - INFO: 6100: loss : 0.2581844925880432
2019-01-29 14:27:44,900 - INFO: 6120: loss : 0.21409255266189575
2019-01-29 14:27:49,009 - INFO: 6140: loss : 0.20946623384952545
2019-01-29 14:27:53,146 - INFO: 6160: loss : 0.2594134509563446
2019-01-29 14:27:57,282 - INFO: 6180: loss : 0.3134995698928833
2019-01-29 14:28:01,460 - INFO: 6200: loss : 0.2064371109008789
2019-01-29 14:28:05,600 - INFO: 6220: loss : 0.2516361474990845
2019-01-29 14:28:09,766 - INFO: 6240: loss : 0.36237791180610657
2019-01-29 14:28:13,959 - INFO: 6260: loss : 0.29475241899490356
2019-01-29 14:28:18,094 - INFO: 6280: loss : 0.29537415504455566
2019-01-29 14:28:22,262 - INFO: 6300: loss : 0.24200348556041718
2019-01-29 14:28:26,417 - INFO: 6320: loss : 0.2134156972169876
2019-01-29 14:28:30,571 - INFO: 6340: loss : 0.23552405834197998
2019-01-29 14:28:34,719 - INFO: 6360: loss : 0.2625545561313629
2019-01-29 14:28:38,887 - INFO: 6380: loss : 0.21197330951690674
2019-01-29 14:28:43,049 - INFO: 6400: loss : 0.21829207241535187
2019-01-29 14:28:47,221 - INFO: 6420: loss : 0.2458234429359436
2019-01-29 14:28:51,360 - INFO: 6440: loss : 0.2777125835418701
2019-01-29 14:28:55,519 - INFO: 6460: loss : 0.25880900025367737
2019-01-29 14:28:59,685 - INFO: 6480: loss : 0.2866920530796051
2019-01-29 14:29:03,857 - INFO: 6500: loss : 0.28004181385040283
2019-01-29 14:29:07,979 - INFO: 6520: loss : 0.24334809184074402
2019-01-29 14:29:12,092 - INFO: 6540: loss : 0.20741112530231476
2019-01-29 14:29:16,242 - INFO: 6560: loss : 0.24666321277618408
2019-01-29 14:29:20,349 - INFO: 6580: loss : 0.2354617416858673
2019-01-29 14:29:24,489 - INFO: 6600: loss : 0.25897204875946045
2019-01-29 14:29:28,570 - INFO: 6620: loss : 0.2485969066619873
2019-01-29 14:29:32,692 - INFO: 6640: loss : 0.27807748317718506
2019-01-29 14:29:36,828 - INFO: 6660: loss : 0.2510349452495575
2019-01-29 14:29:40,980 - INFO: 6680: loss : 0.26072072982788086
2019-01-29 14:29:45,134 - INFO: 6700: loss : 0.2308671623468399
2019-01-29 14:29:49,281 - INFO: 6720: loss : 0.26300373673439026
2019-01-29 14:29:53,396 - INFO: 6740: loss : 0.23700213432312012
2019-01-29 14:29:57,517 - INFO: 6760: loss : 0.2226087749004364
2019-01-29 14:30:01,705 - INFO: 6780: loss : 0.20464342832565308
2019-01-29 14:30:05,887 - INFO: 6800: loss : 0.2534794807434082
2019-01-29 14:30:10,020 - INFO: 6820: loss : 0.2159634828567505
2019-01-29 14:30:14,180 - INFO: 6840: loss : 0.23574122786521912
2019-01-29 14:30:18,246 - INFO: 6860: loss : 0.22440840303897858
2019-01-29 14:30:22,386 - INFO: 6880: loss : 0.19160020351409912
2019-01-29 14:30:26,497 - INFO: 6900: loss : 0.19799156486988068
2019-01-29 14:30:30,695 - INFO: 6920: loss : 0.2438371181488037
2019-01-29 14:30:34,821 - INFO: 6940: loss : 0.21770259737968445
2019-01-29 14:30:38,948 - INFO: 6960: loss : 0.2276102602481842
2019-01-29 14:30:43,102 - INFO: 6980: loss : 0.27003204822540283
2019-01-29 14:30:47,301 - INFO: 7000: loss : 0.19417543709278107
2019-01-29 14:30:51,502 - INFO: 7020: loss : 0.2560524642467499
2019-01-29 14:30:55,701 - INFO: 7040: loss : 0.21657223999500275
2019-01-29 14:30:59,819 - INFO: 7060: loss : 0.24339251220226288
2019-01-29 14:31:03,961 - INFO: 7080: loss : 0.26325997710227966
2019-01-29 14:31:08,119 - INFO: 7100: loss : 0.2567383348941803
2019-01-29 14:31:12,241 - INFO: 7120: loss : 0.22171229124069214
2019-01-29 14:31:16,393 - INFO: 7140: loss : 0.22985753417015076
2019-01-29 14:31:20,529 - INFO: 7160: loss : 0.24822106957435608
2019-01-29 14:31:24,656 - INFO: 7180: loss : 0.23044860363006592
2019-01-29 14:31:28,828 - INFO: 7200: loss : 0.2777964472770691
2019-01-29 14:31:32,996 - INFO: 7220: loss : 0.2655489444732666
2019-01-29 14:31:37,112 - INFO: 7240: loss : 0.19233761727809906
2019-01-29 14:31:41,258 - INFO: 7260: loss : 0.25862035155296326
2019-01-29 14:31:45,388 - INFO: 7280: loss : 0.2018904983997345
2019-01-29 14:31:49,479 - INFO: 7300: loss : 0.21686536073684692
2019-01-29 14:31:53,661 - INFO: 7320: loss : 0.2561984062194824
2019-01-29 14:31:57,776 - INFO: 7340: loss : 0.2390926480293274
2019-01-29 14:32:01,939 - INFO: 7360: loss : 0.2393345832824707
2019-01-29 14:32:06,058 - INFO: 7380: loss : 0.23200646042823792
2019-01-29 14:32:10,188 - INFO: 7400: loss : 0.2106500267982483
2019-01-29 14:32:14,322 - INFO: 7420: loss : 0.25005847215652466
2019-01-29 14:32:18,461 - INFO: 7440: loss : 0.239446759223938
2019-01-29 14:32:22,612 - INFO: 7460: loss : 0.2542828917503357
2019-01-29 14:32:26,751 - INFO: 7480: loss : 0.24676448106765747
2019-01-29 14:32:30,919 - INFO: 7500: loss : 0.22800172865390778
2019-01-29 14:32:35,072 - INFO: 7520: loss : 0.20992827415466309
2019-01-29 14:32:39,231 - INFO: 7540: loss : 0.19096596539020538
2019-01-29 14:32:43,384 - INFO: 7560: loss : 0.19615329802036285
2019-01-29 14:32:47,559 - INFO: 7580: loss : 0.22979046404361725
2019-01-29 14:32:51,738 - INFO: 7600: loss : 0.30798473954200745
2019-01-29 14:32:55,833 - INFO: 7620: loss : 0.23644199967384338
2019-01-29 14:32:59,961 - INFO: 7640: loss : 0.19117693603038788
2019-01-29 14:33:04,138 - INFO: 7660: loss : 0.19645632803440094
2019-01-29 14:33:08,288 - INFO: 7680: loss : 0.22773021459579468
2019-01-29 14:33:12,319 - INFO: 7700: loss : 0.23109407722949982
2019-01-29 14:33:16,450 - INFO: 7720: loss : 0.2718409299850464
2019-01-29 14:33:20,641 - INFO: 7740: loss : 0.21696141362190247
2019-01-29 14:33:24,746 - INFO: 7760: loss : 0.2583705186843872
2019-01-29 14:33:28,907 - INFO: 7780: loss : 0.25331205129623413
2019-01-29 14:33:33,063 - INFO: 7800: loss : 0.26889511942863464
2019-01-29 14:33:37,206 - INFO: 7820: loss : 0.2343762218952179
2019-01-29 14:33:41,326 - INFO: 7840: loss : 0.19591683149337769
2019-01-29 14:33:45,469 - INFO: 7860: loss : 0.21543672680854797
2019-01-29 14:33:49,647 - INFO: 7880: loss : 0.20114369690418243
2019-01-29 14:33:53,786 - INFO: 7900: loss : 0.21101802587509155
2019-01-29 14:33:57,940 - INFO: 7920: loss : 0.2302890121936798
2019-01-29 14:34:02,078 - INFO: 7940: loss : 0.20394575595855713
2019-01-29 14:34:06,206 - INFO: 7960: loss : 0.2253524214029312
2019-01-29 14:34:10,336 - INFO: 7980: loss : 0.21434372663497925
2019-01-29 14:34:14,479 - INFO: 8000: loss : 0.21020381152629852
2019-01-29 14:34:18,640 - INFO: 8020: loss : 0.22138813138008118
2019-01-29 14:34:22,775 - INFO: 8040: loss : 0.23277336359024048
2019-01-29 14:34:26,888 - INFO: 8060: loss : 0.22203955054283142
2019-01-29 14:34:31,033 - INFO: 8080: loss : 0.19677656888961792
2019-01-29 14:34:35,155 - INFO: 8100: loss : 0.20026783645153046
2019-01-29 14:34:39,329 - INFO: 8120: loss : 0.21768872439861298
2019-01-29 14:34:43,467 - INFO: 8140: loss : 0.22982245683670044
2019-01-29 14:34:47,638 - INFO: 8160: loss : 0.2662152349948883
2019-01-29 14:34:51,764 - INFO: 8180: loss : 0.24100416898727417
2019-01-29 14:34:55,865 - INFO: 8200: loss : 0.19697652757167816
2019-01-29 14:34:59,990 - INFO: 8220: loss : 0.2427893877029419
2019-01-29 14:35:04,187 - INFO: 8240: loss : 0.23809319734573364
2019-01-29 14:35:08,364 - INFO: 8260: loss : 0.18920835852622986
2019-01-29 14:35:12,481 - INFO: 8280: loss : 0.21292993426322937
2019-01-29 14:35:16,644 - INFO: 8300: loss : 0.2711530327796936
2019-01-29 14:35:20,773 - INFO: 8320: loss : 0.280647337436676
2019-01-29 14:35:24,944 - INFO: 8340: loss : 0.24182073771953583
2019-01-29 14:35:29,061 - INFO: 8360: loss : 0.22010616958141327
2019-01-29 14:35:33,237 - INFO: 8380: loss : 0.22734230756759644
2019-01-29 14:35:37,389 - INFO: 8400: loss : 0.24073469638824463
2019-01-29 14:35:41,539 - INFO: 8420: loss : 0.29716095328330994
2019-01-29 14:35:45,697 - INFO: 8440: loss : 0.20226359367370605
2019-01-29 14:35:49,863 - INFO: 8460: loss : 0.2506946325302124
2019-01-29 14:35:54,062 - INFO: 8480: loss : 0.26004284620285034
2019-01-29 14:35:58,208 - INFO: 8500: loss : 0.19469505548477173
2019-01-29 14:36:02,357 - INFO: 8520: loss : 0.19332218170166016
2019-01-29 14:36:06,519 - INFO: 8540: loss : 0.1900661587715149
2019-01-29 14:36:10,620 - INFO: 8560: loss : 0.19614890217781067
2019-01-29 14:36:14,734 - INFO: 8580: loss : 0.2334894984960556
2019-01-29 14:36:18,912 - INFO: 8600: loss : 0.19827471673488617
2019-01-29 14:36:23,066 - INFO: 8620: loss : 0.2415047138929367
2019-01-29 14:36:27,194 - INFO: 8640: loss : 0.2665976881980896
2019-01-29 14:36:31,356 - INFO: 8660: loss : 0.18997950851917267
2019-01-29 14:36:35,501 - INFO: 8680: loss : 0.23815464973449707
2019-01-29 14:36:39,669 - INFO: 8700: loss : 0.19974079728126526
2019-01-29 14:36:43,815 - INFO: 8720: loss : 0.30672237277030945
2019-01-29 14:36:47,956 - INFO: 8740: loss : 0.2281920164823532
2019-01-29 14:36:52,096 - INFO: 8760: loss : 0.2024586945772171
2019-01-29 14:36:56,216 - INFO: 8780: loss : 0.21169234812259674
2019-01-29 14:37:00,363 - INFO: 8800: loss : 0.229403555393219
2019-01-29 14:37:04,504 - INFO: 8820: loss : 0.2310616374015808
2019-01-29 14:37:08,582 - INFO: 8840: loss : 0.2536119222640991
2019-01-29 14:37:12,720 - INFO: 8860: loss : 0.2346341609954834
2019-01-29 14:37:16,859 - INFO: 8880: loss : 0.28608107566833496
2019-01-29 14:37:21,023 - INFO: 8900: loss : 0.22270408272743225
2019-01-29 14:37:25,138 - INFO: 8920: loss : 0.2360190898180008
2019-01-29 14:37:29,259 - INFO: 8940: loss : 0.22608934342861176
2019-01-29 14:37:33,366 - INFO: 8960: loss : 0.2283937633037567
2019-01-29 14:37:37,472 - INFO: 8980: loss : 0.22884568572044373
2019-01-29 14:37:41,611 - INFO: 9000: loss : 0.26993027329444885
2019-01-29 14:37:45,801 - INFO: 9020: loss : 0.23287108540534973
2019-01-29 14:37:49,957 - INFO: 9040: loss : 0.21028031408786774
2019-01-29 14:37:54,077 - INFO: 9060: loss : 0.20979219675064087
2019-01-29 14:37:58,228 - INFO: 9080: loss : 0.25839704275131226
2019-01-29 14:38:02,388 - INFO: 9100: loss : 0.250581294298172
2019-01-29 14:38:06,608 - INFO: 9120: loss : 0.23338571190834045
2019-01-29 14:38:10,723 - INFO: 9140: loss : 0.2710873484611511
2019-01-29 14:38:14,906 - INFO: 9160: loss : 0.3462101221084595
2019-01-29 14:38:19,043 - INFO: 9180: loss : 0.25838223099708557
2019-01-29 14:38:23,206 - INFO: 9200: loss : 0.22101333737373352
2019-01-29 14:38:27,354 - INFO: 9220: loss : 0.19686050713062286
2019-01-29 14:38:31,503 - INFO: 9240: loss : 0.1995268613100052
2019-01-29 14:38:35,672 - INFO: 9260: loss : 0.2940711975097656
2019-01-29 14:38:39,786 - INFO: 9280: loss : 0.24271225929260254
2019-01-29 14:38:43,925 - INFO: 9300: loss : 0.19405293464660645
2019-01-29 14:38:48,062 - INFO: 9320: loss : 0.23103991150856018
2019-01-29 14:38:52,119 - INFO: 9340: loss : 0.24144312739372253
2019-01-29 14:38:56,307 - INFO: 9360: loss : 0.19234460592269897
2019-01-29 14:39:00,466 - INFO: 9380: loss : 0.26164406538009644
2019-01-29 14:39:04,621 - INFO: 9400: loss : 0.2114068865776062
2019-01-29 14:39:08,771 - INFO: 9420: loss : 0.22898048162460327
2019-01-29 14:39:12,907 - INFO: 9440: loss : 0.284872442483902
2019-01-29 14:39:17,050 - INFO: 9460: loss : 0.26004400849342346
2019-01-29 14:39:21,199 - INFO: 9480: loss : 0.20237889885902405
2019-01-29 14:39:25,325 - INFO: 9500: loss : 0.23012609779834747
2019-01-29 14:39:29,461 - INFO: 9520: loss : 0.2522624731063843
2019-01-29 14:39:33,628 - INFO: 9540: loss : 0.1981431245803833
2019-01-29 14:39:37,791 - INFO: 9560: loss : 0.24090665578842163
2019-01-29 14:39:41,931 - INFO: 9580: loss : 0.18038281798362732
2019-01-29 14:39:46,051 - INFO: 9600: loss : 0.24561697244644165
2019-01-29 14:39:50,199 - INFO: 9620: loss : 0.29463860392570496
2019-01-29 14:39:54,329 - INFO: 9640: loss : 0.2296854555606842
2019-01-29 14:39:58,497 - INFO: 9660: loss : 0.2561729848384857
2019-01-29 14:40:02,661 - INFO: 9680: loss : 0.18977415561676025
2019-01-29 14:40:06,789 - INFO: 9700: loss : 0.21907715499401093
2019-01-29 14:40:10,958 - INFO: 9720: loss : 0.1929762214422226
2019-01-29 14:40:15,140 - INFO: 9740: loss : 0.19639357924461365
2019-01-29 14:40:19,295 - INFO: 9760: loss : 0.18904510140419006
2019-01-29 14:40:23,362 - INFO: 9780: loss : 0.19154822826385498
2019-01-29 14:40:27,480 - INFO: 9800: loss : 0.2405439019203186
2019-01-29 14:40:31,620 - INFO: 9820: loss : 0.24139000475406647
2019-01-29 14:40:35,761 - INFO: 9840: loss : 0.2214786261320114
2019-01-29 14:40:39,912 - INFO: 9860: loss : 0.2175397425889969
2019-01-29 14:40:44,050 - INFO: 9880: loss : 0.20640571415424347
2019-01-29 14:40:48,182 - INFO: 9900: loss : 0.18977034091949463
2019-01-29 14:40:52,341 - INFO: 9920: loss : 0.2128177285194397
2019-01-29 14:40:56,466 - INFO: 9940: loss : 0.1955476999282837
2019-01-29 14:41:00,628 - INFO: 9960: loss : 0.21191319823265076
2019-01-29 14:41:04,791 - INFO: 9980: loss : 0.21105526387691498
2019-01-29 14:41:08,918 - INFO: 10000: loss : 0.19313299655914307
2019-01-29 14:41:13,133 - INFO: 10020: loss : 0.21814268827438354
2019-01-29 14:41:17,266 - INFO: 10040: loss : 0.22971531748771667
2019-01-29 14:41:21,392 - INFO: 10060: loss : 0.20567332208156586
2019-01-29 14:41:25,589 - INFO: 10080: loss : 0.22158636152744293
2019-01-29 14:41:29,710 - INFO: 10100: loss : 0.18553964793682098
2019-01-29 14:41:33,835 - INFO: 10120: loss : 0.19858163595199585
2019-01-29 14:41:37,986 - INFO: 10140: loss : 0.22460341453552246
2019-01-29 14:41:42,155 - INFO: 10160: loss : 0.21023066341876984
2019-01-29 14:41:46,279 - INFO: 10180: loss : 0.2285647988319397
2019-01-29 14:41:50,408 - INFO: 10200: loss : 0.2134546935558319
2019-01-29 14:41:54,551 - INFO: 10220: loss : 0.20163565874099731
2019-01-29 14:41:58,692 - INFO: 10240: loss : 0.24700596928596497
2019-01-29 14:42:02,838 - INFO: 10260: loss : 0.22537563741207123
2019-01-29 14:42:07,006 - INFO: 10280: loss : 0.20166710019111633
2019-01-29 14:42:11,189 - INFO: 10300: loss : 0.2377331256866455
2019-01-29 14:42:15,363 - INFO: 10320: loss : 0.21555070579051971
2019-01-29 14:42:19,488 - INFO: 10340: loss : 0.23655402660369873
2019-01-29 14:42:23,653 - INFO: 10360: loss : 0.2537703514099121
2019-01-29 14:42:27,857 - INFO: 10380: loss : 0.251336008310318
2019-01-29 14:42:31,986 - INFO: 10400: loss : 0.20798346400260925
2019-01-29 14:42:36,151 - INFO: 10420: loss : 0.3011479377746582
2019-01-29 14:42:40,289 - INFO: 10440: loss : 0.24744488298892975
2019-01-29 14:42:44,454 - INFO: 10460: loss : 0.21401408314704895
2019-01-29 14:42:48,631 - INFO: 10480: loss : 0.2238622009754181
2019-01-29 14:42:52,807 - INFO: 10500: loss : 0.2263665646314621
2019-01-29 14:42:56,951 - INFO: 10520: loss : 0.23431187868118286
2019-01-29 14:43:01,126 - INFO: 10540: loss : 0.21091917157173157
2019-01-29 14:43:05,223 - INFO: 10560: loss : 0.22295957803726196
2019-01-29 14:43:09,381 - INFO: 10580: loss : 0.217879518866539
2019-01-29 14:43:13,545 - INFO: 10600: loss : 0.23152443766593933
2019-01-29 14:43:17,702 - INFO: 10620: loss : 0.27613574266433716
2019-01-29 14:43:21,865 - INFO: 10640: loss : 0.21910390257835388
2019-01-29 14:43:25,971 - INFO: 10660: loss : 0.2709997594356537
2019-01-29 14:43:30,123 - INFO: 10680: loss : 0.227586567401886
2019-01-29 14:43:34,305 - INFO: 10700: loss : 0.22417239844799042
2019-01-29 14:43:38,470 - INFO: 10720: loss : 0.19391420483589172
2019-01-29 14:43:42,578 - INFO: 10740: loss : 0.21187138557434082
2019-01-29 14:43:46,703 - INFO: 10760: loss : 0.22655507922172546
2019-01-29 14:43:50,875 - INFO: 10780: loss : 0.24263954162597656
2019-01-29 14:43:55,041 - INFO: 10800: loss : 0.18177136778831482
2019-01-29 14:43:59,225 - INFO: 10820: loss : 0.18713155388832092
2019-01-29 14:44:03,397 - INFO: 10840: loss : 0.3221215009689331
2019-01-29 14:44:07,567 - INFO: 10860: loss : 0.23229745030403137
2019-01-29 14:44:11,751 - INFO: 10880: loss : 0.19585411250591278
2019-01-29 14:44:15,927 - INFO: 10900: loss : 0.1879948526620865
2019-01-29 14:44:20,067 - INFO: 10920: loss : 0.2698751986026764
2019-01-29 14:44:24,053 - INFO: 10940: loss : 0.23815855383872986
2019-01-29 14:44:28,168 - INFO: 10960: loss : 0.20863738656044006
2019-01-29 14:44:32,292 - INFO: 10980: loss : 0.19737161695957184
2019-01-29 14:44:36,416 - INFO: 11000: loss : 0.18501901626586914
2019-01-29 14:44:40,593 - INFO: 11020: loss : 0.22152024507522583
2019-01-29 14:44:44,730 - INFO: 11040: loss : 0.21287113428115845
2019-01-29 14:44:48,866 - INFO: 11060: loss : 0.2251780927181244
2019-01-29 14:44:52,993 - INFO: 11080: loss : 0.25016456842422485
2019-01-29 14:44:57,117 - INFO: 11100: loss : 0.21006694436073303
2019-01-29 14:45:01,259 - INFO: 11120: loss : 0.28016313910484314
2019-01-29 14:45:05,419 - INFO: 11140: loss : 0.2741525173187256
2019-01-29 14:45:09,584 - INFO: 11160: loss : 0.29206013679504395
2019-01-29 14:45:13,644 - INFO: 11180: loss : 0.22289671003818512
2019-01-29 14:45:17,725 - INFO: 11200: loss : 0.23576456308364868
2019-01-29 14:45:21,825 - INFO: 11220: loss : 0.28071433305740356
2019-01-29 14:45:25,975 - INFO: 11240: loss : 0.17552536725997925
2019-01-29 14:45:30,135 - INFO: 11260: loss : 0.27882808446884155
2019-01-29 14:45:34,230 - INFO: 11280: loss : 0.20147286355495453
2019-01-29 14:45:38,367 - INFO: 11300: loss : 0.22581607103347778
2019-01-29 14:45:42,501 - INFO: 11320: loss : 0.19739997386932373
2019-01-29 14:45:46,664 - INFO: 11340: loss : 0.23536550998687744
2019-01-29 14:45:50,773 - INFO: 11360: loss : 0.19891920685768127
2019-01-29 14:45:54,915 - INFO: 11380: loss : 0.21093428134918213
2019-01-29 14:45:59,061 - INFO: 11400: loss : 0.2133825570344925
2019-01-29 14:46:03,207 - INFO: 11420: loss : 0.19763065874576569
2019-01-29 14:46:07,243 - INFO: 11440: loss : 0.2516978085041046
2019-01-29 14:46:11,385 - INFO: 11460: loss : 0.3053678870201111
2019-01-29 14:46:15,325 - INFO: 11480: loss : 0.26272574067115784
2019-01-29 14:46:19,482 - INFO: 11500: loss : 0.2306704968214035
2019-01-29 14:46:23,598 - INFO: 11520: loss : 0.28904345631599426
2019-01-29 14:46:27,723 - INFO: 11540: loss : 0.214471697807312
2019-01-29 14:46:31,871 - INFO: 11560: loss : 0.1981746405363083
2019-01-29 14:46:36,043 - INFO: 11580: loss : 0.2182014286518097
2019-01-29 14:46:40,195 - INFO: 11600: loss : 0.20772051811218262
2019-01-29 14:46:44,340 - INFO: 11620: loss : 0.20686009526252747
2019-01-29 14:46:48,482 - INFO: 11640: loss : 0.18911254405975342
2019-01-29 14:46:52,643 - INFO: 11660: loss : 0.18569400906562805
2019-01-29 14:46:56,781 - INFO: 11680: loss : 0.21429048478603363
2019-01-29 14:47:00,963 - INFO: 11700: loss : 0.2520729601383209
2019-01-29 14:47:05,071 - INFO: 11720: loss : 0.253813236951828
2019-01-29 14:47:09,211 - INFO: 11740: loss : 0.3073175549507141
2019-01-29 14:47:13,343 - INFO: 11760: loss : 0.2069915384054184
2019-01-29 14:47:17,460 - INFO: 11780: loss : 0.18260440230369568
2019-01-29 14:47:21,641 - INFO: 11800: loss : 0.22834432125091553
2019-01-29 14:47:25,780 - INFO: 11820: loss : 0.19021719694137573
2019-01-29 14:47:29,923 - INFO: 11840: loss : 0.2571367025375366
2019-01-29 14:47:34,067 - INFO: 11860: loss : 0.25980865955352783
2019-01-29 14:47:38,246 - INFO: 11880: loss : 0.2228955775499344
2019-01-29 14:47:42,392 - INFO: 11900: loss : 0.2154625505208969
2019-01-29 14:47:46,514 - INFO: 11920: loss : 0.19956684112548828
2019-01-29 14:47:50,560 - INFO: 11940: loss : 0.19440053403377533
2019-01-29 14:47:54,667 - INFO: 11960: loss : 0.20280888676643372
2019-01-29 14:47:58,772 - INFO: 11980: loss : 0.32005220651626587
2019-01-29 14:48:02,919 - INFO: 12000: loss : 0.3213618993759155
2019-01-29 14:48:07,093 - INFO: 12020: loss : 0.20676714181900024
2019-01-29 14:48:11,244 - INFO: 12040: loss : 0.19682955741882324
2019-01-29 14:48:15,414 - INFO: 12060: loss : 0.22638946771621704
2019-01-29 14:48:19,543 - INFO: 12080: loss : 0.2589597702026367
2019-01-29 14:48:23,679 - INFO: 12100: loss : 0.19721993803977966
2019-01-29 14:48:27,822 - INFO: 12120: loss : 0.21684208512306213
2019-01-29 14:48:31,930 - INFO: 12140: loss : 0.1895635426044464
2019-01-29 14:48:36,003 - INFO: 12160: loss : 0.24542340636253357
2019-01-29 14:48:40,156 - INFO: 12180: loss : 0.25153854489326477
2019-01-29 14:48:44,325 - INFO: 12200: loss : 0.21642747521400452
2019-01-29 14:48:48,499 - INFO: 12220: loss : 0.3018037974834442
2019-01-29 14:48:52,668 - INFO: 12240: loss : 0.1964585781097412
2019-01-29 14:48:56,820 - INFO: 12260: loss : 0.20978856086730957
2019-01-29 14:49:00,987 - INFO: 12280: loss : 0.2250211089849472
2019-01-29 14:49:05,160 - INFO: 12300: loss : 0.1828242540359497
2019-01-29 14:49:09,349 - INFO: 12320: loss : 0.25562676787376404
2019-01-29 14:49:13,537 - INFO: 12340: loss : 0.2997523844242096
2019-01-29 14:49:17,721 - INFO: 12360: loss : 0.2584981322288513
2019-01-29 14:49:21,903 - INFO: 12380: loss : 0.26939499378204346
2019-01-29 14:49:26,026 - INFO: 12400: loss : 0.19001415371894836
2019-01-29 14:49:30,204 - INFO: 12420: loss : 0.28547191619873047
2019-01-29 14:49:34,311 - INFO: 12440: loss : 0.2475135177373886
2019-01-29 14:49:38,459 - INFO: 12460: loss : 0.2520277202129364
2019-01-29 14:49:42,618 - INFO: 12480: loss : 0.19920256733894348
2019-01-29 14:49:46,725 - INFO: 12500: loss : 0.25148025155067444
2019-01-29 14:49:50,858 - INFO: 12520: loss : 0.18670503795146942
2019-01-29 14:49:55,046 - INFO: 12540: loss : 0.22396868467330933
2019-01-29 14:49:59,183 - INFO: 12560: loss : 0.2300359010696411
2019-01-29 14:50:03,351 - INFO: 12580: loss : 0.2858197093009949
2019-01-29 14:50:07,514 - INFO: 12600: loss : 0.21681594848632812
2019-01-29 14:50:11,683 - INFO: 12620: loss : 0.21360693871974945
2019-01-29 14:50:15,829 - INFO: 12640: loss : 0.22554150223731995
2019-01-29 14:50:19,960 - INFO: 12660: loss : 0.210382342338562
2019-01-29 14:50:24,098 - INFO: 12680: loss : 0.18906497955322266
2019-01-29 14:50:28,211 - INFO: 12700: loss : 0.23486125469207764
2019-01-29 14:50:32,342 - INFO: 12720: loss : 0.2238369733095169
2019-01-29 14:50:36,490 - INFO: 12740: loss : 0.18507908284664154
2019-01-29 14:50:40,632 - INFO: 12760: loss : 0.22458124160766602
2019-01-29 14:50:44,786 - INFO: 12780: loss : 0.23960791528224945
2019-01-29 14:50:48,946 - INFO: 12800: loss : 0.1975722461938858
2019-01-29 14:50:53,136 - INFO: 12820: loss : 0.18562176823616028
2019-01-29 14:50:57,310 - INFO: 12840: loss : 0.23194611072540283
2019-01-29 14:51:01,431 - INFO: 12860: loss : 0.24972978234291077
2019-01-29 14:51:05,541 - INFO: 12880: loss : 0.28320735692977905
2019-01-29 14:51:09,727 - INFO: 12900: loss : 0.19031311571598053
2019-01-29 14:51:13,869 - INFO: 12920: loss : 0.19037485122680664
2019-01-29 14:51:18,027 - INFO: 12940: loss : 0.23400647938251495
2019-01-29 14:51:22,199 - INFO: 12960: loss : 0.18793991208076477
2019-01-29 14:51:26,352 - INFO: 12980: loss : 0.2210298478603363
2019-01-29 14:51:30,552 - INFO: 13000: loss : 0.1816544532775879
2019-01-29 14:51:34,730 - INFO: 13020: loss : 0.17837408185005188
2019-01-29 14:51:38,870 - INFO: 13040: loss : 0.2896295189857483
2019-01-29 14:51:43,050 - INFO: 13060: loss : 0.30202922224998474
2019-01-29 14:51:47,196 - INFO: 13080: loss : 0.19196292757987976
2019-01-29 14:51:51,353 - INFO: 13100: loss : 0.19244951009750366
2019-01-29 14:51:55,509 - INFO: 13120: loss : 0.24040544033050537
2019-01-29 14:51:59,657 - INFO: 13140: loss : 0.19525620341300964
2019-01-29 14:52:03,686 - INFO: 13160: loss : 0.24655108153820038
2019-01-29 14:52:07,848 - INFO: 13180: loss : 0.18527810275554657
2019-01-29 14:52:11,969 - INFO: 13200: loss : 0.20290322601795197
2019-01-29 14:52:16,108 - INFO: 13220: loss : 0.21352699398994446
2019-01-29 14:52:20,260 - INFO: 13240: loss : 0.21130573749542236
2019-01-29 14:52:24,411 - INFO: 13260: loss : 0.18414539098739624
2019-01-29 14:52:28,569 - INFO: 13280: loss : 0.1962808519601822
2019-01-29 14:52:32,700 - INFO: 13300: loss : 0.22146697342395782
2019-01-29 14:52:36,729 - INFO: 13320: loss : 0.18904849886894226
2019-01-29 14:52:40,844 - INFO: 13340: loss : 0.19989940524101257
2019-01-29 14:52:44,991 - INFO: 13360: loss : 0.18341517448425293
2019-01-29 14:52:49,145 - INFO: 13380: loss : 0.1994529366493225
2019-01-29 14:52:53,350 - INFO: 13400: loss : 0.2365114688873291
2019-01-29 14:52:57,519 - INFO: 13420: loss : 0.2197345644235611
2019-01-29 14:53:01,415 - INFO: 13440: loss : 0.19236519932746887
2019-01-29 14:53:05,562 - INFO: 13460: loss : 0.23957838118076324
2019-01-29 14:53:09,724 - INFO: 13480: loss : 0.20993831753730774
2019-01-29 14:53:13,867 - INFO: 13500: loss : 0.190614253282547
2019-01-29 14:53:18,021 - INFO: 13520: loss : 0.20097148418426514
2019-01-29 14:53:22,121 - INFO: 13540: loss : 0.1872897446155548
2019-01-29 14:53:26,257 - INFO: 13560: loss : 0.19043809175491333
2019-01-29 14:53:30,408 - INFO: 13580: loss : 0.2603202164173126
2019-01-29 14:53:34,547 - INFO: 13600: loss : 0.252425879240036
2019-01-29 14:53:38,662 - INFO: 13620: loss : 0.24019469320774078
2019-01-29 14:53:42,787 - INFO: 13640: loss : 0.20026211440563202
2019-01-29 14:53:46,877 - INFO: 13660: loss : 0.19381649792194366
2019-01-29 14:53:51,019 - INFO: 13680: loss : 0.19495952129364014
2019-01-29 14:53:55,199 - INFO: 13700: loss : 0.24232468008995056
2019-01-29 14:53:59,337 - INFO: 13720: loss : 0.2209755778312683
2019-01-29 14:54:03,457 - INFO: 13740: loss : 0.2568182051181793
2019-01-29 14:54:07,568 - INFO: 13760: loss : 0.20487871766090393
2019-01-29 14:54:11,723 - INFO: 13780: loss : 0.21580037474632263
2019-01-29 14:54:15,872 - INFO: 13800: loss : 0.20217333734035492
2019-01-29 14:54:20,022 - INFO: 13820: loss : 0.2206304371356964
2019-01-29 14:54:24,166 - INFO: 13840: loss : 0.2244444340467453
2019-01-29 14:54:28,321 - INFO: 13860: loss : 0.1977262794971466
2019-01-29 14:54:32,487 - INFO: 13880: loss : 0.18761314451694489
2019-01-29 14:54:36,599 - INFO: 13900: loss : 0.18806937336921692
2019-01-29 14:54:40,676 - INFO: 13920: loss : 0.20494034886360168
2019-01-29 14:54:44,729 - INFO: 13940: loss : 0.18774747848510742
2019-01-29 14:54:48,873 - INFO: 13960: loss : 0.23424428701400757
2019-01-29 14:54:53,014 - INFO: 13980: loss : 0.18996456265449524
2019-01-29 14:54:57,190 - INFO: 14000: loss : 0.21609845757484436
2019-01-29 14:55:01,406 - INFO: 14020: loss : 0.20433060824871063
2019-01-29 14:55:05,575 - INFO: 14040: loss : 0.2692805230617523
2019-01-29 14:55:09,717 - INFO: 14060: loss : 0.19028712809085846
2019-01-29 14:55:13,848 - INFO: 14080: loss : 0.21008183062076569
2019-01-29 14:55:18,019 - INFO: 14100: loss : 0.183648020029068
2019-01-29 14:55:22,198 - INFO: 14120: loss : 0.19232338666915894
2019-01-29 14:55:26,349 - INFO: 14140: loss : 0.2247695028781891
2019-01-29 14:55:30,471 - INFO: 14160: loss : 0.2017957717180252
2019-01-29 14:55:34,629 - INFO: 14180: loss : 0.19470585882663727
2019-01-29 14:55:38,786 - INFO: 14200: loss : 0.19792835414409637
2019-01-29 14:55:42,948 - INFO: 14220: loss : 0.18014754354953766
2019-01-29 14:55:47,104 - INFO: 14240: loss : 0.2446208894252777
2019-01-29 14:55:51,300 - INFO: 14260: loss : 0.2694219946861267
2019-01-29 14:55:55,454 - INFO: 14280: loss : 0.17994622886180878
2019-01-29 14:55:59,572 - INFO: 14300: loss : 0.19382479786872864
2019-01-29 14:56:03,721 - INFO: 14320: loss : 0.1903940588235855
2019-01-29 14:56:07,853 - INFO: 14340: loss : 0.17833268642425537
2019-01-29 14:56:12,007 - INFO: 14360: loss : 0.23416092991828918
2019-01-29 14:56:16,163 - INFO: 14380: loss : 0.23726758360862732
2019-01-29 14:56:20,303 - INFO: 14400: loss : 0.19573168456554413
2019-01-29 14:56:24,387 - INFO: 14420: loss : 0.19118326902389526
2019-01-29 14:56:28,522 - INFO: 14440: loss : 0.18299396336078644
2019-01-29 14:56:32,711 - INFO: 14460: loss : 0.213312566280365
2019-01-29 14:56:36,860 - INFO: 14480: loss : 0.20106090605258942
2019-01-29 14:56:41,006 - INFO: 14500: loss : 0.24289368093013763
2019-01-29 14:56:45,175 - INFO: 14520: loss : 0.2019791305065155
2019-01-29 14:56:49,328 - INFO: 14540: loss : 0.254078209400177
2019-01-29 14:56:53,468 - INFO: 14560: loss : 0.33892112970352173
2019-01-29 14:56:57,615 - INFO: 14580: loss : 0.19845980405807495
2019-01-29 14:57:01,743 - INFO: 14600: loss : 0.28583723306655884
2019-01-29 14:57:05,890 - INFO: 14620: loss : 0.23079755902290344
2019-01-29 14:57:10,023 - INFO: 14640: loss : 0.21076534688472748
2019-01-29 14:57:14,140 - INFO: 14660: loss : 0.1774076223373413
2019-01-29 14:57:18,263 - INFO: 14680: loss : 0.27061915397644043
2019-01-29 14:57:22,419 - INFO: 14700: loss : 0.19161340594291687
2019-01-29 14:57:26,583 - INFO: 14720: loss : 0.1884303241968155
2019-01-29 14:57:30,726 - INFO: 14740: loss : 0.2691296339035034
2019-01-29 14:57:34,872 - INFO: 14760: loss : 0.25948312878608704
2019-01-29 14:57:39,035 - INFO: 14780: loss : 0.18943551182746887
2019-01-29 14:57:43,193 - INFO: 14800: loss : 0.18040232360363007
2019-01-29 14:57:47,360 - INFO: 14820: loss : 0.23253951966762543
2019-01-29 14:57:51,534 - INFO: 14840: loss : 0.1911962479352951
2019-01-29 14:57:55,655 - INFO: 14860: loss : 0.17941638827323914
2019-01-29 14:57:59,814 - INFO: 14880: loss : 0.22275075316429138
2019-01-29 14:58:03,983 - INFO: 14900: loss : 0.21036939322948456
2019-01-29 14:58:08,145 - INFO: 14920: loss : 0.17017579078674316
2019-01-29 14:58:12,271 - INFO: 14940: loss : 0.18797755241394043
2019-01-29 14:58:16,428 - INFO: 14960: loss : 0.3062635362148285
2019-01-29 14:58:20,572 - INFO: 14980: loss : 0.18931207060813904
2019-01-29 14:58:24,763 - INFO: 15000: loss : 0.2449510395526886
2019-01-29 14:58:28,967 - INFO: 15020: loss : 0.254779577255249
2019-01-29 14:58:33,118 - INFO: 15040: loss : 0.18973927199840546
2019-01-29 14:58:37,252 - INFO: 15060: loss : 0.23533742129802704
2019-01-29 14:58:41,399 - INFO: 15080: loss : 0.22053936123847961
2019-01-29 14:58:45,490 - INFO: 15100: loss : 0.21159274876117706
2019-01-29 14:58:49,596 - INFO: 15120: loss : 0.2077576220035553
2019-01-29 14:58:53,785 - INFO: 15140: loss : 0.18762598931789398
2019-01-29 14:58:57,937 - INFO: 15160: loss : 0.19321084022521973
2019-01-29 14:59:02,096 - INFO: 15180: loss : 0.1846913844347
2019-01-29 14:59:06,216 - INFO: 15200: loss : 0.21499678492546082
2019-01-29 14:59:10,377 - INFO: 15220: loss : 0.19113054871559143
2019-01-29 14:59:14,533 - INFO: 15240: loss : 0.2491033375263214
2019-01-29 14:59:18,679 - INFO: 15260: loss : 0.17457996308803558
2019-01-29 14:59:22,786 - INFO: 15280: loss : 0.21356303989887238
2019-01-29 14:59:26,909 - INFO: 15300: loss : 0.17437613010406494
2019-01-29 14:59:31,049 - INFO: 15320: loss : 0.2477525770664215
2019-01-29 14:59:35,175 - INFO: 15340: loss : 0.26507318019866943
2019-01-29 14:59:39,327 - INFO: 15360: loss : 0.2606697380542755
2019-01-29 14:59:43,423 - INFO: 15380: loss : 0.2487538754940033
2019-01-29 14:59:47,580 - INFO: 15400: loss : 0.22044701874256134
2019-01-29 14:59:51,715 - INFO: 15420: loss : 0.2366710603237152
2019-01-29 14:59:55,798 - INFO: 15440: loss : 0.17629465460777283
2019-01-29 14:59:59,997 - INFO: 15460: loss : 0.18456214666366577
2019-01-29 15:00:04,174 - INFO: 15480: loss : 0.1790643334388733
2019-01-29 15:00:08,297 - INFO: 15500: loss : 0.22814619541168213
2019-01-29 15:00:12,446 - INFO: 15520: loss : 0.18716062605381012
2019-01-29 15:00:16,613 - INFO: 15540: loss : 0.20838876068592072
2019-01-29 15:00:20,758 - INFO: 15560: loss : 0.18574662506580353
2019-01-29 15:00:24,930 - INFO: 15580: loss : 0.21442367136478424
2019-01-29 15:00:29,073 - INFO: 15600: loss : 0.22203068435192108
2019-01-29 15:00:33,248 - INFO: 15620: loss : 0.18990135192871094
2019-01-29 15:00:37,361 - INFO: 15640: loss : 0.18275558948516846
2019-01-29 15:00:41,553 - INFO: 15660: loss : 0.1750098317861557
2019-01-29 15:00:45,717 - INFO: 15680: loss : 0.17369145154953003
2019-01-29 15:00:49,850 - INFO: 15700: loss : 0.2240922749042511
2019-01-29 15:00:54,005 - INFO: 15720: loss : 0.20750869810581207
2019-01-29 15:00:58,146 - INFO: 15740: loss : 0.22038790583610535
2019-01-29 15:01:02,299 - INFO: 15760: loss : 0.18956154584884644
2019-01-29 15:01:06,452 - INFO: 15780: loss : 0.21992847323417664
2019-01-29 15:01:10,627 - INFO: 15800: loss : 0.18147966265678406
2019-01-29 15:01:14,742 - INFO: 15820: loss : 0.25301164388656616
2019-01-29 15:01:18,870 - INFO: 15840: loss : 0.22413301467895508
2019-01-29 15:01:22,994 - INFO: 15860: loss : 0.2112402319908142
2019-01-29 15:01:27,143 - INFO: 15880: loss : 0.2105821818113327
2019-01-29 15:01:31,269 - INFO: 15900: loss : 0.24122072756290436
2019-01-29 15:01:35,351 - INFO: 15920: loss : 0.2699105143547058
2019-01-29 15:01:39,488 - INFO: 15940: loss : 0.19485804438591003
2019-01-29 15:01:43,669 - INFO: 15960: loss : 0.254239022731781
2019-01-29 15:01:47,803 - INFO: 15980: loss : 0.18695798516273499
2019-01-29 15:01:51,928 - INFO: 16000: loss : 0.21988260746002197
2019-01-29 15:01:56,104 - INFO: 16020: loss : 0.20508448779582977
2019-01-29 15:02:00,221 - INFO: 16040: loss : 0.1751563996076584
2019-01-29 15:02:04,344 - INFO: 16060: loss : 0.20680394768714905
2019-01-29 15:02:08,536 - INFO: 16080: loss : 0.23548123240470886
2019-01-29 15:02:12,704 - INFO: 16100: loss : 0.19002467393875122
2019-01-29 15:02:16,872 - INFO: 16120: loss : 0.18716959655284882
2019-01-29 15:02:20,993 - INFO: 16140: loss : 0.21600674092769623
2019-01-29 15:02:25,174 - INFO: 16160: loss : 0.20520223677158356
2019-01-29 15:02:29,302 - INFO: 16180: loss : 0.2353488951921463
2019-01-29 15:02:33,467 - INFO: 16200: loss : 0.24619995057582855
2019-01-29 15:02:37,593 - INFO: 16220: loss : 0.2256806641817093
2019-01-29 15:02:41,735 - INFO: 16240: loss : 0.18996763229370117
2019-01-29 15:02:45,869 - INFO: 16260: loss : 0.22431296110153198
2019-01-29 15:02:50,021 - INFO: 16280: loss : 0.20502987504005432
2019-01-29 15:02:54,191 - INFO: 16300: loss : 0.21769015491008759
2019-01-29 15:02:58,354 - INFO: 16320: loss : 0.25756990909576416
2019-01-29 15:03:02,537 - INFO: 16340: loss : 0.2067686766386032
2019-01-29 15:03:06,711 - INFO: 16360: loss : 0.1927095651626587
2019-01-29 15:03:10,861 - INFO: 16380: loss : 0.21307748556137085
2019-01-29 15:03:14,993 - INFO: 16400: loss : 0.21482634544372559
2019-01-29 15:03:19,136 - INFO: 16420: loss : 0.22863343358039856
2019-01-29 15:03:23,247 - INFO: 16440: loss : 0.25279316306114197
2019-01-29 15:03:27,435 - INFO: 16460: loss : 0.2901255786418915
2019-01-29 15:03:31,590 - INFO: 16480: loss : 0.2105969935655594
2019-01-29 15:03:35,700 - INFO: 16500: loss : 0.17649655044078827
2019-01-29 15:03:39,884 - INFO: 16520: loss : 0.19975368678569794
2019-01-29 15:03:44,047 - INFO: 16540: loss : 0.19087162613868713
2019-01-29 15:03:48,193 - INFO: 16560: loss : 0.18963100016117096
2019-01-29 15:03:52,373 - INFO: 16580: loss : 0.1930941641330719
2019-01-29 15:03:56,505 - INFO: 16600: loss : 0.18708951771259308
2019-01-29 15:04:00,685 - INFO: 16620: loss : 0.2128119170665741
2019-01-29 15:04:04,833 - INFO: 16640: loss : 0.24660831689834595
2019-01-29 15:04:08,992 - INFO: 16660: loss : 0.18619924783706665
2019-01-29 15:04:13,137 - INFO: 16680: loss : 0.21344822645187378
2019-01-29 15:04:17,268 - INFO: 16700: loss : 0.18255476653575897
2019-01-29 15:04:21,321 - INFO: 16720: loss : 0.175916850566864
2019-01-29 15:04:25,463 - INFO: 16740: loss : 0.17530658841133118
2019-01-29 15:04:29,598 - INFO: 16760: loss : 0.18048933148384094
2019-01-29 15:04:33,754 - INFO: 16780: loss : 0.1680595725774765
2019-01-29 15:04:37,886 - INFO: 16800: loss : 0.2064005434513092
2019-01-29 15:04:42,039 - INFO: 16820: loss : 0.21358086168766022
2019-01-29 15:04:46,218 - INFO: 16840: loss : 0.20210957527160645
2019-01-29 15:04:50,419 - INFO: 16860: loss : 0.19035670161247253
2019-01-29 15:04:54,562 - INFO: 16880: loss : 0.18959884345531464
2019-01-29 15:04:58,690 - INFO: 16900: loss : 0.20444706082344055
2019-01-29 15:05:02,852 - INFO: 16920: loss : 0.216035857796669
2019-01-29 15:05:07,009 - INFO: 16940: loss : 0.2176668345928192
2019-01-29 15:05:11,099 - INFO: 16960: loss : 0.18300248682498932
2019-01-29 15:05:15,208 - INFO: 16980: loss : 0.19372208416461945
2019-01-29 15:05:19,335 - INFO: 17000: loss : 0.25064921379089355
2019-01-29 15:05:23,551 - INFO: 17020: loss : 0.272485613822937
2019-01-29 15:05:27,605 - INFO: 17040: loss : 0.1914592981338501
2019-01-29 15:05:31,748 - INFO: 17060: loss : 0.18455396592617035
2019-01-29 15:05:35,882 - INFO: 17080: loss : 0.21383865177631378
2019-01-29 15:05:40,060 - INFO: 17100: loss : 0.21156388521194458
2019-01-29 15:05:44,214 - INFO: 17120: loss : 0.29032087326049805
2019-01-29 15:05:48,319 - INFO: 17140: loss : 0.17679861187934875
2019-01-29 15:05:52,474 - INFO: 17160: loss : 0.17882166802883148
2019-01-29 15:05:56,641 - INFO: 17180: loss : 0.21536889672279358
2019-01-29 15:06:00,788 - INFO: 17200: loss : 0.26870208978652954
2019-01-29 15:06:04,947 - INFO: 17220: loss : 0.17409422993659973
2019-01-29 15:06:09,098 - INFO: 17240: loss : 0.23419734835624695
2019-01-29 15:06:13,248 - INFO: 17260: loss : 0.23503966629505157
2019-01-29 15:06:17,377 - INFO: 17280: loss : 0.2271663248538971
2019-01-29 15:06:21,471 - INFO: 17300: loss : 0.2851454019546509
2019-01-29 15:06:25,598 - INFO: 17320: loss : 0.23903432488441467
2019-01-29 15:06:29,729 - INFO: 17340: loss : 0.1946699470281601
2019-01-29 15:06:33,850 - INFO: 17360: loss : 0.20699748396873474
2019-01-29 15:06:37,946 - INFO: 17380: loss : 0.17134952545166016
2019-01-29 15:06:42,093 - INFO: 17400: loss : 0.19316744804382324
2019-01-29 15:06:46,248 - INFO: 17420: loss : 0.17381662130355835
2019-01-29 15:06:50,404 - INFO: 17440: loss : 0.20667259395122528
2019-01-29 15:06:54,550 - INFO: 17460: loss : 0.21597634255886078
2019-01-29 15:06:58,700 - INFO: 17480: loss : 0.17150521278381348
2019-01-29 15:07:02,857 - INFO: 17500: loss : 0.2020796835422516
2019-01-29 15:07:07,022 - INFO: 17520: loss : 0.18786297738552094
2019-01-29 15:07:11,169 - INFO: 17540: loss : 0.2222454845905304
2019-01-29 15:07:15,274 - INFO: 17560: loss : 0.18078559637069702
2019-01-29 15:07:19,392 - INFO: 17580: loss : 0.21632647514343262
2019-01-29 15:07:23,469 - INFO: 17600: loss : 0.17421074211597443
2019-01-29 15:07:27,599 - INFO: 17620: loss : 0.2079130858182907
2019-01-29 15:07:31,770 - INFO: 17640: loss : 0.18943750858306885
2019-01-29 15:07:35,909 - INFO: 17660: loss : 0.2159835696220398
2019-01-29 15:07:40,026 - INFO: 17680: loss : 0.22622355818748474
2019-01-29 15:07:44,160 - INFO: 17700: loss : 0.19628503918647766
2019-01-29 15:07:48,296 - INFO: 17720: loss : 0.24673885107040405
2019-01-29 15:07:52,405 - INFO: 17740: loss : 0.20587079226970673
2019-01-29 15:07:56,553 - INFO: 17760: loss : 0.18441078066825867
2019-01-29 15:08:00,734 - INFO: 17780: loss : 0.20977559685707092
2019-01-29 15:08:04,801 - INFO: 17800: loss : 0.20861071348190308
2019-01-29 15:08:08,932 - INFO: 17820: loss : 0.20703287422657013
2019-01-29 15:08:13,103 - INFO: 17840: loss : 0.17750197649002075
2019-01-29 15:08:17,235 - INFO: 17860: loss : 0.17757591605186462
2019-01-29 15:08:21,376 - INFO: 17880: loss : 0.21968171000480652
2019-01-29 15:08:25,510 - INFO: 17900: loss : 0.21916469931602478
2019-01-29 15:08:29,618 - INFO: 17920: loss : 0.2134527862071991
2019-01-29 15:08:33,807 - INFO: 17940: loss : 0.2615857422351837
2019-01-29 15:08:37,966 - INFO: 17960: loss : 0.1971605271100998
2019-01-29 15:08:42,078 - INFO: 17980: loss : 0.21307317912578583
2019-01-29 15:08:46,250 - INFO: 18000: loss : 0.2543463408946991
2019-01-29 15:08:50,422 - INFO: 18020: loss : 0.21938134729862213
2019-01-29 15:08:54,598 - INFO: 18040: loss : 0.18463793396949768
2019-01-29 15:08:58,676 - INFO: 18060: loss : 0.30608758330345154
2019-01-29 15:09:02,863 - INFO: 18080: loss : 0.23997411131858826
2019-01-29 15:09:06,989 - INFO: 18100: loss : 0.22067467868328094
2019-01-29 15:09:11,154 - INFO: 18120: loss : 0.22459068894386292
2019-01-29 15:09:15,307 - INFO: 18140: loss : 0.2419988214969635
2019-01-29 15:09:19,483 - INFO: 18160: loss : 0.18160264194011688
2019-01-29 15:09:23,651 - INFO: 18180: loss : 0.21074354648590088
2019-01-29 15:09:27,833 - INFO: 18200: loss : 0.2591688632965088
2019-01-29 15:09:31,984 - INFO: 18220: loss : 0.2379995584487915
2019-01-29 15:09:36,167 - INFO: 18240: loss : 0.21181410551071167
2019-01-29 15:09:40,275 - INFO: 18260: loss : 0.17334172129631042
2019-01-29 15:09:44,434 - INFO: 18280: loss : 0.2292744517326355
2019-01-29 15:09:48,642 - INFO: 18300: loss : 0.24083338677883148
2019-01-29 15:09:52,809 - INFO: 18320: loss : 0.23754432797431946
2019-01-29 15:09:56,936 - INFO: 18340: loss : 0.23287606239318848
2019-01-29 15:10:01,070 - INFO: 18360: loss : 0.24542182683944702
2019-01-29 15:10:05,219 - INFO: 18380: loss : 0.1783631294965744
2019-01-29 15:10:09,373 - INFO: 18400: loss : 0.23993661999702454
2019-01-29 15:10:13,516 - INFO: 18420: loss : 0.16923367977142334
2019-01-29 15:10:17,661 - INFO: 18440: loss : 0.23201560974121094
2019-01-29 15:10:21,801 - INFO: 18460: loss : 0.20571374893188477
2019-01-29 15:10:25,965 - INFO: 18480: loss : 0.1757112741470337
2019-01-29 15:10:30,122 - INFO: 18500: loss : 0.2398715615272522
2019-01-29 15:10:34,308 - INFO: 18520: loss : 0.1775674968957901
2019-01-29 15:10:38,448 - INFO: 18540: loss : 0.20643065869808197
2019-01-29 15:10:42,606 - INFO: 18560: loss : 0.2492327243089676
2019-01-29 15:10:46,770 - INFO: 18580: loss : 0.23456421494483948
2019-01-29 15:10:50,935 - INFO: 18600: loss : 0.19025260210037231
2019-01-29 15:10:55,088 - INFO: 18620: loss : 0.203388512134552
2019-01-29 15:10:59,208 - INFO: 18640: loss : 0.24317534267902374
2019-01-29 15:11:03,378 - INFO: 18660: loss : 0.2261366844177246
2019-01-29 15:11:07,550 - INFO: 18680: loss : 0.17502978444099426
2019-01-29 15:11:11,682 - INFO: 18700: loss : 0.20445477962493896
2019-01-29 15:11:15,828 - INFO: 18720: loss : 0.23358622193336487
2019-01-29 15:11:19,958 - INFO: 18740: loss : 0.2385571300983429
2019-01-29 15:11:24,027 - INFO: 18760: loss : 0.17515841126441956
2019-01-29 15:11:28,137 - INFO: 18780: loss : 0.21858245134353638
2019-01-29 15:11:32,329 - INFO: 18800: loss : 0.18012113869190216
2019-01-29 15:11:36,437 - INFO: 18820: loss : 0.21270376443862915
2019-01-29 15:11:40,559 - INFO: 18840: loss : 0.20230551064014435
2019-01-29 15:11:44,737 - INFO: 18860: loss : 0.16706952452659607
2019-01-29 15:11:48,881 - INFO: 18880: loss : 0.20876368880271912
2019-01-29 15:11:53,064 - INFO: 18900: loss : 0.20699657499790192
2019-01-29 15:11:57,196 - INFO: 18920: loss : 0.1986537128686905
2019-01-29 15:12:01,337 - INFO: 18940: loss : 0.24903346598148346
2019-01-29 15:12:05,530 - INFO: 18960: loss : 0.22226063907146454
2019-01-29 15:12:09,690 - INFO: 18980: loss : 0.2202383279800415
2019-01-29 15:12:13,809 - INFO: 19000: loss : 0.1739766001701355
2019-01-29 15:12:17,917 - INFO: 19020: loss : 0.24447691440582275
2019-01-29 15:12:22,084 - INFO: 19040: loss : 0.16970759630203247
2019-01-29 15:12:26,150 - INFO: 19060: loss : 0.2111411690711975
2019-01-29 15:12:30,326 - INFO: 19080: loss : 0.20299795269966125
2019-01-29 15:12:34,498 - INFO: 19100: loss : 0.2754662334918976
2019-01-29 15:12:38,662 - INFO: 19120: loss : 0.19988632202148438
2019-01-29 15:12:42,732 - INFO: 19140: loss : 0.17619314789772034
2019-01-29 15:12:46,863 - INFO: 19160: loss : 0.1968165636062622
2019-01-29 15:12:50,989 - INFO: 19180: loss : 0.22972333431243896
2019-01-29 15:12:55,119 - INFO: 19200: loss : 0.18407905101776123
2019-01-29 15:12:59,257 - INFO: 19220: loss : 0.1815769523382187
2019-01-29 15:13:03,430 - INFO: 19240: loss : 0.22303161025047302
2019-01-29 15:13:07,540 - INFO: 19260: loss : 0.20203827321529388
2019-01-29 15:13:11,679 - INFO: 19280: loss : 0.18383023142814636
2019-01-29 15:13:15,847 - INFO: 19300: loss : 0.1889745444059372
2019-01-29 15:13:20,011 - INFO: 19320: loss : 0.24640917778015137
2019-01-29 15:13:24,184 - INFO: 19340: loss : 0.21463555097579956
2019-01-29 15:13:28,350 - INFO: 19360: loss : 0.2564629912376404
2019-01-29 15:13:32,480 - INFO: 19380: loss : 0.2214004397392273
2019-01-29 15:13:36,637 - INFO: 19400: loss : 0.20102383196353912
2019-01-29 15:13:40,804 - INFO: 19420: loss : 0.19398358464241028
2019-01-29 15:13:44,952 - INFO: 19440: loss : 0.2546829581260681
2019-01-29 15:13:49,096 - INFO: 19460: loss : 0.1878087818622589
2019-01-29 15:13:53,257 - INFO: 19480: loss : 0.2323414385318756
2019-01-29 15:13:57,410 - INFO: 19500: loss : 0.18238578736782074
2019-01-29 15:14:01,515 - INFO: 19520: loss : 0.16601873934268951
2019-01-29 15:14:05,710 - INFO: 19540: loss : 0.19739380478858948
2019-01-29 15:14:09,871 - INFO: 19560: loss : 0.2295735776424408
2019-01-29 15:14:14,031 - INFO: 19580: loss : 0.17480219900608063
2019-01-29 15:14:18,154 - INFO: 19600: loss : 0.16786405444145203
2019-01-29 15:14:22,339 - INFO: 19620: loss : 0.216989666223526
2019-01-29 15:14:26,485 - INFO: 19640: loss : 0.2135366052389145
2019-01-29 15:14:30,618 - INFO: 19660: loss : 0.18290403485298157
2019-01-29 15:14:34,763 - INFO: 19680: loss : 0.16801618039608002
2019-01-29 15:14:38,936 - INFO: 19700: loss : 0.1722603440284729
2019-01-29 15:14:43,120 - INFO: 19720: loss : 0.24149346351623535
2019-01-29 15:14:47,273 - INFO: 19740: loss : 0.1896107941865921
2019-01-29 15:14:51,396 - INFO: 19760: loss : 0.20456886291503906
2019-01-29 15:14:55,552 - INFO: 19780: loss : 0.23538844287395477
2019-01-29 15:14:59,698 - INFO: 19800: loss : 0.2389548271894455
2019-01-29 15:15:03,903 - INFO: 19820: loss : 0.17538142204284668
2019-01-29 15:15:08,030 - INFO: 19840: loss : 0.1824939250946045
2019-01-29 15:15:12,192 - INFO: 19860: loss : 0.2680097222328186
2019-01-29 15:15:16,312 - INFO: 19880: loss : 0.22642143070697784
2019-01-29 15:15:20,473 - INFO: 19900: loss : 0.18420684337615967
2019-01-29 15:15:24,536 - INFO: 19920: loss : 0.2382538616657257
2019-01-29 15:15:28,720 - INFO: 19940: loss : 0.22515371441841125
2019-01-29 15:15:32,875 - INFO: 19960: loss : 0.19598770141601562
2019-01-29 15:15:37,046 - INFO: 19980: loss : 0.20691458880901337
