2019-02-02 19:57:09,493 - INFO: model output path model/trained_model_mini/C3D_attn
2019-02-02 19:57:09,694 - INFO: None
2019-02-02 19:57:09,694 - INFO: saving model in model/trained_model_mini/C3D_attn/model.json
2019-02-02 19:57:09,696 - INFO: Iteration started
2019-02-02 19:57:12,217 - INFO: 0: loss : 10.419209480285645
2019-02-02 19:57:12,550 - INFO: 
Validation result
2019-02-02 19:57:12,550 - INFO:   AUC: 0.5956126400032042
2019-02-02 19:57:16,208 - INFO: 20: loss : 6.241077899932861
2019-02-02 19:57:19,875 - INFO: 40: loss : 4.910804748535156
2019-02-02 19:57:23,507 - INFO: 60: loss : 4.092239856719971
2019-02-02 19:57:27,182 - INFO: 80: loss : 3.512481689453125
2019-02-02 19:57:30,854 - INFO: 100: loss : 3.0816497802734375
2019-02-02 19:57:30,931 - INFO: 
Validation result
2019-02-02 19:57:30,931 - INFO:   AUC: 0.5222083521822536
2019-02-02 19:57:34,636 - INFO: 120: loss : 2.769099712371826
2019-02-02 19:57:38,314 - INFO: 140: loss : 2.4898433685302734
2019-02-02 19:57:42,085 - INFO: 160: loss : 2.2449653148651123
2019-02-02 19:57:45,912 - INFO: 180: loss : 2.070542335510254
2019-02-02 19:57:49,692 - INFO: 200: loss : 1.9299007654190063
2019-02-02 19:57:49,770 - INFO: 
Validation result
2019-02-02 19:57:49,771 - INFO:   AUC: 0.35556611731793053
2019-02-02 19:59:31,118 - INFO: model output path model/trained_model_mini/C3D_attn
2019-02-02 19:59:31,282 - INFO: None
2019-02-02 19:59:31,282 - INFO: saving model in model/trained_model_mini/C3D_attn/model.json
2019-02-02 19:59:31,284 - INFO: Iteration started
2019-02-02 19:59:37,299 - INFO: 20: loss : 6.335300922393799
2019-02-02 19:59:41,015 - INFO: 40: loss : 4.950582504272461
2019-02-02 19:59:44,715 - INFO: 60: loss : 4.124939441680908
2019-02-02 19:59:48,405 - INFO: 80: loss : 3.5362796783447266
2019-02-02 19:59:52,136 - INFO: 100: loss : 3.119011640548706
2019-02-02 19:59:55,695 - INFO: 120: loss : 2.7701261043548584
2019-02-02 19:59:59,268 - INFO: 140: loss : 2.4839024543762207
2019-02-02 20:00:02,877 - INFO: 160: loss : 2.2456159591674805
2019-02-02 20:00:06,550 - INFO: 180: loss : 2.074617862701416
2019-02-02 20:00:10,258 - INFO: 200: loss : 1.9184472560882568
2019-02-02 20:00:13,957 - INFO: 220: loss : 1.7486522197723389
2019-02-02 20:00:17,610 - INFO: 240: loss : 1.6547966003417969
2019-02-02 20:00:21,316 - INFO: 260: loss : 1.595323920249939
2019-02-02 20:00:24,914 - INFO: 280: loss : 1.4686976671218872
2019-02-02 20:00:28,572 - INFO: 300: loss : 1.3735628128051758
2019-02-02 20:00:32,286 - INFO: 320: loss : 1.3275585174560547
2019-02-02 20:00:35,894 - INFO: 340: loss : 1.2977650165557861
2019-02-02 20:00:39,578 - INFO: 360: loss : 1.2266075611114502
2019-02-02 20:00:43,306 - INFO: 380: loss : 1.1404749155044556
2019-02-02 20:00:47,028 - INFO: 400: loss : 1.1187193393707275
2019-02-02 20:00:50,719 - INFO: 420: loss : 1.1057088375091553
2019-02-02 20:00:54,398 - INFO: 440: loss : 1.062126636505127
2019-02-02 20:00:58,115 - INFO: 460: loss : 1.0493837594985962
2019-02-02 20:01:01,802 - INFO: 480: loss : 0.9907353520393372
2019-02-02 20:01:05,296 - INFO: 500: loss : 0.9379875063896179
2019-02-02 20:01:08,957 - INFO: 520: loss : 0.9556323289871216
2019-02-02 20:01:12,712 - INFO: 540: loss : 0.8961653709411621
2019-02-02 20:01:16,365 - INFO: 560: loss : 0.9255108833312988
2019-02-02 20:01:20,062 - INFO: 580: loss : 0.8515673279762268
2019-02-02 20:01:23,765 - INFO: 600: loss : 0.859710693359375
2019-02-02 20:01:27,511 - INFO: 620: loss : 0.8283789157867432
2019-02-02 20:01:31,214 - INFO: 640: loss : 0.873386561870575
2019-02-02 20:01:34,956 - INFO: 660: loss : 0.8176895380020142
2019-02-02 20:01:38,613 - INFO: 680: loss : 0.8062760233879089
2019-02-02 20:01:42,213 - INFO: 700: loss : 0.7907336354255676
2019-02-02 20:01:45,916 - INFO: 720: loss : 0.8085678219795227
2019-02-02 20:01:49,631 - INFO: 740: loss : 0.7397292852401733
2019-02-02 20:01:53,379 - INFO: 760: loss : 0.7885071635246277
2019-02-02 20:01:57,153 - INFO: 780: loss : 0.6990673542022705
2019-02-02 20:02:00,885 - INFO: 800: loss : 0.7833244800567627
2019-02-02 20:02:04,640 - INFO: 820: loss : 0.710557222366333
2019-02-02 20:02:08,327 - INFO: 840: loss : 0.7450931072235107
2019-02-02 20:02:12,058 - INFO: 860: loss : 0.6779672503471375
2019-02-02 20:02:15,718 - INFO: 880: loss : 0.7341922521591187
2019-02-02 20:02:19,392 - INFO: 900: loss : 0.7080113887786865
2019-02-02 20:02:23,099 - INFO: 920: loss : 0.6808050870895386
2019-02-02 20:02:26,821 - INFO: 940: loss : 0.7376772165298462
2019-02-02 20:02:30,542 - INFO: 960: loss : 0.665553092956543
2019-02-02 20:02:34,165 - INFO: 980: loss : 0.6679344773292542
2019-02-02 20:02:37,851 - INFO: 1000: loss : 0.6867688894271851
2019-02-02 20:02:41,688 - INFO: 1020: loss : 0.7145784497261047
2019-02-02 20:02:45,305 - INFO: 1040: loss : 0.665071427822113
2019-02-02 20:02:48,966 - INFO: 1060: loss : 0.6862407326698303
2019-02-02 20:02:52,710 - INFO: 1080: loss : 0.6434351205825806
2019-02-02 20:02:56,414 - INFO: 1100: loss : 0.6730991005897522
2019-02-02 20:02:59,986 - INFO: 1120: loss : 0.6616882681846619
2019-02-02 20:03:03,731 - INFO: 1140: loss : 0.6627629995346069
2019-02-02 20:03:07,501 - INFO: 1160: loss : 0.6545226573944092
2019-02-02 20:03:11,211 - INFO: 1180: loss : 0.6646682620048523
2019-02-02 20:03:14,889 - INFO: 1200: loss : 0.6296426057815552
2019-02-02 20:03:18,623 - INFO: 1220: loss : 0.6551112532615662
2019-02-02 20:03:22,300 - INFO: 1240: loss : 0.6055634021759033
2019-02-02 20:03:26,012 - INFO: 1260: loss : 0.5802066922187805
2019-02-02 20:03:29,747 - INFO: 1280: loss : 0.5840100049972534
2019-02-02 20:03:33,322 - INFO: 1300: loss : 0.5852338671684265
2019-02-02 20:03:36,920 - INFO: 1320: loss : 0.5917361378669739
2019-02-02 20:03:40,610 - INFO: 1340: loss : 0.6026136875152588
2019-02-02 20:03:44,230 - INFO: 1360: loss : 0.6192662119865417
2019-02-02 20:03:47,975 - INFO: 1380: loss : 0.5876740217208862
2019-02-02 20:03:51,658 - INFO: 1400: loss : 0.6141430735588074
2019-02-02 20:03:55,270 - INFO: 1420: loss : 0.6115258932113647
2019-02-02 20:03:58,928 - INFO: 1440: loss : 0.5674600005149841
2019-02-02 20:04:02,615 - INFO: 1460: loss : 0.5467925071716309
2019-02-02 20:04:06,299 - INFO: 1480: loss : 0.5576187968254089
2019-02-02 20:04:09,897 - INFO: 1500: loss : 0.5723313093185425
2019-02-02 20:04:13,581 - INFO: 1520: loss : 0.5599460601806641
2019-02-02 20:04:17,266 - INFO: 1540: loss : 0.6084937453269958
2019-02-02 20:04:20,971 - INFO: 1560: loss : 0.5976611971855164
2019-02-02 20:04:24,651 - INFO: 1580: loss : 0.5730289220809937
2019-02-02 20:04:28,250 - INFO: 1600: loss : 0.5990293025970459
2019-02-02 20:04:31,984 - INFO: 1620: loss : 0.5846464037895203
2019-02-02 20:04:35,718 - INFO: 1640: loss : 0.5899941921234131
2019-02-02 20:04:39,425 - INFO: 1660: loss : 0.5776523947715759
2019-02-02 20:04:43,094 - INFO: 1680: loss : 0.5436357855796814
2019-02-02 20:04:46,822 - INFO: 1700: loss : 0.6067209839820862
2019-02-02 20:04:50,518 - INFO: 1720: loss : 0.5393686890602112
2019-02-02 20:04:54,141 - INFO: 1740: loss : 0.6488364934921265
2019-02-02 20:04:57,873 - INFO: 1760: loss : 0.5083426833152771
2019-02-02 20:05:01,602 - INFO: 1780: loss : 0.6162059903144836
2019-02-02 20:05:05,382 - INFO: 1800: loss : 0.607039749622345
2019-02-02 20:05:09,085 - INFO: 1820: loss : 0.6041882038116455
2019-02-02 20:05:12,768 - INFO: 1840: loss : 0.5563501119613647
2019-02-02 20:05:16,458 - INFO: 1860: loss : 0.5603809952735901
2019-02-02 20:05:20,038 - INFO: 1880: loss : 0.6146970987319946
2019-02-02 20:05:23,752 - INFO: 1900: loss : 0.516750693321228
2019-02-02 20:05:27,480 - INFO: 1920: loss : 0.5499812364578247
2019-02-02 20:05:31,238 - INFO: 1940: loss : 0.5548914074897766
2019-02-02 20:05:34,912 - INFO: 1960: loss : 0.6189919114112854
2019-02-02 20:05:38,616 - INFO: 1980: loss : 0.5586986541748047
2019-02-02 20:05:42,366 - INFO: 2000: loss : 0.569471001625061
2019-02-02 20:05:42,644 - INFO: 
Validation result
2019-02-02 20:05:42,644 - INFO:   AUC: 0.3381274616874113

2019-02-02 20:05:46,402 - INFO: 2020: loss : 0.5352327227592468
2019-02-02 20:05:50,125 - INFO: 2040: loss : 0.49326860904693604
2019-02-02 20:05:53,691 - INFO: 2060: loss : 0.5812690854072571
2019-02-02 20:05:57,396 - INFO: 2080: loss : 0.5324727892875671
2019-02-02 20:06:01,092 - INFO: 2100: loss : 0.5751078724861145
2019-02-02 20:06:04,775 - INFO: 2120: loss : 0.5293586850166321
2019-02-02 20:06:08,389 - INFO: 2140: loss : 0.5333795547485352
2019-02-02 20:06:12,137 - INFO: 2160: loss : 0.5556668043136597
2019-02-02 20:06:15,866 - INFO: 2180: loss : 0.5728684663772583
2019-02-02 20:06:19,509 - INFO: 2200: loss : 0.48136430978775024
2019-02-02 20:06:23,249 - INFO: 2220: loss : 0.5335334539413452
2019-02-02 20:06:26,978 - INFO: 2240: loss : 0.5601745247840881
2019-02-02 20:06:30,701 - INFO: 2260: loss : 0.4810805022716522
2019-02-02 20:06:34,392 - INFO: 2280: loss : 0.5510650277137756
2019-02-02 20:06:38,131 - INFO: 2300: loss : 0.6363982558250427
2019-02-02 20:06:41,785 - INFO: 2320: loss : 0.6132035851478577
2019-02-02 20:06:45,510 - INFO: 2340: loss : 0.5039247274398804
2019-02-02 20:06:49,220 - INFO: 2360: loss : 0.5532599091529846
2019-02-02 20:06:52,922 - INFO: 2380: loss : 0.5091395974159241
2019-02-02 20:06:56,586 - INFO: 2400: loss : 0.5610942840576172
2019-02-02 20:07:00,327 - INFO: 2420: loss : 0.5371911525726318
2019-02-02 20:07:03,987 - INFO: 2440: loss : 0.5298306941986084
2019-02-02 20:07:07,666 - INFO: 2460: loss : 0.5529773831367493
2019-02-02 20:07:11,382 - INFO: 2480: loss : 0.5267511010169983
2019-02-02 20:07:15,086 - INFO: 2500: loss : 0.5273494720458984
2019-02-02 20:07:18,780 - INFO: 2520: loss : 0.5292568802833557
2019-02-02 20:07:22,455 - INFO: 2540: loss : 0.5153323411941528
2019-02-02 20:07:26,145 - INFO: 2560: loss : 0.5219601392745972
2019-02-02 20:07:29,895 - INFO: 2580: loss : 0.528925359249115
2019-02-02 20:07:33,634 - INFO: 2600: loss : 0.4940928518772125
2019-02-02 20:07:37,369 - INFO: 2620: loss : 0.5045535564422607
2019-02-02 20:07:41,107 - INFO: 2640: loss : 0.5141145586967468
2019-02-02 20:07:44,821 - INFO: 2660: loss : 0.5876938700675964
2019-02-02 20:07:48,552 - INFO: 2680: loss : 0.6330602765083313
2019-02-02 20:07:52,279 - INFO: 2700: loss : 0.5724817514419556
2019-02-02 20:07:56,038 - INFO: 2720: loss : 0.4704444706439972
2019-02-02 20:07:59,742 - INFO: 2740: loss : 0.5276250243186951
2019-02-02 20:08:03,444 - INFO: 2760: loss : 0.5591687560081482
2019-02-02 20:08:07,198 - INFO: 2780: loss : 0.5260629057884216
2019-02-02 20:08:10,840 - INFO: 2800: loss : 0.6068810820579529
2019-02-02 20:08:14,501 - INFO: 2820: loss : 0.5327165722846985
2019-02-02 20:08:18,191 - INFO: 2840: loss : 0.4690261483192444
2019-02-02 20:08:21,931 - INFO: 2860: loss : 0.5473948121070862
